<?xml version="1.0" encoding="utf-8"?>
<TestRun id="696ff58f-d957-4180-a58d-d50b89407e1a" name="JoachimWagner@KEPLER 2021-07-20 10:45:42" runUser="AzureAD\JoachimWagner" xmlns="http://microsoft.com/schemas/VisualStudio/TeamTest/2010">
  <Times creation="2021-07-20T10:45:42.7435235+02:00" queuing="2021-07-20T10:45:42.7435245+02:00" start="2021-07-20T10:45:40.0545468+02:00" finish="2021-07-20T10:45:42.9563169+02:00" />
  <TestSettings name="default" id="84b37541-762a-4d4e-b54e-44ab5221338a">
    <Deployment runDeploymentRoot="JoachimWagner_KEPLER_2021-07-20_10_45_42" />
  </TestSettings>
  <Results>
    <UnitTestResult executionId="07535799-8703-4fb8-8c87-7d0080209be1" testId="dc996df5-fcaf-c4b6-c7fd-779d925f1c81" testName="ReadULongByPosition_ColumnValueIsValid_returnsColumnValue" computerName="KEPLER" duration="00:00:00.0000001" startTime="2021-07-20T10:45:42.0000000+02:00" endTime="2021-07-20T10:45:42.0000000+02:00" testType="13cdc9d9-ddb5-4fa4-a97d-d965ccfc6d4b" outcome="Passed" testListId="8c84fa94-04c1-424b-9868-57a2d4851a1d" relativeResultsDirectory="07535799-8703-4fb8-8c87-7d0080209be1" />
    <UnitTestResult executionId="66bada88-6b4f-41bb-930f-ff3265d0c7af" testId="8692aa5b-a8d1-7857-e1fe-d9632999316f" testName="ReadULongByPosition_IllegalPosition_throwsIndexOutOfRangeException" computerName="KEPLER" duration="00:00:00.0000001" startTime="2021-07-20T10:45:42.0000000+02:00" endTime="2021-07-20T10:45:42.0000000+02:00" testType="13cdc9d9-ddb5-4fa4-a97d-d965ccfc6d4b" outcome="Passed" testListId="8c84fa94-04c1-424b-9868-57a2d4851a1d" relativeResultsDirectory="66bada88-6b4f-41bb-930f-ff3265d0c7af" />
    <UnitTestResult executionId="082f935c-7486-40ff-a1de-a98846e25ff3" testId="d5462450-f0d0-a45d-7257-bee2d85016db" testName="ReadULongByPosition_ColumnValueIsNull_returnsDefaultValue" computerName="KEPLER" duration="00:00:00.0000001" startTime="2021-07-20T10:45:42.0000000+02:00" endTime="2021-07-20T10:45:42.0000000+02:00" testType="13cdc9d9-ddb5-4fa4-a97d-d965ccfc6d4b" outcome="Passed" testListId="8c84fa94-04c1-424b-9868-57a2d4851a1d" relativeResultsDirectory="082f935c-7486-40ff-a1de-a98846e25ff3" />
    <UnitTestResult executionId="ee872337-47ff-415b-bd4e-f7a236fcd274" testId="3b0f93ac-123f-48d2-4664-f6d15b48060d" testName="ReadBigIntegerByPosition_IllegalPosition_throwsIndexOutOfRangeException" computerName="KEPLER" duration="00:00:00.0090000" startTime="2021-07-20T10:45:42.0000000+02:00" endTime="2021-07-20T10:45:42.0000000+02:00" testType="13cdc9d9-ddb5-4fa4-a97d-d965ccfc6d4b" outcome="Passed" testListId="8c84fa94-04c1-424b-9868-57a2d4851a1d" relativeResultsDirectory="ee872337-47ff-415b-bd4e-f7a236fcd274" />
    <UnitTestResult executionId="a3427d1e-24e3-48ea-85fc-3be14ebe27c5" testId="47dcd5e5-c495-3daf-20e4-fb6809725f3a" testName="ReadDecimalByPosition_IllegalPosition_throwsIndexOutOfRangeException" computerName="KEPLER" duration="00:00:00.0000001" startTime="2021-07-20T10:45:42.0000000+02:00" endTime="2021-07-20T10:45:42.0000000+02:00" testType="13cdc9d9-ddb5-4fa4-a97d-d965ccfc6d4b" outcome="Passed" testListId="8c84fa94-04c1-424b-9868-57a2d4851a1d" relativeResultsDirectory="a3427d1e-24e3-48ea-85fc-3be14ebe27c5" />
    <UnitTestResult executionId="ffb41c12-0f8c-435f-80ff-ce1fb1f65fe4" testId="01daa5ae-e724-dbb8-ef25-9fa7af4c1398" testName="ReadBigIntegerByPosition_ColumnValueIsNull_returnsDefaultValue" computerName="KEPLER" duration="00:00:00.0010000" startTime="2021-07-20T10:45:42.0000000+02:00" endTime="2021-07-20T10:45:42.0000000+02:00" testType="13cdc9d9-ddb5-4fa4-a97d-d965ccfc6d4b" outcome="Passed" testListId="8c84fa94-04c1-424b-9868-57a2d4851a1d" relativeResultsDirectory="ffb41c12-0f8c-435f-80ff-ce1fb1f65fe4" />
    <UnitTestResult executionId="ea16aa4d-d78a-4b20-9187-bcc5812ada09" testId="21f7e741-a675-dbbd-b35a-ec5b27351f62" testName="ReadUIntByPosition_ColumnValueIsNull_returnsDefaultValue" computerName="KEPLER" duration="00:00:00.0000001" startTime="2021-07-20T10:45:42.0000000+02:00" endTime="2021-07-20T10:45:42.0000000+02:00" testType="13cdc9d9-ddb5-4fa4-a97d-d965ccfc6d4b" outcome="Passed" testListId="8c84fa94-04c1-424b-9868-57a2d4851a1d" relativeResultsDirectory="ea16aa4d-d78a-4b20-9187-bcc5812ada09" />
    <UnitTestResult executionId="1abec8b6-c85b-49ce-963b-dd9f4d6b8ca5" testId="fa8745ff-fec0-572e-6afc-59f36ad1c077" testName="ReadBigIntegerByPosition_ColumnValueIsValid_returnsColumnValue" computerName="KEPLER" duration="00:00:00.0000001" startTime="2021-07-20T10:45:42.0000000+02:00" endTime="2021-07-20T10:45:42.0000000+02:00" testType="13cdc9d9-ddb5-4fa4-a97d-d965ccfc6d4b" outcome="Passed" testListId="8c84fa94-04c1-424b-9868-57a2d4851a1d" relativeResultsDirectory="1abec8b6-c85b-49ce-963b-dd9f4d6b8ca5" />
    <UnitTestResult executionId="bf6617cc-73a4-4af9-9cb3-a826ea4c7ee5" testId="d23fe4d5-ce91-9c32-4d57-52ea4ff4f709" testName="ReadBoolByPosition_ColumnValueIsValid_returnsColumnValue" computerName="KEPLER" duration="00:00:00.0000001" startTime="2021-07-20T10:45:42.0000000+02:00" endTime="2021-07-20T10:45:42.0000000+02:00" testType="13cdc9d9-ddb5-4fa4-a97d-d965ccfc6d4b" outcome="Passed" testListId="8c84fa94-04c1-424b-9868-57a2d4851a1d" relativeResultsDirectory="bf6617cc-73a4-4af9-9cb3-a826ea4c7ee5" />
    <UnitTestResult executionId="6c20fc02-a10d-4779-9d03-459d9a325eb2" testId="8344d006-b7c9-a2f5-b0bb-02b80f0fa7a7" testName="ReadBoolByPosition_IllegalPosition_throwsIndexOutOfRangeException" computerName="KEPLER" duration="00:00:00.0000001" startTime="2021-07-20T10:45:42.0000000+02:00" endTime="2021-07-20T10:45:42.0000000+02:00" testType="13cdc9d9-ddb5-4fa4-a97d-d965ccfc6d4b" outcome="Passed" testListId="8c84fa94-04c1-424b-9868-57a2d4851a1d" relativeResultsDirectory="6c20fc02-a10d-4779-9d03-459d9a325eb2" />
    <UnitTestResult executionId="778e6f56-bf60-4fa7-9f2c-9e04bced2a6e" testId="cbb8c242-7708-2b27-f875-82ad4bb5bf5c" testName="ReadDoubleByPosition_IllegalPosition_throwsIndexOutOfRangeException" computerName="KEPLER" duration="00:00:00.0000001" startTime="2021-07-20T10:45:42.0000000+02:00" endTime="2021-07-20T10:45:42.0000000+02:00" testType="13cdc9d9-ddb5-4fa4-a97d-d965ccfc6d4b" outcome="Passed" testListId="8c84fa94-04c1-424b-9868-57a2d4851a1d" relativeResultsDirectory="778e6f56-bf60-4fa7-9f2c-9e04bced2a6e" />
    <UnitTestResult executionId="48c221dd-d60f-4492-9ac8-641021ced066" testId="118aeade-357c-55b4-720c-7539d16abdc1" testName="ReadUIntByName_ColumnValueIsValid_returnsColumnValue" computerName="KEPLER" duration="00:00:00.0020000" startTime="2021-07-20T10:45:42.0000000+02:00" endTime="2021-07-20T10:45:42.0000000+02:00" testType="13cdc9d9-ddb5-4fa4-a97d-d965ccfc6d4b" outcome="Passed" testListId="8c84fa94-04c1-424b-9868-57a2d4851a1d" relativeResultsDirectory="48c221dd-d60f-4492-9ac8-641021ced066" />
    <UnitTestResult executionId="1bd7b3e8-a565-4605-9183-5538e1463d2b" testId="849f9b46-20fe-795e-71ab-a0cb84df38a3" testName="Read_WithHeadlines_Success" computerName="KEPLER" duration="00:00:00.0010000" startTime="2021-07-20T10:45:42.0000000+02:00" endTime="2021-07-20T10:45:42.0000000+02:00" testType="13cdc9d9-ddb5-4fa4-a97d-d965ccfc6d4b" outcome="Passed" testListId="8c84fa94-04c1-424b-9868-57a2d4851a1d" relativeResultsDirectory="1bd7b3e8-a565-4605-9183-5538e1463d2b" />
    <UnitTestResult executionId="c84a4675-a245-4898-9a99-1296a97a8e20" testId="0cdaf4b3-edcf-efa9-84ca-dab367d01c8f" testName="ReadSByteByPosition_IllegalPosition_throwsIndexOutOfRangeException" computerName="KEPLER" duration="00:00:00.0000001" startTime="2021-07-20T10:45:42.0000000+02:00" endTime="2021-07-20T10:45:42.0000000+02:00" testType="13cdc9d9-ddb5-4fa4-a97d-d965ccfc6d4b" outcome="Passed" testListId="8c84fa94-04c1-424b-9868-57a2d4851a1d" relativeResultsDirectory="c84a4675-a245-4898-9a99-1296a97a8e20" />
    <UnitTestResult executionId="eaf2f85c-dab5-4555-a96e-1dd49af228c8" testId="178ccf5e-91bb-0524-a3fb-239a0647a9cd" testName="ReadTimeByName_ColumnValueIsValid_returnsColumnValue" computerName="KEPLER" duration="00:00:00.0010000" startTime="2021-07-20T10:45:42.0000000+02:00" endTime="2021-07-20T10:45:42.0000000+02:00" testType="13cdc9d9-ddb5-4fa4-a97d-d965ccfc6d4b" outcome="Passed" testListId="8c84fa94-04c1-424b-9868-57a2d4851a1d" relativeResultsDirectory="eaf2f85c-dab5-4555-a96e-1dd49af228c8" />
    <UnitTestResult executionId="d1c5d4ec-19cb-4484-b5fe-9b4192a436e1" testId="1fb2762f-e34c-78c8-f13c-b47daa480826" testName="ReadUShortByName_ColumnValueIsValid_returnsColumnValue" computerName="KEPLER" duration="00:00:00.0020000" startTime="2021-07-20T10:45:42.0000000+02:00" endTime="2021-07-20T10:45:42.0000000+02:00" testType="13cdc9d9-ddb5-4fa4-a97d-d965ccfc6d4b" outcome="Passed" testListId="8c84fa94-04c1-424b-9868-57a2d4851a1d" relativeResultsDirectory="d1c5d4ec-19cb-4484-b5fe-9b4192a436e1" />
    <UnitTestResult executionId="91d8cbbf-32a6-4ac7-aea2-6e3048ad28e6" testId="30cfd5cb-e202-5ca3-06d1-964df82948cd" testName="ReadStringByPosition_ColumnValueIsNull_returnsDefaultValue" computerName="KEPLER" duration="00:00:00.0000001" startTime="2021-07-20T10:45:42.0000000+02:00" endTime="2021-07-20T10:45:42.0000000+02:00" testType="13cdc9d9-ddb5-4fa4-a97d-d965ccfc6d4b" outcome="Passed" testListId="8c84fa94-04c1-424b-9868-57a2d4851a1d" relativeResultsDirectory="91d8cbbf-32a6-4ac7-aea2-6e3048ad28e6" />
    <UnitTestResult executionId="85261c35-9a53-406d-9faf-d71f39d40ff0" testId="7068c8ce-4458-c8b0-db04-a6cc958810a6" testName="ReadSByteByPosition_ColumnValueIsNull_returnsDefaultValue" computerName="KEPLER" duration="00:00:00.0000001" startTime="2021-07-20T10:45:42.0000000+02:00" endTime="2021-07-20T10:45:42.0000000+02:00" testType="13cdc9d9-ddb5-4fa4-a97d-d965ccfc6d4b" outcome="Passed" testListId="8c84fa94-04c1-424b-9868-57a2d4851a1d" relativeResultsDirectory="85261c35-9a53-406d-9faf-d71f39d40ff0" />
    <UnitTestResult executionId="fd993837-5ff9-4947-8fec-5bde986f872c" testId="c46c21f8-1be4-8ae8-7ba8-bfe4926f3b94" testName="ReadFloatByPosition_IllegalPosition_throwsIndexOutOfRangeException" computerName="KEPLER" duration="00:00:00.0000001" startTime="2021-07-20T10:45:42.0000000+02:00" endTime="2021-07-20T10:45:42.0000000+02:00" testType="13cdc9d9-ddb5-4fa4-a97d-d965ccfc6d4b" outcome="Passed" testListId="8c84fa94-04c1-424b-9868-57a2d4851a1d" relativeResultsDirectory="fd993837-5ff9-4947-8fec-5bde986f872c" />
    <UnitTestResult executionId="5155bdd0-413b-4e47-85a4-722d8e09c790" testId="ff3c2f34-d7a8-39c9-82f0-87dec3bd1bbb" testName="ReadTimeByPosition_IllegalPosition_throwsIndexOutOfRangeException" computerName="KEPLER" duration="00:00:00.0000001" startTime="2021-07-20T10:45:42.0000000+02:00" endTime="2021-07-20T10:45:42.0000000+02:00" testType="13cdc9d9-ddb5-4fa4-a97d-d965ccfc6d4b" outcome="Passed" testListId="8c84fa94-04c1-424b-9868-57a2d4851a1d" relativeResultsDirectory="5155bdd0-413b-4e47-85a4-722d8e09c790" />
    <UnitTestResult executionId="7261f08a-d29f-4d0e-bbdf-39d7eeec1504" testId="f7c7320f-4f44-9339-2098-e403250c3578" testName="ReadUIntByPosition_ColumnValueIsValid_returnsColumnValue" computerName="KEPLER" duration="00:00:00.0000001" startTime="2021-07-20T10:45:42.0000000+02:00" endTime="2021-07-20T10:45:42.0000000+02:00" testType="13cdc9d9-ddb5-4fa4-a97d-d965ccfc6d4b" outcome="Passed" testListId="8c84fa94-04c1-424b-9868-57a2d4851a1d" relativeResultsDirectory="7261f08a-d29f-4d0e-bbdf-39d7eeec1504" />
    <UnitTestResult executionId="88cc72fb-2e5e-47b5-8277-eb83be42c232" testId="104751f4-fe8d-ab74-3936-029fe85cd861" testName="ReadShortByPosition_IllegalPosition_throwsIndexOutOfRangeException" computerName="KEPLER" duration="00:00:00.0000001" startTime="2021-07-20T10:45:42.0000000+02:00" endTime="2021-07-20T10:45:42.0000000+02:00" testType="13cdc9d9-ddb5-4fa4-a97d-d965ccfc6d4b" outcome="Passed" testListId="8c84fa94-04c1-424b-9868-57a2d4851a1d" relativeResultsDirectory="88cc72fb-2e5e-47b5-8277-eb83be42c232" />
    <UnitTestResult executionId="e03b66a5-8284-4d45-be49-405e5f9e5b43" testId="d8e89047-265f-ae8c-f72e-27a12a7e3e84" testName="ReadUShortByPosition_ColumnValueIsValid_returnsColumnValue" computerName="KEPLER" duration="00:00:00.0000001" startTime="2021-07-20T10:45:42.0000000+02:00" endTime="2021-07-20T10:45:42.0000000+02:00" testType="13cdc9d9-ddb5-4fa4-a97d-d965ccfc6d4b" outcome="Passed" testListId="8c84fa94-04c1-424b-9868-57a2d4851a1d" relativeResultsDirectory="e03b66a5-8284-4d45-be49-405e5f9e5b43" />
    <UnitTestResult executionId="5555e8d7-0b22-4e27-9a5f-396c950637df" testId="64462de1-2139-9fb7-a19a-c62ddd8d88cc" testName="ReadULongByName_ColumnValueIsValid_returnsColumnValue" computerName="KEPLER" duration="00:00:00.0020000" startTime="2021-07-20T10:45:42.0000000+02:00" endTime="2021-07-20T10:45:42.0000000+02:00" testType="13cdc9d9-ddb5-4fa4-a97d-d965ccfc6d4b" outcome="Passed" testListId="8c84fa94-04c1-424b-9868-57a2d4851a1d" relativeResultsDirectory="5555e8d7-0b22-4e27-9a5f-396c950637df" />
    <UnitTestResult executionId="e1c2449d-ef54-4039-992a-7585158886bc" testId="0604f0e8-07f4-f648-573a-db0001508c3d" testName="ReadDateTimeByPosition_ColumnValueIsNull_returnsDefaultValue" computerName="KEPLER" duration="00:00:00.0010000" startTime="2021-07-20T10:45:42.0000000+02:00" endTime="2021-07-20T10:45:42.0000000+02:00" testType="13cdc9d9-ddb5-4fa4-a97d-d965ccfc6d4b" outcome="Passed" testListId="8c84fa94-04c1-424b-9868-57a2d4851a1d" relativeResultsDirectory="e1c2449d-ef54-4039-992a-7585158886bc" />
    <UnitTestResult executionId="3070032e-7984-4887-8314-5620b43353f8" testId="5e167d49-ead9-fbbd-0f82-4f6b771ae84b" testName="ReadLongByPosition_ColumnValueIsNull_returnsDefaultValue" computerName="KEPLER" duration="00:00:00.0000001" startTime="2021-07-20T10:45:42.0000000+02:00" endTime="2021-07-20T10:45:42.0000000+02:00" testType="13cdc9d9-ddb5-4fa4-a97d-d965ccfc6d4b" outcome="Passed" testListId="8c84fa94-04c1-424b-9868-57a2d4851a1d" relativeResultsDirectory="3070032e-7984-4887-8314-5620b43353f8" />
    <UnitTestResult executionId="fd6cb213-2c3f-4d8f-b3fc-c0a513bbec4d" testId="27b2d23f-2d93-b00e-67aa-18eff944a29a" testName="Read_NoHeadlines_Success" computerName="KEPLER" duration="00:00:00.0070000" startTime="2021-07-20T10:45:42.0000000+02:00" endTime="2021-07-20T10:45:42.0000000+02:00" testType="13cdc9d9-ddb5-4fa4-a97d-d965ccfc6d4b" outcome="Passed" testListId="8c84fa94-04c1-424b-9868-57a2d4851a1d" relativeResultsDirectory="fd6cb213-2c3f-4d8f-b3fc-c0a513bbec4d" />
    <UnitTestResult executionId="53a71620-b020-4bb3-b981-99a4b4c92cae" testId="a4d55b8e-1ad7-4aaf-f2db-a3881347b967" testName="ReadUIntByPosition_IllegalPosition_throwsIndexOutOfRangeException" computerName="KEPLER" duration="00:00:00.0000001" startTime="2021-07-20T10:45:42.0000000+02:00" endTime="2021-07-20T10:45:42.0000000+02:00" testType="13cdc9d9-ddb5-4fa4-a97d-d965ccfc6d4b" outcome="Passed" testListId="8c84fa94-04c1-424b-9868-57a2d4851a1d" relativeResultsDirectory="53a71620-b020-4bb3-b981-99a4b4c92cae" />
    <UnitTestResult executionId="9d780a14-b90d-408f-ac62-3594f57314dd" testId="9ddbc878-c0f9-119a-a07f-af54dc2608dd" testName="ReadTimeByPosition_ColumnValueIsNull_returnsDefaultValue" computerName="KEPLER" duration="00:00:00.0020000" startTime="2021-07-20T10:45:42.0000000+02:00" endTime="2021-07-20T10:45:42.0000000+02:00" testType="13cdc9d9-ddb5-4fa4-a97d-d965ccfc6d4b" outcome="Passed" testListId="8c84fa94-04c1-424b-9868-57a2d4851a1d" relativeResultsDirectory="9d780a14-b90d-408f-ac62-3594f57314dd" />
    <UnitTestResult executionId="1c777cb1-7c80-4771-bdef-85506d555cee" testId="f5ff1dbe-9ecf-970e-f7f1-0fc82b946980" testName="ReadBoolByName_ColumnValueIsValid_returnsColumnValue" computerName="KEPLER" duration="00:00:00.0020000" startTime="2021-07-20T10:45:42.0000000+02:00" endTime="2021-07-20T10:45:42.0000000+02:00" testType="13cdc9d9-ddb5-4fa4-a97d-d965ccfc6d4b" outcome="Passed" testListId="8c84fa94-04c1-424b-9868-57a2d4851a1d" relativeResultsDirectory="1c777cb1-7c80-4771-bdef-85506d555cee" />
    <UnitTestResult executionId="0d6e9527-6a69-45fa-8b3f-7dd01c66c3e8" testId="28f94242-c443-4b67-7478-774497100d62" testName="ReadIntByPosition_ColumnValueIsValid_returnsColumnValue" computerName="KEPLER" duration="00:00:00.0000001" startTime="2021-07-20T10:45:42.0000000+02:00" endTime="2021-07-20T10:45:42.0000000+02:00" testType="13cdc9d9-ddb5-4fa4-a97d-d965ccfc6d4b" outcome="Passed" testListId="8c84fa94-04c1-424b-9868-57a2d4851a1d" relativeResultsDirectory="0d6e9527-6a69-45fa-8b3f-7dd01c66c3e8" />
    <UnitTestResult executionId="935edcaf-5c04-46de-b53a-cf76fec766e9" testId="33d850d1-573c-00d7-7747-054cd77f8fbe" testName="ReadBoolByPosition_ColumnValueIsNull_returnsDefaultValue" computerName="KEPLER" duration="00:00:00.0000001" startTime="2021-07-20T10:45:42.0000000+02:00" endTime="2021-07-20T10:45:42.0000000+02:00" testType="13cdc9d9-ddb5-4fa4-a97d-d965ccfc6d4b" outcome="Passed" testListId="8c84fa94-04c1-424b-9868-57a2d4851a1d" relativeResultsDirectory="935edcaf-5c04-46de-b53a-cf76fec766e9" />
    <UnitTestResult executionId="f82abd43-2ad2-4d29-b268-6677623a5874" testId="12d07d2c-62a0-fd3c-3009-e13ab934a1b8" testName="ReadFloatByPosition_ColumnValueIsNull_returnsDefaultValue" computerName="KEPLER" duration="00:00:00.0000001" startTime="2021-07-20T10:45:42.0000000+02:00" endTime="2021-07-20T10:45:42.0000000+02:00" testType="13cdc9d9-ddb5-4fa4-a97d-d965ccfc6d4b" outcome="Passed" testListId="8c84fa94-04c1-424b-9868-57a2d4851a1d" relativeResultsDirectory="f82abd43-2ad2-4d29-b268-6677623a5874" />
    <UnitTestResult executionId="ebfc106e-01fa-4fa9-9f3f-7518c673cd81" testId="9936a135-d22a-4ca8-2234-30d61c580d3a" testName="ReadDoubleByPosition_ColumnValueIsNull_returnsDefaultValue" computerName="KEPLER" duration="00:00:00.0000001" startTime="2021-07-20T10:45:42.0000000+02:00" endTime="2021-07-20T10:45:42.0000000+02:00" testType="13cdc9d9-ddb5-4fa4-a97d-d965ccfc6d4b" outcome="Passed" testListId="8c84fa94-04c1-424b-9868-57a2d4851a1d" relativeResultsDirectory="ebfc106e-01fa-4fa9-9f3f-7518c673cd81" />
    <UnitTestResult executionId="e500c888-02e4-4664-ade2-96a5f8cd2f13" testId="1e1f9a61-418d-53ce-3670-83cfc0444d5d" testName="ReadFloatByName_ColumnValueIsValid_returnsColumnValue" computerName="KEPLER" duration="00:00:00.0030000" startTime="2021-07-20T10:45:42.0000000+02:00" endTime="2021-07-20T10:45:42.0000000+02:00" testType="13cdc9d9-ddb5-4fa4-a97d-d965ccfc6d4b" outcome="Passed" testListId="8c84fa94-04c1-424b-9868-57a2d4851a1d" relativeResultsDirectory="e500c888-02e4-4664-ade2-96a5f8cd2f13" />
    <UnitTestResult executionId="634757e8-5c48-4410-b254-e99a7b0a964a" testId="f019755f-e0a8-8666-3273-046e81d5d5a1" testName="ReadByteByPosition_IllegalPosition_throwsIndexOutOfRangeException" computerName="KEPLER" duration="00:00:00.0000001" startTime="2021-07-20T10:45:42.0000000+02:00" endTime="2021-07-20T10:45:42.0000000+02:00" testType="13cdc9d9-ddb5-4fa4-a97d-d965ccfc6d4b" outcome="Passed" testListId="8c84fa94-04c1-424b-9868-57a2d4851a1d" relativeResultsDirectory="634757e8-5c48-4410-b254-e99a7b0a964a" />
    <UnitTestResult executionId="80ab44da-b8f9-4a43-96bd-a4769f6f7ac3" testId="b5ac5171-235e-65fa-c5c1-5f95389c35dd" testName="ReadByteByName_ColumnValueIsValid_returnsColumnValue" computerName="KEPLER" duration="00:00:00.0010000" startTime="2021-07-20T10:45:42.0000000+02:00" endTime="2021-07-20T10:45:42.0000000+02:00" testType="13cdc9d9-ddb5-4fa4-a97d-d965ccfc6d4b" outcome="Passed" testListId="8c84fa94-04c1-424b-9868-57a2d4851a1d" relativeResultsDirectory="80ab44da-b8f9-4a43-96bd-a4769f6f7ac3" />
    <UnitTestResult executionId="88b769c2-2aaa-46a7-a43c-16a46be1fb43" testId="75e3471c-c567-b6f6-0af9-0f892fc17df2" testName="ReadLongByPosition_ColumnValueIsValid_returnsColumnValue" computerName="KEPLER" duration="00:00:00.0000001" startTime="2021-07-20T10:45:42.0000000+02:00" endTime="2021-07-20T10:45:42.0000000+02:00" testType="13cdc9d9-ddb5-4fa4-a97d-d965ccfc6d4b" outcome="Passed" testListId="8c84fa94-04c1-424b-9868-57a2d4851a1d" relativeResultsDirectory="88b769c2-2aaa-46a7-a43c-16a46be1fb43" />
    <UnitTestResult executionId="e28938d8-ecc5-43f7-9e3d-17a395068ffd" testId="9d755510-df1c-55a1-19c7-bb204197f657" testName="ReadDateTimeByName_ColumnValueIsValid_returnsColumnValue" computerName="KEPLER" duration="00:00:00.0000001" startTime="2021-07-20T10:45:42.0000000+02:00" endTime="2021-07-20T10:45:42.0000000+02:00" testType="13cdc9d9-ddb5-4fa4-a97d-d965ccfc6d4b" outcome="Passed" testListId="8c84fa94-04c1-424b-9868-57a2d4851a1d" relativeResultsDirectory="e28938d8-ecc5-43f7-9e3d-17a395068ffd" />
    <UnitTestResult executionId="ad329310-1f70-4ad7-b086-716f1daf22ec" testId="731bca5c-9d61-806b-524d-2614ec58be0a" testName="ReadIntByPosition_ColumnValueIsNull_returnsDefaultValue" computerName="KEPLER" duration="00:00:00.0000001" startTime="2021-07-20T10:45:42.0000000+02:00" endTime="2021-07-20T10:45:42.0000000+02:00" testType="13cdc9d9-ddb5-4fa4-a97d-d965ccfc6d4b" outcome="Passed" testListId="8c84fa94-04c1-424b-9868-57a2d4851a1d" relativeResultsDirectory="ad329310-1f70-4ad7-b086-716f1daf22ec" />
    <UnitTestResult executionId="b27ef4c0-fb65-45c7-a2e7-36629fdc9b1f" testId="787bed18-d401-7a51-52b1-e3a0490d9e59" testName="ReadDecimalByName_ColumnValueIsValid_returnsColumnValue" computerName="KEPLER" duration="00:00:00.0030000" startTime="2021-07-20T10:45:42.0000000+02:00" endTime="2021-07-20T10:45:42.0000000+02:00" testType="13cdc9d9-ddb5-4fa4-a97d-d965ccfc6d4b" outcome="Passed" testListId="8c84fa94-04c1-424b-9868-57a2d4851a1d" relativeResultsDirectory="b27ef4c0-fb65-45c7-a2e7-36629fdc9b1f" />
    <UnitTestResult executionId="4811cf8f-4432-47af-a696-5ed4cb71d1fc" testId="f890ec51-2aa5-52e9-7ac3-82a09596ef12" testName="ReadDoubleByPosition_ColumnValueIsValid_returnsColumnValue" computerName="KEPLER" duration="00:00:00.0000001" startTime="2021-07-20T10:45:42.0000000+02:00" endTime="2021-07-20T10:45:42.0000000+02:00" testType="13cdc9d9-ddb5-4fa4-a97d-d965ccfc6d4b" outcome="Passed" testListId="8c84fa94-04c1-424b-9868-57a2d4851a1d" relativeResultsDirectory="4811cf8f-4432-47af-a696-5ed4cb71d1fc" />
    <UnitTestResult executionId="9afdf4aa-8a69-4d48-a355-98960f9f3314" testId="8eeddfa7-9ff2-9b4b-cc05-6c08cccd97be" testName="Tokenize_HappyDay_Success" computerName="KEPLER" duration="00:00:00.0310000" startTime="2021-07-20T10:45:42.0000000+02:00" endTime="2021-07-20T10:45:42.0000000+02:00" testType="13cdc9d9-ddb5-4fa4-a97d-d965ccfc6d4b" outcome="Passed" testListId="8c84fa94-04c1-424b-9868-57a2d4851a1d" relativeResultsDirectory="9afdf4aa-8a69-4d48-a355-98960f9f3314" />
    <UnitTestResult executionId="5936d158-d40a-4ade-94b7-1744fe827ba0" testId="e4caea33-045d-b991-edb0-f1f3c3f2a0d2" testName="ReadStringByName_ColumnValueIsValid_returnsColumnValue" computerName="KEPLER" duration="00:00:00.0000001" startTime="2021-07-20T10:45:42.0000000+02:00" endTime="2021-07-20T10:45:42.0000000+02:00" testType="13cdc9d9-ddb5-4fa4-a97d-d965ccfc6d4b" outcome="Passed" testListId="8c84fa94-04c1-424b-9868-57a2d4851a1d" relativeResultsDirectory="5936d158-d40a-4ade-94b7-1744fe827ba0" />
    <UnitTestResult executionId="2d47bba6-5b14-409a-aac1-fbceade94465" testId="1f14a07f-f083-d069-df52-f95d0ab32b2c" testName="ReadStringByPosition_IllegalPosition_throwsIndexOutOfRangeException" computerName="KEPLER" duration="00:00:00.0000001" startTime="2021-07-20T10:45:42.0000000+02:00" endTime="2021-07-20T10:45:42.0000000+02:00" testType="13cdc9d9-ddb5-4fa4-a97d-d965ccfc6d4b" outcome="Passed" testListId="8c84fa94-04c1-424b-9868-57a2d4851a1d" relativeResultsDirectory="2d47bba6-5b14-409a-aac1-fbceade94465" />
    <UnitTestResult executionId="4f2f946e-27ac-4f54-bfab-c39eb2fb2e24" testId="29ad57ce-fe8b-6876-9d1e-e06ac53ff752" testName="ReadShortByPosition_ColumnValueIsNull_returnsDefaultValue" computerName="KEPLER" duration="00:00:00.0000001" startTime="2021-07-20T10:45:42.0000000+02:00" endTime="2021-07-20T10:45:42.0000000+02:00" testType="13cdc9d9-ddb5-4fa4-a97d-d965ccfc6d4b" outcome="Passed" testListId="8c84fa94-04c1-424b-9868-57a2d4851a1d" relativeResultsDirectory="4f2f946e-27ac-4f54-bfab-c39eb2fb2e24" />
    <UnitTestResult executionId="8049fffc-8706-4324-b43c-89576daa8acf" testId="cb603bea-42c1-efb6-0c3c-26cc88996c55" testName="ReadSByteByPosition_ColumnValueIsValid_returnsColumnValue" computerName="KEPLER" duration="00:00:00.0000001" startTime="2021-07-20T10:45:42.0000000+02:00" endTime="2021-07-20T10:45:42.0000000+02:00" testType="13cdc9d9-ddb5-4fa4-a97d-d965ccfc6d4b" outcome="Passed" testListId="8c84fa94-04c1-424b-9868-57a2d4851a1d" relativeResultsDirectory="8049fffc-8706-4324-b43c-89576daa8acf" />
    <UnitTestResult executionId="07ddaf14-101e-4fb9-8d53-145ae55d4e8a" testId="04f8c6c1-b404-94ff-713a-c7a0934a0e84" testName="ReadDecimalByPosition_ColumnValueIsValid_returnsColumnValue" computerName="KEPLER" duration="00:00:00.0000001" startTime="2021-07-20T10:45:42.0000000+02:00" endTime="2021-07-20T10:45:42.0000000+02:00" testType="13cdc9d9-ddb5-4fa4-a97d-d965ccfc6d4b" outcome="Passed" testListId="8c84fa94-04c1-424b-9868-57a2d4851a1d" relativeResultsDirectory="07ddaf14-101e-4fb9-8d53-145ae55d4e8a" />
    <UnitTestResult executionId="a93c5054-9924-40a8-ae22-ee9ab317e48d" testId="6146608c-899d-b53b-068b-d998c239ef5c" testName="ReadByteByPosition_ColumnValueIsNull_returnsDefaultValue" computerName="KEPLER" duration="00:00:00.0000001" startTime="2021-07-20T10:45:42.0000000+02:00" endTime="2021-07-20T10:45:42.0000000+02:00" testType="13cdc9d9-ddb5-4fa4-a97d-d965ccfc6d4b" outcome="Passed" testListId="8c84fa94-04c1-424b-9868-57a2d4851a1d" relativeResultsDirectory="a93c5054-9924-40a8-ae22-ee9ab317e48d" />
    <UnitTestResult executionId="13068f2d-7038-42a3-9b48-cd912b3c648d" testId="792a67fb-ceeb-5801-6983-49a6d3502401" testName="ReadUShortByPosition_IllegalPosition_throwsIndexOutOfRangeException" computerName="KEPLER" duration="00:00:00.0000001" startTime="2021-07-20T10:45:42.0000000+02:00" endTime="2021-07-20T10:45:42.0000000+02:00" testType="13cdc9d9-ddb5-4fa4-a97d-d965ccfc6d4b" outcome="Passed" testListId="8c84fa94-04c1-424b-9868-57a2d4851a1d" relativeResultsDirectory="13068f2d-7038-42a3-9b48-cd912b3c648d" />
    <UnitTestResult executionId="ea72ca70-c4ff-4438-9342-29f8c23a0158" testId="b16cbc76-33c8-b693-998e-623beb9aa925" testName="ReadBigIntegerByName_ColumnValueIsValid_returnsColumnValue" computerName="KEPLER" duration="00:00:00.0090000" startTime="2021-07-20T10:45:42.0000000+02:00" endTime="2021-07-20T10:45:42.0000000+02:00" testType="13cdc9d9-ddb5-4fa4-a97d-d965ccfc6d4b" outcome="Passed" testListId="8c84fa94-04c1-424b-9868-57a2d4851a1d" relativeResultsDirectory="ea72ca70-c4ff-4438-9342-29f8c23a0158" />
    <UnitTestResult executionId="129a0825-ea7a-422f-9f75-7fb235752381" testId="72b4b17d-9389-e3a5-908d-e1d916fd9d4d" testName="ReadIntByName_ColumnValueIsValid_returnsColumnValue" computerName="KEPLER" duration="00:00:00.0000001" startTime="2021-07-20T10:45:42.0000000+02:00" endTime="2021-07-20T10:45:42.0000000+02:00" testType="13cdc9d9-ddb5-4fa4-a97d-d965ccfc6d4b" outcome="Passed" testListId="8c84fa94-04c1-424b-9868-57a2d4851a1d" relativeResultsDirectory="129a0825-ea7a-422f-9f75-7fb235752381" />
    <UnitTestResult executionId="768361e4-e431-40df-813e-5970f5e7c560" testId="0c3e0dde-ca43-a1b4-68f3-f0bab7cb0817" testName="ReadUShortByPosition_ColumnValueIsNull_returnsDefaultValue" computerName="KEPLER" duration="00:00:00.0000001" startTime="2021-07-20T10:45:42.0000000+02:00" endTime="2021-07-20T10:45:42.0000000+02:00" testType="13cdc9d9-ddb5-4fa4-a97d-d965ccfc6d4b" outcome="Passed" testListId="8c84fa94-04c1-424b-9868-57a2d4851a1d" relativeResultsDirectory="768361e4-e431-40df-813e-5970f5e7c560" />
    <UnitTestResult executionId="7400a598-19cf-4668-a02d-8e29bbaa30d4" testId="07c6e8b0-6060-0fdb-e553-b910aa38d5a3" testName="ReadDateTimeByPosition_IllegalPosition_throwsIndexOutOfRangeException" computerName="KEPLER" duration="00:00:00.0000001" startTime="2021-07-20T10:45:42.0000000+02:00" endTime="2021-07-20T10:45:42.0000000+02:00" testType="13cdc9d9-ddb5-4fa4-a97d-d965ccfc6d4b" outcome="Passed" testListId="8c84fa94-04c1-424b-9868-57a2d4851a1d" relativeResultsDirectory="7400a598-19cf-4668-a02d-8e29bbaa30d4" />
    <UnitTestResult executionId="0f703e3a-b69f-4d4d-b8f9-d602d1acb6bc" testId="215c0f1c-cecf-9a95-6534-66edcf077cd7" testName="ReadLongByName_ColumnValueIsValid_returnsColumnValue" computerName="KEPLER" duration="00:00:00.0020000" startTime="2021-07-20T10:45:42.0000000+02:00" endTime="2021-07-20T10:45:42.0000000+02:00" testType="13cdc9d9-ddb5-4fa4-a97d-d965ccfc6d4b" outcome="Passed" testListId="8c84fa94-04c1-424b-9868-57a2d4851a1d" relativeResultsDirectory="0f703e3a-b69f-4d4d-b8f9-d602d1acb6bc" />
    <UnitTestResult executionId="384b8d6d-5206-419c-be29-12234910dd38" testId="1811d5b1-17d8-b70d-ad75-6e8df3b977d3" testName="ReadDateTimeByPosition_ColumnValueIsValid_returnsColumnValue" computerName="KEPLER" duration="00:00:00.0000001" startTime="2021-07-20T10:45:42.0000000+02:00" endTime="2021-07-20T10:45:42.0000000+02:00" testType="13cdc9d9-ddb5-4fa4-a97d-d965ccfc6d4b" outcome="Passed" testListId="8c84fa94-04c1-424b-9868-57a2d4851a1d" relativeResultsDirectory="384b8d6d-5206-419c-be29-12234910dd38" />
    <UnitTestResult executionId="e78d7dd8-5340-49cc-aabb-6412dccce3f8" testId="51ceddf9-9b63-35e7-1130-7d14d0dd6020" testName="ReadDecimalByPosition_ColumnValueIsNull_returnsDefaultValue" computerName="KEPLER" duration="00:00:00.0030000" startTime="2021-07-20T10:45:42.0000000+02:00" endTime="2021-07-20T10:45:42.0000000+02:00" testType="13cdc9d9-ddb5-4fa4-a97d-d965ccfc6d4b" outcome="Passed" testListId="8c84fa94-04c1-424b-9868-57a2d4851a1d" relativeResultsDirectory="e78d7dd8-5340-49cc-aabb-6412dccce3f8" />
    <UnitTestResult executionId="ac64f5a6-a7b5-4e6e-a050-1e2164c31f38" testId="3e33229f-6b8c-902d-9c7f-f151f7662b5d" testName="ReadShortByPosition_ColumnValueIsValid_returnsColumnValue" computerName="KEPLER" duration="00:00:00.0000001" startTime="2021-07-20T10:45:42.0000000+02:00" endTime="2021-07-20T10:45:42.0000000+02:00" testType="13cdc9d9-ddb5-4fa4-a97d-d965ccfc6d4b" outcome="Passed" testListId="8c84fa94-04c1-424b-9868-57a2d4851a1d" relativeResultsDirectory="ac64f5a6-a7b5-4e6e-a050-1e2164c31f38" />
    <UnitTestResult executionId="29df35ee-6287-4871-9c2d-a08018c68d2f" testId="d2741692-cada-6e12-c5f4-d996ef483003" testName="ReadIntByPosition_IllegalPosition_throwsIndexOutOfRangeException" computerName="KEPLER" duration="00:00:00.0000001" startTime="2021-07-20T10:45:42.0000000+02:00" endTime="2021-07-20T10:45:42.0000000+02:00" testType="13cdc9d9-ddb5-4fa4-a97d-d965ccfc6d4b" outcome="Passed" testListId="8c84fa94-04c1-424b-9868-57a2d4851a1d" relativeResultsDirectory="29df35ee-6287-4871-9c2d-a08018c68d2f" />
    <UnitTestResult executionId="0a469864-b8e4-4d46-8888-ef86f3511fc4" testId="c3c88055-1e45-edb8-1589-dc337bccb041" testName="ReadDoubleByName_ColumnValueIsValid_returnsColumnValue" computerName="KEPLER" duration="00:00:00.0000001" startTime="2021-07-20T10:45:42.0000000+02:00" endTime="2021-07-20T10:45:42.0000000+02:00" testType="13cdc9d9-ddb5-4fa4-a97d-d965ccfc6d4b" outcome="Passed" testListId="8c84fa94-04c1-424b-9868-57a2d4851a1d" relativeResultsDirectory="0a469864-b8e4-4d46-8888-ef86f3511fc4" />
    <UnitTestResult executionId="133f39ee-a36e-4c81-8b13-097dd00bd989" testId="a9ba31f4-5448-2bd8-cc17-6dde183f2c7e" testName="ReadFloatByPosition_ColumnValueIsValid_returnsColumnValue" computerName="KEPLER" duration="00:00:00.0000001" startTime="2021-07-20T10:45:42.0000000+02:00" endTime="2021-07-20T10:45:42.0000000+02:00" testType="13cdc9d9-ddb5-4fa4-a97d-d965ccfc6d4b" outcome="Passed" testListId="8c84fa94-04c1-424b-9868-57a2d4851a1d" relativeResultsDirectory="133f39ee-a36e-4c81-8b13-097dd00bd989" />
    <UnitTestResult executionId="6fc00f65-0d45-4ed0-8eda-c7d4431a728f" testId="47c99baa-41af-a01a-4df8-ec2e75b4ec6a" testName="ReadTimeByPosition_ColumnValueIsValid_returnsColumnValue" computerName="KEPLER" duration="00:00:00.0000001" startTime="2021-07-20T10:45:42.0000000+02:00" endTime="2021-07-20T10:45:42.0000000+02:00" testType="13cdc9d9-ddb5-4fa4-a97d-d965ccfc6d4b" outcome="Passed" testListId="8c84fa94-04c1-424b-9868-57a2d4851a1d" relativeResultsDirectory="6fc00f65-0d45-4ed0-8eda-c7d4431a728f" />
    <UnitTestResult executionId="5c509f80-73bb-4a24-a435-bc7a0a860107" testId="0b5c0338-d113-65c4-5059-a95aef619330" testName="ReadShortByName_ColumnValueIsValid_returnsColumnValue" computerName="KEPLER" duration="00:00:00.0010000" startTime="2021-07-20T10:45:42.0000000+02:00" endTime="2021-07-20T10:45:42.0000000+02:00" testType="13cdc9d9-ddb5-4fa4-a97d-d965ccfc6d4b" outcome="Passed" testListId="8c84fa94-04c1-424b-9868-57a2d4851a1d" relativeResultsDirectory="5c509f80-73bb-4a24-a435-bc7a0a860107" />
    <UnitTestResult executionId="dbc05793-9f2f-43ca-9a99-13494411f3b9" testId="a61db63c-409a-c69d-4251-a4fce715ef24" testName="ReadSByteByName_ColumnValueIsValid_returnsColumnValue" computerName="KEPLER" duration="00:00:00.0010000" startTime="2021-07-20T10:45:42.0000000+02:00" endTime="2021-07-20T10:45:42.0000000+02:00" testType="13cdc9d9-ddb5-4fa4-a97d-d965ccfc6d4b" outcome="Passed" testListId="8c84fa94-04c1-424b-9868-57a2d4851a1d" relativeResultsDirectory="dbc05793-9f2f-43ca-9a99-13494411f3b9" />
    <UnitTestResult executionId="c70a8784-d327-40da-969f-fdc068eddff8" testId="9d73e50a-a337-a010-d991-6206f99c208d" testName="ReadByteByPosition_ColumnValueIsValid_returnsColumnValue" computerName="KEPLER" duration="00:00:00.0000001" startTime="2021-07-20T10:45:42.0000000+02:00" endTime="2021-07-20T10:45:42.0000000+02:00" testType="13cdc9d9-ddb5-4fa4-a97d-d965ccfc6d4b" outcome="Passed" testListId="8c84fa94-04c1-424b-9868-57a2d4851a1d" relativeResultsDirectory="c70a8784-d327-40da-969f-fdc068eddff8" />
    <UnitTestResult executionId="267b39e9-2675-46f4-b75c-ffd40862a569" testId="8c3a39d5-6ca1-996c-a7c8-3ffdd0d198a8" testName="ReadStringByPosition_ColumnValueIsValid_returnsColumnValue" computerName="KEPLER" duration="00:00:00.0000001" startTime="2021-07-20T10:45:42.0000000+02:00" endTime="2021-07-20T10:45:42.0000000+02:00" testType="13cdc9d9-ddb5-4fa4-a97d-d965ccfc6d4b" outcome="Passed" testListId="8c84fa94-04c1-424b-9868-57a2d4851a1d" relativeResultsDirectory="267b39e9-2675-46f4-b75c-ffd40862a569" />
  </Results>
  <TestDefinitions>
    <UnitTest name="Read_WithHeadlines_Success" storage="c:\users\joachimwagner\documents\projekte\bundesbank\dataimport\genericreadersandwriterstests\bin\debug\netcoreapp2.1\genericreadersandwriterstests.dll" id="849f9b46-20fe-795e-71ab-a0cb84df38a3">
      <Execution id="1bd7b3e8-a565-4605-9183-5538e1463d2b" />
      <TestMethod codeBase="C:\Users\JoachimWagner\Documents\Projekte\Bundesbank\DataImport\GenericReadersAndWritersTests\bin\Debug\netcoreapp2.1\GenericReadersAndWritersTests.dll" adapterTypeName="executor://nunit3testexecutor/" className="BBk.Rc1.Ricis.SharedLibraries.GenericReadersAndWriters.File.Csv.Tests.AbstractCsvFileReaderTests" name="Read_WithHeadlines_Success" />
    </UnitTest>
    <UnitTest name="ReadIntByPosition_ColumnValueIsNull_returnsDefaultValue" storage="c:\users\joachimwagner\documents\projekte\bundesbank\dataimport\genericreadersandwriterstests\bin\debug\netcoreapp2.1\genericreadersandwriterstests.dll" id="731bca5c-9d61-806b-524d-2614ec58be0a">
      <Execution id="ad329310-1f70-4ad7-b086-716f1daf22ec" />
      <TestMethod codeBase="C:\Users\JoachimWagner\Documents\Projekte\Bundesbank\DataImport\GenericReadersAndWritersTests\bin\Debug\netcoreapp2.1\GenericReadersAndWritersTests.dll" adapterTypeName="executor://nunit3testexecutor/" className="BBk.Rc1.Ricis.SharedLibraries.GenericReadersAndWriters.File.Csv.LineTokenizer.Tests.FileSetTests" name="ReadIntByPosition_ColumnValueIsNull_returnsDefaultValue" />
    </UnitTest>
    <UnitTest name="ReadDateTimeByPosition_ColumnValueIsNull_returnsDefaultValue" storage="c:\users\joachimwagner\documents\projekte\bundesbank\dataimport\genericreadersandwriterstests\bin\debug\netcoreapp2.1\genericreadersandwriterstests.dll" id="0604f0e8-07f4-f648-573a-db0001508c3d">
      <Execution id="e1c2449d-ef54-4039-992a-7585158886bc" />
      <TestMethod codeBase="C:\Users\JoachimWagner\Documents\Projekte\Bundesbank\DataImport\GenericReadersAndWritersTests\bin\Debug\netcoreapp2.1\GenericReadersAndWritersTests.dll" adapterTypeName="executor://nunit3testexecutor/" className="BBk.Rc1.Ricis.SharedLibraries.GenericReadersAndWriters.File.Csv.LineTokenizer.Tests.FileSetTests" name="ReadDateTimeByPosition_ColumnValueIsNull_returnsDefaultValue" />
    </UnitTest>
    <UnitTest name="ReadFloatByPosition_ColumnValueIsValid_returnsColumnValue" storage="c:\users\joachimwagner\documents\projekte\bundesbank\dataimport\genericreadersandwriterstests\bin\debug\netcoreapp2.1\genericreadersandwriterstests.dll" id="a9ba31f4-5448-2bd8-cc17-6dde183f2c7e">
      <Execution id="133f39ee-a36e-4c81-8b13-097dd00bd989" />
      <TestMethod codeBase="C:\Users\JoachimWagner\Documents\Projekte\Bundesbank\DataImport\GenericReadersAndWritersTests\bin\Debug\netcoreapp2.1\GenericReadersAndWritersTests.dll" adapterTypeName="executor://nunit3testexecutor/" className="BBk.Rc1.Ricis.SharedLibraries.GenericReadersAndWriters.File.Csv.LineTokenizer.Tests.FileSetTests" name="ReadFloatByPosition_ColumnValueIsValid_returnsColumnValue" />
    </UnitTest>
    <UnitTest name="ReadDateTimeByName_ColumnValueIsValid_returnsColumnValue" storage="c:\users\joachimwagner\documents\projekte\bundesbank\dataimport\genericreadersandwriterstests\bin\debug\netcoreapp2.1\genericreadersandwriterstests.dll" id="9d755510-df1c-55a1-19c7-bb204197f657">
      <Execution id="e28938d8-ecc5-43f7-9e3d-17a395068ffd" />
      <TestMethod codeBase="C:\Users\JoachimWagner\Documents\Projekte\Bundesbank\DataImport\GenericReadersAndWritersTests\bin\Debug\netcoreapp2.1\GenericReadersAndWritersTests.dll" adapterTypeName="executor://nunit3testexecutor/" className="BBk.Rc1.Ricis.SharedLibraries.GenericReadersAndWriters.File.Csv.LineTokenizer.Tests.FileSetTests" name="ReadDateTimeByName_ColumnValueIsValid_returnsColumnValue" />
    </UnitTest>
    <UnitTest name="ReadLongByPosition_ColumnValueIsValid_returnsColumnValue" storage="c:\users\joachimwagner\documents\projekte\bundesbank\dataimport\genericreadersandwriterstests\bin\debug\netcoreapp2.1\genericreadersandwriterstests.dll" id="75e3471c-c567-b6f6-0af9-0f892fc17df2">
      <Execution id="88b769c2-2aaa-46a7-a43c-16a46be1fb43" />
      <TestMethod codeBase="C:\Users\JoachimWagner\Documents\Projekte\Bundesbank\DataImport\GenericReadersAndWritersTests\bin\Debug\netcoreapp2.1\GenericReadersAndWritersTests.dll" adapterTypeName="executor://nunit3testexecutor/" className="BBk.Rc1.Ricis.SharedLibraries.GenericReadersAndWriters.File.Csv.LineTokenizer.Tests.FileSetTests" name="ReadLongByPosition_ColumnValueIsValid_returnsColumnValue" />
    </UnitTest>
    <UnitTest name="ReadShortByPosition_IllegalPosition_throwsIndexOutOfRangeException" storage="c:\users\joachimwagner\documents\projekte\bundesbank\dataimport\genericreadersandwriterstests\bin\debug\netcoreapp2.1\genericreadersandwriterstests.dll" id="104751f4-fe8d-ab74-3936-029fe85cd861">
      <Execution id="88cc72fb-2e5e-47b5-8277-eb83be42c232" />
      <TestMethod codeBase="C:\Users\JoachimWagner\Documents\Projekte\Bundesbank\DataImport\GenericReadersAndWritersTests\bin\Debug\netcoreapp2.1\GenericReadersAndWritersTests.dll" adapterTypeName="executor://nunit3testexecutor/" className="BBk.Rc1.Ricis.SharedLibraries.GenericReadersAndWriters.File.Csv.LineTokenizer.Tests.FileSetTests" name="ReadShortByPosition_IllegalPosition_throwsIndexOutOfRangeException" />
    </UnitTest>
    <UnitTest name="ReadBoolByPosition_IllegalPosition_throwsIndexOutOfRangeException" storage="c:\users\joachimwagner\documents\projekte\bundesbank\dataimport\genericreadersandwriterstests\bin\debug\netcoreapp2.1\genericreadersandwriterstests.dll" id="8344d006-b7c9-a2f5-b0bb-02b80f0fa7a7">
      <Execution id="6c20fc02-a10d-4779-9d03-459d9a325eb2" />
      <TestMethod codeBase="C:\Users\JoachimWagner\Documents\Projekte\Bundesbank\DataImport\GenericReadersAndWritersTests\bin\Debug\netcoreapp2.1\GenericReadersAndWritersTests.dll" adapterTypeName="executor://nunit3testexecutor/" className="BBk.Rc1.Ricis.SharedLibraries.GenericReadersAndWriters.File.Csv.LineTokenizer.Tests.FileSetTests" name="ReadBoolByPosition_IllegalPosition_throwsIndexOutOfRangeException" />
    </UnitTest>
    <UnitTest name="ReadBigIntegerByPosition_IllegalPosition_throwsIndexOutOfRangeException" storage="c:\users\joachimwagner\documents\projekte\bundesbank\dataimport\genericreadersandwriterstests\bin\debug\netcoreapp2.1\genericreadersandwriterstests.dll" id="3b0f93ac-123f-48d2-4664-f6d15b48060d">
      <Execution id="ee872337-47ff-415b-bd4e-f7a236fcd274" />
      <TestMethod codeBase="C:\Users\JoachimWagner\Documents\Projekte\Bundesbank\DataImport\GenericReadersAndWritersTests\bin\Debug\netcoreapp2.1\GenericReadersAndWritersTests.dll" adapterTypeName="executor://nunit3testexecutor/" className="BBk.Rc1.Ricis.SharedLibraries.GenericReadersAndWriters.File.Csv.LineTokenizer.Tests.FileSetTests" name="ReadBigIntegerByPosition_IllegalPosition_throwsIndexOutOfRangeException" />
    </UnitTest>
    <UnitTest name="ReadDateTimeByPosition_IllegalPosition_throwsIndexOutOfRangeException" storage="c:\users\joachimwagner\documents\projekte\bundesbank\dataimport\genericreadersandwriterstests\bin\debug\netcoreapp2.1\genericreadersandwriterstests.dll" id="07c6e8b0-6060-0fdb-e553-b910aa38d5a3">
      <Execution id="7400a598-19cf-4668-a02d-8e29bbaa30d4" />
      <TestMethod codeBase="C:\Users\JoachimWagner\Documents\Projekte\Bundesbank\DataImport\GenericReadersAndWritersTests\bin\Debug\netcoreapp2.1\GenericReadersAndWritersTests.dll" adapterTypeName="executor://nunit3testexecutor/" className="BBk.Rc1.Ricis.SharedLibraries.GenericReadersAndWriters.File.Csv.LineTokenizer.Tests.FileSetTests" name="ReadDateTimeByPosition_IllegalPosition_throwsIndexOutOfRangeException" />
    </UnitTest>
    <UnitTest name="ReadFloatByName_ColumnValueIsValid_returnsColumnValue" storage="c:\users\joachimwagner\documents\projekte\bundesbank\dataimport\genericreadersandwriterstests\bin\debug\netcoreapp2.1\genericreadersandwriterstests.dll" id="1e1f9a61-418d-53ce-3670-83cfc0444d5d">
      <Execution id="e500c888-02e4-4664-ade2-96a5f8cd2f13" />
      <TestMethod codeBase="C:\Users\JoachimWagner\Documents\Projekte\Bundesbank\DataImport\GenericReadersAndWritersTests\bin\Debug\netcoreapp2.1\GenericReadersAndWritersTests.dll" adapterTypeName="executor://nunit3testexecutor/" className="BBk.Rc1.Ricis.SharedLibraries.GenericReadersAndWriters.File.Csv.LineTokenizer.Tests.FileSetTests" name="ReadFloatByName_ColumnValueIsValid_returnsColumnValue" />
    </UnitTest>
    <UnitTest name="ReadSByteByPosition_ColumnValueIsNull_returnsDefaultValue" storage="c:\users\joachimwagner\documents\projekte\bundesbank\dataimport\genericreadersandwriterstests\bin\debug\netcoreapp2.1\genericreadersandwriterstests.dll" id="7068c8ce-4458-c8b0-db04-a6cc958810a6">
      <Execution id="85261c35-9a53-406d-9faf-d71f39d40ff0" />
      <TestMethod codeBase="C:\Users\JoachimWagner\Documents\Projekte\Bundesbank\DataImport\GenericReadersAndWritersTests\bin\Debug\netcoreapp2.1\GenericReadersAndWritersTests.dll" adapterTypeName="executor://nunit3testexecutor/" className="BBk.Rc1.Ricis.SharedLibraries.GenericReadersAndWriters.File.Csv.LineTokenizer.Tests.FileSetTests" name="ReadSByteByPosition_ColumnValueIsNull_returnsDefaultValue" />
    </UnitTest>
    <UnitTest name="ReadDateTimeByPosition_ColumnValueIsValid_returnsColumnValue" storage="c:\users\joachimwagner\documents\projekte\bundesbank\dataimport\genericreadersandwriterstests\bin\debug\netcoreapp2.1\genericreadersandwriterstests.dll" id="1811d5b1-17d8-b70d-ad75-6e8df3b977d3">
      <Execution id="384b8d6d-5206-419c-be29-12234910dd38" />
      <TestMethod codeBase="C:\Users\JoachimWagner\Documents\Projekte\Bundesbank\DataImport\GenericReadersAndWritersTests\bin\Debug\netcoreapp2.1\GenericReadersAndWritersTests.dll" adapterTypeName="executor://nunit3testexecutor/" className="BBk.Rc1.Ricis.SharedLibraries.GenericReadersAndWriters.File.Csv.LineTokenizer.Tests.FileSetTests" name="ReadDateTimeByPosition_ColumnValueIsValid_returnsColumnValue" />
    </UnitTest>
    <UnitTest name="ReadShortByName_ColumnValueIsValid_returnsColumnValue" storage="c:\users\joachimwagner\documents\projekte\bundesbank\dataimport\genericreadersandwriterstests\bin\debug\netcoreapp2.1\genericreadersandwriterstests.dll" id="0b5c0338-d113-65c4-5059-a95aef619330">
      <Execution id="5c509f80-73bb-4a24-a435-bc7a0a860107" />
      <TestMethod codeBase="C:\Users\JoachimWagner\Documents\Projekte\Bundesbank\DataImport\GenericReadersAndWritersTests\bin\Debug\netcoreapp2.1\GenericReadersAndWritersTests.dll" adapterTypeName="executor://nunit3testexecutor/" className="BBk.Rc1.Ricis.SharedLibraries.GenericReadersAndWriters.File.Csv.LineTokenizer.Tests.FileSetTests" name="ReadShortByName_ColumnValueIsValid_returnsColumnValue" />
    </UnitTest>
    <UnitTest name="ReadDoubleByPosition_ColumnValueIsNull_returnsDefaultValue" storage="c:\users\joachimwagner\documents\projekte\bundesbank\dataimport\genericreadersandwriterstests\bin\debug\netcoreapp2.1\genericreadersandwriterstests.dll" id="9936a135-d22a-4ca8-2234-30d61c580d3a">
      <Execution id="ebfc106e-01fa-4fa9-9f3f-7518c673cd81" />
      <TestMethod codeBase="C:\Users\JoachimWagner\Documents\Projekte\Bundesbank\DataImport\GenericReadersAndWritersTests\bin\Debug\netcoreapp2.1\GenericReadersAndWritersTests.dll" adapterTypeName="executor://nunit3testexecutor/" className="BBk.Rc1.Ricis.SharedLibraries.GenericReadersAndWriters.File.Csv.LineTokenizer.Tests.FileSetTests" name="ReadDoubleByPosition_ColumnValueIsNull_returnsDefaultValue" />
    </UnitTest>
    <UnitTest name="ReadBoolByName_ColumnValueIsValid_returnsColumnValue" storage="c:\users\joachimwagner\documents\projekte\bundesbank\dataimport\genericreadersandwriterstests\bin\debug\netcoreapp2.1\genericreadersandwriterstests.dll" id="f5ff1dbe-9ecf-970e-f7f1-0fc82b946980">
      <Execution id="1c777cb1-7c80-4771-bdef-85506d555cee" />
      <TestMethod codeBase="C:\Users\JoachimWagner\Documents\Projekte\Bundesbank\DataImport\GenericReadersAndWritersTests\bin\Debug\netcoreapp2.1\GenericReadersAndWritersTests.dll" adapterTypeName="executor://nunit3testexecutor/" className="BBk.Rc1.Ricis.SharedLibraries.GenericReadersAndWriters.File.Csv.LineTokenizer.Tests.FileSetTests" name="ReadBoolByName_ColumnValueIsValid_returnsColumnValue" />
    </UnitTest>
    <UnitTest name="ReadFloatByPosition_IllegalPosition_throwsIndexOutOfRangeException" storage="c:\users\joachimwagner\documents\projekte\bundesbank\dataimport\genericreadersandwriterstests\bin\debug\netcoreapp2.1\genericreadersandwriterstests.dll" id="c46c21f8-1be4-8ae8-7ba8-bfe4926f3b94">
      <Execution id="fd993837-5ff9-4947-8fec-5bde986f872c" />
      <TestMethod codeBase="C:\Users\JoachimWagner\Documents\Projekte\Bundesbank\DataImport\GenericReadersAndWritersTests\bin\Debug\netcoreapp2.1\GenericReadersAndWritersTests.dll" adapterTypeName="executor://nunit3testexecutor/" className="BBk.Rc1.Ricis.SharedLibraries.GenericReadersAndWriters.File.Csv.LineTokenizer.Tests.FileSetTests" name="ReadFloatByPosition_IllegalPosition_throwsIndexOutOfRangeException" />
    </UnitTest>
    <UnitTest name="ReadFloatByPosition_ColumnValueIsNull_returnsDefaultValue" storage="c:\users\joachimwagner\documents\projekte\bundesbank\dataimport\genericreadersandwriterstests\bin\debug\netcoreapp2.1\genericreadersandwriterstests.dll" id="12d07d2c-62a0-fd3c-3009-e13ab934a1b8">
      <Execution id="f82abd43-2ad2-4d29-b268-6677623a5874" />
      <TestMethod codeBase="C:\Users\JoachimWagner\Documents\Projekte\Bundesbank\DataImport\GenericReadersAndWritersTests\bin\Debug\netcoreapp2.1\GenericReadersAndWritersTests.dll" adapterTypeName="executor://nunit3testexecutor/" className="BBk.Rc1.Ricis.SharedLibraries.GenericReadersAndWriters.File.Csv.LineTokenizer.Tests.FileSetTests" name="ReadFloatByPosition_ColumnValueIsNull_returnsDefaultValue" />
    </UnitTest>
    <UnitTest name="ReadTimeByPosition_ColumnValueIsNull_returnsDefaultValue" storage="c:\users\joachimwagner\documents\projekte\bundesbank\dataimport\genericreadersandwriterstests\bin\debug\netcoreapp2.1\genericreadersandwriterstests.dll" id="9ddbc878-c0f9-119a-a07f-af54dc2608dd">
      <Execution id="9d780a14-b90d-408f-ac62-3594f57314dd" />
      <TestMethod codeBase="C:\Users\JoachimWagner\Documents\Projekte\Bundesbank\DataImport\GenericReadersAndWritersTests\bin\Debug\netcoreapp2.1\GenericReadersAndWritersTests.dll" adapterTypeName="executor://nunit3testexecutor/" className="BBk.Rc1.Ricis.SharedLibraries.GenericReadersAndWriters.File.Csv.LineTokenizer.Tests.FileSetTests" name="ReadTimeByPosition_ColumnValueIsNull_returnsDefaultValue" />
    </UnitTest>
    <UnitTest name="ReadIntByPosition_ColumnValueIsValid_returnsColumnValue" storage="c:\users\joachimwagner\documents\projekte\bundesbank\dataimport\genericreadersandwriterstests\bin\debug\netcoreapp2.1\genericreadersandwriterstests.dll" id="28f94242-c443-4b67-7478-774497100d62">
      <Execution id="0d6e9527-6a69-45fa-8b3f-7dd01c66c3e8" />
      <TestMethod codeBase="C:\Users\JoachimWagner\Documents\Projekte\Bundesbank\DataImport\GenericReadersAndWritersTests\bin\Debug\netcoreapp2.1\GenericReadersAndWritersTests.dll" adapterTypeName="executor://nunit3testexecutor/" className="BBk.Rc1.Ricis.SharedLibraries.GenericReadersAndWriters.File.Csv.LineTokenizer.Tests.FileSetTests" name="ReadIntByPosition_ColumnValueIsValid_returnsColumnValue" />
    </UnitTest>
    <UnitTest name="ReadBigIntegerByPosition_ColumnValueIsNull_returnsDefaultValue" storage="c:\users\joachimwagner\documents\projekte\bundesbank\dataimport\genericreadersandwriterstests\bin\debug\netcoreapp2.1\genericreadersandwriterstests.dll" id="01daa5ae-e724-dbb8-ef25-9fa7af4c1398">
      <Execution id="ffb41c12-0f8c-435f-80ff-ce1fb1f65fe4" />
      <TestMethod codeBase="C:\Users\JoachimWagner\Documents\Projekte\Bundesbank\DataImport\GenericReadersAndWritersTests\bin\Debug\netcoreapp2.1\GenericReadersAndWritersTests.dll" adapterTypeName="executor://nunit3testexecutor/" className="BBk.Rc1.Ricis.SharedLibraries.GenericReadersAndWriters.File.Csv.LineTokenizer.Tests.FileSetTests" name="ReadBigIntegerByPosition_ColumnValueIsNull_returnsDefaultValue" />
    </UnitTest>
    <UnitTest name="ReadBoolByPosition_ColumnValueIsValid_returnsColumnValue" storage="c:\users\joachimwagner\documents\projekte\bundesbank\dataimport\genericreadersandwriterstests\bin\debug\netcoreapp2.1\genericreadersandwriterstests.dll" id="d23fe4d5-ce91-9c32-4d57-52ea4ff4f709">
      <Execution id="bf6617cc-73a4-4af9-9cb3-a826ea4c7ee5" />
      <TestMethod codeBase="C:\Users\JoachimWagner\Documents\Projekte\Bundesbank\DataImport\GenericReadersAndWritersTests\bin\Debug\netcoreapp2.1\GenericReadersAndWritersTests.dll" adapterTypeName="executor://nunit3testexecutor/" className="BBk.Rc1.Ricis.SharedLibraries.GenericReadersAndWriters.File.Csv.LineTokenizer.Tests.FileSetTests" name="ReadBoolByPosition_ColumnValueIsValid_returnsColumnValue" />
    </UnitTest>
    <UnitTest name="ReadTimeByPosition_IllegalPosition_throwsIndexOutOfRangeException" storage="c:\users\joachimwagner\documents\projekte\bundesbank\dataimport\genericreadersandwriterstests\bin\debug\netcoreapp2.1\genericreadersandwriterstests.dll" id="ff3c2f34-d7a8-39c9-82f0-87dec3bd1bbb">
      <Execution id="5155bdd0-413b-4e47-85a4-722d8e09c790" />
      <TestMethod codeBase="C:\Users\JoachimWagner\Documents\Projekte\Bundesbank\DataImport\GenericReadersAndWritersTests\bin\Debug\netcoreapp2.1\GenericReadersAndWritersTests.dll" adapterTypeName="executor://nunit3testexecutor/" className="BBk.Rc1.Ricis.SharedLibraries.GenericReadersAndWriters.File.Csv.LineTokenizer.Tests.FileSetTests" name="ReadTimeByPosition_IllegalPosition_throwsIndexOutOfRangeException" />
    </UnitTest>
    <UnitTest name="ReadLongByPosition_ColumnValueIsNull_returnsDefaultValue" storage="c:\users\joachimwagner\documents\projekte\bundesbank\dataimport\genericreadersandwriterstests\bin\debug\netcoreapp2.1\genericreadersandwriterstests.dll" id="5e167d49-ead9-fbbd-0f82-4f6b771ae84b">
      <Execution id="3070032e-7984-4887-8314-5620b43353f8" />
      <TestMethod codeBase="C:\Users\JoachimWagner\Documents\Projekte\Bundesbank\DataImport\GenericReadersAndWritersTests\bin\Debug\netcoreapp2.1\GenericReadersAndWritersTests.dll" adapterTypeName="executor://nunit3testexecutor/" className="BBk.Rc1.Ricis.SharedLibraries.GenericReadersAndWriters.File.Csv.LineTokenizer.Tests.FileSetTests" name="ReadLongByPosition_ColumnValueIsNull_returnsDefaultValue" />
    </UnitTest>
    <UnitTest name="ReadDecimalByName_ColumnValueIsValid_returnsColumnValue" storage="c:\users\joachimwagner\documents\projekte\bundesbank\dataimport\genericreadersandwriterstests\bin\debug\netcoreapp2.1\genericreadersandwriterstests.dll" id="787bed18-d401-7a51-52b1-e3a0490d9e59">
      <Execution id="b27ef4c0-fb65-45c7-a2e7-36629fdc9b1f" />
      <TestMethod codeBase="C:\Users\JoachimWagner\Documents\Projekte\Bundesbank\DataImport\GenericReadersAndWritersTests\bin\Debug\netcoreapp2.1\GenericReadersAndWritersTests.dll" adapterTypeName="executor://nunit3testexecutor/" className="BBk.Rc1.Ricis.SharedLibraries.GenericReadersAndWriters.File.Csv.LineTokenizer.Tests.FileSetTests" name="ReadDecimalByName_ColumnValueIsValid_returnsColumnValue" />
    </UnitTest>
    <UnitTest name="ReadUIntByName_ColumnValueIsValid_returnsColumnValue" storage="c:\users\joachimwagner\documents\projekte\bundesbank\dataimport\genericreadersandwriterstests\bin\debug\netcoreapp2.1\genericreadersandwriterstests.dll" id="118aeade-357c-55b4-720c-7539d16abdc1">
      <Execution id="48c221dd-d60f-4492-9ac8-641021ced066" />
      <TestMethod codeBase="C:\Users\JoachimWagner\Documents\Projekte\Bundesbank\DataImport\GenericReadersAndWritersTests\bin\Debug\netcoreapp2.1\GenericReadersAndWritersTests.dll" adapterTypeName="executor://nunit3testexecutor/" className="BBk.Rc1.Ricis.SharedLibraries.GenericReadersAndWriters.File.Csv.LineTokenizer.Tests.FileSetTests" name="ReadUIntByName_ColumnValueIsValid_returnsColumnValue" />
    </UnitTest>
    <UnitTest name="ReadUIntByPosition_ColumnValueIsValid_returnsColumnValue" storage="c:\users\joachimwagner\documents\projekte\bundesbank\dataimport\genericreadersandwriterstests\bin\debug\netcoreapp2.1\genericreadersandwriterstests.dll" id="f7c7320f-4f44-9339-2098-e403250c3578">
      <Execution id="7261f08a-d29f-4d0e-bbdf-39d7eeec1504" />
      <TestMethod codeBase="C:\Users\JoachimWagner\Documents\Projekte\Bundesbank\DataImport\GenericReadersAndWritersTests\bin\Debug\netcoreapp2.1\GenericReadersAndWritersTests.dll" adapterTypeName="executor://nunit3testexecutor/" className="BBk.Rc1.Ricis.SharedLibraries.GenericReadersAndWriters.File.Csv.LineTokenizer.Tests.FileSetTests" name="ReadUIntByPosition_ColumnValueIsValid_returnsColumnValue" />
    </UnitTest>
    <UnitTest name="ReadUShortByPosition_IllegalPosition_throwsIndexOutOfRangeException" storage="c:\users\joachimwagner\documents\projekte\bundesbank\dataimport\genericreadersandwriterstests\bin\debug\netcoreapp2.1\genericreadersandwriterstests.dll" id="792a67fb-ceeb-5801-6983-49a6d3502401">
      <Execution id="13068f2d-7038-42a3-9b48-cd912b3c648d" />
      <TestMethod codeBase="C:\Users\JoachimWagner\Documents\Projekte\Bundesbank\DataImport\GenericReadersAndWritersTests\bin\Debug\netcoreapp2.1\GenericReadersAndWritersTests.dll" adapterTypeName="executor://nunit3testexecutor/" className="BBk.Rc1.Ricis.SharedLibraries.GenericReadersAndWriters.File.Csv.LineTokenizer.Tests.FileSetTests" name="ReadUShortByPosition_IllegalPosition_throwsIndexOutOfRangeException" />
    </UnitTest>
    <UnitTest name="ReadDoubleByPosition_ColumnValueIsValid_returnsColumnValue" storage="c:\users\joachimwagner\documents\projekte\bundesbank\dataimport\genericreadersandwriterstests\bin\debug\netcoreapp2.1\genericreadersandwriterstests.dll" id="f890ec51-2aa5-52e9-7ac3-82a09596ef12">
      <Execution id="4811cf8f-4432-47af-a696-5ed4cb71d1fc" />
      <TestMethod codeBase="C:\Users\JoachimWagner\Documents\Projekte\Bundesbank\DataImport\GenericReadersAndWritersTests\bin\Debug\netcoreapp2.1\GenericReadersAndWritersTests.dll" adapterTypeName="executor://nunit3testexecutor/" className="BBk.Rc1.Ricis.SharedLibraries.GenericReadersAndWriters.File.Csv.LineTokenizer.Tests.FileSetTests" name="ReadDoubleByPosition_ColumnValueIsValid_returnsColumnValue" />
    </UnitTest>
    <UnitTest name="ReadULongByName_ColumnValueIsValid_returnsColumnValue" storage="c:\users\joachimwagner\documents\projekte\bundesbank\dataimport\genericreadersandwriterstests\bin\debug\netcoreapp2.1\genericreadersandwriterstests.dll" id="64462de1-2139-9fb7-a19a-c62ddd8d88cc">
      <Execution id="5555e8d7-0b22-4e27-9a5f-396c950637df" />
      <TestMethod codeBase="C:\Users\JoachimWagner\Documents\Projekte\Bundesbank\DataImport\GenericReadersAndWritersTests\bin\Debug\netcoreapp2.1\GenericReadersAndWritersTests.dll" adapterTypeName="executor://nunit3testexecutor/" className="BBk.Rc1.Ricis.SharedLibraries.GenericReadersAndWriters.File.Csv.LineTokenizer.Tests.FileSetTests" name="ReadULongByName_ColumnValueIsValid_returnsColumnValue" />
    </UnitTest>
    <UnitTest name="ReadStringByPosition_ColumnValueIsValid_returnsColumnValue" storage="c:\users\joachimwagner\documents\projekte\bundesbank\dataimport\genericreadersandwriterstests\bin\debug\netcoreapp2.1\genericreadersandwriterstests.dll" id="8c3a39d5-6ca1-996c-a7c8-3ffdd0d198a8">
      <Execution id="267b39e9-2675-46f4-b75c-ffd40862a569" />
      <TestMethod codeBase="C:\Users\JoachimWagner\Documents\Projekte\Bundesbank\DataImport\GenericReadersAndWritersTests\bin\Debug\netcoreapp2.1\GenericReadersAndWritersTests.dll" adapterTypeName="executor://nunit3testexecutor/" className="BBk.Rc1.Ricis.SharedLibraries.GenericReadersAndWriters.File.Csv.LineTokenizer.Tests.FileSetTests" name="ReadStringByPosition_ColumnValueIsValid_returnsColumnValue" />
    </UnitTest>
    <UnitTest name="ReadUShortByPosition_ColumnValueIsValid_returnsColumnValue" storage="c:\users\joachimwagner\documents\projekte\bundesbank\dataimport\genericreadersandwriterstests\bin\debug\netcoreapp2.1\genericreadersandwriterstests.dll" id="d8e89047-265f-ae8c-f72e-27a12a7e3e84">
      <Execution id="e03b66a5-8284-4d45-be49-405e5f9e5b43" />
      <TestMethod codeBase="C:\Users\JoachimWagner\Documents\Projekte\Bundesbank\DataImport\GenericReadersAndWritersTests\bin\Debug\netcoreapp2.1\GenericReadersAndWritersTests.dll" adapterTypeName="executor://nunit3testexecutor/" className="BBk.Rc1.Ricis.SharedLibraries.GenericReadersAndWriters.File.Csv.LineTokenizer.Tests.FileSetTests" name="ReadUShortByPosition_ColumnValueIsValid_returnsColumnValue" />
    </UnitTest>
    <UnitTest name="ReadUShortByPosition_ColumnValueIsNull_returnsDefaultValue" storage="c:\users\joachimwagner\documents\projekte\bundesbank\dataimport\genericreadersandwriterstests\bin\debug\netcoreapp2.1\genericreadersandwriterstests.dll" id="0c3e0dde-ca43-a1b4-68f3-f0bab7cb0817">
      <Execution id="768361e4-e431-40df-813e-5970f5e7c560" />
      <TestMethod codeBase="C:\Users\JoachimWagner\Documents\Projekte\Bundesbank\DataImport\GenericReadersAndWritersTests\bin\Debug\netcoreapp2.1\GenericReadersAndWritersTests.dll" adapterTypeName="executor://nunit3testexecutor/" className="BBk.Rc1.Ricis.SharedLibraries.GenericReadersAndWriters.File.Csv.LineTokenizer.Tests.FileSetTests" name="ReadUShortByPosition_ColumnValueIsNull_returnsDefaultValue" />
    </UnitTest>
    <UnitTest name="ReadDecimalByPosition_IllegalPosition_throwsIndexOutOfRangeException" storage="c:\users\joachimwagner\documents\projekte\bundesbank\dataimport\genericreadersandwriterstests\bin\debug\netcoreapp2.1\genericreadersandwriterstests.dll" id="47dcd5e5-c495-3daf-20e4-fb6809725f3a">
      <Execution id="a3427d1e-24e3-48ea-85fc-3be14ebe27c5" />
      <TestMethod codeBase="C:\Users\JoachimWagner\Documents\Projekte\Bundesbank\DataImport\GenericReadersAndWritersTests\bin\Debug\netcoreapp2.1\GenericReadersAndWritersTests.dll" adapterTypeName="executor://nunit3testexecutor/" className="BBk.Rc1.Ricis.SharedLibraries.GenericReadersAndWriters.File.Csv.LineTokenizer.Tests.FileSetTests" name="ReadDecimalByPosition_IllegalPosition_throwsIndexOutOfRangeException" />
    </UnitTest>
    <UnitTest name="ReadUIntByPosition_ColumnValueIsNull_returnsDefaultValue" storage="c:\users\joachimwagner\documents\projekte\bundesbank\dataimport\genericreadersandwriterstests\bin\debug\netcoreapp2.1\genericreadersandwriterstests.dll" id="21f7e741-a675-dbbd-b35a-ec5b27351f62">
      <Execution id="ea16aa4d-d78a-4b20-9187-bcc5812ada09" />
      <TestMethod codeBase="C:\Users\JoachimWagner\Documents\Projekte\Bundesbank\DataImport\GenericReadersAndWritersTests\bin\Debug\netcoreapp2.1\GenericReadersAndWritersTests.dll" adapterTypeName="executor://nunit3testexecutor/" className="BBk.Rc1.Ricis.SharedLibraries.GenericReadersAndWriters.File.Csv.LineTokenizer.Tests.FileSetTests" name="ReadUIntByPosition_ColumnValueIsNull_returnsDefaultValue" />
    </UnitTest>
    <UnitTest name="ReadDecimalByPosition_ColumnValueIsNull_returnsDefaultValue" storage="c:\users\joachimwagner\documents\projekte\bundesbank\dataimport\genericreadersandwriterstests\bin\debug\netcoreapp2.1\genericreadersandwriterstests.dll" id="51ceddf9-9b63-35e7-1130-7d14d0dd6020">
      <Execution id="e78d7dd8-5340-49cc-aabb-6412dccce3f8" />
      <TestMethod codeBase="C:\Users\JoachimWagner\Documents\Projekte\Bundesbank\DataImport\GenericReadersAndWritersTests\bin\Debug\netcoreapp2.1\GenericReadersAndWritersTests.dll" adapterTypeName="executor://nunit3testexecutor/" className="BBk.Rc1.Ricis.SharedLibraries.GenericReadersAndWriters.File.Csv.LineTokenizer.Tests.FileSetTests" name="ReadDecimalByPosition_ColumnValueIsNull_returnsDefaultValue" />
    </UnitTest>
    <UnitTest name="Read_NoHeadlines_Success" storage="c:\users\joachimwagner\documents\projekte\bundesbank\dataimport\genericreadersandwriterstests\bin\debug\netcoreapp2.1\genericreadersandwriterstests.dll" id="27b2d23f-2d93-b00e-67aa-18eff944a29a">
      <Execution id="fd6cb213-2c3f-4d8f-b3fc-c0a513bbec4d" />
      <TestMethod codeBase="C:\Users\JoachimWagner\Documents\Projekte\Bundesbank\DataImport\GenericReadersAndWritersTests\bin\Debug\netcoreapp2.1\GenericReadersAndWritersTests.dll" adapterTypeName="executor://nunit3testexecutor/" className="BBk.Rc1.Ricis.SharedLibraries.GenericReadersAndWriters.File.Csv.Tests.AbstractCsvFileReaderTests" name="Read_NoHeadlines_Success" />
    </UnitTest>
    <UnitTest name="ReadLongByName_ColumnValueIsValid_returnsColumnValue" storage="c:\users\joachimwagner\documents\projekte\bundesbank\dataimport\genericreadersandwriterstests\bin\debug\netcoreapp2.1\genericreadersandwriterstests.dll" id="215c0f1c-cecf-9a95-6534-66edcf077cd7">
      <Execution id="0f703e3a-b69f-4d4d-b8f9-d602d1acb6bc" />
      <TestMethod codeBase="C:\Users\JoachimWagner\Documents\Projekte\Bundesbank\DataImport\GenericReadersAndWritersTests\bin\Debug\netcoreapp2.1\GenericReadersAndWritersTests.dll" adapterTypeName="executor://nunit3testexecutor/" className="BBk.Rc1.Ricis.SharedLibraries.GenericReadersAndWriters.File.Csv.LineTokenizer.Tests.FileSetTests" name="ReadLongByName_ColumnValueIsValid_returnsColumnValue" />
    </UnitTest>
    <UnitTest name="ReadShortByPosition_ColumnValueIsValid_returnsColumnValue" storage="c:\users\joachimwagner\documents\projekte\bundesbank\dataimport\genericreadersandwriterstests\bin\debug\netcoreapp2.1\genericreadersandwriterstests.dll" id="3e33229f-6b8c-902d-9c7f-f151f7662b5d">
      <Execution id="ac64f5a6-a7b5-4e6e-a050-1e2164c31f38" />
      <TestMethod codeBase="C:\Users\JoachimWagner\Documents\Projekte\Bundesbank\DataImport\GenericReadersAndWritersTests\bin\Debug\netcoreapp2.1\GenericReadersAndWritersTests.dll" adapterTypeName="executor://nunit3testexecutor/" className="BBk.Rc1.Ricis.SharedLibraries.GenericReadersAndWriters.File.Csv.LineTokenizer.Tests.FileSetTests" name="ReadShortByPosition_ColumnValueIsValid_returnsColumnValue" />
    </UnitTest>
    <UnitTest name="ReadSByteByPosition_ColumnValueIsValid_returnsColumnValue" storage="c:\users\joachimwagner\documents\projekte\bundesbank\dataimport\genericreadersandwriterstests\bin\debug\netcoreapp2.1\genericreadersandwriterstests.dll" id="cb603bea-42c1-efb6-0c3c-26cc88996c55">
      <Execution id="8049fffc-8706-4324-b43c-89576daa8acf" />
      <TestMethod codeBase="C:\Users\JoachimWagner\Documents\Projekte\Bundesbank\DataImport\GenericReadersAndWritersTests\bin\Debug\netcoreapp2.1\GenericReadersAndWritersTests.dll" adapterTypeName="executor://nunit3testexecutor/" className="BBk.Rc1.Ricis.SharedLibraries.GenericReadersAndWriters.File.Csv.LineTokenizer.Tests.FileSetTests" name="ReadSByteByPosition_ColumnValueIsValid_returnsColumnValue" />
    </UnitTest>
    <UnitTest name="ReadByteByName_ColumnValueIsValid_returnsColumnValue" storage="c:\users\joachimwagner\documents\projekte\bundesbank\dataimport\genericreadersandwriterstests\bin\debug\netcoreapp2.1\genericreadersandwriterstests.dll" id="b5ac5171-235e-65fa-c5c1-5f95389c35dd">
      <Execution id="80ab44da-b8f9-4a43-96bd-a4769f6f7ac3" />
      <TestMethod codeBase="C:\Users\JoachimWagner\Documents\Projekte\Bundesbank\DataImport\GenericReadersAndWritersTests\bin\Debug\netcoreapp2.1\GenericReadersAndWritersTests.dll" adapterTypeName="executor://nunit3testexecutor/" className="BBk.Rc1.Ricis.SharedLibraries.GenericReadersAndWriters.File.Csv.LineTokenizer.Tests.FileSetTests" name="ReadByteByName_ColumnValueIsValid_returnsColumnValue" />
    </UnitTest>
    <UnitTest name="ReadDecimalByPosition_ColumnValueIsValid_returnsColumnValue" storage="c:\users\joachimwagner\documents\projekte\bundesbank\dataimport\genericreadersandwriterstests\bin\debug\netcoreapp2.1\genericreadersandwriterstests.dll" id="04f8c6c1-b404-94ff-713a-c7a0934a0e84">
      <Execution id="07ddaf14-101e-4fb9-8d53-145ae55d4e8a" />
      <TestMethod codeBase="C:\Users\JoachimWagner\Documents\Projekte\Bundesbank\DataImport\GenericReadersAndWritersTests\bin\Debug\netcoreapp2.1\GenericReadersAndWritersTests.dll" adapterTypeName="executor://nunit3testexecutor/" className="BBk.Rc1.Ricis.SharedLibraries.GenericReadersAndWriters.File.Csv.LineTokenizer.Tests.FileSetTests" name="ReadDecimalByPosition_ColumnValueIsValid_returnsColumnValue" />
    </UnitTest>
    <UnitTest name="ReadStringByPosition_IllegalPosition_throwsIndexOutOfRangeException" storage="c:\users\joachimwagner\documents\projekte\bundesbank\dataimport\genericreadersandwriterstests\bin\debug\netcoreapp2.1\genericreadersandwriterstests.dll" id="1f14a07f-f083-d069-df52-f95d0ab32b2c">
      <Execution id="2d47bba6-5b14-409a-aac1-fbceade94465" />
      <TestMethod codeBase="C:\Users\JoachimWagner\Documents\Projekte\Bundesbank\DataImport\GenericReadersAndWritersTests\bin\Debug\netcoreapp2.1\GenericReadersAndWritersTests.dll" adapterTypeName="executor://nunit3testexecutor/" className="BBk.Rc1.Ricis.SharedLibraries.GenericReadersAndWriters.File.Csv.LineTokenizer.Tests.FileSetTests" name="ReadStringByPosition_IllegalPosition_throwsIndexOutOfRangeException" />
    </UnitTest>
    <UnitTest name="ReadUIntByPosition_IllegalPosition_throwsIndexOutOfRangeException" storage="c:\users\joachimwagner\documents\projekte\bundesbank\dataimport\genericreadersandwriterstests\bin\debug\netcoreapp2.1\genericreadersandwriterstests.dll" id="a4d55b8e-1ad7-4aaf-f2db-a3881347b967">
      <Execution id="53a71620-b020-4bb3-b981-99a4b4c92cae" />
      <TestMethod codeBase="C:\Users\JoachimWagner\Documents\Projekte\Bundesbank\DataImport\GenericReadersAndWritersTests\bin\Debug\netcoreapp2.1\GenericReadersAndWritersTests.dll" adapterTypeName="executor://nunit3testexecutor/" className="BBk.Rc1.Ricis.SharedLibraries.GenericReadersAndWriters.File.Csv.LineTokenizer.Tests.FileSetTests" name="ReadUIntByPosition_IllegalPosition_throwsIndexOutOfRangeException" />
    </UnitTest>
    <UnitTest name="ReadByteByPosition_ColumnValueIsValid_returnsColumnValue" storage="c:\users\joachimwagner\documents\projekte\bundesbank\dataimport\genericreadersandwriterstests\bin\debug\netcoreapp2.1\genericreadersandwriterstests.dll" id="9d73e50a-a337-a010-d991-6206f99c208d">
      <Execution id="c70a8784-d327-40da-969f-fdc068eddff8" />
      <TestMethod codeBase="C:\Users\JoachimWagner\Documents\Projekte\Bundesbank\DataImport\GenericReadersAndWritersTests\bin\Debug\netcoreapp2.1\GenericReadersAndWritersTests.dll" adapterTypeName="executor://nunit3testexecutor/" className="BBk.Rc1.Ricis.SharedLibraries.GenericReadersAndWriters.File.Csv.LineTokenizer.Tests.FileSetTests" name="ReadByteByPosition_ColumnValueIsValid_returnsColumnValue" />
    </UnitTest>
    <UnitTest name="ReadStringByPosition_ColumnValueIsNull_returnsDefaultValue" storage="c:\users\joachimwagner\documents\projekte\bundesbank\dataimport\genericreadersandwriterstests\bin\debug\netcoreapp2.1\genericreadersandwriterstests.dll" id="30cfd5cb-e202-5ca3-06d1-964df82948cd">
      <Execution id="91d8cbbf-32a6-4ac7-aea2-6e3048ad28e6" />
      <TestMethod codeBase="C:\Users\JoachimWagner\Documents\Projekte\Bundesbank\DataImport\GenericReadersAndWritersTests\bin\Debug\netcoreapp2.1\GenericReadersAndWritersTests.dll" adapterTypeName="executor://nunit3testexecutor/" className="BBk.Rc1.Ricis.SharedLibraries.GenericReadersAndWriters.File.Csv.LineTokenizer.Tests.FileSetTests" name="ReadStringByPosition_ColumnValueIsNull_returnsDefaultValue" />
    </UnitTest>
    <UnitTest name="ReadULongByPosition_IllegalPosition_throwsIndexOutOfRangeException" storage="c:\users\joachimwagner\documents\projekte\bundesbank\dataimport\genericreadersandwriterstests\bin\debug\netcoreapp2.1\genericreadersandwriterstests.dll" id="8692aa5b-a8d1-7857-e1fe-d9632999316f">
      <Execution id="66bada88-6b4f-41bb-930f-ff3265d0c7af" />
      <TestMethod codeBase="C:\Users\JoachimWagner\Documents\Projekte\Bundesbank\DataImport\GenericReadersAndWritersTests\bin\Debug\netcoreapp2.1\GenericReadersAndWritersTests.dll" adapterTypeName="executor://nunit3testexecutor/" className="BBk.Rc1.Ricis.SharedLibraries.GenericReadersAndWriters.File.Csv.LineTokenizer.Tests.FileSetTests" name="ReadULongByPosition_IllegalPosition_throwsIndexOutOfRangeException" />
    </UnitTest>
    <UnitTest name="ReadSByteByPosition_IllegalPosition_throwsIndexOutOfRangeException" storage="c:\users\joachimwagner\documents\projekte\bundesbank\dataimport\genericreadersandwriterstests\bin\debug\netcoreapp2.1\genericreadersandwriterstests.dll" id="0cdaf4b3-edcf-efa9-84ca-dab367d01c8f">
      <Execution id="c84a4675-a245-4898-9a99-1296a97a8e20" />
      <TestMethod codeBase="C:\Users\JoachimWagner\Documents\Projekte\Bundesbank\DataImport\GenericReadersAndWritersTests\bin\Debug\netcoreapp2.1\GenericReadersAndWritersTests.dll" adapterTypeName="executor://nunit3testexecutor/" className="BBk.Rc1.Ricis.SharedLibraries.GenericReadersAndWriters.File.Csv.LineTokenizer.Tests.FileSetTests" name="ReadSByteByPosition_IllegalPosition_throwsIndexOutOfRangeException" />
    </UnitTest>
    <UnitTest name="ReadByteByPosition_ColumnValueIsNull_returnsDefaultValue" storage="c:\users\joachimwagner\documents\projekte\bundesbank\dataimport\genericreadersandwriterstests\bin\debug\netcoreapp2.1\genericreadersandwriterstests.dll" id="6146608c-899d-b53b-068b-d998c239ef5c">
      <Execution id="a93c5054-9924-40a8-ae22-ee9ab317e48d" />
      <TestMethod codeBase="C:\Users\JoachimWagner\Documents\Projekte\Bundesbank\DataImport\GenericReadersAndWritersTests\bin\Debug\netcoreapp2.1\GenericReadersAndWritersTests.dll" adapterTypeName="executor://nunit3testexecutor/" className="BBk.Rc1.Ricis.SharedLibraries.GenericReadersAndWriters.File.Csv.LineTokenizer.Tests.FileSetTests" name="ReadByteByPosition_ColumnValueIsNull_returnsDefaultValue" />
    </UnitTest>
    <UnitTest name="ReadBigIntegerByName_ColumnValueIsValid_returnsColumnValue" storage="c:\users\joachimwagner\documents\projekte\bundesbank\dataimport\genericreadersandwriterstests\bin\debug\netcoreapp2.1\genericreadersandwriterstests.dll" id="b16cbc76-33c8-b693-998e-623beb9aa925">
      <Execution id="ea72ca70-c4ff-4438-9342-29f8c23a0158" />
      <TestMethod codeBase="C:\Users\JoachimWagner\Documents\Projekte\Bundesbank\DataImport\GenericReadersAndWritersTests\bin\Debug\netcoreapp2.1\GenericReadersAndWritersTests.dll" adapterTypeName="executor://nunit3testexecutor/" className="BBk.Rc1.Ricis.SharedLibraries.GenericReadersAndWriters.File.Csv.LineTokenizer.Tests.FileSetTests" name="ReadBigIntegerByName_ColumnValueIsValid_returnsColumnValue" />
    </UnitTest>
    <UnitTest name="ReadDoubleByPosition_IllegalPosition_throwsIndexOutOfRangeException" storage="c:\users\joachimwagner\documents\projekte\bundesbank\dataimport\genericreadersandwriterstests\bin\debug\netcoreapp2.1\genericreadersandwriterstests.dll" id="cbb8c242-7708-2b27-f875-82ad4bb5bf5c">
      <Execution id="778e6f56-bf60-4fa7-9f2c-9e04bced2a6e" />
      <TestMethod codeBase="C:\Users\JoachimWagner\Documents\Projekte\Bundesbank\DataImport\GenericReadersAndWritersTests\bin\Debug\netcoreapp2.1\GenericReadersAndWritersTests.dll" adapterTypeName="executor://nunit3testexecutor/" className="BBk.Rc1.Ricis.SharedLibraries.GenericReadersAndWriters.File.Csv.LineTokenizer.Tests.FileSetTests" name="ReadDoubleByPosition_IllegalPosition_throwsIndexOutOfRangeException" />
    </UnitTest>
    <UnitTest name="Tokenize_HappyDay_Success" storage="c:\users\joachimwagner\documents\projekte\bundesbank\dataimport\genericreadersandwriterstests\bin\debug\netcoreapp2.1\genericreadersandwriterstests.dll" id="8eeddfa7-9ff2-9b4b-cc05-6c08cccd97be">
      <Execution id="9afdf4aa-8a69-4d48-a355-98960f9f3314" />
      <TestMethod codeBase="C:\Users\JoachimWagner\Documents\Projekte\Bundesbank\DataImport\GenericReadersAndWritersTests\bin\Debug\netcoreapp2.1\GenericReadersAndWritersTests.dll" adapterTypeName="executor://nunit3testexecutor/" className="BBk.Rc1.Ricis.SharedLibraries.GenericReadersAndWriters.File.Csv.LineTokenizer.Tests.DefaultCommaSeparatedLineTokenizerTests" name="Tokenize_HappyDay_Success" />
    </UnitTest>
    <UnitTest name="ReadTimeByName_ColumnValueIsValid_returnsColumnValue" storage="c:\users\joachimwagner\documents\projekte\bundesbank\dataimport\genericreadersandwriterstests\bin\debug\netcoreapp2.1\genericreadersandwriterstests.dll" id="178ccf5e-91bb-0524-a3fb-239a0647a9cd">
      <Execution id="eaf2f85c-dab5-4555-a96e-1dd49af228c8" />
      <TestMethod codeBase="C:\Users\JoachimWagner\Documents\Projekte\Bundesbank\DataImport\GenericReadersAndWritersTests\bin\Debug\netcoreapp2.1\GenericReadersAndWritersTests.dll" adapterTypeName="executor://nunit3testexecutor/" className="BBk.Rc1.Ricis.SharedLibraries.GenericReadersAndWriters.File.Csv.LineTokenizer.Tests.FileSetTests" name="ReadTimeByName_ColumnValueIsValid_returnsColumnValue" />
    </UnitTest>
    <UnitTest name="ReadShortByPosition_ColumnValueIsNull_returnsDefaultValue" storage="c:\users\joachimwagner\documents\projekte\bundesbank\dataimport\genericreadersandwriterstests\bin\debug\netcoreapp2.1\genericreadersandwriterstests.dll" id="29ad57ce-fe8b-6876-9d1e-e06ac53ff752">
      <Execution id="4f2f946e-27ac-4f54-bfab-c39eb2fb2e24" />
      <TestMethod codeBase="C:\Users\JoachimWagner\Documents\Projekte\Bundesbank\DataImport\GenericReadersAndWritersTests\bin\Debug\netcoreapp2.1\GenericReadersAndWritersTests.dll" adapterTypeName="executor://nunit3testexecutor/" className="BBk.Rc1.Ricis.SharedLibraries.GenericReadersAndWriters.File.Csv.LineTokenizer.Tests.FileSetTests" name="ReadShortByPosition_ColumnValueIsNull_returnsDefaultValue" />
    </UnitTest>
    <UnitTest name="ReadULongByPosition_ColumnValueIsNull_returnsDefaultValue" storage="c:\users\joachimwagner\documents\projekte\bundesbank\dataimport\genericreadersandwriterstests\bin\debug\netcoreapp2.1\genericreadersandwriterstests.dll" id="d5462450-f0d0-a45d-7257-bee2d85016db">
      <Execution id="082f935c-7486-40ff-a1de-a98846e25ff3" />
      <TestMethod codeBase="C:\Users\JoachimWagner\Documents\Projekte\Bundesbank\DataImport\GenericReadersAndWritersTests\bin\Debug\netcoreapp2.1\GenericReadersAndWritersTests.dll" adapterTypeName="executor://nunit3testexecutor/" className="BBk.Rc1.Ricis.SharedLibraries.GenericReadersAndWriters.File.Csv.LineTokenizer.Tests.FileSetTests" name="ReadULongByPosition_ColumnValueIsNull_returnsDefaultValue" />
    </UnitTest>
    <UnitTest name="ReadStringByName_ColumnValueIsValid_returnsColumnValue" storage="c:\users\joachimwagner\documents\projekte\bundesbank\dataimport\genericreadersandwriterstests\bin\debug\netcoreapp2.1\genericreadersandwriterstests.dll" id="e4caea33-045d-b991-edb0-f1f3c3f2a0d2">
      <Execution id="5936d158-d40a-4ade-94b7-1744fe827ba0" />
      <TestMethod codeBase="C:\Users\JoachimWagner\Documents\Projekte\Bundesbank\DataImport\GenericReadersAndWritersTests\bin\Debug\netcoreapp2.1\GenericReadersAndWritersTests.dll" adapterTypeName="executor://nunit3testexecutor/" className="BBk.Rc1.Ricis.SharedLibraries.GenericReadersAndWriters.File.Csv.LineTokenizer.Tests.FileSetTests" name="ReadStringByName_ColumnValueIsValid_returnsColumnValue" />
    </UnitTest>
    <UnitTest name="ReadBigIntegerByPosition_ColumnValueIsValid_returnsColumnValue" storage="c:\users\joachimwagner\documents\projekte\bundesbank\dataimport\genericreadersandwriterstests\bin\debug\netcoreapp2.1\genericreadersandwriterstests.dll" id="fa8745ff-fec0-572e-6afc-59f36ad1c077">
      <Execution id="1abec8b6-c85b-49ce-963b-dd9f4d6b8ca5" />
      <TestMethod codeBase="C:\Users\JoachimWagner\Documents\Projekte\Bundesbank\DataImport\GenericReadersAndWritersTests\bin\Debug\netcoreapp2.1\GenericReadersAndWritersTests.dll" adapterTypeName="executor://nunit3testexecutor/" className="BBk.Rc1.Ricis.SharedLibraries.GenericReadersAndWriters.File.Csv.LineTokenizer.Tests.FileSetTests" name="ReadBigIntegerByPosition_ColumnValueIsValid_returnsColumnValue" />
    </UnitTest>
    <UnitTest name="ReadTimeByPosition_ColumnValueIsValid_returnsColumnValue" storage="c:\users\joachimwagner\documents\projekte\bundesbank\dataimport\genericreadersandwriterstests\bin\debug\netcoreapp2.1\genericreadersandwriterstests.dll" id="47c99baa-41af-a01a-4df8-ec2e75b4ec6a">
      <Execution id="6fc00f65-0d45-4ed0-8eda-c7d4431a728f" />
      <TestMethod codeBase="C:\Users\JoachimWagner\Documents\Projekte\Bundesbank\DataImport\GenericReadersAndWritersTests\bin\Debug\netcoreapp2.1\GenericReadersAndWritersTests.dll" adapterTypeName="executor://nunit3testexecutor/" className="BBk.Rc1.Ricis.SharedLibraries.GenericReadersAndWriters.File.Csv.LineTokenizer.Tests.FileSetTests" name="ReadTimeByPosition_ColumnValueIsValid_returnsColumnValue" />
    </UnitTest>
    <UnitTest name="ReadBoolByPosition_ColumnValueIsNull_returnsDefaultValue" storage="c:\users\joachimwagner\documents\projekte\bundesbank\dataimport\genericreadersandwriterstests\bin\debug\netcoreapp2.1\genericreadersandwriterstests.dll" id="33d850d1-573c-00d7-7747-054cd77f8fbe">
      <Execution id="935edcaf-5c04-46de-b53a-cf76fec766e9" />
      <TestMethod codeBase="C:\Users\JoachimWagner\Documents\Projekte\Bundesbank\DataImport\GenericReadersAndWritersTests\bin\Debug\netcoreapp2.1\GenericReadersAndWritersTests.dll" adapterTypeName="executor://nunit3testexecutor/" className="BBk.Rc1.Ricis.SharedLibraries.GenericReadersAndWriters.File.Csv.LineTokenizer.Tests.FileSetTests" name="ReadBoolByPosition_ColumnValueIsNull_returnsDefaultValue" />
    </UnitTest>
    <UnitTest name="ReadUShortByName_ColumnValueIsValid_returnsColumnValue" storage="c:\users\joachimwagner\documents\projekte\bundesbank\dataimport\genericreadersandwriterstests\bin\debug\netcoreapp2.1\genericreadersandwriterstests.dll" id="1fb2762f-e34c-78c8-f13c-b47daa480826">
      <Execution id="d1c5d4ec-19cb-4484-b5fe-9b4192a436e1" />
      <TestMethod codeBase="C:\Users\JoachimWagner\Documents\Projekte\Bundesbank\DataImport\GenericReadersAndWritersTests\bin\Debug\netcoreapp2.1\GenericReadersAndWritersTests.dll" adapterTypeName="executor://nunit3testexecutor/" className="BBk.Rc1.Ricis.SharedLibraries.GenericReadersAndWriters.File.Csv.LineTokenizer.Tests.FileSetTests" name="ReadUShortByName_ColumnValueIsValid_returnsColumnValue" />
    </UnitTest>
    <UnitTest name="ReadULongByPosition_ColumnValueIsValid_returnsColumnValue" storage="c:\users\joachimwagner\documents\projekte\bundesbank\dataimport\genericreadersandwriterstests\bin\debug\netcoreapp2.1\genericreadersandwriterstests.dll" id="dc996df5-fcaf-c4b6-c7fd-779d925f1c81">
      <Execution id="07535799-8703-4fb8-8c87-7d0080209be1" />
      <TestMethod codeBase="C:\Users\JoachimWagner\Documents\Projekte\Bundesbank\DataImport\GenericReadersAndWritersTests\bin\Debug\netcoreapp2.1\GenericReadersAndWritersTests.dll" adapterTypeName="executor://nunit3testexecutor/" className="BBk.Rc1.Ricis.SharedLibraries.GenericReadersAndWriters.File.Csv.LineTokenizer.Tests.FileSetTests" name="ReadULongByPosition_ColumnValueIsValid_returnsColumnValue" />
    </UnitTest>
    <UnitTest name="ReadIntByPosition_IllegalPosition_throwsIndexOutOfRangeException" storage="c:\users\joachimwagner\documents\projekte\bundesbank\dataimport\genericreadersandwriterstests\bin\debug\netcoreapp2.1\genericreadersandwriterstests.dll" id="d2741692-cada-6e12-c5f4-d996ef483003">
      <Execution id="29df35ee-6287-4871-9c2d-a08018c68d2f" />
      <TestMethod codeBase="C:\Users\JoachimWagner\Documents\Projekte\Bundesbank\DataImport\GenericReadersAndWritersTests\bin\Debug\netcoreapp2.1\GenericReadersAndWritersTests.dll" adapterTypeName="executor://nunit3testexecutor/" className="BBk.Rc1.Ricis.SharedLibraries.GenericReadersAndWriters.File.Csv.LineTokenizer.Tests.FileSetTests" name="ReadIntByPosition_IllegalPosition_throwsIndexOutOfRangeException" />
    </UnitTest>
    <UnitTest name="ReadSByteByName_ColumnValueIsValid_returnsColumnValue" storage="c:\users\joachimwagner\documents\projekte\bundesbank\dataimport\genericreadersandwriterstests\bin\debug\netcoreapp2.1\genericreadersandwriterstests.dll" id="a61db63c-409a-c69d-4251-a4fce715ef24">
      <Execution id="dbc05793-9f2f-43ca-9a99-13494411f3b9" />
      <TestMethod codeBase="C:\Users\JoachimWagner\Documents\Projekte\Bundesbank\DataImport\GenericReadersAndWritersTests\bin\Debug\netcoreapp2.1\GenericReadersAndWritersTests.dll" adapterTypeName="executor://nunit3testexecutor/" className="BBk.Rc1.Ricis.SharedLibraries.GenericReadersAndWriters.File.Csv.LineTokenizer.Tests.FileSetTests" name="ReadSByteByName_ColumnValueIsValid_returnsColumnValue" />
    </UnitTest>
    <UnitTest name="ReadByteByPosition_IllegalPosition_throwsIndexOutOfRangeException" storage="c:\users\joachimwagner\documents\projekte\bundesbank\dataimport\genericreadersandwriterstests\bin\debug\netcoreapp2.1\genericreadersandwriterstests.dll" id="f019755f-e0a8-8666-3273-046e81d5d5a1">
      <Execution id="634757e8-5c48-4410-b254-e99a7b0a964a" />
      <TestMethod codeBase="C:\Users\JoachimWagner\Documents\Projekte\Bundesbank\DataImport\GenericReadersAndWritersTests\bin\Debug\netcoreapp2.1\GenericReadersAndWritersTests.dll" adapterTypeName="executor://nunit3testexecutor/" className="BBk.Rc1.Ricis.SharedLibraries.GenericReadersAndWriters.File.Csv.LineTokenizer.Tests.FileSetTests" name="ReadByteByPosition_IllegalPosition_throwsIndexOutOfRangeException" />
    </UnitTest>
    <UnitTest name="ReadDoubleByName_ColumnValueIsValid_returnsColumnValue" storage="c:\users\joachimwagner\documents\projekte\bundesbank\dataimport\genericreadersandwriterstests\bin\debug\netcoreapp2.1\genericreadersandwriterstests.dll" id="c3c88055-1e45-edb8-1589-dc337bccb041">
      <Execution id="0a469864-b8e4-4d46-8888-ef86f3511fc4" />
      <TestMethod codeBase="C:\Users\JoachimWagner\Documents\Projekte\Bundesbank\DataImport\GenericReadersAndWritersTests\bin\Debug\netcoreapp2.1\GenericReadersAndWritersTests.dll" adapterTypeName="executor://nunit3testexecutor/" className="BBk.Rc1.Ricis.SharedLibraries.GenericReadersAndWriters.File.Csv.LineTokenizer.Tests.FileSetTests" name="ReadDoubleByName_ColumnValueIsValid_returnsColumnValue" />
    </UnitTest>
    <UnitTest name="ReadIntByName_ColumnValueIsValid_returnsColumnValue" storage="c:\users\joachimwagner\documents\projekte\bundesbank\dataimport\genericreadersandwriterstests\bin\debug\netcoreapp2.1\genericreadersandwriterstests.dll" id="72b4b17d-9389-e3a5-908d-e1d916fd9d4d">
      <Execution id="129a0825-ea7a-422f-9f75-7fb235752381" />
      <TestMethod codeBase="C:\Users\JoachimWagner\Documents\Projekte\Bundesbank\DataImport\GenericReadersAndWritersTests\bin\Debug\netcoreapp2.1\GenericReadersAndWritersTests.dll" adapterTypeName="executor://nunit3testexecutor/" className="BBk.Rc1.Ricis.SharedLibraries.GenericReadersAndWriters.File.Csv.LineTokenizer.Tests.FileSetTests" name="ReadIntByName_ColumnValueIsValid_returnsColumnValue" />
    </UnitTest>
  </TestDefinitions>
  <TestEntries>
    <TestEntry testId="dc996df5-fcaf-c4b6-c7fd-779d925f1c81" executionId="07535799-8703-4fb8-8c87-7d0080209be1" testListId="8c84fa94-04c1-424b-9868-57a2d4851a1d" />
    <TestEntry testId="8692aa5b-a8d1-7857-e1fe-d9632999316f" executionId="66bada88-6b4f-41bb-930f-ff3265d0c7af" testListId="8c84fa94-04c1-424b-9868-57a2d4851a1d" />
    <TestEntry testId="d5462450-f0d0-a45d-7257-bee2d85016db" executionId="082f935c-7486-40ff-a1de-a98846e25ff3" testListId="8c84fa94-04c1-424b-9868-57a2d4851a1d" />
    <TestEntry testId="3b0f93ac-123f-48d2-4664-f6d15b48060d" executionId="ee872337-47ff-415b-bd4e-f7a236fcd274" testListId="8c84fa94-04c1-424b-9868-57a2d4851a1d" />
    <TestEntry testId="47dcd5e5-c495-3daf-20e4-fb6809725f3a" executionId="a3427d1e-24e3-48ea-85fc-3be14ebe27c5" testListId="8c84fa94-04c1-424b-9868-57a2d4851a1d" />
    <TestEntry testId="01daa5ae-e724-dbb8-ef25-9fa7af4c1398" executionId="ffb41c12-0f8c-435f-80ff-ce1fb1f65fe4" testListId="8c84fa94-04c1-424b-9868-57a2d4851a1d" />
    <TestEntry testId="21f7e741-a675-dbbd-b35a-ec5b27351f62" executionId="ea16aa4d-d78a-4b20-9187-bcc5812ada09" testListId="8c84fa94-04c1-424b-9868-57a2d4851a1d" />
    <TestEntry testId="fa8745ff-fec0-572e-6afc-59f36ad1c077" executionId="1abec8b6-c85b-49ce-963b-dd9f4d6b8ca5" testListId="8c84fa94-04c1-424b-9868-57a2d4851a1d" />
    <TestEntry testId="d23fe4d5-ce91-9c32-4d57-52ea4ff4f709" executionId="bf6617cc-73a4-4af9-9cb3-a826ea4c7ee5" testListId="8c84fa94-04c1-424b-9868-57a2d4851a1d" />
    <TestEntry testId="8344d006-b7c9-a2f5-b0bb-02b80f0fa7a7" executionId="6c20fc02-a10d-4779-9d03-459d9a325eb2" testListId="8c84fa94-04c1-424b-9868-57a2d4851a1d" />
    <TestEntry testId="cbb8c242-7708-2b27-f875-82ad4bb5bf5c" executionId="778e6f56-bf60-4fa7-9f2c-9e04bced2a6e" testListId="8c84fa94-04c1-424b-9868-57a2d4851a1d" />
    <TestEntry testId="118aeade-357c-55b4-720c-7539d16abdc1" executionId="48c221dd-d60f-4492-9ac8-641021ced066" testListId="8c84fa94-04c1-424b-9868-57a2d4851a1d" />
    <TestEntry testId="849f9b46-20fe-795e-71ab-a0cb84df38a3" executionId="1bd7b3e8-a565-4605-9183-5538e1463d2b" testListId="8c84fa94-04c1-424b-9868-57a2d4851a1d" />
    <TestEntry testId="0cdaf4b3-edcf-efa9-84ca-dab367d01c8f" executionId="c84a4675-a245-4898-9a99-1296a97a8e20" testListId="8c84fa94-04c1-424b-9868-57a2d4851a1d" />
    <TestEntry testId="178ccf5e-91bb-0524-a3fb-239a0647a9cd" executionId="eaf2f85c-dab5-4555-a96e-1dd49af228c8" testListId="8c84fa94-04c1-424b-9868-57a2d4851a1d" />
    <TestEntry testId="1fb2762f-e34c-78c8-f13c-b47daa480826" executionId="d1c5d4ec-19cb-4484-b5fe-9b4192a436e1" testListId="8c84fa94-04c1-424b-9868-57a2d4851a1d" />
    <TestEntry testId="30cfd5cb-e202-5ca3-06d1-964df82948cd" executionId="91d8cbbf-32a6-4ac7-aea2-6e3048ad28e6" testListId="8c84fa94-04c1-424b-9868-57a2d4851a1d" />
    <TestEntry testId="7068c8ce-4458-c8b0-db04-a6cc958810a6" executionId="85261c35-9a53-406d-9faf-d71f39d40ff0" testListId="8c84fa94-04c1-424b-9868-57a2d4851a1d" />
    <TestEntry testId="c46c21f8-1be4-8ae8-7ba8-bfe4926f3b94" executionId="fd993837-5ff9-4947-8fec-5bde986f872c" testListId="8c84fa94-04c1-424b-9868-57a2d4851a1d" />
    <TestEntry testId="ff3c2f34-d7a8-39c9-82f0-87dec3bd1bbb" executionId="5155bdd0-413b-4e47-85a4-722d8e09c790" testListId="8c84fa94-04c1-424b-9868-57a2d4851a1d" />
    <TestEntry testId="f7c7320f-4f44-9339-2098-e403250c3578" executionId="7261f08a-d29f-4d0e-bbdf-39d7eeec1504" testListId="8c84fa94-04c1-424b-9868-57a2d4851a1d" />
    <TestEntry testId="104751f4-fe8d-ab74-3936-029fe85cd861" executionId="88cc72fb-2e5e-47b5-8277-eb83be42c232" testListId="8c84fa94-04c1-424b-9868-57a2d4851a1d" />
    <TestEntry testId="d8e89047-265f-ae8c-f72e-27a12a7e3e84" executionId="e03b66a5-8284-4d45-be49-405e5f9e5b43" testListId="8c84fa94-04c1-424b-9868-57a2d4851a1d" />
    <TestEntry testId="64462de1-2139-9fb7-a19a-c62ddd8d88cc" executionId="5555e8d7-0b22-4e27-9a5f-396c950637df" testListId="8c84fa94-04c1-424b-9868-57a2d4851a1d" />
    <TestEntry testId="0604f0e8-07f4-f648-573a-db0001508c3d" executionId="e1c2449d-ef54-4039-992a-7585158886bc" testListId="8c84fa94-04c1-424b-9868-57a2d4851a1d" />
    <TestEntry testId="5e167d49-ead9-fbbd-0f82-4f6b771ae84b" executionId="3070032e-7984-4887-8314-5620b43353f8" testListId="8c84fa94-04c1-424b-9868-57a2d4851a1d" />
    <TestEntry testId="27b2d23f-2d93-b00e-67aa-18eff944a29a" executionId="fd6cb213-2c3f-4d8f-b3fc-c0a513bbec4d" testListId="8c84fa94-04c1-424b-9868-57a2d4851a1d" />
    <TestEntry testId="a4d55b8e-1ad7-4aaf-f2db-a3881347b967" executionId="53a71620-b020-4bb3-b981-99a4b4c92cae" testListId="8c84fa94-04c1-424b-9868-57a2d4851a1d" />
    <TestEntry testId="9ddbc878-c0f9-119a-a07f-af54dc2608dd" executionId="9d780a14-b90d-408f-ac62-3594f57314dd" testListId="8c84fa94-04c1-424b-9868-57a2d4851a1d" />
    <TestEntry testId="f5ff1dbe-9ecf-970e-f7f1-0fc82b946980" executionId="1c777cb1-7c80-4771-bdef-85506d555cee" testListId="8c84fa94-04c1-424b-9868-57a2d4851a1d" />
    <TestEntry testId="28f94242-c443-4b67-7478-774497100d62" executionId="0d6e9527-6a69-45fa-8b3f-7dd01c66c3e8" testListId="8c84fa94-04c1-424b-9868-57a2d4851a1d" />
    <TestEntry testId="33d850d1-573c-00d7-7747-054cd77f8fbe" executionId="935edcaf-5c04-46de-b53a-cf76fec766e9" testListId="8c84fa94-04c1-424b-9868-57a2d4851a1d" />
    <TestEntry testId="12d07d2c-62a0-fd3c-3009-e13ab934a1b8" executionId="f82abd43-2ad2-4d29-b268-6677623a5874" testListId="8c84fa94-04c1-424b-9868-57a2d4851a1d" />
    <TestEntry testId="9936a135-d22a-4ca8-2234-30d61c580d3a" executionId="ebfc106e-01fa-4fa9-9f3f-7518c673cd81" testListId="8c84fa94-04c1-424b-9868-57a2d4851a1d" />
    <TestEntry testId="1e1f9a61-418d-53ce-3670-83cfc0444d5d" executionId="e500c888-02e4-4664-ade2-96a5f8cd2f13" testListId="8c84fa94-04c1-424b-9868-57a2d4851a1d" />
    <TestEntry testId="f019755f-e0a8-8666-3273-046e81d5d5a1" executionId="634757e8-5c48-4410-b254-e99a7b0a964a" testListId="8c84fa94-04c1-424b-9868-57a2d4851a1d" />
    <TestEntry testId="b5ac5171-235e-65fa-c5c1-5f95389c35dd" executionId="80ab44da-b8f9-4a43-96bd-a4769f6f7ac3" testListId="8c84fa94-04c1-424b-9868-57a2d4851a1d" />
    <TestEntry testId="75e3471c-c567-b6f6-0af9-0f892fc17df2" executionId="88b769c2-2aaa-46a7-a43c-16a46be1fb43" testListId="8c84fa94-04c1-424b-9868-57a2d4851a1d" />
    <TestEntry testId="9d755510-df1c-55a1-19c7-bb204197f657" executionId="e28938d8-ecc5-43f7-9e3d-17a395068ffd" testListId="8c84fa94-04c1-424b-9868-57a2d4851a1d" />
    <TestEntry testId="731bca5c-9d61-806b-524d-2614ec58be0a" executionId="ad329310-1f70-4ad7-b086-716f1daf22ec" testListId="8c84fa94-04c1-424b-9868-57a2d4851a1d" />
    <TestEntry testId="787bed18-d401-7a51-52b1-e3a0490d9e59" executionId="b27ef4c0-fb65-45c7-a2e7-36629fdc9b1f" testListId="8c84fa94-04c1-424b-9868-57a2d4851a1d" />
    <TestEntry testId="f890ec51-2aa5-52e9-7ac3-82a09596ef12" executionId="4811cf8f-4432-47af-a696-5ed4cb71d1fc" testListId="8c84fa94-04c1-424b-9868-57a2d4851a1d" />
    <TestEntry testId="8eeddfa7-9ff2-9b4b-cc05-6c08cccd97be" executionId="9afdf4aa-8a69-4d48-a355-98960f9f3314" testListId="8c84fa94-04c1-424b-9868-57a2d4851a1d" />
    <TestEntry testId="e4caea33-045d-b991-edb0-f1f3c3f2a0d2" executionId="5936d158-d40a-4ade-94b7-1744fe827ba0" testListId="8c84fa94-04c1-424b-9868-57a2d4851a1d" />
    <TestEntry testId="1f14a07f-f083-d069-df52-f95d0ab32b2c" executionId="2d47bba6-5b14-409a-aac1-fbceade94465" testListId="8c84fa94-04c1-424b-9868-57a2d4851a1d" />
    <TestEntry testId="29ad57ce-fe8b-6876-9d1e-e06ac53ff752" executionId="4f2f946e-27ac-4f54-bfab-c39eb2fb2e24" testListId="8c84fa94-04c1-424b-9868-57a2d4851a1d" />
    <TestEntry testId="cb603bea-42c1-efb6-0c3c-26cc88996c55" executionId="8049fffc-8706-4324-b43c-89576daa8acf" testListId="8c84fa94-04c1-424b-9868-57a2d4851a1d" />
    <TestEntry testId="04f8c6c1-b404-94ff-713a-c7a0934a0e84" executionId="07ddaf14-101e-4fb9-8d53-145ae55d4e8a" testListId="8c84fa94-04c1-424b-9868-57a2d4851a1d" />
    <TestEntry testId="6146608c-899d-b53b-068b-d998c239ef5c" executionId="a93c5054-9924-40a8-ae22-ee9ab317e48d" testListId="8c84fa94-04c1-424b-9868-57a2d4851a1d" />
    <TestEntry testId="792a67fb-ceeb-5801-6983-49a6d3502401" executionId="13068f2d-7038-42a3-9b48-cd912b3c648d" testListId="8c84fa94-04c1-424b-9868-57a2d4851a1d" />
    <TestEntry testId="b16cbc76-33c8-b693-998e-623beb9aa925" executionId="ea72ca70-c4ff-4438-9342-29f8c23a0158" testListId="8c84fa94-04c1-424b-9868-57a2d4851a1d" />
    <TestEntry testId="72b4b17d-9389-e3a5-908d-e1d916fd9d4d" executionId="129a0825-ea7a-422f-9f75-7fb235752381" testListId="8c84fa94-04c1-424b-9868-57a2d4851a1d" />
    <TestEntry testId="0c3e0dde-ca43-a1b4-68f3-f0bab7cb0817" executionId="768361e4-e431-40df-813e-5970f5e7c560" testListId="8c84fa94-04c1-424b-9868-57a2d4851a1d" />
    <TestEntry testId="07c6e8b0-6060-0fdb-e553-b910aa38d5a3" executionId="7400a598-19cf-4668-a02d-8e29bbaa30d4" testListId="8c84fa94-04c1-424b-9868-57a2d4851a1d" />
    <TestEntry testId="215c0f1c-cecf-9a95-6534-66edcf077cd7" executionId="0f703e3a-b69f-4d4d-b8f9-d602d1acb6bc" testListId="8c84fa94-04c1-424b-9868-57a2d4851a1d" />
    <TestEntry testId="1811d5b1-17d8-b70d-ad75-6e8df3b977d3" executionId="384b8d6d-5206-419c-be29-12234910dd38" testListId="8c84fa94-04c1-424b-9868-57a2d4851a1d" />
    <TestEntry testId="51ceddf9-9b63-35e7-1130-7d14d0dd6020" executionId="e78d7dd8-5340-49cc-aabb-6412dccce3f8" testListId="8c84fa94-04c1-424b-9868-57a2d4851a1d" />
    <TestEntry testId="3e33229f-6b8c-902d-9c7f-f151f7662b5d" executionId="ac64f5a6-a7b5-4e6e-a050-1e2164c31f38" testListId="8c84fa94-04c1-424b-9868-57a2d4851a1d" />
    <TestEntry testId="d2741692-cada-6e12-c5f4-d996ef483003" executionId="29df35ee-6287-4871-9c2d-a08018c68d2f" testListId="8c84fa94-04c1-424b-9868-57a2d4851a1d" />
    <TestEntry testId="c3c88055-1e45-edb8-1589-dc337bccb041" executionId="0a469864-b8e4-4d46-8888-ef86f3511fc4" testListId="8c84fa94-04c1-424b-9868-57a2d4851a1d" />
    <TestEntry testId="a9ba31f4-5448-2bd8-cc17-6dde183f2c7e" executionId="133f39ee-a36e-4c81-8b13-097dd00bd989" testListId="8c84fa94-04c1-424b-9868-57a2d4851a1d" />
    <TestEntry testId="47c99baa-41af-a01a-4df8-ec2e75b4ec6a" executionId="6fc00f65-0d45-4ed0-8eda-c7d4431a728f" testListId="8c84fa94-04c1-424b-9868-57a2d4851a1d" />
    <TestEntry testId="0b5c0338-d113-65c4-5059-a95aef619330" executionId="5c509f80-73bb-4a24-a435-bc7a0a860107" testListId="8c84fa94-04c1-424b-9868-57a2d4851a1d" />
    <TestEntry testId="a61db63c-409a-c69d-4251-a4fce715ef24" executionId="dbc05793-9f2f-43ca-9a99-13494411f3b9" testListId="8c84fa94-04c1-424b-9868-57a2d4851a1d" />
    <TestEntry testId="9d73e50a-a337-a010-d991-6206f99c208d" executionId="c70a8784-d327-40da-969f-fdc068eddff8" testListId="8c84fa94-04c1-424b-9868-57a2d4851a1d" />
    <TestEntry testId="8c3a39d5-6ca1-996c-a7c8-3ffdd0d198a8" executionId="267b39e9-2675-46f4-b75c-ffd40862a569" testListId="8c84fa94-04c1-424b-9868-57a2d4851a1d" />
  </TestEntries>
  <TestLists>
    <TestList name="Ergebnisse nicht in einer Liste" id="8c84fa94-04c1-424b-9868-57a2d4851a1d" />
    <TestList name="Alle geladenen Ergebnisse" id="19431567-8539-422a-85d7-44ee4e166bda" />
  </TestLists>
  <ResultSummary outcome="Completed">
    <Counters total="66" executed="66" passed="66" failed="0" error="0" timeout="0" aborted="0" inconclusive="0" passedButRunAborted="0" notRunnable="0" notExecuted="0" disconnected="0" warning="0" completed="0" inProgress="0" pending="0" />
    <Output>
      <StdOut>NUnit Adapter 3.16.1.0: Test execution started&#xD;
Running all tests in C:\Users\JoachimWagner\Documents\Projekte\Bundesbank\DataImport\GenericReadersAndWritersTests\bin\Debug\netcoreapp2.1\GenericReadersAndWritersTests.dll&#xD;
   NUnit3TestExecutor converted 66 of 66 NUnit test cases&#xD;
NUnit Adapter 3.16.1.0: Test execution complete&#xD;
</StdOut>
    </Output>
    <CollectorDataEntries>
      <Collector agentName="KEPLER" uri="datacollector://microsoft/CodeCoverage/2.0" collectorDisplayName="Code Coverage">
        <UriAttachments>
          <UriAttachment>
            <A href="KEPLER\JoachimWagner_KEPLER_2021-07-20.10_45_40.coverage"></A>
          </UriAttachment>
        </UriAttachments>
      </Collector>
    </CollectorDataEntries>
  </ResultSummary>
</TestRun>