<?xml version="1.0" encoding="utf-8"?>
<TestRun id="f4f18564-034d-4ed0-8990-348c1569ec93" name="JoachimWagner@KEPLER 2021-07-20 10:45:34" runUser="AzureAD\JoachimWagner" xmlns="http://microsoft.com/schemas/VisualStudio/TeamTest/2010">
  <Times creation="2021-07-20T10:45:34.5256245+02:00" queuing="2021-07-20T10:45:34.5256255+02:00" start="2021-07-20T10:45:31.1267687+02:00" finish="2021-07-20T10:45:34.8096001+02:00" />
  <TestSettings name="default" id="ee296985-6998-4209-b419-e146b3fa93ac">
    <Deployment runDeploymentRoot="JoachimWagner_KEPLER_2021-07-20_10_45_34" />
  </TestSettings>
  <Results>
    <UnitTestResult executionId="67a748e9-aa18-496d-84f7-91a3f0181c33" testId="753513be-283b-2faa-caf1-1aed025a0b31" testName="Check_ReartIsRpevAndIntrefrcNotFoundInBeleg_ReturnsCorrectAlert" computerName="KEPLER" duration="00:00:00.0010000" startTime="2021-07-20T10:45:34.0000000+02:00" endTime="2021-07-20T10:45:34.0000000+02:00" testType="13cdc9d9-ddb5-4fa4-a97d-d965ccfc6d4b" outcome="Passed" testListId="8c84fa94-04c1-424b-9868-57a2d4851a1d" relativeResultsDirectory="67a748e9-aa18-496d-84f7-91a3f0181c33" />
    <UnitTestResult executionId="e281c01c-802f-4b6b-9db4-7c7da9cbc5f1" testId="e8123387-a16c-4cda-6102-c2ca1aa32a55" testName="Check_Storno_ReturnsNoAlert" computerName="KEPLER" duration="00:00:00.0020000" startTime="2021-07-20T10:45:34.0000000+02:00" endTime="2021-07-20T10:45:34.0000000+02:00" testType="13cdc9d9-ddb5-4fa4-a97d-d965ccfc6d4b" outcome="Passed" testListId="8c84fa94-04c1-424b-9868-57a2d4851a1d" relativeResultsDirectory="e281c01c-802f-4b6b-9db4-7c7da9cbc5f1" />
    <UnitTestResult executionId="ddfcb1e7-f954-494c-9aa3-0e4aeca15d3e" testId="a8dc66c6-cdab-ae91-8ff5-81412196dfbe" testName="Check_ReartIsNotValid_ReturnsCorrectAlert" computerName="KEPLER" duration="00:00:00.0000001" startTime="2021-07-20T10:45:34.0000000+02:00" endTime="2021-07-20T10:45:34.0000000+02:00" testType="13cdc9d9-ddb5-4fa4-a97d-d965ccfc6d4b" outcome="Passed" testListId="8c84fa94-04c1-424b-9868-57a2d4851a1d" relativeResultsDirectory="ddfcb1e7-f954-494c-9aa3-0e4aeca15d3e" />
    <UnitTestResult executionId="b3ab0202-c457-4998-8006-757e6963b4de" testId="ed0b9e76-bae5-9f28-f58d-e69846871bb1" testName="Check_WhguIsNotValid_ReturnsCorrectAlert" computerName="KEPLER" duration="00:00:00.0000001" startTime="2021-07-20T10:45:34.0000000+02:00" endTime="2021-07-20T10:45:34.0000000+02:00" testType="13cdc9d9-ddb5-4fa4-a97d-d965ccfc6d4b" outcome="Passed" testListId="8c84fa94-04c1-424b-9868-57a2d4851a1d" relativeResultsDirectory="b3ab0202-c457-4998-8006-757e6963b4de" />
    <UnitTestResult executionId="43681c0c-f8cf-46c0-a0f2-75373d218768" testId="6b87a63b-553f-3360-3c21-0937d96624ab" testName="Check_BelegIsNotValid_ReturnsCorrectAlert" computerName="KEPLER" duration="00:00:00.0000001" startTime="2021-07-20T10:45:34.0000000+02:00" endTime="2021-07-20T10:45:34.0000000+02:00" testType="13cdc9d9-ddb5-4fa4-a97d-d965ccfc6d4b" outcome="Passed" testListId="8c84fa94-04c1-424b-9868-57a2d4851a1d" relativeResultsDirectory="43681c0c-f8cf-46c0-a0f2-75373d218768" />
    <UnitTestResult executionId="a0a9979d-2030-483c-9a46-3b65858ace9d" testId="d779a0a0-02ae-d767-2d29-0670c263b2a4" testName="Check_IntrefrcIsNotValid_ReturnsCorrectAlert" computerName="KEPLER" duration="00:00:00.0000001" startTime="2021-07-20T10:45:34.0000000+02:00" endTime="2021-07-20T10:45:34.0000000+02:00" testType="13cdc9d9-ddb5-4fa4-a97d-d965ccfc6d4b" outcome="Passed" testListId="8c84fa94-04c1-424b-9868-57a2d4851a1d" relativeResultsDirectory="a0a9979d-2030-483c-9a46-3b65858ace9d" />
    <UnitTestResult executionId="4071ff86-e708-43c6-af11-f3a0c8668ed3" testId="369efccc-352a-528b-d8f5-764e67be203c" testName="Transform_InterestCalculationCallsService_ReturnsCorrectResult" computerName="KEPLER" duration="00:00:00.0040000" startTime="2021-07-20T10:45:34.0000000+02:00" endTime="2021-07-20T10:45:34.0000000+02:00" testType="13cdc9d9-ddb5-4fa4-a97d-d965ccfc6d4b" outcome="Passed" testListId="8c84fa94-04c1-424b-9868-57a2d4851a1d" relativeResultsDirectory="4071ff86-e708-43c6-af11-f3a0c8668ed3" />
    <UnitTestResult executionId="c3075f83-92a3-4ab4-9091-4d8b1df83ed9" testId="ed2afc47-1f95-85e8-6276-04c75169d120" testName="Check_MarktKursIs0_ReturnsCorrectAlert" computerName="KEPLER" duration="00:00:00.0000001" startTime="2021-07-20T10:45:34.0000000+02:00" endTime="2021-07-20T10:45:34.0000000+02:00" testType="13cdc9d9-ddb5-4fa4-a97d-d965ccfc6d4b" outcome="Passed" testListId="8c84fa94-04c1-424b-9868-57a2d4851a1d" relativeResultsDirectory="c3075f83-92a3-4ab4-9091-4d8b1df83ed9" />
    <UnitTestResult executionId="7623e55a-a3cc-4db4-9c95-a24a1cb32c2f" testId="8c92c515-c14b-8438-cbe0-b1712098df6f" testName="Check_DtosAreValid_ReturnsNoAlerts" computerName="KEPLER" duration="00:00:00.0010000" startTime="2021-07-20T10:45:34.0000000+02:00" endTime="2021-07-20T10:45:34.0000000+02:00" testType="13cdc9d9-ddb5-4fa4-a97d-d965ccfc6d4b" outcome="Passed" testListId="8c84fa94-04c1-424b-9868-57a2d4851a1d" relativeResultsDirectory="7623e55a-a3cc-4db4-9c95-a24a1cb32c2f" />
    <UnitTestResult executionId="d3efa930-5067-484e-8dc2-c8594025bf88" testId="fc97e396-9155-71bb-2cf0-89d5d718587d" testName="Check_SnrkIsMissing_ReturnsCorrectAlert" computerName="KEPLER" duration="00:00:00.0000001" startTime="2021-07-20T10:45:34.0000000+02:00" endTime="2021-07-20T10:45:34.0000000+02:00" testType="13cdc9d9-ddb5-4fa4-a97d-d965ccfc6d4b" outcome="Passed" testListId="8c84fa94-04c1-424b-9868-57a2d4851a1d" relativeResultsDirectory="d3efa930-5067-484e-8dc2-c8594025bf88" />
    <UnitTestResult executionId="9200f4f4-9220-4ccb-8ee5-aec5303d80b2" testId="14acd5c3-e908-3aec-2946-f44f99f17826" testName="Check_BelegIsMissing_ReturnsCorrectAlert" computerName="KEPLER" duration="00:00:00.0300000" startTime="2021-07-20T10:45:34.0000000+02:00" endTime="2021-07-20T10:45:34.0000000+02:00" testType="13cdc9d9-ddb5-4fa4-a97d-d965ccfc6d4b" outcome="Passed" testListId="8c84fa94-04c1-424b-9868-57a2d4851a1d" relativeResultsDirectory="9200f4f4-9220-4ccb-8ee5-aec5303d80b2" />
    <UnitTestResult executionId="2298fa6f-2578-47cd-a3fd-4c86fb953b5b" testId="32db0390-2895-05b5-b4db-a03bafd5e412" testName="Check_ValutaNachFaelligkeit_ReturnsCorrectAlert" computerName="KEPLER" duration="00:00:00.0010000" startTime="2021-07-20T10:45:34.0000000+02:00" endTime="2021-07-20T10:45:34.0000000+02:00" testType="13cdc9d9-ddb5-4fa4-a97d-d965ccfc6d4b" outcome="Passed" testListId="8c84fa94-04c1-424b-9868-57a2d4851a1d" relativeResultsDirectory="2298fa6f-2578-47cd-a3fd-4c86fb953b5b" />
    <UnitTestResult executionId="9508f7ab-8a26-4d00-9031-7c8ecb631fcd" testId="46ac35e9-46fe-6e8e-53cf-d897e294fa7c" testName="Transform_InputDtoWithQueries_ReturnsCorrectResult" computerName="KEPLER" duration="00:00:00.0060000" startTime="2021-07-20T10:45:34.0000000+02:00" endTime="2021-07-20T10:45:34.0000000+02:00" testType="13cdc9d9-ddb5-4fa4-a97d-d965ccfc6d4b" outcome="Passed" testListId="8c84fa94-04c1-424b-9868-57a2d4851a1d" relativeResultsDirectory="9508f7ab-8a26-4d00-9031-7c8ecb631fcd" />
    <UnitTestResult executionId="71845a0f-9bd6-4fdc-b7ab-6ae40bfac7a1" testId="7cb44998-806a-76bb-2cac-16f4158a9a76" testName="Check_LaufzeitUngleichZinstage_ReturnsCorrectAlert" computerName="KEPLER" duration="00:00:00.0020000" startTime="2021-07-20T10:45:34.0000000+02:00" endTime="2021-07-20T10:45:34.0000000+02:00" testType="13cdc9d9-ddb5-4fa4-a97d-d965ccfc6d4b" outcome="Passed" testListId="8c84fa94-04c1-424b-9868-57a2d4851a1d" relativeResultsDirectory="71845a0f-9bd6-4fdc-b7ab-6ae40bfac7a1" />
    <UnitTestResult executionId="32804a0c-b961-4a52-9274-8edb425a6d99" testId="2723b988-abc3-918f-3d4d-d4973a476265" testName="Check_DtosAreValid_ReturnsNoAlerts" computerName="KEPLER" duration="00:00:00.0000001" startTime="2021-07-20T10:45:34.0000000+02:00" endTime="2021-07-20T10:45:34.0000000+02:00" testType="13cdc9d9-ddb5-4fa4-a97d-d965ccfc6d4b" outcome="Passed" testListId="8c84fa94-04c1-424b-9868-57a2d4851a1d" relativeResultsDirectory="32804a0c-b961-4a52-9274-8edb425a6d99" />
    <UnitTestResult executionId="c8c0e279-dee0-442c-8eb0-a989b094e5ef" testId="885a3641-4c76-1c22-9afb-f455f0d473ad" testName="Check_DtosAreValid_ReturnsNoAlerts" computerName="KEPLER" duration="00:00:00.0010000" startTime="2021-07-20T10:45:34.0000000+02:00" endTime="2021-07-20T10:45:34.0000000+02:00" testType="13cdc9d9-ddb5-4fa4-a97d-d965ccfc6d4b" outcome="Passed" testListId="8c84fa94-04c1-424b-9868-57a2d4851a1d" relativeResultsDirectory="c8c0e279-dee0-442c-8eb0-a989b094e5ef" />
    <UnitTestResult executionId="9d5f1e52-0c65-4073-a5b9-6f57cded95cf" testId="3fe7d41a-0ab3-5bab-4efc-570bf9375b6e" testName="Check_WpnrIsNotValid_ReturnsCorrectAlert" computerName="KEPLER" duration="00:00:00.0000001" startTime="2021-07-20T10:45:34.0000000+02:00" endTime="2021-07-20T10:45:34.0000000+02:00" testType="13cdc9d9-ddb5-4fa4-a97d-d965ccfc6d4b" outcome="Passed" testListId="8c84fa94-04c1-424b-9868-57a2d4851a1d" relativeResultsDirectory="9d5f1e52-0c65-4073-a5b9-6f57cded95cf" />
    <UnitTestResult executionId="5c0bdde9-29c4-49c8-990c-1b8a0cff8351" testId="53b032d3-d2df-78a9-1eed-513c801f548d" testName="Transform_InputDtoWithGetPropertyValueByCounterpartyReturnsEmpty_ReturnsCorrectResult" computerName="KEPLER" duration="00:00:00.0050000" startTime="2021-07-20T10:45:34.0000000+02:00" endTime="2021-07-20T10:45:34.0000000+02:00" testType="13cdc9d9-ddb5-4fa4-a97d-d965ccfc6d4b" outcome="Passed" testListId="8c84fa94-04c1-424b-9868-57a2d4851a1d" relativeResultsDirectory="5c0bdde9-29c4-49c8-990c-1b8a0cff8351" />
    <UnitTestResult executionId="0a2d2f8c-d196-4b23-8342-9221a2bd7693" testId="343af390-b46b-ff46-9ce6-f669b4fa33c7" testName="Check_UnusualDayCount_ReturnsCorrectAlert" computerName="KEPLER" duration="00:00:00.0000001" startTime="2021-07-20T10:45:34.0000000+02:00" endTime="2021-07-20T10:45:34.0000000+02:00" testType="13cdc9d9-ddb5-4fa4-a97d-d965ccfc6d4b" outcome="Passed" testListId="8c84fa94-04c1-424b-9868-57a2d4851a1d" relativeResultsDirectory="0a2d2f8c-d196-4b23-8342-9221a2bd7693" />
    <UnitTestResult executionId="fa0c5a93-0890-45f8-8061-5d247fc70359" testId="580f99e5-0fcb-fb17-664d-7ea4cb69fa9b" testName="Check_RepoLendNoNotFoundInTblRepoLend_ReturnsNoAlert" computerName="KEPLER" duration="00:00:00.0020000" startTime="2021-07-20T10:45:34.0000000+02:00" endTime="2021-07-20T10:45:34.0000000+02:00" testType="13cdc9d9-ddb5-4fa4-a97d-d965ccfc6d4b" outcome="Passed" testListId="8c84fa94-04c1-424b-9868-57a2d4851a1d" relativeResultsDirectory="fa0c5a93-0890-45f8-8061-5d247fc70359" />
    <UnitTestResult executionId="8b0b71b1-f1b9-4a31-bed0-469a824b2185" testId="92a9a05b-7751-0b61-9bce-ef21ab6515d7" testName="Check_SomePropertyCombinationsInvalid_ReturnsCorrectAlerts" computerName="KEPLER" duration="00:00:00.0050000" startTime="2021-07-20T10:45:34.0000000+02:00" endTime="2021-07-20T10:45:34.0000000+02:00" testType="13cdc9d9-ddb5-4fa4-a97d-d965ccfc6d4b" outcome="Passed" testListId="8c84fa94-04c1-424b-9868-57a2d4851a1d" relativeResultsDirectory="8b0b71b1-f1b9-4a31-bed0-469a824b2185" />
    <UnitTestResult executionId="5d2ba0f4-2387-452c-992c-86d22a4d3509" testId="b5648cee-4bbf-b03b-bd60-3bbff58564a7" testName="Check_DatumabIsBeforeBetrachtungstagMinus21_ReturnsCorrectAlert" computerName="KEPLER" duration="00:00:00.0000001" startTime="2021-07-20T10:45:34.0000000+02:00" endTime="2021-07-20T10:45:34.0000000+02:00" testType="13cdc9d9-ddb5-4fa4-a97d-d965ccfc6d4b" outcome="Passed" testListId="8c84fa94-04c1-424b-9868-57a2d4851a1d" relativeResultsDirectory="5d2ba0f4-2387-452c-992c-86d22a4d3509" />
    <UnitTestResult executionId="1fc3cf29-40b0-4649-af14-355290195d2b" testId="f3e52058-e095-79d5-875e-98a9d8638798" testName="Check_BelegIsDuplicate_ReturnsCorrectAlert" computerName="KEPLER" duration="00:00:00.0060000" startTime="2021-07-20T10:45:34.0000000+02:00" endTime="2021-07-20T10:45:34.0000000+02:00" testType="13cdc9d9-ddb5-4fa4-a97d-d965ccfc6d4b" outcome="Passed" testListId="8c84fa94-04c1-424b-9868-57a2d4851a1d" relativeResultsDirectory="1fc3cf29-40b0-4649-af14-355290195d2b" />
    <UnitTestResult executionId="1d6c06b7-c475-455e-bbd0-180cc41ce1ac" testId="e40343f3-991e-f446-62f6-1a9ecc3c632f" testName="Check_ReartIsRpevAndIntrefrcWithDifferentLfzb_ReturnsCorrectAlert" computerName="KEPLER" duration="00:00:00.0010000" startTime="2021-07-20T10:45:34.0000000+02:00" endTime="2021-07-20T10:45:34.0000000+02:00" testType="13cdc9d9-ddb5-4fa4-a97d-d965ccfc6d4b" outcome="Passed" testListId="8c84fa94-04c1-424b-9868-57a2d4851a1d" relativeResultsDirectory="1d6c06b7-c475-455e-bbd0-180cc41ce1ac" />
    <UnitTestResult executionId="2dbacd70-dc2e-4d45-a403-ebfc22d709c7" testId="a89724b7-5a9d-8e74-640f-94619edcb3e6" testName="Check_StornoIsNotValid_ReturnsCorrectAlert" computerName="KEPLER" duration="00:00:00.0000001" startTime="2021-07-20T10:45:34.0000000+02:00" endTime="2021-07-20T10:45:34.0000000+02:00" testType="13cdc9d9-ddb5-4fa4-a97d-d965ccfc6d4b" outcome="Passed" testListId="8c84fa94-04c1-424b-9868-57a2d4851a1d" relativeResultsDirectory="2dbacd70-dc2e-4d45-a403-ebfc22d709c7" />
    <UnitTestResult executionId="873b16e2-3045-4629-a3a1-0c985db36cbf" testId="ef52c77d-2fcb-6515-62cc-56e4527cd05d" testName="Transform_InputDtoAb1IsPositive_ReturnsCorrectResult" computerName="KEPLER" duration="00:00:00.0170000" startTime="2021-07-20T10:45:34.0000000+02:00" endTime="2021-07-20T10:45:34.0000000+02:00" testType="13cdc9d9-ddb5-4fa4-a97d-d965ccfc6d4b" outcome="Passed" testListId="8c84fa94-04c1-424b-9868-57a2d4851a1d" relativeResultsDirectory="873b16e2-3045-4629-a3a1-0c985db36cbf" />
    <UnitTestResult executionId="5d9de0d2-1328-495a-94a9-094d5d4f8729" testId="310ca7f5-760e-bff5-2f81-a60db0a6099c" testName="Check_TwoDtosAreNotValid_ReturnsAllAlerts" computerName="KEPLER" duration="00:00:00.0010000" startTime="2021-07-20T10:45:34.0000000+02:00" endTime="2021-07-20T10:45:34.0000000+02:00" testType="13cdc9d9-ddb5-4fa4-a97d-d965ccfc6d4b" outcome="Passed" testListId="8c84fa94-04c1-424b-9868-57a2d4851a1d" relativeResultsDirectory="5d9de0d2-1328-495a-94a9-094d5d4f8729" />
    <UnitTestResult executionId="862b4040-d5cf-4091-8657-1e3bec04d254" testId="3c76c4f8-b752-b5ae-7d11-1d18ad8f4efb" testName="Check_DenrIsMissing_ReturnsCorrectAlert" computerName="KEPLER" duration="00:00:00.0000001" startTime="2021-07-20T10:45:34.0000000+02:00" endTime="2021-07-20T10:45:34.0000000+02:00" testType="13cdc9d9-ddb5-4fa4-a97d-d965ccfc6d4b" outcome="Passed" testListId="8c84fa94-04c1-424b-9868-57a2d4851a1d" relativeResultsDirectory="862b4040-d5cf-4091-8657-1e3bec04d254" />
    <UnitTestResult executionId="966ae104-2ee2-4eee-af69-c1468e6f14bb" testId="fcd05b96-b92e-d7f2-527b-b5f44df1b089" testName="Check_ValutaGleichFaelligkeit_ReturnsCorrectAlert" computerName="KEPLER" duration="00:00:00.0020000" startTime="2021-07-20T10:45:34.0000000+02:00" endTime="2021-07-20T10:45:34.0000000+02:00" testType="13cdc9d9-ddb5-4fa4-a97d-d965ccfc6d4b" outcome="Passed" testListId="8c84fa94-04c1-424b-9868-57a2d4851a1d" relativeResultsDirectory="966ae104-2ee2-4eee-af69-c1468e6f14bb" />
    <UnitTestResult executionId="a63bae83-e3ce-4d62-b15b-3fb037c8a6f8" testId="305b212d-3908-dc68-eb2b-8809c2122082" testName="Check_StatbIsNotValid_ReturnsCorrectAlert" computerName="KEPLER" duration="00:00:00.0000001" startTime="2021-07-20T10:45:34.0000000+02:00" endTime="2021-07-20T10:45:34.0000000+02:00" testType="13cdc9d9-ddb5-4fa4-a97d-d965ccfc6d4b" outcome="Passed" testListId="8c84fa94-04c1-424b-9868-57a2d4851a1d" relativeResultsDirectory="a63bae83-e3ce-4d62-b15b-3fb037c8a6f8" />
    <UnitTestResult executionId="9ef24e6e-91a4-4245-a590-448789bbbdae" testId="ef3be56c-94ed-c047-8d3c-6f8977bd21d2" testName="Check_Ab1AndAb2AndInterestAreNotConsistent_ReturnsCorrectAlert" computerName="KEPLER" duration="00:00:00.0400000" startTime="2021-07-20T10:45:34.0000000+02:00" endTime="2021-07-20T10:45:34.0000000+02:00" testType="13cdc9d9-ddb5-4fa4-a97d-d965ccfc6d4b" outcome="Passed" testListId="8c84fa94-04c1-424b-9868-57a2d4851a1d" relativeResultsDirectory="9ef24e6e-91a4-4245-a590-448789bbbdae" />
    <UnitTestResult executionId="077ceaca-6991-4f4b-8d01-70f97233c6bc" testId="4c523ea7-ca8b-7b99-b7a9-cd9e014a6818" testName="Transform_InputDtoWithIntrefrcIsNotEmpty_ReturnsCorrectResult" computerName="KEPLER" duration="00:00:00.0020000" startTime="2021-07-20T10:45:34.0000000+02:00" endTime="2021-07-20T10:45:34.0000000+02:00" testType="13cdc9d9-ddb5-4fa4-a97d-d965ccfc6d4b" outcome="Passed" testListId="8c84fa94-04c1-424b-9868-57a2d4851a1d" relativeResultsDirectory="077ceaca-6991-4f4b-8d01-70f97233c6bc" />
    <UnitTestResult executionId="2c44dca9-ba83-49ab-9bb2-032e18f60d59" testId="3b46335a-f906-0dba-67c3-44e854aa58e8" testName="Transform_ReturnsEqualPortfolioNosForRelatedTrades" computerName="KEPLER" duration="00:00:00.0030000" startTime="2021-07-20T10:45:34.0000000+02:00" endTime="2021-07-20T10:45:34.0000000+02:00" testType="13cdc9d9-ddb5-4fa4-a97d-d965ccfc6d4b" outcome="Passed" testListId="8c84fa94-04c1-424b-9868-57a2d4851a1d" relativeResultsDirectory="2c44dca9-ba83-49ab-9bb2-032e18f60d59" />
    <UnitTestResult executionId="757947bb-3cb9-4d7d-81fd-d9784eca13b6" testId="80a0bac5-c07c-3780-702d-6f55aac8baf4" testName="Check_ReartIsRpevAndIntrefrcWithDifferentDatumab_ReturnsCorrectAlert" computerName="KEPLER" duration="00:00:00.0010000" startTime="2021-07-20T10:45:34.0000000+02:00" endTime="2021-07-20T10:45:34.0000000+02:00" testType="13cdc9d9-ddb5-4fa4-a97d-d965ccfc6d4b" outcome="Passed" testListId="8c84fa94-04c1-424b-9868-57a2d4851a1d" relativeResultsDirectory="757947bb-3cb9-4d7d-81fd-d9784eca13b6" />
    <UnitTestResult executionId="e8e2542f-3c24-493a-bd87-8ef8e05ada52" testId="d43e622b-80b5-c9ac-a27e-f80418680e80" testName="Check_ReartIsRpekAndAb1IsNotSumOfAb1OfRpevs_ReturnsCorrectAlert" computerName="KEPLER" duration="00:00:00.0020000" startTime="2021-07-20T10:45:34.0000000+02:00" endTime="2021-07-20T10:45:34.0000000+02:00" testType="13cdc9d9-ddb5-4fa4-a97d-d965ccfc6d4b" outcome="Passed" testListId="8c84fa94-04c1-424b-9868-57a2d4851a1d" relativeResultsDirectory="e8e2542f-3c24-493a-bd87-8ef8e05ada52" />
    <UnitTestResult executionId="5a68f480-7495-43b4-8621-ef53745f98c3" testId="f5242c50-e4a6-e1c1-3b1f-51f374c81842" testName="Check_StornoLeerUndStatbStorniert_ReturnsCorrectAlert" computerName="KEPLER" duration="00:00:00.0010000" startTime="2021-07-20T10:45:34.0000000+02:00" endTime="2021-07-20T10:45:34.0000000+02:00" testType="13cdc9d9-ddb5-4fa4-a97d-d965ccfc6d4b" outcome="Passed" testListId="8c84fa94-04c1-424b-9868-57a2d4851a1d" relativeResultsDirectory="5a68f480-7495-43b4-8621-ef53745f98c3" />
    <UnitTestResult executionId="d95ead76-7bb8-4bc0-84df-8837728d857a" testId="945b037d-189c-6619-8847-76eb2abc73f5" testName="Check_ReartIsRpevAndIntrefrcWithDifferentSnrk_ReturnsCorrectAlert" computerName="KEPLER" duration="00:00:00.0020000" startTime="2021-07-20T10:45:34.0000000+02:00" endTime="2021-07-20T10:45:34.0000000+02:00" testType="13cdc9d9-ddb5-4fa4-a97d-d965ccfc6d4b" outcome="Passed" testListId="8c84fa94-04c1-424b-9868-57a2d4851a1d" relativeResultsDirectory="d95ead76-7bb8-4bc0-84df-8837728d857a" />
    <UnitTestResult executionId="c5ea037c-4fce-4a50-93a7-53767db32eaf" testId="74ca14a1-d085-28fe-fa5b-6ef7600c66df" testName="Check_ReartIsRpevAndIntrefrcWithDifferentLfzv_ReturnsCorrectAlert" computerName="KEPLER" duration="00:00:00.0020000" startTime="2021-07-20T10:45:34.0000000+02:00" endTime="2021-07-20T10:45:34.0000000+02:00" testType="13cdc9d9-ddb5-4fa4-a97d-d965ccfc6d4b" outcome="Passed" testListId="8c84fa94-04c1-424b-9868-57a2d4851a1d" relativeResultsDirectory="c5ea037c-4fce-4a50-93a7-53767db32eaf" />
    <UnitTestResult executionId="7529cd09-787c-40a4-a957-15022b3d869f" testId="e7fbf797-1c8b-40a8-5802-94e1c2247ec4" testName="Check_Storno1UndStatbFreigegeben_ReturnsCorrectAlert" computerName="KEPLER" duration="00:00:00.0010000" startTime="2021-07-20T10:45:34.0000000+02:00" endTime="2021-07-20T10:45:34.0000000+02:00" testType="13cdc9d9-ddb5-4fa4-a97d-d965ccfc6d4b" outcome="Passed" testListId="8c84fa94-04c1-424b-9868-57a2d4851a1d" relativeResultsDirectory="7529cd09-787c-40a4-a957-15022b3d869f" />
    <UnitTestResult executionId="35bfb7a1-6edb-442a-8c8c-cdc009f74926" testId="e5ae615b-ab6b-72cd-fa0e-190961277a90" testName="Check_ReartbezIsNotValid_ReturnsCorrectAlert" computerName="KEPLER" duration="00:00:00.0000001" startTime="2021-07-20T10:45:34.0000000+02:00" endTime="2021-07-20T10:45:34.0000000+02:00" testType="13cdc9d9-ddb5-4fa4-a97d-d965ccfc6d4b" outcome="Passed" testListId="8c84fa94-04c1-424b-9868-57a2d4851a1d" relativeResultsDirectory="35bfb7a1-6edb-442a-8c8c-cdc009f74926" />
    <UnitTestResult executionId="d5134f65-15da-4ee1-978d-d30c1b41e583" testId="4df513fa-06da-d378-51b3-9b3f4db836e9" testName="Check_RepoLendNoFoundInTblRepoLend_ReturnsCorrectAlert" computerName="KEPLER" duration="00:00:00.8180000" startTime="2021-07-20T10:45:33.0000000+02:00" endTime="2021-07-20T10:45:34.0000000+02:00" testType="13cdc9d9-ddb5-4fa4-a97d-d965ccfc6d4b" outcome="Passed" testListId="8c84fa94-04c1-424b-9868-57a2d4851a1d" relativeResultsDirectory="d5134f65-15da-4ee1-978d-d30c1b41e583" />
    <UnitTestResult executionId="57a0c704-08d3-4070-a01e-9ad281ba4b89" testId="cb6ce52b-7bea-1e6a-7d5e-d9535abaf226" testName="Check_TwoPropertiesAreNotValid_ReturnsTwoAlerts" computerName="KEPLER" duration="00:00:00.0010000" startTime="2021-07-20T10:45:34.0000000+02:00" endTime="2021-07-20T10:45:34.0000000+02:00" testType="13cdc9d9-ddb5-4fa4-a97d-d965ccfc6d4b" outcome="Passed" testListId="8c84fa94-04c1-424b-9868-57a2d4851a1d" relativeResultsDirectory="57a0c704-08d3-4070-a01e-9ad281ba4b89" />
    <UnitTestResult executionId="b87a6644-1fae-42de-b9fe-81081d8e5419" testId="d53cf83b-8142-2338-f6e6-0bc959756026" testName="Check_LfzbIsBeforeBetrachtungstag_ReturnsCorrectAlert" computerName="KEPLER" duration="00:00:00.0000001" startTime="2021-07-20T10:45:34.0000000+02:00" endTime="2021-07-20T10:45:34.0000000+02:00" testType="13cdc9d9-ddb5-4fa4-a97d-d965ccfc6d4b" outcome="Passed" testListId="8c84fa94-04c1-424b-9868-57a2d4851a1d" relativeResultsDirectory="b87a6644-1fae-42de-b9fe-81081d8e5419" />
    <UnitTestResult executionId="151899a1-1839-47f1-8d1b-7d841de08f9e" testId="f0a394d4-4819-27b9-6bd6-c7b6d05ff9b1" testName="Check_ReartIsRpevAndIntrefrcWithWrongReart_ReturnsCorrectAlert" computerName="KEPLER" duration="00:00:00.0020000" startTime="2021-07-20T10:45:34.0000000+02:00" endTime="2021-07-20T10:45:34.0000000+02:00" testType="13cdc9d9-ddb5-4fa4-a97d-d965ccfc6d4b" outcome="Passed" testListId="8c84fa94-04c1-424b-9868-57a2d4851a1d" relativeResultsDirectory="151899a1-1839-47f1-8d1b-7d841de08f9e" />
    <UnitTestResult executionId="e109204c-5ffd-4ef7-819d-5e5e2ac57e75" testId="f9541ca4-60fe-9ed3-8824-372402ffc4db" testName="Check_SnrIsMissing_ReturnsCorrectAlert" computerName="KEPLER" duration="00:00:00.0000001" startTime="2021-07-20T10:45:34.0000000+02:00" endTime="2021-07-20T10:45:34.0000000+02:00" testType="13cdc9d9-ddb5-4fa4-a97d-d965ccfc6d4b" outcome="Passed" testListId="8c84fa94-04c1-424b-9868-57a2d4851a1d" relativeResultsDirectory="e109204c-5ffd-4ef7-819d-5e5e2ac57e75" />
    <UnitTestResult executionId="06e8fafe-cb4b-43eb-8aed-4dea13739606" testId="4077de25-cbee-579a-4699-0ae692e85bd0" testName="Transform_InputDtoStornoIs1_ReturnsInstrumentTypeGLDLS" computerName="KEPLER" duration="00:00:00.0020000" startTime="2021-07-20T10:45:34.0000000+02:00" endTime="2021-07-20T10:45:34.0000000+02:00" testType="13cdc9d9-ddb5-4fa4-a97d-d965ccfc6d4b" outcome="Passed" testListId="8c84fa94-04c1-424b-9868-57a2d4851a1d" relativeResultsDirectory="06e8fafe-cb4b-43eb-8aed-4dea13739606" />
    <UnitTestResult executionId="f375cc7b-2f8b-49dc-8a2e-10049b174537" testId="37f0fb93-41be-1b14-e0b2-a8e3a7ec50f4" testName="Check_ReartIsRpevAndIntrefrcIsEmpty_ReturnsCorrectAlert" computerName="KEPLER" duration="00:00:00.0010000" startTime="2021-07-20T10:45:34.0000000+02:00" endTime="2021-07-20T10:45:34.0000000+02:00" testType="13cdc9d9-ddb5-4fa4-a97d-d965ccfc6d4b" outcome="Passed" testListId="8c84fa94-04c1-424b-9868-57a2d4851a1d" relativeResultsDirectory="f375cc7b-2f8b-49dc-8a2e-10049b174537" />
    <UnitTestResult executionId="56aa671a-0b3d-4ad4-8597-6166a0dd0fb2" testId="8aa2ee32-518f-b5cd-f84a-61356cb78dc0" testName="Transform_InputDtoWithoutQueries_ReturnsCorrectResult" computerName="KEPLER" duration="00:00:00.0150000" startTime="2021-07-20T10:45:34.0000000+02:00" endTime="2021-07-20T10:45:34.0000000+02:00" testType="13cdc9d9-ddb5-4fa4-a97d-d965ccfc6d4b" outcome="Passed" testListId="8c84fa94-04c1-424b-9868-57a2d4851a1d" relativeResultsDirectory="56aa671a-0b3d-4ad4-8597-6166a0dd0fb2" />
  </Results>
  <TestDefinitions>
    <UnitTest name="Check_DtosAreValid_ReturnsNoAlerts" storage="c:\users\joachimwagner\documents\projekte\bundesbank\dataimport\repolendimporttests\bin\debug\netcoreapp2.1\repolendimporttests.dll" id="8c92c515-c14b-8438-cbe0-b1712098df6f">
      <Execution id="7623e55a-a3cc-4db4-9c95-a24a1cb32c2f" />
      <TestMethod codeBase="C:\Users\JoachimWagner\Documents\Projekte\Bundesbank\DataImport\RepoLendImportTests\bin\Debug\netcoreapp2.1\RepoLendImportTests.dll" adapterTypeName="executor://nunit3testexecutor/" className="BBk.Rc1.Ricis.DataImport.RepoLendImport.Services.Tests.RepoLendMultiFieldCheckServiceTests" name="Check_DtosAreValid_ReturnsNoAlerts" />
    </UnitTest>
    <UnitTest name="Check_DtosAreValid_ReturnsNoAlerts" storage="c:\users\joachimwagner\documents\projekte\bundesbank\dataimport\repolendimporttests\bin\debug\netcoreapp2.1\repolendimporttests.dll" id="885a3641-4c76-1c22-9afb-f455f0d473ad">
      <Execution id="c8c0e279-dee0-442c-8eb0-a989b094e5ef" />
      <TestMethod codeBase="C:\Users\JoachimWagner\Documents\Projekte\Bundesbank\DataImport\RepoLendImportTests\bin\Debug\netcoreapp2.1\RepoLendImportTests.dll" adapterTypeName="executor://nunit3testexecutor/" className="BBk.Rc1.Ricis.DataImport.RepoLendImport.Services.Tests.RepoLendMultiRecordCheckServiceTests" name="Check_DtosAreValid_ReturnsNoAlerts" />
    </UnitTest>
    <UnitTest name="Check_LfzbIsBeforeBetrachtungstag_ReturnsCorrectAlert" storage="c:\users\joachimwagner\documents\projekte\bundesbank\dataimport\repolendimporttests\bin\debug\netcoreapp2.1\repolendimporttests.dll" id="d53cf83b-8142-2338-f6e6-0bc959756026">
      <Execution id="b87a6644-1fae-42de-b9fe-81081d8e5419" />
      <TestMethod codeBase="C:\Users\JoachimWagner\Documents\Projekte\Bundesbank\DataImport\RepoLendImportTests\bin\Debug\netcoreapp2.1\RepoLendImportTests.dll" adapterTypeName="executor://nunit3testexecutor/" className="BBk.Rc1.Ricis.DataImport.RepoLendImport.Services.Tests.RepoLendFieldCheckServiceTests" name="Check_LfzbIsBeforeBetrachtungstag_ReturnsCorrectAlert" />
    </UnitTest>
    <UnitTest name="Check_StornoLeerUndStatbStorniert_ReturnsCorrectAlert" storage="c:\users\joachimwagner\documents\projekte\bundesbank\dataimport\repolendimporttests\bin\debug\netcoreapp2.1\repolendimporttests.dll" id="f5242c50-e4a6-e1c1-3b1f-51f374c81842">
      <Execution id="5a68f480-7495-43b4-8621-ef53745f98c3" />
      <TestMethod codeBase="C:\Users\JoachimWagner\Documents\Projekte\Bundesbank\DataImport\RepoLendImportTests\bin\Debug\netcoreapp2.1\RepoLendImportTests.dll" adapterTypeName="executor://nunit3testexecutor/" className="BBk.Rc1.Ricis.DataImport.RepoLendImport.Services.Tests.RepoLendMultiFieldCheckServiceTests" name="Check_StornoLeerUndStatbStorniert_ReturnsCorrectAlert" />
    </UnitTest>
    <UnitTest name="Check_BelegIsNotValid_ReturnsCorrectAlert" storage="c:\users\joachimwagner\documents\projekte\bundesbank\dataimport\repolendimporttests\bin\debug\netcoreapp2.1\repolendimporttests.dll" id="6b87a63b-553f-3360-3c21-0937d96624ab">
      <Execution id="43681c0c-f8cf-46c0-a0f2-75373d218768" />
      <TestMethod codeBase="C:\Users\JoachimWagner\Documents\Projekte\Bundesbank\DataImport\RepoLendImportTests\bin\Debug\netcoreapp2.1\RepoLendImportTests.dll" adapterTypeName="executor://nunit3testexecutor/" className="BBk.Rc1.Ricis.DataImport.RepoLendImport.Services.Tests.RepoLendFieldCheckServiceTests" name="Check_BelegIsNotValid_ReturnsCorrectAlert" />
    </UnitTest>
    <UnitTest name="Check_DenrIsMissing_ReturnsCorrectAlert" storage="c:\users\joachimwagner\documents\projekte\bundesbank\dataimport\repolendimporttests\bin\debug\netcoreapp2.1\repolendimporttests.dll" id="3c76c4f8-b752-b5ae-7d11-1d18ad8f4efb">
      <Execution id="862b4040-d5cf-4091-8657-1e3bec04d254" />
      <TestMethod codeBase="C:\Users\JoachimWagner\Documents\Projekte\Bundesbank\DataImport\RepoLendImportTests\bin\Debug\netcoreapp2.1\RepoLendImportTests.dll" adapterTypeName="executor://nunit3testexecutor/" className="BBk.Rc1.Ricis.DataImport.RepoLendImport.Services.Tests.RepoLendFieldCheckServiceTests" name="Check_DenrIsMissing_ReturnsCorrectAlert" />
    </UnitTest>
    <UnitTest name="Check_TwoDtosAreNotValid_ReturnsAllAlerts" storage="c:\users\joachimwagner\documents\projekte\bundesbank\dataimport\repolendimporttests\bin\debug\netcoreapp2.1\repolendimporttests.dll" id="310ca7f5-760e-bff5-2f81-a60db0a6099c">
      <Execution id="5d9de0d2-1328-495a-94a9-094d5d4f8729" />
      <TestMethod codeBase="C:\Users\JoachimWagner\Documents\Projekte\Bundesbank\DataImport\RepoLendImportTests\bin\Debug\netcoreapp2.1\RepoLendImportTests.dll" adapterTypeName="executor://nunit3testexecutor/" className="BBk.Rc1.Ricis.DataImport.RepoLendImport.Services.Tests.RepoLendFieldCheckServiceTests" name="Check_TwoDtosAreNotValid_ReturnsAllAlerts" />
    </UnitTest>
    <UnitTest name="Check_ReartIsRpevAndIntrefrcNotFoundInBeleg_ReturnsCorrectAlert" storage="c:\users\joachimwagner\documents\projekte\bundesbank\dataimport\repolendimporttests\bin\debug\netcoreapp2.1\repolendimporttests.dll" id="753513be-283b-2faa-caf1-1aed025a0b31">
      <Execution id="67a748e9-aa18-496d-84f7-91a3f0181c33" />
      <TestMethod codeBase="C:\Users\JoachimWagner\Documents\Projekte\Bundesbank\DataImport\RepoLendImportTests\bin\Debug\netcoreapp2.1\RepoLendImportTests.dll" adapterTypeName="executor://nunit3testexecutor/" className="BBk.Rc1.Ricis.DataImport.RepoLendImport.Services.Tests.RepoLendMultiRecordCheckServiceTests" name="Check_ReartIsRpevAndIntrefrcNotFoundInBeleg_ReturnsCorrectAlert" />
    </UnitTest>
    <UnitTest name="Check_DtosAreValid_ReturnsNoAlerts" storage="c:\users\joachimwagner\documents\projekte\bundesbank\dataimport\repolendimporttests\bin\debug\netcoreapp2.1\repolendimporttests.dll" id="2723b988-abc3-918f-3d4d-d4973a476265">
      <Execution id="32804a0c-b961-4a52-9274-8edb425a6d99" />
      <TestMethod codeBase="C:\Users\JoachimWagner\Documents\Projekte\Bundesbank\DataImport\RepoLendImportTests\bin\Debug\netcoreapp2.1\RepoLendImportTests.dll" adapterTypeName="executor://nunit3testexecutor/" className="BBk.Rc1.Ricis.DataImport.RepoLendImport.Services.Tests.RepoLendFieldCheckServiceTests" name="Check_DtosAreValid_ReturnsNoAlerts" />
    </UnitTest>
    <UnitTest name="Check_SomePropertyCombinationsInvalid_ReturnsCorrectAlerts" storage="c:\users\joachimwagner\documents\projekte\bundesbank\dataimport\repolendimporttests\bin\debug\netcoreapp2.1\repolendimporttests.dll" id="92a9a05b-7751-0b61-9bce-ef21ab6515d7">
      <Execution id="8b0b71b1-f1b9-4a31-bed0-469a824b2185" />
      <TestMethod codeBase="C:\Users\JoachimWagner\Documents\Projekte\Bundesbank\DataImport\RepoLendImportTests\bin\Debug\netcoreapp2.1\RepoLendImportTests.dll" adapterTypeName="executor://nunit3testexecutor/" className="BBk.Rc1.Ricis.DataImport.RepoLendImport.Services.Tests.RepoLendMultiFieldCheckServiceTests" name="Check_SomePropertyCombinationsInvalid_ReturnsCorrectAlerts" />
    </UnitTest>
    <UnitTest name="Check_RepoLendNoFoundInTblRepoLend_ReturnsCorrectAlert" storage="c:\users\joachimwagner\documents\projekte\bundesbank\dataimport\repolendimporttests\bin\debug\netcoreapp2.1\repolendimporttests.dll" id="4df513fa-06da-d378-51b3-9b3f4db836e9">
      <Execution id="d5134f65-15da-4ee1-978d-d30c1b41e583" />
      <TestMethod codeBase="C:\Users\JoachimWagner\Documents\Projekte\Bundesbank\DataImport\RepoLendImportTests\bin\Debug\netcoreapp2.1\RepoLendImportTests.dll" adapterTypeName="executor://nunit3testexecutor/" className="BBk.Rc1.Ricis.DataImport.RepoLendImport.Services.Tests.RepoLendConsistencyWithDatabaseCheckServiceTests" name="Check_RepoLendNoFoundInTblRepoLend_ReturnsCorrectAlert" />
    </UnitTest>
    <UnitTest name="Check_DatumabIsBeforeBetrachtungstagMinus21_ReturnsCorrectAlert" storage="c:\users\joachimwagner\documents\projekte\bundesbank\dataimport\repolendimporttests\bin\debug\netcoreapp2.1\repolendimporttests.dll" id="b5648cee-4bbf-b03b-bd60-3bbff58564a7">
      <Execution id="5d2ba0f4-2387-452c-992c-86d22a4d3509" />
      <TestMethod codeBase="C:\Users\JoachimWagner\Documents\Projekte\Bundesbank\DataImport\RepoLendImportTests\bin\Debug\netcoreapp2.1\RepoLendImportTests.dll" adapterTypeName="executor://nunit3testexecutor/" className="BBk.Rc1.Ricis.DataImport.RepoLendImport.Services.Tests.RepoLendFieldCheckServiceTests" name="Check_DatumabIsBeforeBetrachtungstagMinus21_ReturnsCorrectAlert" />
    </UnitTest>
    <UnitTest name="Transform_InputDtoWithGetPropertyValueByCounterpartyReturnsEmpty_ReturnsCorrectResult" storage="c:\users\joachimwagner\documents\projekte\bundesbank\dataimport\repolendimporttests\bin\debug\netcoreapp2.1\repolendimporttests.dll" id="53b032d3-d2df-78a9-1eed-513c801f548d">
      <Execution id="5c0bdde9-29c4-49c8-990c-1b8a0cff8351" />
      <TestMethod codeBase="C:\Users\JoachimWagner\Documents\Projekte\Bundesbank\DataImport\RepoLendImportTests\bin\Debug\netcoreapp2.1\RepoLendImportTests.dll" adapterTypeName="executor://nunit3testexecutor/" className="BBk.Rc1.Ricis.DataImport.RepoLendImport.Services.Tests.RepoLendTransformServiceTests" name="Transform_InputDtoWithGetPropertyValueByCounterpartyReturnsEmpty_ReturnsCorrectResult" />
    </UnitTest>
    <UnitTest name="Check_WpnrIsNotValid_ReturnsCorrectAlert" storage="c:\users\joachimwagner\documents\projekte\bundesbank\dataimport\repolendimporttests\bin\debug\netcoreapp2.1\repolendimporttests.dll" id="3fe7d41a-0ab3-5bab-4efc-570bf9375b6e">
      <Execution id="9d5f1e52-0c65-4073-a5b9-6f57cded95cf" />
      <TestMethod codeBase="C:\Users\JoachimWagner\Documents\Projekte\Bundesbank\DataImport\RepoLendImportTests\bin\Debug\netcoreapp2.1\RepoLendImportTests.dll" adapterTypeName="executor://nunit3testexecutor/" className="BBk.Rc1.Ricis.DataImport.RepoLendImport.Services.Tests.RepoLendFieldCheckServiceTests" name="Check_WpnrIsNotValid_ReturnsCorrectAlert" />
    </UnitTest>
    <UnitTest name="Check_ReartIsNotValid_ReturnsCorrectAlert" storage="c:\users\joachimwagner\documents\projekte\bundesbank\dataimport\repolendimporttests\bin\debug\netcoreapp2.1\repolendimporttests.dll" id="a8dc66c6-cdab-ae91-8ff5-81412196dfbe">
      <Execution id="ddfcb1e7-f954-494c-9aa3-0e4aeca15d3e" />
      <TestMethod codeBase="C:\Users\JoachimWagner\Documents\Projekte\Bundesbank\DataImport\RepoLendImportTests\bin\Debug\netcoreapp2.1\RepoLendImportTests.dll" adapterTypeName="executor://nunit3testexecutor/" className="BBk.Rc1.Ricis.DataImport.RepoLendImport.Services.Tests.RepoLendFieldCheckServiceTests" name="Check_ReartIsNotValid_ReturnsCorrectAlert" />
    </UnitTest>
    <UnitTest name="Check_SnrIsMissing_ReturnsCorrectAlert" storage="c:\users\joachimwagner\documents\projekte\bundesbank\dataimport\repolendimporttests\bin\debug\netcoreapp2.1\repolendimporttests.dll" id="f9541ca4-60fe-9ed3-8824-372402ffc4db">
      <Execution id="e109204c-5ffd-4ef7-819d-5e5e2ac57e75" />
      <TestMethod codeBase="C:\Users\JoachimWagner\Documents\Projekte\Bundesbank\DataImport\RepoLendImportTests\bin\Debug\netcoreapp2.1\RepoLendImportTests.dll" adapterTypeName="executor://nunit3testexecutor/" className="BBk.Rc1.Ricis.DataImport.RepoLendImport.Services.Tests.RepoLendFieldCheckServiceTests" name="Check_SnrIsMissing_ReturnsCorrectAlert" />
    </UnitTest>
    <UnitTest name="Transform_ReturnsEqualPortfolioNosForRelatedTrades" storage="c:\users\joachimwagner\documents\projekte\bundesbank\dataimport\repolendimporttests\bin\debug\netcoreapp2.1\repolendimporttests.dll" id="3b46335a-f906-0dba-67c3-44e854aa58e8">
      <Execution id="2c44dca9-ba83-49ab-9bb2-032e18f60d59" />
      <TestMethod codeBase="C:\Users\JoachimWagner\Documents\Projekte\Bundesbank\DataImport\RepoLendImportTests\bin\Debug\netcoreapp2.1\RepoLendImportTests.dll" adapterTypeName="executor://nunit3testexecutor/" className="BBk.Rc1.Ricis.DataImport.RepoLendImport.Services.Tests.RepoLendTransformServiceTests" name="Transform_ReturnsEqualPortfolioNosForRelatedTrades" />
    </UnitTest>
    <UnitTest name="Check_WhguIsNotValid_ReturnsCorrectAlert" storage="c:\users\joachimwagner\documents\projekte\bundesbank\dataimport\repolendimporttests\bin\debug\netcoreapp2.1\repolendimporttests.dll" id="ed0b9e76-bae5-9f28-f58d-e69846871bb1">
      <Execution id="b3ab0202-c457-4998-8006-757e6963b4de" />
      <TestMethod codeBase="C:\Users\JoachimWagner\Documents\Projekte\Bundesbank\DataImport\RepoLendImportTests\bin\Debug\netcoreapp2.1\RepoLendImportTests.dll" adapterTypeName="executor://nunit3testexecutor/" className="BBk.Rc1.Ricis.DataImport.RepoLendImport.Services.Tests.RepoLendFieldCheckServiceTests" name="Check_WhguIsNotValid_ReturnsCorrectAlert" />
    </UnitTest>
    <UnitTest name="Check_ReartIsRpevAndIntrefrcWithWrongReart_ReturnsCorrectAlert" storage="c:\users\joachimwagner\documents\projekte\bundesbank\dataimport\repolendimporttests\bin\debug\netcoreapp2.1\repolendimporttests.dll" id="f0a394d4-4819-27b9-6bd6-c7b6d05ff9b1">
      <Execution id="151899a1-1839-47f1-8d1b-7d841de08f9e" />
      <TestMethod codeBase="C:\Users\JoachimWagner\Documents\Projekte\Bundesbank\DataImport\RepoLendImportTests\bin\Debug\netcoreapp2.1\RepoLendImportTests.dll" adapterTypeName="executor://nunit3testexecutor/" className="BBk.Rc1.Ricis.DataImport.RepoLendImport.Services.Tests.RepoLendMultiRecordCheckServiceTests" name="Check_ReartIsRpevAndIntrefrcWithWrongReart_ReturnsCorrectAlert" />
    </UnitTest>
    <UnitTest name="Transform_InputDtoWithoutQueries_ReturnsCorrectResult" storage="c:\users\joachimwagner\documents\projekte\bundesbank\dataimport\repolendimporttests\bin\debug\netcoreapp2.1\repolendimporttests.dll" id="8aa2ee32-518f-b5cd-f84a-61356cb78dc0">
      <Execution id="56aa671a-0b3d-4ad4-8597-6166a0dd0fb2" />
      <TestMethod codeBase="C:\Users\JoachimWagner\Documents\Projekte\Bundesbank\DataImport\RepoLendImportTests\bin\Debug\netcoreapp2.1\RepoLendImportTests.dll" adapterTypeName="executor://nunit3testexecutor/" className="BBk.Rc1.Ricis.DataImport.RepoLendImport.Services.Tests.RepoLendTransformServiceTests" name="Transform_InputDtoWithoutQueries_ReturnsCorrectResult" />
    </UnitTest>
    <UnitTest name="Check_Storno_ReturnsNoAlert" storage="c:\users\joachimwagner\documents\projekte\bundesbank\dataimport\repolendimporttests\bin\debug\netcoreapp2.1\repolendimporttests.dll" id="e8123387-a16c-4cda-6102-c2ca1aa32a55">
      <Execution id="e281c01c-802f-4b6b-9db4-7c7da9cbc5f1" />
      <TestMethod codeBase="C:\Users\JoachimWagner\Documents\Projekte\Bundesbank\DataImport\RepoLendImportTests\bin\Debug\netcoreapp2.1\RepoLendImportTests.dll" adapterTypeName="executor://nunit3testexecutor/" className="BBk.Rc1.Ricis.DataImport.RepoLendImport.Services.Tests.RepoLendConsistencyWithDatabaseCheckServiceTests" name="Check_Storno_ReturnsNoAlert" />
    </UnitTest>
    <UnitTest name="Check_ReartIsRpevAndIntrefrcIsEmpty_ReturnsCorrectAlert" storage="c:\users\joachimwagner\documents\projekte\bundesbank\dataimport\repolendimporttests\bin\debug\netcoreapp2.1\repolendimporttests.dll" id="37f0fb93-41be-1b14-e0b2-a8e3a7ec50f4">
      <Execution id="f375cc7b-2f8b-49dc-8a2e-10049b174537" />
      <TestMethod codeBase="C:\Users\JoachimWagner\Documents\Projekte\Bundesbank\DataImport\RepoLendImportTests\bin\Debug\netcoreapp2.1\RepoLendImportTests.dll" adapterTypeName="executor://nunit3testexecutor/" className="BBk.Rc1.Ricis.DataImport.RepoLendImport.Services.Tests.RepoLendMultiFieldCheckServiceTests" name="Check_ReartIsRpevAndIntrefrcIsEmpty_ReturnsCorrectAlert" />
    </UnitTest>
    <UnitTest name="Check_SnrkIsMissing_ReturnsCorrectAlert" storage="c:\users\joachimwagner\documents\projekte\bundesbank\dataimport\repolendimporttests\bin\debug\netcoreapp2.1\repolendimporttests.dll" id="fc97e396-9155-71bb-2cf0-89d5d718587d">
      <Execution id="d3efa930-5067-484e-8dc2-c8594025bf88" />
      <TestMethod codeBase="C:\Users\JoachimWagner\Documents\Projekte\Bundesbank\DataImport\RepoLendImportTests\bin\Debug\netcoreapp2.1\RepoLendImportTests.dll" adapterTypeName="executor://nunit3testexecutor/" className="BBk.Rc1.Ricis.DataImport.RepoLendImport.Services.Tests.RepoLendFieldCheckServiceTests" name="Check_SnrkIsMissing_ReturnsCorrectAlert" />
    </UnitTest>
    <UnitTest name="Check_ReartbezIsNotValid_ReturnsCorrectAlert" storage="c:\users\joachimwagner\documents\projekte\bundesbank\dataimport\repolendimporttests\bin\debug\netcoreapp2.1\repolendimporttests.dll" id="e5ae615b-ab6b-72cd-fa0e-190961277a90">
      <Execution id="35bfb7a1-6edb-442a-8c8c-cdc009f74926" />
      <TestMethod codeBase="C:\Users\JoachimWagner\Documents\Projekte\Bundesbank\DataImport\RepoLendImportTests\bin\Debug\netcoreapp2.1\RepoLendImportTests.dll" adapterTypeName="executor://nunit3testexecutor/" className="BBk.Rc1.Ricis.DataImport.RepoLendImport.Services.Tests.RepoLendFieldCheckServiceTests" name="Check_ReartbezIsNotValid_ReturnsCorrectAlert" />
    </UnitTest>
    <UnitTest name="Check_LaufzeitUngleichZinstage_ReturnsCorrectAlert" storage="c:\users\joachimwagner\documents\projekte\bundesbank\dataimport\repolendimporttests\bin\debug\netcoreapp2.1\repolendimporttests.dll" id="7cb44998-806a-76bb-2cac-16f4158a9a76">
      <Execution id="71845a0f-9bd6-4fdc-b7ab-6ae40bfac7a1" />
      <TestMethod codeBase="C:\Users\JoachimWagner\Documents\Projekte\Bundesbank\DataImport\RepoLendImportTests\bin\Debug\netcoreapp2.1\RepoLendImportTests.dll" adapterTypeName="executor://nunit3testexecutor/" className="BBk.Rc1.Ricis.DataImport.RepoLendImport.Services.Tests.RepoLendMultiFieldCheckServiceTests" name="Check_LaufzeitUngleichZinstage_ReturnsCorrectAlert" />
    </UnitTest>
    <UnitTest name="Transform_InputDtoWithIntrefrcIsNotEmpty_ReturnsCorrectResult" storage="c:\users\joachimwagner\documents\projekte\bundesbank\dataimport\repolendimporttests\bin\debug\netcoreapp2.1\repolendimporttests.dll" id="4c523ea7-ca8b-7b99-b7a9-cd9e014a6818">
      <Execution id="077ceaca-6991-4f4b-8d01-70f97233c6bc" />
      <TestMethod codeBase="C:\Users\JoachimWagner\Documents\Projekte\Bundesbank\DataImport\RepoLendImportTests\bin\Debug\netcoreapp2.1\RepoLendImportTests.dll" adapterTypeName="executor://nunit3testexecutor/" className="BBk.Rc1.Ricis.DataImport.RepoLendImport.Services.Tests.RepoLendTransformServiceTests" name="Transform_InputDtoWithIntrefrcIsNotEmpty_ReturnsCorrectResult" />
    </UnitTest>
    <UnitTest name="Transform_InterestCalculationCallsService_ReturnsCorrectResult" storage="c:\users\joachimwagner\documents\projekte\bundesbank\dataimport\repolendimporttests\bin\debug\netcoreapp2.1\repolendimporttests.dll" id="369efccc-352a-528b-d8f5-764e67be203c">
      <Execution id="4071ff86-e708-43c6-af11-f3a0c8668ed3" />
      <TestMethod codeBase="C:\Users\JoachimWagner\Documents\Projekte\Bundesbank\DataImport\RepoLendImportTests\bin\Debug\netcoreapp2.1\RepoLendImportTests.dll" adapterTypeName="executor://nunit3testexecutor/" className="BBk.Rc1.Ricis.DataImport.RepoLendImport.Services.Tests.RepoLendTransformServiceTests" name="Transform_InterestCalculationCallsService_ReturnsCorrectResult" />
    </UnitTest>
    <UnitTest name="Check_IntrefrcIsNotValid_ReturnsCorrectAlert" storage="c:\users\joachimwagner\documents\projekte\bundesbank\dataimport\repolendimporttests\bin\debug\netcoreapp2.1\repolendimporttests.dll" id="d779a0a0-02ae-d767-2d29-0670c263b2a4">
      <Execution id="a0a9979d-2030-483c-9a46-3b65858ace9d" />
      <TestMethod codeBase="C:\Users\JoachimWagner\Documents\Projekte\Bundesbank\DataImport\RepoLendImportTests\bin\Debug\netcoreapp2.1\RepoLendImportTests.dll" adapterTypeName="executor://nunit3testexecutor/" className="BBk.Rc1.Ricis.DataImport.RepoLendImport.Services.Tests.RepoLendFieldCheckServiceTests" name="Check_IntrefrcIsNotValid_ReturnsCorrectAlert" />
    </UnitTest>
    <UnitTest name="Check_BelegIsDuplicate_ReturnsCorrectAlert" storage="c:\users\joachimwagner\documents\projekte\bundesbank\dataimport\repolendimporttests\bin\debug\netcoreapp2.1\repolendimporttests.dll" id="f3e52058-e095-79d5-875e-98a9d8638798">
      <Execution id="1fc3cf29-40b0-4649-af14-355290195d2b" />
      <TestMethod codeBase="C:\Users\JoachimWagner\Documents\Projekte\Bundesbank\DataImport\RepoLendImportTests\bin\Debug\netcoreapp2.1\RepoLendImportTests.dll" adapterTypeName="executor://nunit3testexecutor/" className="BBk.Rc1.Ricis.DataImport.RepoLendImport.Services.Tests.RepoLendMultiRecordCheckServiceTests" name="Check_BelegIsDuplicate_ReturnsCorrectAlert" />
    </UnitTest>
    <UnitTest name="Check_MarktKursIs0_ReturnsCorrectAlert" storage="c:\users\joachimwagner\documents\projekte\bundesbank\dataimport\repolendimporttests\bin\debug\netcoreapp2.1\repolendimporttests.dll" id="ed2afc47-1f95-85e8-6276-04c75169d120">
      <Execution id="c3075f83-92a3-4ab4-9091-4d8b1df83ed9" />
      <TestMethod codeBase="C:\Users\JoachimWagner\Documents\Projekte\Bundesbank\DataImport\RepoLendImportTests\bin\Debug\netcoreapp2.1\RepoLendImportTests.dll" adapterTypeName="executor://nunit3testexecutor/" className="BBk.Rc1.Ricis.DataImport.RepoLendImport.Services.Tests.RepoLendFieldCheckServiceTests" name="Check_MarktKursIs0_ReturnsCorrectAlert" />
    </UnitTest>
    <UnitTest name="Check_Storno1UndStatbFreigegeben_ReturnsCorrectAlert" storage="c:\users\joachimwagner\documents\projekte\bundesbank\dataimport\repolendimporttests\bin\debug\netcoreapp2.1\repolendimporttests.dll" id="e7fbf797-1c8b-40a8-5802-94e1c2247ec4">
      <Execution id="7529cd09-787c-40a4-a957-15022b3d869f" />
      <TestMethod codeBase="C:\Users\JoachimWagner\Documents\Projekte\Bundesbank\DataImport\RepoLendImportTests\bin\Debug\netcoreapp2.1\RepoLendImportTests.dll" adapterTypeName="executor://nunit3testexecutor/" className="BBk.Rc1.Ricis.DataImport.RepoLendImport.Services.Tests.RepoLendMultiFieldCheckServiceTests" name="Check_Storno1UndStatbFreigegeben_ReturnsCorrectAlert" />
    </UnitTest>
    <UnitTest name="Check_Ab1AndAb2AndInterestAreNotConsistent_ReturnsCorrectAlert" storage="c:\users\joachimwagner\documents\projekte\bundesbank\dataimport\repolendimporttests\bin\debug\netcoreapp2.1\repolendimporttests.dll" id="ef3be56c-94ed-c047-8d3c-6f8977bd21d2">
      <Execution id="9ef24e6e-91a4-4245-a590-448789bbbdae" />
      <TestMethod codeBase="C:\Users\JoachimWagner\Documents\Projekte\Bundesbank\DataImport\RepoLendImportTests\bin\Debug\netcoreapp2.1\RepoLendImportTests.dll" adapterTypeName="executor://nunit3testexecutor/" className="BBk.Rc1.Ricis.DataImport.RepoLendImport.Services.Tests.RepoLendMultiFieldCheckServiceTests" name="Check_Ab1AndAb2AndInterestAreNotConsistent_ReturnsCorrectAlert" />
    </UnitTest>
    <UnitTest name="Check_ReartIsRpekAndAb1IsNotSumOfAb1OfRpevs_ReturnsCorrectAlert" storage="c:\users\joachimwagner\documents\projekte\bundesbank\dataimport\repolendimporttests\bin\debug\netcoreapp2.1\repolendimporttests.dll" id="d43e622b-80b5-c9ac-a27e-f80418680e80">
      <Execution id="e8e2542f-3c24-493a-bd87-8ef8e05ada52" />
      <TestMethod codeBase="C:\Users\JoachimWagner\Documents\Projekte\Bundesbank\DataImport\RepoLendImportTests\bin\Debug\netcoreapp2.1\RepoLendImportTests.dll" adapterTypeName="executor://nunit3testexecutor/" className="BBk.Rc1.Ricis.DataImport.RepoLendImport.Services.Tests.RepoLendMultiRecordCheckServiceTests" name="Check_ReartIsRpekAndAb1IsNotSumOfAb1OfRpevs_ReturnsCorrectAlert" />
    </UnitTest>
    <UnitTest name="Check_UnusualDayCount_ReturnsCorrectAlert" storage="c:\users\joachimwagner\documents\projekte\bundesbank\dataimport\repolendimporttests\bin\debug\netcoreapp2.1\repolendimporttests.dll" id="343af390-b46b-ff46-9ce6-f669b4fa33c7">
      <Execution id="0a2d2f8c-d196-4b23-8342-9221a2bd7693" />
      <TestMethod codeBase="C:\Users\JoachimWagner\Documents\Projekte\Bundesbank\DataImport\RepoLendImportTests\bin\Debug\netcoreapp2.1\RepoLendImportTests.dll" adapterTypeName="executor://nunit3testexecutor/" className="BBk.Rc1.Ricis.DataImport.RepoLendImport.Services.Tests.RepoLendFieldCheckServiceTests" name="Check_UnusualDayCount_ReturnsCorrectAlert" />
    </UnitTest>
    <UnitTest name="Check_ReartIsRpevAndIntrefrcWithDifferentSnrk_ReturnsCorrectAlert" storage="c:\users\joachimwagner\documents\projekte\bundesbank\dataimport\repolendimporttests\bin\debug\netcoreapp2.1\repolendimporttests.dll" id="945b037d-189c-6619-8847-76eb2abc73f5">
      <Execution id="d95ead76-7bb8-4bc0-84df-8837728d857a" />
      <TestMethod codeBase="C:\Users\JoachimWagner\Documents\Projekte\Bundesbank\DataImport\RepoLendImportTests\bin\Debug\netcoreapp2.1\RepoLendImportTests.dll" adapterTypeName="executor://nunit3testexecutor/" className="BBk.Rc1.Ricis.DataImport.RepoLendImport.Services.Tests.RepoLendMultiRecordCheckServiceTests" name="Check_ReartIsRpevAndIntrefrcWithDifferentSnrk_ReturnsCorrectAlert" />
    </UnitTest>
    <UnitTest name="Check_ValutaNachFaelligkeit_ReturnsCorrectAlert" storage="c:\users\joachimwagner\documents\projekte\bundesbank\dataimport\repolendimporttests\bin\debug\netcoreapp2.1\repolendimporttests.dll" id="32db0390-2895-05b5-b4db-a03bafd5e412">
      <Execution id="2298fa6f-2578-47cd-a3fd-4c86fb953b5b" />
      <TestMethod codeBase="C:\Users\JoachimWagner\Documents\Projekte\Bundesbank\DataImport\RepoLendImportTests\bin\Debug\netcoreapp2.1\RepoLendImportTests.dll" adapterTypeName="executor://nunit3testexecutor/" className="BBk.Rc1.Ricis.DataImport.RepoLendImport.Services.Tests.RepoLendMultiFieldCheckServiceTests" name="Check_ValutaNachFaelligkeit_ReturnsCorrectAlert" />
    </UnitTest>
    <UnitTest name="Check_ReartIsRpevAndIntrefrcWithDifferentLfzb_ReturnsCorrectAlert" storage="c:\users\joachimwagner\documents\projekte\bundesbank\dataimport\repolendimporttests\bin\debug\netcoreapp2.1\repolendimporttests.dll" id="e40343f3-991e-f446-62f6-1a9ecc3c632f">
      <Execution id="1d6c06b7-c475-455e-bbd0-180cc41ce1ac" />
      <TestMethod codeBase="C:\Users\JoachimWagner\Documents\Projekte\Bundesbank\DataImport\RepoLendImportTests\bin\Debug\netcoreapp2.1\RepoLendImportTests.dll" adapterTypeName="executor://nunit3testexecutor/" className="BBk.Rc1.Ricis.DataImport.RepoLendImport.Services.Tests.RepoLendMultiRecordCheckServiceTests" name="Check_ReartIsRpevAndIntrefrcWithDifferentLfzb_ReturnsCorrectAlert" />
    </UnitTest>
    <UnitTest name="Check_StornoIsNotValid_ReturnsCorrectAlert" storage="c:\users\joachimwagner\documents\projekte\bundesbank\dataimport\repolendimporttests\bin\debug\netcoreapp2.1\repolendimporttests.dll" id="a89724b7-5a9d-8e74-640f-94619edcb3e6">
      <Execution id="2dbacd70-dc2e-4d45-a403-ebfc22d709c7" />
      <TestMethod codeBase="C:\Users\JoachimWagner\Documents\Projekte\Bundesbank\DataImport\RepoLendImportTests\bin\Debug\netcoreapp2.1\RepoLendImportTests.dll" adapterTypeName="executor://nunit3testexecutor/" className="BBk.Rc1.Ricis.DataImport.RepoLendImport.Services.Tests.RepoLendFieldCheckServiceTests" name="Check_StornoIsNotValid_ReturnsCorrectAlert" />
    </UnitTest>
    <UnitTest name="Check_BelegIsMissing_ReturnsCorrectAlert" storage="c:\users\joachimwagner\documents\projekte\bundesbank\dataimport\repolendimporttests\bin\debug\netcoreapp2.1\repolendimporttests.dll" id="14acd5c3-e908-3aec-2946-f44f99f17826">
      <Execution id="9200f4f4-9220-4ccb-8ee5-aec5303d80b2" />
      <TestMethod codeBase="C:\Users\JoachimWagner\Documents\Projekte\Bundesbank\DataImport\RepoLendImportTests\bin\Debug\netcoreapp2.1\RepoLendImportTests.dll" adapterTypeName="executor://nunit3testexecutor/" className="BBk.Rc1.Ricis.DataImport.RepoLendImport.Services.Tests.RepoLendFieldCheckServiceTests" name="Check_BelegIsMissing_ReturnsCorrectAlert" />
    </UnitTest>
    <UnitTest name="Check_StatbIsNotValid_ReturnsCorrectAlert" storage="c:\users\joachimwagner\documents\projekte\bundesbank\dataimport\repolendimporttests\bin\debug\netcoreapp2.1\repolendimporttests.dll" id="305b212d-3908-dc68-eb2b-8809c2122082">
      <Execution id="a63bae83-e3ce-4d62-b15b-3fb037c8a6f8" />
      <TestMethod codeBase="C:\Users\JoachimWagner\Documents\Projekte\Bundesbank\DataImport\RepoLendImportTests\bin\Debug\netcoreapp2.1\RepoLendImportTests.dll" adapterTypeName="executor://nunit3testexecutor/" className="BBk.Rc1.Ricis.DataImport.RepoLendImport.Services.Tests.RepoLendFieldCheckServiceTests" name="Check_StatbIsNotValid_ReturnsCorrectAlert" />
    </UnitTest>
    <UnitTest name="Check_RepoLendNoNotFoundInTblRepoLend_ReturnsNoAlert" storage="c:\users\joachimwagner\documents\projekte\bundesbank\dataimport\repolendimporttests\bin\debug\netcoreapp2.1\repolendimporttests.dll" id="580f99e5-0fcb-fb17-664d-7ea4cb69fa9b">
      <Execution id="fa0c5a93-0890-45f8-8061-5d247fc70359" />
      <TestMethod codeBase="C:\Users\JoachimWagner\Documents\Projekte\Bundesbank\DataImport\RepoLendImportTests\bin\Debug\netcoreapp2.1\RepoLendImportTests.dll" adapterTypeName="executor://nunit3testexecutor/" className="BBk.Rc1.Ricis.DataImport.RepoLendImport.Services.Tests.RepoLendConsistencyWithDatabaseCheckServiceTests" name="Check_RepoLendNoNotFoundInTblRepoLend_ReturnsNoAlert" />
    </UnitTest>
    <UnitTest name="Check_ReartIsRpevAndIntrefrcWithDifferentDatumab_ReturnsCorrectAlert" storage="c:\users\joachimwagner\documents\projekte\bundesbank\dataimport\repolendimporttests\bin\debug\netcoreapp2.1\repolendimporttests.dll" id="80a0bac5-c07c-3780-702d-6f55aac8baf4">
      <Execution id="757947bb-3cb9-4d7d-81fd-d9784eca13b6" />
      <TestMethod codeBase="C:\Users\JoachimWagner\Documents\Projekte\Bundesbank\DataImport\RepoLendImportTests\bin\Debug\netcoreapp2.1\RepoLendImportTests.dll" adapterTypeName="executor://nunit3testexecutor/" className="BBk.Rc1.Ricis.DataImport.RepoLendImport.Services.Tests.RepoLendMultiRecordCheckServiceTests" name="Check_ReartIsRpevAndIntrefrcWithDifferentDatumab_ReturnsCorrectAlert" />
    </UnitTest>
    <UnitTest name="Transform_InputDtoAb1IsPositive_ReturnsCorrectResult" storage="c:\users\joachimwagner\documents\projekte\bundesbank\dataimport\repolendimporttests\bin\debug\netcoreapp2.1\repolendimporttests.dll" id="ef52c77d-2fcb-6515-62cc-56e4527cd05d">
      <Execution id="873b16e2-3045-4629-a3a1-0c985db36cbf" />
      <TestMethod codeBase="C:\Users\JoachimWagner\Documents\Projekte\Bundesbank\DataImport\RepoLendImportTests\bin\Debug\netcoreapp2.1\RepoLendImportTests.dll" adapterTypeName="executor://nunit3testexecutor/" className="BBk.Rc1.Ricis.DataImport.RepoLendImport.Services.Tests.RepoLendTransformServiceTests" name="Transform_InputDtoAb1IsPositive_ReturnsCorrectResult" />
    </UnitTest>
    <UnitTest name="Check_ValutaGleichFaelligkeit_ReturnsCorrectAlert" storage="c:\users\joachimwagner\documents\projekte\bundesbank\dataimport\repolendimporttests\bin\debug\netcoreapp2.1\repolendimporttests.dll" id="fcd05b96-b92e-d7f2-527b-b5f44df1b089">
      <Execution id="966ae104-2ee2-4eee-af69-c1468e6f14bb" />
      <TestMethod codeBase="C:\Users\JoachimWagner\Documents\Projekte\Bundesbank\DataImport\RepoLendImportTests\bin\Debug\netcoreapp2.1\RepoLendImportTests.dll" adapterTypeName="executor://nunit3testexecutor/" className="BBk.Rc1.Ricis.DataImport.RepoLendImport.Services.Tests.RepoLendMultiFieldCheckServiceTests" name="Check_ValutaGleichFaelligkeit_ReturnsCorrectAlert" />
    </UnitTest>
    <UnitTest name="Transform_InputDtoStornoIs1_ReturnsInstrumentTypeGLDLS" storage="c:\users\joachimwagner\documents\projekte\bundesbank\dataimport\repolendimporttests\bin\debug\netcoreapp2.1\repolendimporttests.dll" id="4077de25-cbee-579a-4699-0ae692e85bd0">
      <Execution id="06e8fafe-cb4b-43eb-8aed-4dea13739606" />
      <TestMethod codeBase="C:\Users\JoachimWagner\Documents\Projekte\Bundesbank\DataImport\RepoLendImportTests\bin\Debug\netcoreapp2.1\RepoLendImportTests.dll" adapterTypeName="executor://nunit3testexecutor/" className="BBk.Rc1.Ricis.DataImport.RepoLendImport.Services.Tests.RepoLendTransformServiceTests" name="Transform_InputDtoStornoIs1_ReturnsInstrumentTypeGLDLS" />
    </UnitTest>
    <UnitTest name="Check_ReartIsRpevAndIntrefrcWithDifferentLfzv_ReturnsCorrectAlert" storage="c:\users\joachimwagner\documents\projekte\bundesbank\dataimport\repolendimporttests\bin\debug\netcoreapp2.1\repolendimporttests.dll" id="74ca14a1-d085-28fe-fa5b-6ef7600c66df">
      <Execution id="c5ea037c-4fce-4a50-93a7-53767db32eaf" />
      <TestMethod codeBase="C:\Users\JoachimWagner\Documents\Projekte\Bundesbank\DataImport\RepoLendImportTests\bin\Debug\netcoreapp2.1\RepoLendImportTests.dll" adapterTypeName="executor://nunit3testexecutor/" className="BBk.Rc1.Ricis.DataImport.RepoLendImport.Services.Tests.RepoLendMultiRecordCheckServiceTests" name="Check_ReartIsRpevAndIntrefrcWithDifferentLfzv_ReturnsCorrectAlert" />
    </UnitTest>
    <UnitTest name="Transform_InputDtoWithQueries_ReturnsCorrectResult" storage="c:\users\joachimwagner\documents\projekte\bundesbank\dataimport\repolendimporttests\bin\debug\netcoreapp2.1\repolendimporttests.dll" id="46ac35e9-46fe-6e8e-53cf-d897e294fa7c">
      <Execution id="9508f7ab-8a26-4d00-9031-7c8ecb631fcd" />
      <TestMethod codeBase="C:\Users\JoachimWagner\Documents\Projekte\Bundesbank\DataImport\RepoLendImportTests\bin\Debug\netcoreapp2.1\RepoLendImportTests.dll" adapterTypeName="executor://nunit3testexecutor/" className="BBk.Rc1.Ricis.DataImport.RepoLendImport.Services.Tests.RepoLendTransformServiceTests" name="Transform_InputDtoWithQueries_ReturnsCorrectResult" />
    </UnitTest>
    <UnitTest name="Check_TwoPropertiesAreNotValid_ReturnsTwoAlerts" storage="c:\users\joachimwagner\documents\projekte\bundesbank\dataimport\repolendimporttests\bin\debug\netcoreapp2.1\repolendimporttests.dll" id="cb6ce52b-7bea-1e6a-7d5e-d9535abaf226">
      <Execution id="57a0c704-08d3-4070-a01e-9ad281ba4b89" />
      <TestMethod codeBase="C:\Users\JoachimWagner\Documents\Projekte\Bundesbank\DataImport\RepoLendImportTests\bin\Debug\netcoreapp2.1\RepoLendImportTests.dll" adapterTypeName="executor://nunit3testexecutor/" className="BBk.Rc1.Ricis.DataImport.RepoLendImport.Services.Tests.RepoLendFieldCheckServiceTests" name="Check_TwoPropertiesAreNotValid_ReturnsTwoAlerts" />
    </UnitTest>
  </TestDefinitions>
  <TestEntries>
    <TestEntry testId="753513be-283b-2faa-caf1-1aed025a0b31" executionId="67a748e9-aa18-496d-84f7-91a3f0181c33" testListId="8c84fa94-04c1-424b-9868-57a2d4851a1d" />
    <TestEntry testId="e8123387-a16c-4cda-6102-c2ca1aa32a55" executionId="e281c01c-802f-4b6b-9db4-7c7da9cbc5f1" testListId="8c84fa94-04c1-424b-9868-57a2d4851a1d" />
    <TestEntry testId="a8dc66c6-cdab-ae91-8ff5-81412196dfbe" executionId="ddfcb1e7-f954-494c-9aa3-0e4aeca15d3e" testListId="8c84fa94-04c1-424b-9868-57a2d4851a1d" />
    <TestEntry testId="ed0b9e76-bae5-9f28-f58d-e69846871bb1" executionId="b3ab0202-c457-4998-8006-757e6963b4de" testListId="8c84fa94-04c1-424b-9868-57a2d4851a1d" />
    <TestEntry testId="6b87a63b-553f-3360-3c21-0937d96624ab" executionId="43681c0c-f8cf-46c0-a0f2-75373d218768" testListId="8c84fa94-04c1-424b-9868-57a2d4851a1d" />
    <TestEntry testId="d779a0a0-02ae-d767-2d29-0670c263b2a4" executionId="a0a9979d-2030-483c-9a46-3b65858ace9d" testListId="8c84fa94-04c1-424b-9868-57a2d4851a1d" />
    <TestEntry testId="369efccc-352a-528b-d8f5-764e67be203c" executionId="4071ff86-e708-43c6-af11-f3a0c8668ed3" testListId="8c84fa94-04c1-424b-9868-57a2d4851a1d" />
    <TestEntry testId="ed2afc47-1f95-85e8-6276-04c75169d120" executionId="c3075f83-92a3-4ab4-9091-4d8b1df83ed9" testListId="8c84fa94-04c1-424b-9868-57a2d4851a1d" />
    <TestEntry testId="8c92c515-c14b-8438-cbe0-b1712098df6f" executionId="7623e55a-a3cc-4db4-9c95-a24a1cb32c2f" testListId="8c84fa94-04c1-424b-9868-57a2d4851a1d" />
    <TestEntry testId="fc97e396-9155-71bb-2cf0-89d5d718587d" executionId="d3efa930-5067-484e-8dc2-c8594025bf88" testListId="8c84fa94-04c1-424b-9868-57a2d4851a1d" />
    <TestEntry testId="14acd5c3-e908-3aec-2946-f44f99f17826" executionId="9200f4f4-9220-4ccb-8ee5-aec5303d80b2" testListId="8c84fa94-04c1-424b-9868-57a2d4851a1d" />
    <TestEntry testId="32db0390-2895-05b5-b4db-a03bafd5e412" executionId="2298fa6f-2578-47cd-a3fd-4c86fb953b5b" testListId="8c84fa94-04c1-424b-9868-57a2d4851a1d" />
    <TestEntry testId="46ac35e9-46fe-6e8e-53cf-d897e294fa7c" executionId="9508f7ab-8a26-4d00-9031-7c8ecb631fcd" testListId="8c84fa94-04c1-424b-9868-57a2d4851a1d" />
    <TestEntry testId="7cb44998-806a-76bb-2cac-16f4158a9a76" executionId="71845a0f-9bd6-4fdc-b7ab-6ae40bfac7a1" testListId="8c84fa94-04c1-424b-9868-57a2d4851a1d" />
    <TestEntry testId="2723b988-abc3-918f-3d4d-d4973a476265" executionId="32804a0c-b961-4a52-9274-8edb425a6d99" testListId="8c84fa94-04c1-424b-9868-57a2d4851a1d" />
    <TestEntry testId="885a3641-4c76-1c22-9afb-f455f0d473ad" executionId="c8c0e279-dee0-442c-8eb0-a989b094e5ef" testListId="8c84fa94-04c1-424b-9868-57a2d4851a1d" />
    <TestEntry testId="3fe7d41a-0ab3-5bab-4efc-570bf9375b6e" executionId="9d5f1e52-0c65-4073-a5b9-6f57cded95cf" testListId="8c84fa94-04c1-424b-9868-57a2d4851a1d" />
    <TestEntry testId="53b032d3-d2df-78a9-1eed-513c801f548d" executionId="5c0bdde9-29c4-49c8-990c-1b8a0cff8351" testListId="8c84fa94-04c1-424b-9868-57a2d4851a1d" />
    <TestEntry testId="343af390-b46b-ff46-9ce6-f669b4fa33c7" executionId="0a2d2f8c-d196-4b23-8342-9221a2bd7693" testListId="8c84fa94-04c1-424b-9868-57a2d4851a1d" />
    <TestEntry testId="580f99e5-0fcb-fb17-664d-7ea4cb69fa9b" executionId="fa0c5a93-0890-45f8-8061-5d247fc70359" testListId="8c84fa94-04c1-424b-9868-57a2d4851a1d" />
    <TestEntry testId="92a9a05b-7751-0b61-9bce-ef21ab6515d7" executionId="8b0b71b1-f1b9-4a31-bed0-469a824b2185" testListId="8c84fa94-04c1-424b-9868-57a2d4851a1d" />
    <TestEntry testId="b5648cee-4bbf-b03b-bd60-3bbff58564a7" executionId="5d2ba0f4-2387-452c-992c-86d22a4d3509" testListId="8c84fa94-04c1-424b-9868-57a2d4851a1d" />
    <TestEntry testId="f3e52058-e095-79d5-875e-98a9d8638798" executionId="1fc3cf29-40b0-4649-af14-355290195d2b" testListId="8c84fa94-04c1-424b-9868-57a2d4851a1d" />
    <TestEntry testId="e40343f3-991e-f446-62f6-1a9ecc3c632f" executionId="1d6c06b7-c475-455e-bbd0-180cc41ce1ac" testListId="8c84fa94-04c1-424b-9868-57a2d4851a1d" />
    <TestEntry testId="a89724b7-5a9d-8e74-640f-94619edcb3e6" executionId="2dbacd70-dc2e-4d45-a403-ebfc22d709c7" testListId="8c84fa94-04c1-424b-9868-57a2d4851a1d" />
    <TestEntry testId="ef52c77d-2fcb-6515-62cc-56e4527cd05d" executionId="873b16e2-3045-4629-a3a1-0c985db36cbf" testListId="8c84fa94-04c1-424b-9868-57a2d4851a1d" />
    <TestEntry testId="310ca7f5-760e-bff5-2f81-a60db0a6099c" executionId="5d9de0d2-1328-495a-94a9-094d5d4f8729" testListId="8c84fa94-04c1-424b-9868-57a2d4851a1d" />
    <TestEntry testId="3c76c4f8-b752-b5ae-7d11-1d18ad8f4efb" executionId="862b4040-d5cf-4091-8657-1e3bec04d254" testListId="8c84fa94-04c1-424b-9868-57a2d4851a1d" />
    <TestEntry testId="fcd05b96-b92e-d7f2-527b-b5f44df1b089" executionId="966ae104-2ee2-4eee-af69-c1468e6f14bb" testListId="8c84fa94-04c1-424b-9868-57a2d4851a1d" />
    <TestEntry testId="305b212d-3908-dc68-eb2b-8809c2122082" executionId="a63bae83-e3ce-4d62-b15b-3fb037c8a6f8" testListId="8c84fa94-04c1-424b-9868-57a2d4851a1d" />
    <TestEntry testId="ef3be56c-94ed-c047-8d3c-6f8977bd21d2" executionId="9ef24e6e-91a4-4245-a590-448789bbbdae" testListId="8c84fa94-04c1-424b-9868-57a2d4851a1d" />
    <TestEntry testId="4c523ea7-ca8b-7b99-b7a9-cd9e014a6818" executionId="077ceaca-6991-4f4b-8d01-70f97233c6bc" testListId="8c84fa94-04c1-424b-9868-57a2d4851a1d" />
    <TestEntry testId="3b46335a-f906-0dba-67c3-44e854aa58e8" executionId="2c44dca9-ba83-49ab-9bb2-032e18f60d59" testListId="8c84fa94-04c1-424b-9868-57a2d4851a1d" />
    <TestEntry testId="80a0bac5-c07c-3780-702d-6f55aac8baf4" executionId="757947bb-3cb9-4d7d-81fd-d9784eca13b6" testListId="8c84fa94-04c1-424b-9868-57a2d4851a1d" />
    <TestEntry testId="d43e622b-80b5-c9ac-a27e-f80418680e80" executionId="e8e2542f-3c24-493a-bd87-8ef8e05ada52" testListId="8c84fa94-04c1-424b-9868-57a2d4851a1d" />
    <TestEntry testId="f5242c50-e4a6-e1c1-3b1f-51f374c81842" executionId="5a68f480-7495-43b4-8621-ef53745f98c3" testListId="8c84fa94-04c1-424b-9868-57a2d4851a1d" />
    <TestEntry testId="945b037d-189c-6619-8847-76eb2abc73f5" executionId="d95ead76-7bb8-4bc0-84df-8837728d857a" testListId="8c84fa94-04c1-424b-9868-57a2d4851a1d" />
    <TestEntry testId="74ca14a1-d085-28fe-fa5b-6ef7600c66df" executionId="c5ea037c-4fce-4a50-93a7-53767db32eaf" testListId="8c84fa94-04c1-424b-9868-57a2d4851a1d" />
    <TestEntry testId="e7fbf797-1c8b-40a8-5802-94e1c2247ec4" executionId="7529cd09-787c-40a4-a957-15022b3d869f" testListId="8c84fa94-04c1-424b-9868-57a2d4851a1d" />
    <TestEntry testId="e5ae615b-ab6b-72cd-fa0e-190961277a90" executionId="35bfb7a1-6edb-442a-8c8c-cdc009f74926" testListId="8c84fa94-04c1-424b-9868-57a2d4851a1d" />
    <TestEntry testId="4df513fa-06da-d378-51b3-9b3f4db836e9" executionId="d5134f65-15da-4ee1-978d-d30c1b41e583" testListId="8c84fa94-04c1-424b-9868-57a2d4851a1d" />
    <TestEntry testId="cb6ce52b-7bea-1e6a-7d5e-d9535abaf226" executionId="57a0c704-08d3-4070-a01e-9ad281ba4b89" testListId="8c84fa94-04c1-424b-9868-57a2d4851a1d" />
    <TestEntry testId="d53cf83b-8142-2338-f6e6-0bc959756026" executionId="b87a6644-1fae-42de-b9fe-81081d8e5419" testListId="8c84fa94-04c1-424b-9868-57a2d4851a1d" />
    <TestEntry testId="f0a394d4-4819-27b9-6bd6-c7b6d05ff9b1" executionId="151899a1-1839-47f1-8d1b-7d841de08f9e" testListId="8c84fa94-04c1-424b-9868-57a2d4851a1d" />
    <TestEntry testId="f9541ca4-60fe-9ed3-8824-372402ffc4db" executionId="e109204c-5ffd-4ef7-819d-5e5e2ac57e75" testListId="8c84fa94-04c1-424b-9868-57a2d4851a1d" />
    <TestEntry testId="4077de25-cbee-579a-4699-0ae692e85bd0" executionId="06e8fafe-cb4b-43eb-8aed-4dea13739606" testListId="8c84fa94-04c1-424b-9868-57a2d4851a1d" />
    <TestEntry testId="37f0fb93-41be-1b14-e0b2-a8e3a7ec50f4" executionId="f375cc7b-2f8b-49dc-8a2e-10049b174537" testListId="8c84fa94-04c1-424b-9868-57a2d4851a1d" />
    <TestEntry testId="8aa2ee32-518f-b5cd-f84a-61356cb78dc0" executionId="56aa671a-0b3d-4ad4-8597-6166a0dd0fb2" testListId="8c84fa94-04c1-424b-9868-57a2d4851a1d" />
  </TestEntries>
  <TestLists>
    <TestList name="Ergebnisse nicht in einer Liste" id="8c84fa94-04c1-424b-9868-57a2d4851a1d" />
    <TestList name="Alle geladenen Ergebnisse" id="19431567-8539-422a-85d7-44ee4e166bda" />
  </TestLists>
  <ResultSummary outcome="Completed">
    <Counters total="48" executed="48" passed="48" failed="0" error="0" timeout="0" aborted="0" inconclusive="0" passedButRunAborted="0" notRunnable="0" notExecuted="0" disconnected="0" warning="0" completed="0" inProgress="0" pending="0" />
    <Output>
      <StdOut>NUnit Adapter 3.16.1.0: Test execution started&#xD;
Running all tests in C:\Users\JoachimWagner\Documents\Projekte\Bundesbank\DataImport\RepoLendImportTests\bin\Debug\netcoreapp2.1\RepoLendImportTests.dll&#xD;
   NUnit3TestExecutor converted 48 of 48 NUnit test cases&#xD;
NUnit Adapter 3.16.1.0: Test execution complete&#xD;
</StdOut>
    </Output>
    <CollectorDataEntries>
      <Collector agentName="KEPLER" uri="datacollector://microsoft/CodeCoverage/2.0" collectorDisplayName="Code Coverage">
        <UriAttachments>
          <UriAttachment>
            <A href="KEPLER\JoachimWagner_KEPLER_2021-07-20.10_45_31.coverage"></A>
          </UriAttachment>
        </UriAttachments>
      </Collector>
    </CollectorDataEntries>
  </ResultSummary>
</TestRun>