<?xml version="1.0" encoding="utf-8"?>
<TestRun id="303e4057-ac95-4c12-8b4c-de1b3d34286f" name="JoachimWagner@KEPLER 2021-07-20 10:08:29" runUser="AzureAD\JoachimWagner" xmlns="http://microsoft.com/schemas/VisualStudio/TeamTest/2010">
  <Times creation="2021-07-20T10:08:29.3311648+02:00" queuing="2021-07-20T10:08:29.3311654+02:00" start="2021-07-20T10:08:25.0432455+02:00" finish="2021-07-20T10:08:29.6281323+02:00" />
  <TestSettings name="default" id="2de68c1d-e209-4a0c-8517-dc358958cd25">
    <Deployment runDeploymentRoot="JoachimWagner_KEPLER_2021-07-20_10_08_29" />
  </TestSettings>
  <Results>
    <UnitTestResult executionId="19d5bb06-55b9-4853-854a-c510f6eb56c4" testId="e40343f3-991e-f446-62f6-1a9ecc3c632f" testName="Check_ReartIsRpevAndIntrefrcWithDifferentLfzb_ReturnsCorrectAlert" computerName="KEPLER" duration="00:00:00.0020000" startTime="2021-07-20T10:08:29.0000000+02:00" endTime="2021-07-20T10:08:29.0000000+02:00" testType="13cdc9d9-ddb5-4fa4-a97d-d965ccfc6d4b" outcome="Passed" testListId="8c84fa94-04c1-424b-9868-57a2d4851a1d" relativeResultsDirectory="19d5bb06-55b9-4853-854a-c510f6eb56c4" />
    <UnitTestResult executionId="371aa00d-97b6-4eb1-9dca-9598be091f1c" testId="343af390-b46b-ff46-9ce6-f669b4fa33c7" testName="Check_UnusualDayCount_ReturnsCorrectAlert" computerName="KEPLER" duration="00:00:00.0000001" startTime="2021-07-20T10:08:29.0000000+02:00" endTime="2021-07-20T10:08:29.0000000+02:00" testType="13cdc9d9-ddb5-4fa4-a97d-d965ccfc6d4b" outcome="Passed" testListId="8c84fa94-04c1-424b-9868-57a2d4851a1d" relativeResultsDirectory="371aa00d-97b6-4eb1-9dca-9598be091f1c" />
    <UnitTestResult executionId="8fbe807d-3c99-4945-9e76-a36240cc4651" testId="310ca7f5-760e-bff5-2f81-a60db0a6099c" testName="Check_TwoDtosAreNotValid_ReturnsAllAlerts" computerName="KEPLER" duration="00:00:00.0010000" startTime="2021-07-20T10:08:29.0000000+02:00" endTime="2021-07-20T10:08:29.0000000+02:00" testType="13cdc9d9-ddb5-4fa4-a97d-d965ccfc6d4b" outcome="Passed" testListId="8c84fa94-04c1-424b-9868-57a2d4851a1d" relativeResultsDirectory="8fbe807d-3c99-4945-9e76-a36240cc4651" />
    <UnitTestResult executionId="2378d1d5-27f1-4c60-af4e-92fda33aab57" testId="7cb44998-806a-76bb-2cac-16f4158a9a76" testName="Check_LaufzeitUngleichZinstage_ReturnsCorrectAlert" computerName="KEPLER" duration="00:00:00.0010000" startTime="2021-07-20T10:08:29.0000000+02:00" endTime="2021-07-20T10:08:29.0000000+02:00" testType="13cdc9d9-ddb5-4fa4-a97d-d965ccfc6d4b" outcome="Passed" testListId="8c84fa94-04c1-424b-9868-57a2d4851a1d" relativeResultsDirectory="2378d1d5-27f1-4c60-af4e-92fda33aab57" />
    <UnitTestResult executionId="ef18c054-5d58-49d1-b71c-e71991b3065c" testId="32db0390-2895-05b5-b4db-a03bafd5e412" testName="Check_ValutaNachFaelligkeit_ReturnsCorrectAlert" computerName="KEPLER" duration="00:00:00.0010000" startTime="2021-07-20T10:08:29.0000000+02:00" endTime="2021-07-20T10:08:29.0000000+02:00" testType="13cdc9d9-ddb5-4fa4-a97d-d965ccfc6d4b" outcome="Passed" testListId="8c84fa94-04c1-424b-9868-57a2d4851a1d" relativeResultsDirectory="ef18c054-5d58-49d1-b71c-e71991b3065c" />
    <UnitTestResult executionId="72313bbf-5164-4700-90da-78ec131353e2" testId="37f0fb93-41be-1b14-e0b2-a8e3a7ec50f4" testName="Check_ReartIsRpevAndIntrefrcIsEmpty_ReturnsCorrectAlert" computerName="KEPLER" duration="00:00:00.0010000" startTime="2021-07-20T10:08:29.0000000+02:00" endTime="2021-07-20T10:08:29.0000000+02:00" testType="13cdc9d9-ddb5-4fa4-a97d-d965ccfc6d4b" outcome="Passed" testListId="8c84fa94-04c1-424b-9868-57a2d4851a1d" relativeResultsDirectory="72313bbf-5164-4700-90da-78ec131353e2" />
    <UnitTestResult executionId="7ad5a7b2-4a13-49ca-ba0f-ceb4944a1b88" testId="d779a0a0-02ae-d767-2d29-0670c263b2a4" testName="Check_IntrefrcIsNotValid_ReturnsCorrectAlert" computerName="KEPLER" duration="00:00:00.0010000" startTime="2021-07-20T10:08:29.0000000+02:00" endTime="2021-07-20T10:08:29.0000000+02:00" testType="13cdc9d9-ddb5-4fa4-a97d-d965ccfc6d4b" outcome="Passed" testListId="8c84fa94-04c1-424b-9868-57a2d4851a1d" relativeResultsDirectory="7ad5a7b2-4a13-49ca-ba0f-ceb4944a1b88" />
    <UnitTestResult executionId="15cc8394-c2b2-4f65-8bf1-54e884dcbf0e" testId="74ca14a1-d085-28fe-fa5b-6ef7600c66df" testName="Check_ReartIsRpevAndIntrefrcWithDifferentLfzv_ReturnsCorrectAlert" computerName="KEPLER" duration="00:00:00.0010000" startTime="2021-07-20T10:08:29.0000000+02:00" endTime="2021-07-20T10:08:29.0000000+02:00" testType="13cdc9d9-ddb5-4fa4-a97d-d965ccfc6d4b" outcome="Passed" testListId="8c84fa94-04c1-424b-9868-57a2d4851a1d" relativeResultsDirectory="15cc8394-c2b2-4f65-8bf1-54e884dcbf0e" />
    <UnitTestResult executionId="b8cbb629-5573-42b0-91fe-72d2d8a29809" testId="ef3be56c-94ed-c047-8d3c-6f8977bd21d2" testName="Check_Ab1AndAb2AndInterestAreNotConsistent_ReturnsCorrectAlert" computerName="KEPLER" duration="00:00:00.0470000" startTime="2021-07-20T10:08:29.0000000+02:00" endTime="2021-07-20T10:08:29.0000000+02:00" testType="13cdc9d9-ddb5-4fa4-a97d-d965ccfc6d4b" outcome="Passed" testListId="8c84fa94-04c1-424b-9868-57a2d4851a1d" relativeResultsDirectory="b8cbb629-5573-42b0-91fe-72d2d8a29809" />
    <UnitTestResult executionId="2d074708-213b-42a8-a679-60f9a62e702d" testId="e7fbf797-1c8b-40a8-5802-94e1c2247ec4" testName="Check_Storno1UndStatbFreigegeben_ReturnsCorrectAlert" computerName="KEPLER" duration="00:00:00.0010000" startTime="2021-07-20T10:08:29.0000000+02:00" endTime="2021-07-20T10:08:29.0000000+02:00" testType="13cdc9d9-ddb5-4fa4-a97d-d965ccfc6d4b" outcome="Passed" testListId="8c84fa94-04c1-424b-9868-57a2d4851a1d" relativeResultsDirectory="2d074708-213b-42a8-a679-60f9a62e702d" />
    <UnitTestResult executionId="cc6affef-60f7-4b25-a16d-7557d2a73a07" testId="cb6ce52b-7bea-1e6a-7d5e-d9535abaf226" testName="Check_TwoPropertiesAreNotValid_ReturnsTwoAlerts" computerName="KEPLER" duration="00:00:00.0010000" startTime="2021-07-20T10:08:29.0000000+02:00" endTime="2021-07-20T10:08:29.0000000+02:00" testType="13cdc9d9-ddb5-4fa4-a97d-d965ccfc6d4b" outcome="Passed" testListId="8c84fa94-04c1-424b-9868-57a2d4851a1d" relativeResultsDirectory="cc6affef-60f7-4b25-a16d-7557d2a73a07" />
    <UnitTestResult executionId="d0448cc6-5050-4048-ab77-af71dcda665a" testId="3b46335a-f906-0dba-67c3-44e854aa58e8" testName="Transform_ReturnsEqualPortfolioNosForRelatedTrades" computerName="KEPLER" duration="00:00:00.0040000" startTime="2021-07-20T10:08:29.0000000+02:00" endTime="2021-07-20T10:08:29.0000000+02:00" testType="13cdc9d9-ddb5-4fa4-a97d-d965ccfc6d4b" outcome="Passed" testListId="8c84fa94-04c1-424b-9868-57a2d4851a1d" relativeResultsDirectory="d0448cc6-5050-4048-ab77-af71dcda665a" />
    <UnitTestResult executionId="0de8ce55-68e3-40de-b5d1-3f9b12b714f6" testId="53b032d3-d2df-78a9-1eed-513c801f548d" testName="Transform_InputDtoWithGetPropertyValueByCounterpartyReturnsEmpty_ReturnsCorrectResult" computerName="KEPLER" duration="00:00:00.0030000" startTime="2021-07-20T10:08:29.0000000+02:00" endTime="2021-07-20T10:08:29.0000000+02:00" testType="13cdc9d9-ddb5-4fa4-a97d-d965ccfc6d4b" outcome="Passed" testListId="8c84fa94-04c1-424b-9868-57a2d4851a1d" relativeResultsDirectory="0de8ce55-68e3-40de-b5d1-3f9b12b714f6" />
    <UnitTestResult executionId="43f29f87-6e9b-4f8e-ac1d-95b5fd398b0c" testId="92a9a05b-7751-0b61-9bce-ef21ab6515d7" testName="Check_SomePropertyCombinationsInvalid_ReturnsCorrectAlerts" computerName="KEPLER" duration="00:00:00.0050000" startTime="2021-07-20T10:08:29.0000000+02:00" endTime="2021-07-20T10:08:29.0000000+02:00" testType="13cdc9d9-ddb5-4fa4-a97d-d965ccfc6d4b" outcome="Passed" testListId="8c84fa94-04c1-424b-9868-57a2d4851a1d" relativeResultsDirectory="43f29f87-6e9b-4f8e-ac1d-95b5fd398b0c" />
    <UnitTestResult executionId="778aa65a-2507-4592-82b2-aa2b9d012a3b" testId="4df513fa-06da-d378-51b3-9b3f4db836e9" testName="Check_RepoLendNoFoundInTblRepoLend_ReturnsCorrectAlert" computerName="KEPLER" duration="00:00:00.9150000" startTime="2021-07-20T10:08:28.0000000+02:00" endTime="2021-07-20T10:08:29.0000000+02:00" testType="13cdc9d9-ddb5-4fa4-a97d-d965ccfc6d4b" outcome="Passed" testListId="8c84fa94-04c1-424b-9868-57a2d4851a1d" relativeResultsDirectory="778aa65a-2507-4592-82b2-aa2b9d012a3b" />
    <UnitTestResult executionId="547a7cfa-8322-409a-922d-787367e18797" testId="f3e52058-e095-79d5-875e-98a9d8638798" testName="Check_BelegIsDuplicate_ReturnsCorrectAlert" computerName="KEPLER" duration="00:00:00.0050000" startTime="2021-07-20T10:08:29.0000000+02:00" endTime="2021-07-20T10:08:29.0000000+02:00" testType="13cdc9d9-ddb5-4fa4-a97d-d965ccfc6d4b" outcome="Passed" testListId="8c84fa94-04c1-424b-9868-57a2d4851a1d" relativeResultsDirectory="547a7cfa-8322-409a-922d-787367e18797" />
    <UnitTestResult executionId="c1e3b720-cbfc-4a43-ae5c-fb5171922e19" testId="f0a394d4-4819-27b9-6bd6-c7b6d05ff9b1" testName="Check_ReartIsRpevAndIntrefrcWithWrongReart_ReturnsCorrectAlert" computerName="KEPLER" duration="00:00:00.0010000" startTime="2021-07-20T10:08:29.0000000+02:00" endTime="2021-07-20T10:08:29.0000000+02:00" testType="13cdc9d9-ddb5-4fa4-a97d-d965ccfc6d4b" outcome="Passed" testListId="8c84fa94-04c1-424b-9868-57a2d4851a1d" relativeResultsDirectory="c1e3b720-cbfc-4a43-ae5c-fb5171922e19" />
    <UnitTestResult executionId="c33e8752-6cb9-48f1-9dcc-e915be987368" testId="a8dc66c6-cdab-ae91-8ff5-81412196dfbe" testName="Check_ReartIsNotValid_ReturnsCorrectAlert" computerName="KEPLER" duration="00:00:00.0000001" startTime="2021-07-20T10:08:29.0000000+02:00" endTime="2021-07-20T10:08:29.0000000+02:00" testType="13cdc9d9-ddb5-4fa4-a97d-d965ccfc6d4b" outcome="Passed" testListId="8c84fa94-04c1-424b-9868-57a2d4851a1d" relativeResultsDirectory="c33e8752-6cb9-48f1-9dcc-e915be987368" />
    <UnitTestResult executionId="6955e569-6cfe-4ba0-bce8-b0aac6a267fe" testId="6b87a63b-553f-3360-3c21-0937d96624ab" testName="Check_BelegIsNotValid_ReturnsCorrectAlert" computerName="KEPLER" duration="00:00:00.0010000" startTime="2021-07-20T10:08:29.0000000+02:00" endTime="2021-07-20T10:08:29.0000000+02:00" testType="13cdc9d9-ddb5-4fa4-a97d-d965ccfc6d4b" outcome="Passed" testListId="8c84fa94-04c1-424b-9868-57a2d4851a1d" relativeResultsDirectory="6955e569-6cfe-4ba0-bce8-b0aac6a267fe" />
    <UnitTestResult executionId="dabf26c8-58c5-405b-9145-c13047cef8ee" testId="d43e622b-80b5-c9ac-a27e-f80418680e80" testName="Check_ReartIsRpekAndAb1IsNotSumOfAb1OfRpevs_ReturnsCorrectAlert" computerName="KEPLER" duration="00:00:00.0020000" startTime="2021-07-20T10:08:29.0000000+02:00" endTime="2021-07-20T10:08:29.0000000+02:00" testType="13cdc9d9-ddb5-4fa4-a97d-d965ccfc6d4b" outcome="Passed" testListId="8c84fa94-04c1-424b-9868-57a2d4851a1d" relativeResultsDirectory="dabf26c8-58c5-405b-9145-c13047cef8ee" />
    <UnitTestResult executionId="1e62a057-a796-478a-9aab-513e795ad5c2" testId="46ac35e9-46fe-6e8e-53cf-d897e294fa7c" testName="Transform_InputDtoWithQueries_ReturnsCorrectResult" computerName="KEPLER" duration="00:00:00.0040000" startTime="2021-07-20T10:08:29.0000000+02:00" endTime="2021-07-20T10:08:29.0000000+02:00" testType="13cdc9d9-ddb5-4fa4-a97d-d965ccfc6d4b" outcome="Passed" testListId="8c84fa94-04c1-424b-9868-57a2d4851a1d" relativeResultsDirectory="1e62a057-a796-478a-9aab-513e795ad5c2" />
    <UnitTestResult executionId="579c7756-f93c-4c7a-842d-53c9a81df5be" testId="4c523ea7-ca8b-7b99-b7a9-cd9e014a6818" testName="Transform_InputDtoWithIntrefrcIsNotEmpty_ReturnsCorrectResult" computerName="KEPLER" duration="00:00:00.0010000" startTime="2021-07-20T10:08:29.0000000+02:00" endTime="2021-07-20T10:08:29.0000000+02:00" testType="13cdc9d9-ddb5-4fa4-a97d-d965ccfc6d4b" outcome="Passed" testListId="8c84fa94-04c1-424b-9868-57a2d4851a1d" relativeResultsDirectory="579c7756-f93c-4c7a-842d-53c9a81df5be" />
    <UnitTestResult executionId="23b2f447-2b1f-4f8f-85e6-5d5bd2bd3593" testId="d53cf83b-8142-2338-f6e6-0bc959756026" testName="Check_LfzbIsBeforeBetrachtungstag_ReturnsCorrectAlert" computerName="KEPLER" duration="00:00:00.0010000" startTime="2021-07-20T10:08:29.0000000+02:00" endTime="2021-07-20T10:08:29.0000000+02:00" testType="13cdc9d9-ddb5-4fa4-a97d-d965ccfc6d4b" outcome="Passed" testListId="8c84fa94-04c1-424b-9868-57a2d4851a1d" relativeResultsDirectory="23b2f447-2b1f-4f8f-85e6-5d5bd2bd3593" />
    <UnitTestResult executionId="d31270ce-1a9e-41e4-99f7-7d78ebe2a6ba" testId="e8123387-a16c-4cda-6102-c2ca1aa32a55" testName="Check_Storno_ReturnsNoAlert" computerName="KEPLER" duration="00:00:00.0020000" startTime="2021-07-20T10:08:29.0000000+02:00" endTime="2021-07-20T10:08:29.0000000+02:00" testType="13cdc9d9-ddb5-4fa4-a97d-d965ccfc6d4b" outcome="Passed" testListId="8c84fa94-04c1-424b-9868-57a2d4851a1d" relativeResultsDirectory="d31270ce-1a9e-41e4-99f7-7d78ebe2a6ba" />
    <UnitTestResult executionId="cd8a9741-3999-4c7f-983a-9b1495da1bdc" testId="753513be-283b-2faa-caf1-1aed025a0b31" testName="Check_ReartIsRpevAndIntrefrcNotFoundInBeleg_ReturnsCorrectAlert" computerName="KEPLER" duration="00:00:00.0010000" startTime="2021-07-20T10:08:29.0000000+02:00" endTime="2021-07-20T10:08:29.0000000+02:00" testType="13cdc9d9-ddb5-4fa4-a97d-d965ccfc6d4b" outcome="Passed" testListId="8c84fa94-04c1-424b-9868-57a2d4851a1d" relativeResultsDirectory="cd8a9741-3999-4c7f-983a-9b1495da1bdc" />
    <UnitTestResult executionId="12e7f1d5-0121-4a79-afe3-d2d93d74d287" testId="8c92c515-c14b-8438-cbe0-b1712098df6f" testName="Check_DtosAreValid_ReturnsNoAlerts" computerName="KEPLER" duration="00:00:00.0010000" startTime="2021-07-20T10:08:29.0000000+02:00" endTime="2021-07-20T10:08:29.0000000+02:00" testType="13cdc9d9-ddb5-4fa4-a97d-d965ccfc6d4b" outcome="Passed" testListId="8c84fa94-04c1-424b-9868-57a2d4851a1d" relativeResultsDirectory="12e7f1d5-0121-4a79-afe3-d2d93d74d287" />
    <UnitTestResult executionId="c2744369-30c1-4b62-b715-3240df0bf162" testId="a89724b7-5a9d-8e74-640f-94619edcb3e6" testName="Check_StornoIsNotValid_ReturnsCorrectAlert" computerName="KEPLER" duration="00:00:00.0000001" startTime="2021-07-20T10:08:29.0000000+02:00" endTime="2021-07-20T10:08:29.0000000+02:00" testType="13cdc9d9-ddb5-4fa4-a97d-d965ccfc6d4b" outcome="Passed" testListId="8c84fa94-04c1-424b-9868-57a2d4851a1d" relativeResultsDirectory="c2744369-30c1-4b62-b715-3240df0bf162" />
    <UnitTestResult executionId="5e4f8a91-3c54-4235-8947-179744673ded" testId="b5648cee-4bbf-b03b-bd60-3bbff58564a7" testName="Check_DatumabIsBeforeBetrachtungstagMinus21_ReturnsCorrectAlert" computerName="KEPLER" duration="00:00:00.0000001" startTime="2021-07-20T10:08:29.0000000+02:00" endTime="2021-07-20T10:08:29.0000000+02:00" testType="13cdc9d9-ddb5-4fa4-a97d-d965ccfc6d4b" outcome="Passed" testListId="8c84fa94-04c1-424b-9868-57a2d4851a1d" relativeResultsDirectory="5e4f8a91-3c54-4235-8947-179744673ded" />
    <UnitTestResult executionId="4e027fbf-220b-4039-b2cf-73d2c470ae62" testId="8aa2ee32-518f-b5cd-f84a-61356cb78dc0" testName="Transform_InputDtoWithoutQueries_ReturnsCorrectResult" computerName="KEPLER" duration="00:00:00.0170000" startTime="2021-07-20T10:08:29.0000000+02:00" endTime="2021-07-20T10:08:29.0000000+02:00" testType="13cdc9d9-ddb5-4fa4-a97d-d965ccfc6d4b" outcome="Passed" testListId="8c84fa94-04c1-424b-9868-57a2d4851a1d" relativeResultsDirectory="4e027fbf-220b-4039-b2cf-73d2c470ae62" />
    <UnitTestResult executionId="c8625889-109d-452c-9fdd-70a5dcd719bb" testId="369efccc-352a-528b-d8f5-764e67be203c" testName="Transform_InterestCalculationCallsService_ReturnsCorrectResult" computerName="KEPLER" duration="00:00:00.0040000" startTime="2021-07-20T10:08:29.0000000+02:00" endTime="2021-07-20T10:08:29.0000000+02:00" testType="13cdc9d9-ddb5-4fa4-a97d-d965ccfc6d4b" outcome="Passed" testListId="8c84fa94-04c1-424b-9868-57a2d4851a1d" relativeResultsDirectory="c8625889-109d-452c-9fdd-70a5dcd719bb" />
    <UnitTestResult executionId="08df2ea5-162d-4851-b7b7-85b0ee1c15ef" testId="fc97e396-9155-71bb-2cf0-89d5d718587d" testName="Check_SnrkIsMissing_ReturnsCorrectAlert" computerName="KEPLER" duration="00:00:00.0000001" startTime="2021-07-20T10:08:29.0000000+02:00" endTime="2021-07-20T10:08:29.0000000+02:00" testType="13cdc9d9-ddb5-4fa4-a97d-d965ccfc6d4b" outcome="Passed" testListId="8c84fa94-04c1-424b-9868-57a2d4851a1d" relativeResultsDirectory="08df2ea5-162d-4851-b7b7-85b0ee1c15ef" />
    <UnitTestResult executionId="4e06602a-8146-4255-baf2-d319c90b8436" testId="14acd5c3-e908-3aec-2946-f44f99f17826" testName="Check_BelegIsMissing_ReturnsCorrectAlert" computerName="KEPLER" duration="00:00:00.0250000" startTime="2021-07-20T10:08:29.0000000+02:00" endTime="2021-07-20T10:08:29.0000000+02:00" testType="13cdc9d9-ddb5-4fa4-a97d-d965ccfc6d4b" outcome="Passed" testListId="8c84fa94-04c1-424b-9868-57a2d4851a1d" relativeResultsDirectory="4e06602a-8146-4255-baf2-d319c90b8436" />
    <UnitTestResult executionId="9f24be85-c87a-472a-8a9a-68339003b8fa" testId="3fe7d41a-0ab3-5bab-4efc-570bf9375b6e" testName="Check_WpnrIsNotValid_ReturnsCorrectAlert" computerName="KEPLER" duration="00:00:00.0000001" startTime="2021-07-20T10:08:29.0000000+02:00" endTime="2021-07-20T10:08:29.0000000+02:00" testType="13cdc9d9-ddb5-4fa4-a97d-d965ccfc6d4b" outcome="Passed" testListId="8c84fa94-04c1-424b-9868-57a2d4851a1d" relativeResultsDirectory="9f24be85-c87a-472a-8a9a-68339003b8fa" />
    <UnitTestResult executionId="cfa00f76-7d38-4af7-8ac9-3e07672fabe9" testId="fcd05b96-b92e-d7f2-527b-b5f44df1b089" testName="Check_ValutaGleichFaelligkeit_ReturnsCorrectAlert" computerName="KEPLER" duration="00:00:00.0010000" startTime="2021-07-20T10:08:29.0000000+02:00" endTime="2021-07-20T10:08:29.0000000+02:00" testType="13cdc9d9-ddb5-4fa4-a97d-d965ccfc6d4b" outcome="Passed" testListId="8c84fa94-04c1-424b-9868-57a2d4851a1d" relativeResultsDirectory="cfa00f76-7d38-4af7-8ac9-3e07672fabe9" />
    <UnitTestResult executionId="44356d7b-14ef-4504-9ed1-98bc6450d81e" testId="f9541ca4-60fe-9ed3-8824-372402ffc4db" testName="Check_SnrIsMissing_ReturnsCorrectAlert" computerName="KEPLER" duration="00:00:00.0010000" startTime="2021-07-20T10:08:29.0000000+02:00" endTime="2021-07-20T10:08:29.0000000+02:00" testType="13cdc9d9-ddb5-4fa4-a97d-d965ccfc6d4b" outcome="Passed" testListId="8c84fa94-04c1-424b-9868-57a2d4851a1d" relativeResultsDirectory="44356d7b-14ef-4504-9ed1-98bc6450d81e" />
    <UnitTestResult executionId="42167478-0afc-4bdf-8f7c-b639a2b61c03" testId="80a0bac5-c07c-3780-702d-6f55aac8baf4" testName="Check_ReartIsRpevAndIntrefrcWithDifferentDatumab_ReturnsCorrectAlert" computerName="KEPLER" duration="00:00:00.0010000" startTime="2021-07-20T10:08:29.0000000+02:00" endTime="2021-07-20T10:08:29.0000000+02:00" testType="13cdc9d9-ddb5-4fa4-a97d-d965ccfc6d4b" outcome="Passed" testListId="8c84fa94-04c1-424b-9868-57a2d4851a1d" relativeResultsDirectory="42167478-0afc-4bdf-8f7c-b639a2b61c03" />
    <UnitTestResult executionId="1a42c539-70e7-48b7-8df2-160cd8f7c866" testId="885a3641-4c76-1c22-9afb-f455f0d473ad" testName="Check_DtosAreValid_ReturnsNoAlerts" computerName="KEPLER" duration="00:00:00.0010000" startTime="2021-07-20T10:08:29.0000000+02:00" endTime="2021-07-20T10:08:29.0000000+02:00" testType="13cdc9d9-ddb5-4fa4-a97d-d965ccfc6d4b" outcome="Passed" testListId="8c84fa94-04c1-424b-9868-57a2d4851a1d" relativeResultsDirectory="1a42c539-70e7-48b7-8df2-160cd8f7c866" />
    <UnitTestResult executionId="628ccdd1-e405-4712-8677-6ac75f730b0c" testId="945b037d-189c-6619-8847-76eb2abc73f5" testName="Check_ReartIsRpevAndIntrefrcWithDifferentSnrk_ReturnsCorrectAlert" computerName="KEPLER" duration="00:00:00.0010000" startTime="2021-07-20T10:08:29.0000000+02:00" endTime="2021-07-20T10:08:29.0000000+02:00" testType="13cdc9d9-ddb5-4fa4-a97d-d965ccfc6d4b" outcome="Passed" testListId="8c84fa94-04c1-424b-9868-57a2d4851a1d" relativeResultsDirectory="628ccdd1-e405-4712-8677-6ac75f730b0c" />
    <UnitTestResult executionId="6b81eaa8-a104-43fb-8327-82a2fbc8cbb5" testId="e5ae615b-ab6b-72cd-fa0e-190961277a90" testName="Check_ReartbezIsNotValid_ReturnsCorrectAlert" computerName="KEPLER" duration="00:00:00.0000001" startTime="2021-07-20T10:08:29.0000000+02:00" endTime="2021-07-20T10:08:29.0000000+02:00" testType="13cdc9d9-ddb5-4fa4-a97d-d965ccfc6d4b" outcome="Passed" testListId="8c84fa94-04c1-424b-9868-57a2d4851a1d" relativeResultsDirectory="6b81eaa8-a104-43fb-8327-82a2fbc8cbb5" />
    <UnitTestResult executionId="55a394f0-a3e0-488a-85ee-b67fccef1482" testId="ed0b9e76-bae5-9f28-f58d-e69846871bb1" testName="Check_WhguIsNotValid_ReturnsCorrectAlert" computerName="KEPLER" duration="00:00:00.0000001" startTime="2021-07-20T10:08:29.0000000+02:00" endTime="2021-07-20T10:08:29.0000000+02:00" testType="13cdc9d9-ddb5-4fa4-a97d-d965ccfc6d4b" outcome="Passed" testListId="8c84fa94-04c1-424b-9868-57a2d4851a1d" relativeResultsDirectory="55a394f0-a3e0-488a-85ee-b67fccef1482" />
    <UnitTestResult executionId="ecc2a0a3-595f-4dde-846b-3c6c8eb8b0e1" testId="3c76c4f8-b752-b5ae-7d11-1d18ad8f4efb" testName="Check_DenrIsMissing_ReturnsCorrectAlert" computerName="KEPLER" duration="00:00:00.0000001" startTime="2021-07-20T10:08:29.0000000+02:00" endTime="2021-07-20T10:08:29.0000000+02:00" testType="13cdc9d9-ddb5-4fa4-a97d-d965ccfc6d4b" outcome="Passed" testListId="8c84fa94-04c1-424b-9868-57a2d4851a1d" relativeResultsDirectory="ecc2a0a3-595f-4dde-846b-3c6c8eb8b0e1" />
    <UnitTestResult executionId="318681f6-7fc1-4580-8b94-d26ce88c2a13" testId="2723b988-abc3-918f-3d4d-d4973a476265" testName="Check_DtosAreValid_ReturnsNoAlerts" computerName="KEPLER" duration="00:00:00.0000001" startTime="2021-07-20T10:08:29.0000000+02:00" endTime="2021-07-20T10:08:29.0000000+02:00" testType="13cdc9d9-ddb5-4fa4-a97d-d965ccfc6d4b" outcome="Passed" testListId="8c84fa94-04c1-424b-9868-57a2d4851a1d" relativeResultsDirectory="318681f6-7fc1-4580-8b94-d26ce88c2a13" />
    <UnitTestResult executionId="fb7e3508-bd7e-464e-b0d4-b1dcebd3e428" testId="580f99e5-0fcb-fb17-664d-7ea4cb69fa9b" testName="Check_RepoLendNoNotFoundInTblRepoLend_ReturnsNoAlert" computerName="KEPLER" duration="00:00:00.0020000" startTime="2021-07-20T10:08:29.0000000+02:00" endTime="2021-07-20T10:08:29.0000000+02:00" testType="13cdc9d9-ddb5-4fa4-a97d-d965ccfc6d4b" outcome="Passed" testListId="8c84fa94-04c1-424b-9868-57a2d4851a1d" relativeResultsDirectory="fb7e3508-bd7e-464e-b0d4-b1dcebd3e428" />
    <UnitTestResult executionId="ef4ec2df-a02e-4d01-b690-83db0819a0ac" testId="305b212d-3908-dc68-eb2b-8809c2122082" testName="Check_StatbIsNotValid_ReturnsCorrectAlert" computerName="KEPLER" duration="00:00:00.0000001" startTime="2021-07-20T10:08:29.0000000+02:00" endTime="2021-07-20T10:08:29.0000000+02:00" testType="13cdc9d9-ddb5-4fa4-a97d-d965ccfc6d4b" outcome="Passed" testListId="8c84fa94-04c1-424b-9868-57a2d4851a1d" relativeResultsDirectory="ef4ec2df-a02e-4d01-b690-83db0819a0ac" />
    <UnitTestResult executionId="29501a8b-7724-499e-8806-c082056f2b0e" testId="4077de25-cbee-579a-4699-0ae692e85bd0" testName="Transform_InputDtoStornoIs1_ReturnsInstrumentTypeGLDLS" computerName="KEPLER" duration="00:00:00.0010000" startTime="2021-07-20T10:08:29.0000000+02:00" endTime="2021-07-20T10:08:29.0000000+02:00" testType="13cdc9d9-ddb5-4fa4-a97d-d965ccfc6d4b" outcome="Passed" testListId="8c84fa94-04c1-424b-9868-57a2d4851a1d" relativeResultsDirectory="29501a8b-7724-499e-8806-c082056f2b0e" />
    <UnitTestResult executionId="bd12b3dc-58c3-468c-b7b9-0563708dad0a" testId="ed2afc47-1f95-85e8-6276-04c75169d120" testName="Check_MarktKursIs0_ReturnsCorrectAlert" computerName="KEPLER" duration="00:00:00.0010000" startTime="2021-07-20T10:08:29.0000000+02:00" endTime="2021-07-20T10:08:29.0000000+02:00" testType="13cdc9d9-ddb5-4fa4-a97d-d965ccfc6d4b" outcome="Passed" testListId="8c84fa94-04c1-424b-9868-57a2d4851a1d" relativeResultsDirectory="bd12b3dc-58c3-468c-b7b9-0563708dad0a" />
    <UnitTestResult executionId="53a8c4a7-9d5b-49d5-9abb-5b78899b7569" testId="ef52c77d-2fcb-6515-62cc-56e4527cd05d" testName="Transform_InputDtoAb1IsPositive_ReturnsCorrectResult" computerName="KEPLER" duration="00:00:00.0130000" startTime="2021-07-20T10:08:29.0000000+02:00" endTime="2021-07-20T10:08:29.0000000+02:00" testType="13cdc9d9-ddb5-4fa4-a97d-d965ccfc6d4b" outcome="Passed" testListId="8c84fa94-04c1-424b-9868-57a2d4851a1d" relativeResultsDirectory="53a8c4a7-9d5b-49d5-9abb-5b78899b7569" />
    <UnitTestResult executionId="17d7af16-0967-4880-9af3-f7d89a6631e1" testId="f5242c50-e4a6-e1c1-3b1f-51f374c81842" testName="Check_StornoLeerUndStatbStorniert_ReturnsCorrectAlert" computerName="KEPLER" duration="00:00:00.0010000" startTime="2021-07-20T10:08:29.0000000+02:00" endTime="2021-07-20T10:08:29.0000000+02:00" testType="13cdc9d9-ddb5-4fa4-a97d-d965ccfc6d4b" outcome="Passed" testListId="8c84fa94-04c1-424b-9868-57a2d4851a1d" relativeResultsDirectory="17d7af16-0967-4880-9af3-f7d89a6631e1" />
  </Results>
  <TestDefinitions>
    <UnitTest name="Check_DtosAreValid_ReturnsNoAlerts" storage="c:\users\joachimwagner\documents\projekte\bundesbank\dataimport\repolendimporttests\bin\debug\netcoreapp2.1\repolendimporttests.dll" id="8c92c515-c14b-8438-cbe0-b1712098df6f">
      <Execution id="12e7f1d5-0121-4a79-afe3-d2d93d74d287" />
      <TestMethod codeBase="C:\Users\JoachimWagner\Documents\Projekte\Bundesbank\DataImport\RepoLendImportTests\bin\Debug\netcoreapp2.1\RepoLendImportTests.dll" adapterTypeName="executor://nunit3testexecutor/" className="BBk.Rc1.Ricis.DataImport.RepoLendImport.Services.Tests.RepoLendMultiFieldCheckServiceTests" name="Check_DtosAreValid_ReturnsNoAlerts" />
    </UnitTest>
    <UnitTest name="Check_DtosAreValid_ReturnsNoAlerts" storage="c:\users\joachimwagner\documents\projekte\bundesbank\dataimport\repolendimporttests\bin\debug\netcoreapp2.1\repolendimporttests.dll" id="885a3641-4c76-1c22-9afb-f455f0d473ad">
      <Execution id="1a42c539-70e7-48b7-8df2-160cd8f7c866" />
      <TestMethod codeBase="C:\Users\JoachimWagner\Documents\Projekte\Bundesbank\DataImport\RepoLendImportTests\bin\Debug\netcoreapp2.1\RepoLendImportTests.dll" adapterTypeName="executor://nunit3testexecutor/" className="BBk.Rc1.Ricis.DataImport.RepoLendImport.Services.Tests.RepoLendMultiRecordCheckServiceTests" name="Check_DtosAreValid_ReturnsNoAlerts" />
    </UnitTest>
    <UnitTest name="Check_LfzbIsBeforeBetrachtungstag_ReturnsCorrectAlert" storage="c:\users\joachimwagner\documents\projekte\bundesbank\dataimport\repolendimporttests\bin\debug\netcoreapp2.1\repolendimporttests.dll" id="d53cf83b-8142-2338-f6e6-0bc959756026">
      <Execution id="23b2f447-2b1f-4f8f-85e6-5d5bd2bd3593" />
      <TestMethod codeBase="C:\Users\JoachimWagner\Documents\Projekte\Bundesbank\DataImport\RepoLendImportTests\bin\Debug\netcoreapp2.1\RepoLendImportTests.dll" adapterTypeName="executor://nunit3testexecutor/" className="BBk.Rc1.Ricis.DataImport.RepoLendImport.Services.Tests.RepoLendFieldCheckServiceTests" name="Check_LfzbIsBeforeBetrachtungstag_ReturnsCorrectAlert" />
    </UnitTest>
    <UnitTest name="Check_StornoLeerUndStatbStorniert_ReturnsCorrectAlert" storage="c:\users\joachimwagner\documents\projekte\bundesbank\dataimport\repolendimporttests\bin\debug\netcoreapp2.1\repolendimporttests.dll" id="f5242c50-e4a6-e1c1-3b1f-51f374c81842">
      <Execution id="17d7af16-0967-4880-9af3-f7d89a6631e1" />
      <TestMethod codeBase="C:\Users\JoachimWagner\Documents\Projekte\Bundesbank\DataImport\RepoLendImportTests\bin\Debug\netcoreapp2.1\RepoLendImportTests.dll" adapterTypeName="executor://nunit3testexecutor/" className="BBk.Rc1.Ricis.DataImport.RepoLendImport.Services.Tests.RepoLendMultiFieldCheckServiceTests" name="Check_StornoLeerUndStatbStorniert_ReturnsCorrectAlert" />
    </UnitTest>
    <UnitTest name="Check_BelegIsNotValid_ReturnsCorrectAlert" storage="c:\users\joachimwagner\documents\projekte\bundesbank\dataimport\repolendimporttests\bin\debug\netcoreapp2.1\repolendimporttests.dll" id="6b87a63b-553f-3360-3c21-0937d96624ab">
      <Execution id="6955e569-6cfe-4ba0-bce8-b0aac6a267fe" />
      <TestMethod codeBase="C:\Users\JoachimWagner\Documents\Projekte\Bundesbank\DataImport\RepoLendImportTests\bin\Debug\netcoreapp2.1\RepoLendImportTests.dll" adapterTypeName="executor://nunit3testexecutor/" className="BBk.Rc1.Ricis.DataImport.RepoLendImport.Services.Tests.RepoLendFieldCheckServiceTests" name="Check_BelegIsNotValid_ReturnsCorrectAlert" />
    </UnitTest>
    <UnitTest name="Check_DenrIsMissing_ReturnsCorrectAlert" storage="c:\users\joachimwagner\documents\projekte\bundesbank\dataimport\repolendimporttests\bin\debug\netcoreapp2.1\repolendimporttests.dll" id="3c76c4f8-b752-b5ae-7d11-1d18ad8f4efb">
      <Execution id="ecc2a0a3-595f-4dde-846b-3c6c8eb8b0e1" />
      <TestMethod codeBase="C:\Users\JoachimWagner\Documents\Projekte\Bundesbank\DataImport\RepoLendImportTests\bin\Debug\netcoreapp2.1\RepoLendImportTests.dll" adapterTypeName="executor://nunit3testexecutor/" className="BBk.Rc1.Ricis.DataImport.RepoLendImport.Services.Tests.RepoLendFieldCheckServiceTests" name="Check_DenrIsMissing_ReturnsCorrectAlert" />
    </UnitTest>
    <UnitTest name="Check_TwoDtosAreNotValid_ReturnsAllAlerts" storage="c:\users\joachimwagner\documents\projekte\bundesbank\dataimport\repolendimporttests\bin\debug\netcoreapp2.1\repolendimporttests.dll" id="310ca7f5-760e-bff5-2f81-a60db0a6099c">
      <Execution id="8fbe807d-3c99-4945-9e76-a36240cc4651" />
      <TestMethod codeBase="C:\Users\JoachimWagner\Documents\Projekte\Bundesbank\DataImport\RepoLendImportTests\bin\Debug\netcoreapp2.1\RepoLendImportTests.dll" adapterTypeName="executor://nunit3testexecutor/" className="BBk.Rc1.Ricis.DataImport.RepoLendImport.Services.Tests.RepoLendFieldCheckServiceTests" name="Check_TwoDtosAreNotValid_ReturnsAllAlerts" />
    </UnitTest>
    <UnitTest name="Check_ReartIsRpevAndIntrefrcNotFoundInBeleg_ReturnsCorrectAlert" storage="c:\users\joachimwagner\documents\projekte\bundesbank\dataimport\repolendimporttests\bin\debug\netcoreapp2.1\repolendimporttests.dll" id="753513be-283b-2faa-caf1-1aed025a0b31">
      <Execution id="cd8a9741-3999-4c7f-983a-9b1495da1bdc" />
      <TestMethod codeBase="C:\Users\JoachimWagner\Documents\Projekte\Bundesbank\DataImport\RepoLendImportTests\bin\Debug\netcoreapp2.1\RepoLendImportTests.dll" adapterTypeName="executor://nunit3testexecutor/" className="BBk.Rc1.Ricis.DataImport.RepoLendImport.Services.Tests.RepoLendMultiRecordCheckServiceTests" name="Check_ReartIsRpevAndIntrefrcNotFoundInBeleg_ReturnsCorrectAlert" />
    </UnitTest>
    <UnitTest name="Check_DtosAreValid_ReturnsNoAlerts" storage="c:\users\joachimwagner\documents\projekte\bundesbank\dataimport\repolendimporttests\bin\debug\netcoreapp2.1\repolendimporttests.dll" id="2723b988-abc3-918f-3d4d-d4973a476265">
      <Execution id="318681f6-7fc1-4580-8b94-d26ce88c2a13" />
      <TestMethod codeBase="C:\Users\JoachimWagner\Documents\Projekte\Bundesbank\DataImport\RepoLendImportTests\bin\Debug\netcoreapp2.1\RepoLendImportTests.dll" adapterTypeName="executor://nunit3testexecutor/" className="BBk.Rc1.Ricis.DataImport.RepoLendImport.Services.Tests.RepoLendFieldCheckServiceTests" name="Check_DtosAreValid_ReturnsNoAlerts" />
    </UnitTest>
    <UnitTest name="Check_SomePropertyCombinationsInvalid_ReturnsCorrectAlerts" storage="c:\users\joachimwagner\documents\projekte\bundesbank\dataimport\repolendimporttests\bin\debug\netcoreapp2.1\repolendimporttests.dll" id="92a9a05b-7751-0b61-9bce-ef21ab6515d7">
      <Execution id="43f29f87-6e9b-4f8e-ac1d-95b5fd398b0c" />
      <TestMethod codeBase="C:\Users\JoachimWagner\Documents\Projekte\Bundesbank\DataImport\RepoLendImportTests\bin\Debug\netcoreapp2.1\RepoLendImportTests.dll" adapterTypeName="executor://nunit3testexecutor/" className="BBk.Rc1.Ricis.DataImport.RepoLendImport.Services.Tests.RepoLendMultiFieldCheckServiceTests" name="Check_SomePropertyCombinationsInvalid_ReturnsCorrectAlerts" />
    </UnitTest>
    <UnitTest name="Check_RepoLendNoFoundInTblRepoLend_ReturnsCorrectAlert" storage="c:\users\joachimwagner\documents\projekte\bundesbank\dataimport\repolendimporttests\bin\debug\netcoreapp2.1\repolendimporttests.dll" id="4df513fa-06da-d378-51b3-9b3f4db836e9">
      <Execution id="778aa65a-2507-4592-82b2-aa2b9d012a3b" />
      <TestMethod codeBase="C:\Users\JoachimWagner\Documents\Projekte\Bundesbank\DataImport\RepoLendImportTests\bin\Debug\netcoreapp2.1\RepoLendImportTests.dll" adapterTypeName="executor://nunit3testexecutor/" className="BBk.Rc1.Ricis.DataImport.RepoLendImport.Services.Tests.RepoLendConsistencyWithDatabaseCheckServiceTests" name="Check_RepoLendNoFoundInTblRepoLend_ReturnsCorrectAlert" />
    </UnitTest>
    <UnitTest name="Check_DatumabIsBeforeBetrachtungstagMinus21_ReturnsCorrectAlert" storage="c:\users\joachimwagner\documents\projekte\bundesbank\dataimport\repolendimporttests\bin\debug\netcoreapp2.1\repolendimporttests.dll" id="b5648cee-4bbf-b03b-bd60-3bbff58564a7">
      <Execution id="5e4f8a91-3c54-4235-8947-179744673ded" />
      <TestMethod codeBase="C:\Users\JoachimWagner\Documents\Projekte\Bundesbank\DataImport\RepoLendImportTests\bin\Debug\netcoreapp2.1\RepoLendImportTests.dll" adapterTypeName="executor://nunit3testexecutor/" className="BBk.Rc1.Ricis.DataImport.RepoLendImport.Services.Tests.RepoLendFieldCheckServiceTests" name="Check_DatumabIsBeforeBetrachtungstagMinus21_ReturnsCorrectAlert" />
    </UnitTest>
    <UnitTest name="Transform_InputDtoWithGetPropertyValueByCounterpartyReturnsEmpty_ReturnsCorrectResult" storage="c:\users\joachimwagner\documents\projekte\bundesbank\dataimport\repolendimporttests\bin\debug\netcoreapp2.1\repolendimporttests.dll" id="53b032d3-d2df-78a9-1eed-513c801f548d">
      <Execution id="0de8ce55-68e3-40de-b5d1-3f9b12b714f6" />
      <TestMethod codeBase="C:\Users\JoachimWagner\Documents\Projekte\Bundesbank\DataImport\RepoLendImportTests\bin\Debug\netcoreapp2.1\RepoLendImportTests.dll" adapterTypeName="executor://nunit3testexecutor/" className="BBk.Rc1.Ricis.DataImport.RepoLendImport.Services.Tests.RepoLendTransformServiceTests" name="Transform_InputDtoWithGetPropertyValueByCounterpartyReturnsEmpty_ReturnsCorrectResult" />
    </UnitTest>
    <UnitTest name="Check_WpnrIsNotValid_ReturnsCorrectAlert" storage="c:\users\joachimwagner\documents\projekte\bundesbank\dataimport\repolendimporttests\bin\debug\netcoreapp2.1\repolendimporttests.dll" id="3fe7d41a-0ab3-5bab-4efc-570bf9375b6e">
      <Execution id="9f24be85-c87a-472a-8a9a-68339003b8fa" />
      <TestMethod codeBase="C:\Users\JoachimWagner\Documents\Projekte\Bundesbank\DataImport\RepoLendImportTests\bin\Debug\netcoreapp2.1\RepoLendImportTests.dll" adapterTypeName="executor://nunit3testexecutor/" className="BBk.Rc1.Ricis.DataImport.RepoLendImport.Services.Tests.RepoLendFieldCheckServiceTests" name="Check_WpnrIsNotValid_ReturnsCorrectAlert" />
    </UnitTest>
    <UnitTest name="Check_ReartIsNotValid_ReturnsCorrectAlert" storage="c:\users\joachimwagner\documents\projekte\bundesbank\dataimport\repolendimporttests\bin\debug\netcoreapp2.1\repolendimporttests.dll" id="a8dc66c6-cdab-ae91-8ff5-81412196dfbe">
      <Execution id="c33e8752-6cb9-48f1-9dcc-e915be987368" />
      <TestMethod codeBase="C:\Users\JoachimWagner\Documents\Projekte\Bundesbank\DataImport\RepoLendImportTests\bin\Debug\netcoreapp2.1\RepoLendImportTests.dll" adapterTypeName="executor://nunit3testexecutor/" className="BBk.Rc1.Ricis.DataImport.RepoLendImport.Services.Tests.RepoLendFieldCheckServiceTests" name="Check_ReartIsNotValid_ReturnsCorrectAlert" />
    </UnitTest>
    <UnitTest name="Check_SnrIsMissing_ReturnsCorrectAlert" storage="c:\users\joachimwagner\documents\projekte\bundesbank\dataimport\repolendimporttests\bin\debug\netcoreapp2.1\repolendimporttests.dll" id="f9541ca4-60fe-9ed3-8824-372402ffc4db">
      <Execution id="44356d7b-14ef-4504-9ed1-98bc6450d81e" />
      <TestMethod codeBase="C:\Users\JoachimWagner\Documents\Projekte\Bundesbank\DataImport\RepoLendImportTests\bin\Debug\netcoreapp2.1\RepoLendImportTests.dll" adapterTypeName="executor://nunit3testexecutor/" className="BBk.Rc1.Ricis.DataImport.RepoLendImport.Services.Tests.RepoLendFieldCheckServiceTests" name="Check_SnrIsMissing_ReturnsCorrectAlert" />
    </UnitTest>
    <UnitTest name="Transform_ReturnsEqualPortfolioNosForRelatedTrades" storage="c:\users\joachimwagner\documents\projekte\bundesbank\dataimport\repolendimporttests\bin\debug\netcoreapp2.1\repolendimporttests.dll" id="3b46335a-f906-0dba-67c3-44e854aa58e8">
      <Execution id="d0448cc6-5050-4048-ab77-af71dcda665a" />
      <TestMethod codeBase="C:\Users\JoachimWagner\Documents\Projekte\Bundesbank\DataImport\RepoLendImportTests\bin\Debug\netcoreapp2.1\RepoLendImportTests.dll" adapterTypeName="executor://nunit3testexecutor/" className="BBk.Rc1.Ricis.DataImport.RepoLendImport.Services.Tests.RepoLendTransformServiceTests" name="Transform_ReturnsEqualPortfolioNosForRelatedTrades" />
    </UnitTest>
    <UnitTest name="Check_WhguIsNotValid_ReturnsCorrectAlert" storage="c:\users\joachimwagner\documents\projekte\bundesbank\dataimport\repolendimporttests\bin\debug\netcoreapp2.1\repolendimporttests.dll" id="ed0b9e76-bae5-9f28-f58d-e69846871bb1">
      <Execution id="55a394f0-a3e0-488a-85ee-b67fccef1482" />
      <TestMethod codeBase="C:\Users\JoachimWagner\Documents\Projekte\Bundesbank\DataImport\RepoLendImportTests\bin\Debug\netcoreapp2.1\RepoLendImportTests.dll" adapterTypeName="executor://nunit3testexecutor/" className="BBk.Rc1.Ricis.DataImport.RepoLendImport.Services.Tests.RepoLendFieldCheckServiceTests" name="Check_WhguIsNotValid_ReturnsCorrectAlert" />
    </UnitTest>
    <UnitTest name="Check_ReartIsRpevAndIntrefrcWithWrongReart_ReturnsCorrectAlert" storage="c:\users\joachimwagner\documents\projekte\bundesbank\dataimport\repolendimporttests\bin\debug\netcoreapp2.1\repolendimporttests.dll" id="f0a394d4-4819-27b9-6bd6-c7b6d05ff9b1">
      <Execution id="c1e3b720-cbfc-4a43-ae5c-fb5171922e19" />
      <TestMethod codeBase="C:\Users\JoachimWagner\Documents\Projekte\Bundesbank\DataImport\RepoLendImportTests\bin\Debug\netcoreapp2.1\RepoLendImportTests.dll" adapterTypeName="executor://nunit3testexecutor/" className="BBk.Rc1.Ricis.DataImport.RepoLendImport.Services.Tests.RepoLendMultiRecordCheckServiceTests" name="Check_ReartIsRpevAndIntrefrcWithWrongReart_ReturnsCorrectAlert" />
    </UnitTest>
    <UnitTest name="Transform_InputDtoWithoutQueries_ReturnsCorrectResult" storage="c:\users\joachimwagner\documents\projekte\bundesbank\dataimport\repolendimporttests\bin\debug\netcoreapp2.1\repolendimporttests.dll" id="8aa2ee32-518f-b5cd-f84a-61356cb78dc0">
      <Execution id="4e027fbf-220b-4039-b2cf-73d2c470ae62" />
      <TestMethod codeBase="C:\Users\JoachimWagner\Documents\Projekte\Bundesbank\DataImport\RepoLendImportTests\bin\Debug\netcoreapp2.1\RepoLendImportTests.dll" adapterTypeName="executor://nunit3testexecutor/" className="BBk.Rc1.Ricis.DataImport.RepoLendImport.Services.Tests.RepoLendTransformServiceTests" name="Transform_InputDtoWithoutQueries_ReturnsCorrectResult" />
    </UnitTest>
    <UnitTest name="Check_Storno_ReturnsNoAlert" storage="c:\users\joachimwagner\documents\projekte\bundesbank\dataimport\repolendimporttests\bin\debug\netcoreapp2.1\repolendimporttests.dll" id="e8123387-a16c-4cda-6102-c2ca1aa32a55">
      <Execution id="d31270ce-1a9e-41e4-99f7-7d78ebe2a6ba" />
      <TestMethod codeBase="C:\Users\JoachimWagner\Documents\Projekte\Bundesbank\DataImport\RepoLendImportTests\bin\Debug\netcoreapp2.1\RepoLendImportTests.dll" adapterTypeName="executor://nunit3testexecutor/" className="BBk.Rc1.Ricis.DataImport.RepoLendImport.Services.Tests.RepoLendConsistencyWithDatabaseCheckServiceTests" name="Check_Storno_ReturnsNoAlert" />
    </UnitTest>
    <UnitTest name="Check_ReartIsRpevAndIntrefrcIsEmpty_ReturnsCorrectAlert" storage="c:\users\joachimwagner\documents\projekte\bundesbank\dataimport\repolendimporttests\bin\debug\netcoreapp2.1\repolendimporttests.dll" id="37f0fb93-41be-1b14-e0b2-a8e3a7ec50f4">
      <Execution id="72313bbf-5164-4700-90da-78ec131353e2" />
      <TestMethod codeBase="C:\Users\JoachimWagner\Documents\Projekte\Bundesbank\DataImport\RepoLendImportTests\bin\Debug\netcoreapp2.1\RepoLendImportTests.dll" adapterTypeName="executor://nunit3testexecutor/" className="BBk.Rc1.Ricis.DataImport.RepoLendImport.Services.Tests.RepoLendMultiFieldCheckServiceTests" name="Check_ReartIsRpevAndIntrefrcIsEmpty_ReturnsCorrectAlert" />
    </UnitTest>
    <UnitTest name="Check_SnrkIsMissing_ReturnsCorrectAlert" storage="c:\users\joachimwagner\documents\projekte\bundesbank\dataimport\repolendimporttests\bin\debug\netcoreapp2.1\repolendimporttests.dll" id="fc97e396-9155-71bb-2cf0-89d5d718587d">
      <Execution id="08df2ea5-162d-4851-b7b7-85b0ee1c15ef" />
      <TestMethod codeBase="C:\Users\JoachimWagner\Documents\Projekte\Bundesbank\DataImport\RepoLendImportTests\bin\Debug\netcoreapp2.1\RepoLendImportTests.dll" adapterTypeName="executor://nunit3testexecutor/" className="BBk.Rc1.Ricis.DataImport.RepoLendImport.Services.Tests.RepoLendFieldCheckServiceTests" name="Check_SnrkIsMissing_ReturnsCorrectAlert" />
    </UnitTest>
    <UnitTest name="Check_ReartbezIsNotValid_ReturnsCorrectAlert" storage="c:\users\joachimwagner\documents\projekte\bundesbank\dataimport\repolendimporttests\bin\debug\netcoreapp2.1\repolendimporttests.dll" id="e5ae615b-ab6b-72cd-fa0e-190961277a90">
      <Execution id="6b81eaa8-a104-43fb-8327-82a2fbc8cbb5" />
      <TestMethod codeBase="C:\Users\JoachimWagner\Documents\Projekte\Bundesbank\DataImport\RepoLendImportTests\bin\Debug\netcoreapp2.1\RepoLendImportTests.dll" adapterTypeName="executor://nunit3testexecutor/" className="BBk.Rc1.Ricis.DataImport.RepoLendImport.Services.Tests.RepoLendFieldCheckServiceTests" name="Check_ReartbezIsNotValid_ReturnsCorrectAlert" />
    </UnitTest>
    <UnitTest name="Check_LaufzeitUngleichZinstage_ReturnsCorrectAlert" storage="c:\users\joachimwagner\documents\projekte\bundesbank\dataimport\repolendimporttests\bin\debug\netcoreapp2.1\repolendimporttests.dll" id="7cb44998-806a-76bb-2cac-16f4158a9a76">
      <Execution id="2378d1d5-27f1-4c60-af4e-92fda33aab57" />
      <TestMethod codeBase="C:\Users\JoachimWagner\Documents\Projekte\Bundesbank\DataImport\RepoLendImportTests\bin\Debug\netcoreapp2.1\RepoLendImportTests.dll" adapterTypeName="executor://nunit3testexecutor/" className="BBk.Rc1.Ricis.DataImport.RepoLendImport.Services.Tests.RepoLendMultiFieldCheckServiceTests" name="Check_LaufzeitUngleichZinstage_ReturnsCorrectAlert" />
    </UnitTest>
    <UnitTest name="Transform_InputDtoWithIntrefrcIsNotEmpty_ReturnsCorrectResult" storage="c:\users\joachimwagner\documents\projekte\bundesbank\dataimport\repolendimporttests\bin\debug\netcoreapp2.1\repolendimporttests.dll" id="4c523ea7-ca8b-7b99-b7a9-cd9e014a6818">
      <Execution id="579c7756-f93c-4c7a-842d-53c9a81df5be" />
      <TestMethod codeBase="C:\Users\JoachimWagner\Documents\Projekte\Bundesbank\DataImport\RepoLendImportTests\bin\Debug\netcoreapp2.1\RepoLendImportTests.dll" adapterTypeName="executor://nunit3testexecutor/" className="BBk.Rc1.Ricis.DataImport.RepoLendImport.Services.Tests.RepoLendTransformServiceTests" name="Transform_InputDtoWithIntrefrcIsNotEmpty_ReturnsCorrectResult" />
    </UnitTest>
    <UnitTest name="Transform_InterestCalculationCallsService_ReturnsCorrectResult" storage="c:\users\joachimwagner\documents\projekte\bundesbank\dataimport\repolendimporttests\bin\debug\netcoreapp2.1\repolendimporttests.dll" id="369efccc-352a-528b-d8f5-764e67be203c">
      <Execution id="c8625889-109d-452c-9fdd-70a5dcd719bb" />
      <TestMethod codeBase="C:\Users\JoachimWagner\Documents\Projekte\Bundesbank\DataImport\RepoLendImportTests\bin\Debug\netcoreapp2.1\RepoLendImportTests.dll" adapterTypeName="executor://nunit3testexecutor/" className="BBk.Rc1.Ricis.DataImport.RepoLendImport.Services.Tests.RepoLendTransformServiceTests" name="Transform_InterestCalculationCallsService_ReturnsCorrectResult" />
    </UnitTest>
    <UnitTest name="Check_IntrefrcIsNotValid_ReturnsCorrectAlert" storage="c:\users\joachimwagner\documents\projekte\bundesbank\dataimport\repolendimporttests\bin\debug\netcoreapp2.1\repolendimporttests.dll" id="d779a0a0-02ae-d767-2d29-0670c263b2a4">
      <Execution id="7ad5a7b2-4a13-49ca-ba0f-ceb4944a1b88" />
      <TestMethod codeBase="C:\Users\JoachimWagner\Documents\Projekte\Bundesbank\DataImport\RepoLendImportTests\bin\Debug\netcoreapp2.1\RepoLendImportTests.dll" adapterTypeName="executor://nunit3testexecutor/" className="BBk.Rc1.Ricis.DataImport.RepoLendImport.Services.Tests.RepoLendFieldCheckServiceTests" name="Check_IntrefrcIsNotValid_ReturnsCorrectAlert" />
    </UnitTest>
    <UnitTest name="Check_BelegIsDuplicate_ReturnsCorrectAlert" storage="c:\users\joachimwagner\documents\projekte\bundesbank\dataimport\repolendimporttests\bin\debug\netcoreapp2.1\repolendimporttests.dll" id="f3e52058-e095-79d5-875e-98a9d8638798">
      <Execution id="547a7cfa-8322-409a-922d-787367e18797" />
      <TestMethod codeBase="C:\Users\JoachimWagner\Documents\Projekte\Bundesbank\DataImport\RepoLendImportTests\bin\Debug\netcoreapp2.1\RepoLendImportTests.dll" adapterTypeName="executor://nunit3testexecutor/" className="BBk.Rc1.Ricis.DataImport.RepoLendImport.Services.Tests.RepoLendMultiRecordCheckServiceTests" name="Check_BelegIsDuplicate_ReturnsCorrectAlert" />
    </UnitTest>
    <UnitTest name="Check_MarktKursIs0_ReturnsCorrectAlert" storage="c:\users\joachimwagner\documents\projekte\bundesbank\dataimport\repolendimporttests\bin\debug\netcoreapp2.1\repolendimporttests.dll" id="ed2afc47-1f95-85e8-6276-04c75169d120">
      <Execution id="bd12b3dc-58c3-468c-b7b9-0563708dad0a" />
      <TestMethod codeBase="C:\Users\JoachimWagner\Documents\Projekte\Bundesbank\DataImport\RepoLendImportTests\bin\Debug\netcoreapp2.1\RepoLendImportTests.dll" adapterTypeName="executor://nunit3testexecutor/" className="BBk.Rc1.Ricis.DataImport.RepoLendImport.Services.Tests.RepoLendFieldCheckServiceTests" name="Check_MarktKursIs0_ReturnsCorrectAlert" />
    </UnitTest>
    <UnitTest name="Check_Storno1UndStatbFreigegeben_ReturnsCorrectAlert" storage="c:\users\joachimwagner\documents\projekte\bundesbank\dataimport\repolendimporttests\bin\debug\netcoreapp2.1\repolendimporttests.dll" id="e7fbf797-1c8b-40a8-5802-94e1c2247ec4">
      <Execution id="2d074708-213b-42a8-a679-60f9a62e702d" />
      <TestMethod codeBase="C:\Users\JoachimWagner\Documents\Projekte\Bundesbank\DataImport\RepoLendImportTests\bin\Debug\netcoreapp2.1\RepoLendImportTests.dll" adapterTypeName="executor://nunit3testexecutor/" className="BBk.Rc1.Ricis.DataImport.RepoLendImport.Services.Tests.RepoLendMultiFieldCheckServiceTests" name="Check_Storno1UndStatbFreigegeben_ReturnsCorrectAlert" />
    </UnitTest>
    <UnitTest name="Check_Ab1AndAb2AndInterestAreNotConsistent_ReturnsCorrectAlert" storage="c:\users\joachimwagner\documents\projekte\bundesbank\dataimport\repolendimporttests\bin\debug\netcoreapp2.1\repolendimporttests.dll" id="ef3be56c-94ed-c047-8d3c-6f8977bd21d2">
      <Execution id="b8cbb629-5573-42b0-91fe-72d2d8a29809" />
      <TestMethod codeBase="C:\Users\JoachimWagner\Documents\Projekte\Bundesbank\DataImport\RepoLendImportTests\bin\Debug\netcoreapp2.1\RepoLendImportTests.dll" adapterTypeName="executor://nunit3testexecutor/" className="BBk.Rc1.Ricis.DataImport.RepoLendImport.Services.Tests.RepoLendMultiFieldCheckServiceTests" name="Check_Ab1AndAb2AndInterestAreNotConsistent_ReturnsCorrectAlert" />
    </UnitTest>
    <UnitTest name="Check_ReartIsRpekAndAb1IsNotSumOfAb1OfRpevs_ReturnsCorrectAlert" storage="c:\users\joachimwagner\documents\projekte\bundesbank\dataimport\repolendimporttests\bin\debug\netcoreapp2.1\repolendimporttests.dll" id="d43e622b-80b5-c9ac-a27e-f80418680e80">
      <Execution id="dabf26c8-58c5-405b-9145-c13047cef8ee" />
      <TestMethod codeBase="C:\Users\JoachimWagner\Documents\Projekte\Bundesbank\DataImport\RepoLendImportTests\bin\Debug\netcoreapp2.1\RepoLendImportTests.dll" adapterTypeName="executor://nunit3testexecutor/" className="BBk.Rc1.Ricis.DataImport.RepoLendImport.Services.Tests.RepoLendMultiRecordCheckServiceTests" name="Check_ReartIsRpekAndAb1IsNotSumOfAb1OfRpevs_ReturnsCorrectAlert" />
    </UnitTest>
    <UnitTest name="Check_UnusualDayCount_ReturnsCorrectAlert" storage="c:\users\joachimwagner\documents\projekte\bundesbank\dataimport\repolendimporttests\bin\debug\netcoreapp2.1\repolendimporttests.dll" id="343af390-b46b-ff46-9ce6-f669b4fa33c7">
      <Execution id="371aa00d-97b6-4eb1-9dca-9598be091f1c" />
      <TestMethod codeBase="C:\Users\JoachimWagner\Documents\Projekte\Bundesbank\DataImport\RepoLendImportTests\bin\Debug\netcoreapp2.1\RepoLendImportTests.dll" adapterTypeName="executor://nunit3testexecutor/" className="BBk.Rc1.Ricis.DataImport.RepoLendImport.Services.Tests.RepoLendFieldCheckServiceTests" name="Check_UnusualDayCount_ReturnsCorrectAlert" />
    </UnitTest>
    <UnitTest name="Check_ReartIsRpevAndIntrefrcWithDifferentSnrk_ReturnsCorrectAlert" storage="c:\users\joachimwagner\documents\projekte\bundesbank\dataimport\repolendimporttests\bin\debug\netcoreapp2.1\repolendimporttests.dll" id="945b037d-189c-6619-8847-76eb2abc73f5">
      <Execution id="628ccdd1-e405-4712-8677-6ac75f730b0c" />
      <TestMethod codeBase="C:\Users\JoachimWagner\Documents\Projekte\Bundesbank\DataImport\RepoLendImportTests\bin\Debug\netcoreapp2.1\RepoLendImportTests.dll" adapterTypeName="executor://nunit3testexecutor/" className="BBk.Rc1.Ricis.DataImport.RepoLendImport.Services.Tests.RepoLendMultiRecordCheckServiceTests" name="Check_ReartIsRpevAndIntrefrcWithDifferentSnrk_ReturnsCorrectAlert" />
    </UnitTest>
    <UnitTest name="Check_ValutaNachFaelligkeit_ReturnsCorrectAlert" storage="c:\users\joachimwagner\documents\projekte\bundesbank\dataimport\repolendimporttests\bin\debug\netcoreapp2.1\repolendimporttests.dll" id="32db0390-2895-05b5-b4db-a03bafd5e412">
      <Execution id="ef18c054-5d58-49d1-b71c-e71991b3065c" />
      <TestMethod codeBase="C:\Users\JoachimWagner\Documents\Projekte\Bundesbank\DataImport\RepoLendImportTests\bin\Debug\netcoreapp2.1\RepoLendImportTests.dll" adapterTypeName="executor://nunit3testexecutor/" className="BBk.Rc1.Ricis.DataImport.RepoLendImport.Services.Tests.RepoLendMultiFieldCheckServiceTests" name="Check_ValutaNachFaelligkeit_ReturnsCorrectAlert" />
    </UnitTest>
    <UnitTest name="Check_ReartIsRpevAndIntrefrcWithDifferentLfzb_ReturnsCorrectAlert" storage="c:\users\joachimwagner\documents\projekte\bundesbank\dataimport\repolendimporttests\bin\debug\netcoreapp2.1\repolendimporttests.dll" id="e40343f3-991e-f446-62f6-1a9ecc3c632f">
      <Execution id="19d5bb06-55b9-4853-854a-c510f6eb56c4" />
      <TestMethod codeBase="C:\Users\JoachimWagner\Documents\Projekte\Bundesbank\DataImport\RepoLendImportTests\bin\Debug\netcoreapp2.1\RepoLendImportTests.dll" adapterTypeName="executor://nunit3testexecutor/" className="BBk.Rc1.Ricis.DataImport.RepoLendImport.Services.Tests.RepoLendMultiRecordCheckServiceTests" name="Check_ReartIsRpevAndIntrefrcWithDifferentLfzb_ReturnsCorrectAlert" />
    </UnitTest>
    <UnitTest name="Check_StornoIsNotValid_ReturnsCorrectAlert" storage="c:\users\joachimwagner\documents\projekte\bundesbank\dataimport\repolendimporttests\bin\debug\netcoreapp2.1\repolendimporttests.dll" id="a89724b7-5a9d-8e74-640f-94619edcb3e6">
      <Execution id="c2744369-30c1-4b62-b715-3240df0bf162" />
      <TestMethod codeBase="C:\Users\JoachimWagner\Documents\Projekte\Bundesbank\DataImport\RepoLendImportTests\bin\Debug\netcoreapp2.1\RepoLendImportTests.dll" adapterTypeName="executor://nunit3testexecutor/" className="BBk.Rc1.Ricis.DataImport.RepoLendImport.Services.Tests.RepoLendFieldCheckServiceTests" name="Check_StornoIsNotValid_ReturnsCorrectAlert" />
    </UnitTest>
    <UnitTest name="Check_BelegIsMissing_ReturnsCorrectAlert" storage="c:\users\joachimwagner\documents\projekte\bundesbank\dataimport\repolendimporttests\bin\debug\netcoreapp2.1\repolendimporttests.dll" id="14acd5c3-e908-3aec-2946-f44f99f17826">
      <Execution id="4e06602a-8146-4255-baf2-d319c90b8436" />
      <TestMethod codeBase="C:\Users\JoachimWagner\Documents\Projekte\Bundesbank\DataImport\RepoLendImportTests\bin\Debug\netcoreapp2.1\RepoLendImportTests.dll" adapterTypeName="executor://nunit3testexecutor/" className="BBk.Rc1.Ricis.DataImport.RepoLendImport.Services.Tests.RepoLendFieldCheckServiceTests" name="Check_BelegIsMissing_ReturnsCorrectAlert" />
    </UnitTest>
    <UnitTest name="Check_StatbIsNotValid_ReturnsCorrectAlert" storage="c:\users\joachimwagner\documents\projekte\bundesbank\dataimport\repolendimporttests\bin\debug\netcoreapp2.1\repolendimporttests.dll" id="305b212d-3908-dc68-eb2b-8809c2122082">
      <Execution id="ef4ec2df-a02e-4d01-b690-83db0819a0ac" />
      <TestMethod codeBase="C:\Users\JoachimWagner\Documents\Projekte\Bundesbank\DataImport\RepoLendImportTests\bin\Debug\netcoreapp2.1\RepoLendImportTests.dll" adapterTypeName="executor://nunit3testexecutor/" className="BBk.Rc1.Ricis.DataImport.RepoLendImport.Services.Tests.RepoLendFieldCheckServiceTests" name="Check_StatbIsNotValid_ReturnsCorrectAlert" />
    </UnitTest>
    <UnitTest name="Check_RepoLendNoNotFoundInTblRepoLend_ReturnsNoAlert" storage="c:\users\joachimwagner\documents\projekte\bundesbank\dataimport\repolendimporttests\bin\debug\netcoreapp2.1\repolendimporttests.dll" id="580f99e5-0fcb-fb17-664d-7ea4cb69fa9b">
      <Execution id="fb7e3508-bd7e-464e-b0d4-b1dcebd3e428" />
      <TestMethod codeBase="C:\Users\JoachimWagner\Documents\Projekte\Bundesbank\DataImport\RepoLendImportTests\bin\Debug\netcoreapp2.1\RepoLendImportTests.dll" adapterTypeName="executor://nunit3testexecutor/" className="BBk.Rc1.Ricis.DataImport.RepoLendImport.Services.Tests.RepoLendConsistencyWithDatabaseCheckServiceTests" name="Check_RepoLendNoNotFoundInTblRepoLend_ReturnsNoAlert" />
    </UnitTest>
    <UnitTest name="Check_ReartIsRpevAndIntrefrcWithDifferentDatumab_ReturnsCorrectAlert" storage="c:\users\joachimwagner\documents\projekte\bundesbank\dataimport\repolendimporttests\bin\debug\netcoreapp2.1\repolendimporttests.dll" id="80a0bac5-c07c-3780-702d-6f55aac8baf4">
      <Execution id="42167478-0afc-4bdf-8f7c-b639a2b61c03" />
      <TestMethod codeBase="C:\Users\JoachimWagner\Documents\Projekte\Bundesbank\DataImport\RepoLendImportTests\bin\Debug\netcoreapp2.1\RepoLendImportTests.dll" adapterTypeName="executor://nunit3testexecutor/" className="BBk.Rc1.Ricis.DataImport.RepoLendImport.Services.Tests.RepoLendMultiRecordCheckServiceTests" name="Check_ReartIsRpevAndIntrefrcWithDifferentDatumab_ReturnsCorrectAlert" />
    </UnitTest>
    <UnitTest name="Transform_InputDtoAb1IsPositive_ReturnsCorrectResult" storage="c:\users\joachimwagner\documents\projekte\bundesbank\dataimport\repolendimporttests\bin\debug\netcoreapp2.1\repolendimporttests.dll" id="ef52c77d-2fcb-6515-62cc-56e4527cd05d">
      <Execution id="53a8c4a7-9d5b-49d5-9abb-5b78899b7569" />
      <TestMethod codeBase="C:\Users\JoachimWagner\Documents\Projekte\Bundesbank\DataImport\RepoLendImportTests\bin\Debug\netcoreapp2.1\RepoLendImportTests.dll" adapterTypeName="executor://nunit3testexecutor/" className="BBk.Rc1.Ricis.DataImport.RepoLendImport.Services.Tests.RepoLendTransformServiceTests" name="Transform_InputDtoAb1IsPositive_ReturnsCorrectResult" />
    </UnitTest>
    <UnitTest name="Check_ValutaGleichFaelligkeit_ReturnsCorrectAlert" storage="c:\users\joachimwagner\documents\projekte\bundesbank\dataimport\repolendimporttests\bin\debug\netcoreapp2.1\repolendimporttests.dll" id="fcd05b96-b92e-d7f2-527b-b5f44df1b089">
      <Execution id="cfa00f76-7d38-4af7-8ac9-3e07672fabe9" />
      <TestMethod codeBase="C:\Users\JoachimWagner\Documents\Projekte\Bundesbank\DataImport\RepoLendImportTests\bin\Debug\netcoreapp2.1\RepoLendImportTests.dll" adapterTypeName="executor://nunit3testexecutor/" className="BBk.Rc1.Ricis.DataImport.RepoLendImport.Services.Tests.RepoLendMultiFieldCheckServiceTests" name="Check_ValutaGleichFaelligkeit_ReturnsCorrectAlert" />
    </UnitTest>
    <UnitTest name="Transform_InputDtoStornoIs1_ReturnsInstrumentTypeGLDLS" storage="c:\users\joachimwagner\documents\projekte\bundesbank\dataimport\repolendimporttests\bin\debug\netcoreapp2.1\repolendimporttests.dll" id="4077de25-cbee-579a-4699-0ae692e85bd0">
      <Execution id="29501a8b-7724-499e-8806-c082056f2b0e" />
      <TestMethod codeBase="C:\Users\JoachimWagner\Documents\Projekte\Bundesbank\DataImport\RepoLendImportTests\bin\Debug\netcoreapp2.1\RepoLendImportTests.dll" adapterTypeName="executor://nunit3testexecutor/" className="BBk.Rc1.Ricis.DataImport.RepoLendImport.Services.Tests.RepoLendTransformServiceTests" name="Transform_InputDtoStornoIs1_ReturnsInstrumentTypeGLDLS" />
    </UnitTest>
    <UnitTest name="Check_ReartIsRpevAndIntrefrcWithDifferentLfzv_ReturnsCorrectAlert" storage="c:\users\joachimwagner\documents\projekte\bundesbank\dataimport\repolendimporttests\bin\debug\netcoreapp2.1\repolendimporttests.dll" id="74ca14a1-d085-28fe-fa5b-6ef7600c66df">
      <Execution id="15cc8394-c2b2-4f65-8bf1-54e884dcbf0e" />
      <TestMethod codeBase="C:\Users\JoachimWagner\Documents\Projekte\Bundesbank\DataImport\RepoLendImportTests\bin\Debug\netcoreapp2.1\RepoLendImportTests.dll" adapterTypeName="executor://nunit3testexecutor/" className="BBk.Rc1.Ricis.DataImport.RepoLendImport.Services.Tests.RepoLendMultiRecordCheckServiceTests" name="Check_ReartIsRpevAndIntrefrcWithDifferentLfzv_ReturnsCorrectAlert" />
    </UnitTest>
    <UnitTest name="Transform_InputDtoWithQueries_ReturnsCorrectResult" storage="c:\users\joachimwagner\documents\projekte\bundesbank\dataimport\repolendimporttests\bin\debug\netcoreapp2.1\repolendimporttests.dll" id="46ac35e9-46fe-6e8e-53cf-d897e294fa7c">
      <Execution id="1e62a057-a796-478a-9aab-513e795ad5c2" />
      <TestMethod codeBase="C:\Users\JoachimWagner\Documents\Projekte\Bundesbank\DataImport\RepoLendImportTests\bin\Debug\netcoreapp2.1\RepoLendImportTests.dll" adapterTypeName="executor://nunit3testexecutor/" className="BBk.Rc1.Ricis.DataImport.RepoLendImport.Services.Tests.RepoLendTransformServiceTests" name="Transform_InputDtoWithQueries_ReturnsCorrectResult" />
    </UnitTest>
    <UnitTest name="Check_TwoPropertiesAreNotValid_ReturnsTwoAlerts" storage="c:\users\joachimwagner\documents\projekte\bundesbank\dataimport\repolendimporttests\bin\debug\netcoreapp2.1\repolendimporttests.dll" id="cb6ce52b-7bea-1e6a-7d5e-d9535abaf226">
      <Execution id="cc6affef-60f7-4b25-a16d-7557d2a73a07" />
      <TestMethod codeBase="C:\Users\JoachimWagner\Documents\Projekte\Bundesbank\DataImport\RepoLendImportTests\bin\Debug\netcoreapp2.1\RepoLendImportTests.dll" adapterTypeName="executor://nunit3testexecutor/" className="BBk.Rc1.Ricis.DataImport.RepoLendImport.Services.Tests.RepoLendFieldCheckServiceTests" name="Check_TwoPropertiesAreNotValid_ReturnsTwoAlerts" />
    </UnitTest>
  </TestDefinitions>
  <TestEntries>
    <TestEntry testId="e40343f3-991e-f446-62f6-1a9ecc3c632f" executionId="19d5bb06-55b9-4853-854a-c510f6eb56c4" testListId="8c84fa94-04c1-424b-9868-57a2d4851a1d" />
    <TestEntry testId="343af390-b46b-ff46-9ce6-f669b4fa33c7" executionId="371aa00d-97b6-4eb1-9dca-9598be091f1c" testListId="8c84fa94-04c1-424b-9868-57a2d4851a1d" />
    <TestEntry testId="310ca7f5-760e-bff5-2f81-a60db0a6099c" executionId="8fbe807d-3c99-4945-9e76-a36240cc4651" testListId="8c84fa94-04c1-424b-9868-57a2d4851a1d" />
    <TestEntry testId="7cb44998-806a-76bb-2cac-16f4158a9a76" executionId="2378d1d5-27f1-4c60-af4e-92fda33aab57" testListId="8c84fa94-04c1-424b-9868-57a2d4851a1d" />
    <TestEntry testId="32db0390-2895-05b5-b4db-a03bafd5e412" executionId="ef18c054-5d58-49d1-b71c-e71991b3065c" testListId="8c84fa94-04c1-424b-9868-57a2d4851a1d" />
    <TestEntry testId="37f0fb93-41be-1b14-e0b2-a8e3a7ec50f4" executionId="72313bbf-5164-4700-90da-78ec131353e2" testListId="8c84fa94-04c1-424b-9868-57a2d4851a1d" />
    <TestEntry testId="d779a0a0-02ae-d767-2d29-0670c263b2a4" executionId="7ad5a7b2-4a13-49ca-ba0f-ceb4944a1b88" testListId="8c84fa94-04c1-424b-9868-57a2d4851a1d" />
    <TestEntry testId="74ca14a1-d085-28fe-fa5b-6ef7600c66df" executionId="15cc8394-c2b2-4f65-8bf1-54e884dcbf0e" testListId="8c84fa94-04c1-424b-9868-57a2d4851a1d" />
    <TestEntry testId="ef3be56c-94ed-c047-8d3c-6f8977bd21d2" executionId="b8cbb629-5573-42b0-91fe-72d2d8a29809" testListId="8c84fa94-04c1-424b-9868-57a2d4851a1d" />
    <TestEntry testId="e7fbf797-1c8b-40a8-5802-94e1c2247ec4" executionId="2d074708-213b-42a8-a679-60f9a62e702d" testListId="8c84fa94-04c1-424b-9868-57a2d4851a1d" />
    <TestEntry testId="cb6ce52b-7bea-1e6a-7d5e-d9535abaf226" executionId="cc6affef-60f7-4b25-a16d-7557d2a73a07" testListId="8c84fa94-04c1-424b-9868-57a2d4851a1d" />
    <TestEntry testId="3b46335a-f906-0dba-67c3-44e854aa58e8" executionId="d0448cc6-5050-4048-ab77-af71dcda665a" testListId="8c84fa94-04c1-424b-9868-57a2d4851a1d" />
    <TestEntry testId="53b032d3-d2df-78a9-1eed-513c801f548d" executionId="0de8ce55-68e3-40de-b5d1-3f9b12b714f6" testListId="8c84fa94-04c1-424b-9868-57a2d4851a1d" />
    <TestEntry testId="92a9a05b-7751-0b61-9bce-ef21ab6515d7" executionId="43f29f87-6e9b-4f8e-ac1d-95b5fd398b0c" testListId="8c84fa94-04c1-424b-9868-57a2d4851a1d" />
    <TestEntry testId="4df513fa-06da-d378-51b3-9b3f4db836e9" executionId="778aa65a-2507-4592-82b2-aa2b9d012a3b" testListId="8c84fa94-04c1-424b-9868-57a2d4851a1d" />
    <TestEntry testId="f3e52058-e095-79d5-875e-98a9d8638798" executionId="547a7cfa-8322-409a-922d-787367e18797" testListId="8c84fa94-04c1-424b-9868-57a2d4851a1d" />
    <TestEntry testId="f0a394d4-4819-27b9-6bd6-c7b6d05ff9b1" executionId="c1e3b720-cbfc-4a43-ae5c-fb5171922e19" testListId="8c84fa94-04c1-424b-9868-57a2d4851a1d" />
    <TestEntry testId="a8dc66c6-cdab-ae91-8ff5-81412196dfbe" executionId="c33e8752-6cb9-48f1-9dcc-e915be987368" testListId="8c84fa94-04c1-424b-9868-57a2d4851a1d" />
    <TestEntry testId="6b87a63b-553f-3360-3c21-0937d96624ab" executionId="6955e569-6cfe-4ba0-bce8-b0aac6a267fe" testListId="8c84fa94-04c1-424b-9868-57a2d4851a1d" />
    <TestEntry testId="d43e622b-80b5-c9ac-a27e-f80418680e80" executionId="dabf26c8-58c5-405b-9145-c13047cef8ee" testListId="8c84fa94-04c1-424b-9868-57a2d4851a1d" />
    <TestEntry testId="46ac35e9-46fe-6e8e-53cf-d897e294fa7c" executionId="1e62a057-a796-478a-9aab-513e795ad5c2" testListId="8c84fa94-04c1-424b-9868-57a2d4851a1d" />
    <TestEntry testId="4c523ea7-ca8b-7b99-b7a9-cd9e014a6818" executionId="579c7756-f93c-4c7a-842d-53c9a81df5be" testListId="8c84fa94-04c1-424b-9868-57a2d4851a1d" />
    <TestEntry testId="d53cf83b-8142-2338-f6e6-0bc959756026" executionId="23b2f447-2b1f-4f8f-85e6-5d5bd2bd3593" testListId="8c84fa94-04c1-424b-9868-57a2d4851a1d" />
    <TestEntry testId="e8123387-a16c-4cda-6102-c2ca1aa32a55" executionId="d31270ce-1a9e-41e4-99f7-7d78ebe2a6ba" testListId="8c84fa94-04c1-424b-9868-57a2d4851a1d" />
    <TestEntry testId="753513be-283b-2faa-caf1-1aed025a0b31" executionId="cd8a9741-3999-4c7f-983a-9b1495da1bdc" testListId="8c84fa94-04c1-424b-9868-57a2d4851a1d" />
    <TestEntry testId="8c92c515-c14b-8438-cbe0-b1712098df6f" executionId="12e7f1d5-0121-4a79-afe3-d2d93d74d287" testListId="8c84fa94-04c1-424b-9868-57a2d4851a1d" />
    <TestEntry testId="a89724b7-5a9d-8e74-640f-94619edcb3e6" executionId="c2744369-30c1-4b62-b715-3240df0bf162" testListId="8c84fa94-04c1-424b-9868-57a2d4851a1d" />
    <TestEntry testId="b5648cee-4bbf-b03b-bd60-3bbff58564a7" executionId="5e4f8a91-3c54-4235-8947-179744673ded" testListId="8c84fa94-04c1-424b-9868-57a2d4851a1d" />
    <TestEntry testId="8aa2ee32-518f-b5cd-f84a-61356cb78dc0" executionId="4e027fbf-220b-4039-b2cf-73d2c470ae62" testListId="8c84fa94-04c1-424b-9868-57a2d4851a1d" />
    <TestEntry testId="369efccc-352a-528b-d8f5-764e67be203c" executionId="c8625889-109d-452c-9fdd-70a5dcd719bb" testListId="8c84fa94-04c1-424b-9868-57a2d4851a1d" />
    <TestEntry testId="fc97e396-9155-71bb-2cf0-89d5d718587d" executionId="08df2ea5-162d-4851-b7b7-85b0ee1c15ef" testListId="8c84fa94-04c1-424b-9868-57a2d4851a1d" />
    <TestEntry testId="14acd5c3-e908-3aec-2946-f44f99f17826" executionId="4e06602a-8146-4255-baf2-d319c90b8436" testListId="8c84fa94-04c1-424b-9868-57a2d4851a1d" />
    <TestEntry testId="3fe7d41a-0ab3-5bab-4efc-570bf9375b6e" executionId="9f24be85-c87a-472a-8a9a-68339003b8fa" testListId="8c84fa94-04c1-424b-9868-57a2d4851a1d" />
    <TestEntry testId="fcd05b96-b92e-d7f2-527b-b5f44df1b089" executionId="cfa00f76-7d38-4af7-8ac9-3e07672fabe9" testListId="8c84fa94-04c1-424b-9868-57a2d4851a1d" />
    <TestEntry testId="f9541ca4-60fe-9ed3-8824-372402ffc4db" executionId="44356d7b-14ef-4504-9ed1-98bc6450d81e" testListId="8c84fa94-04c1-424b-9868-57a2d4851a1d" />
    <TestEntry testId="80a0bac5-c07c-3780-702d-6f55aac8baf4" executionId="42167478-0afc-4bdf-8f7c-b639a2b61c03" testListId="8c84fa94-04c1-424b-9868-57a2d4851a1d" />
    <TestEntry testId="885a3641-4c76-1c22-9afb-f455f0d473ad" executionId="1a42c539-70e7-48b7-8df2-160cd8f7c866" testListId="8c84fa94-04c1-424b-9868-57a2d4851a1d" />
    <TestEntry testId="945b037d-189c-6619-8847-76eb2abc73f5" executionId="628ccdd1-e405-4712-8677-6ac75f730b0c" testListId="8c84fa94-04c1-424b-9868-57a2d4851a1d" />
    <TestEntry testId="e5ae615b-ab6b-72cd-fa0e-190961277a90" executionId="6b81eaa8-a104-43fb-8327-82a2fbc8cbb5" testListId="8c84fa94-04c1-424b-9868-57a2d4851a1d" />
    <TestEntry testId="ed0b9e76-bae5-9f28-f58d-e69846871bb1" executionId="55a394f0-a3e0-488a-85ee-b67fccef1482" testListId="8c84fa94-04c1-424b-9868-57a2d4851a1d" />
    <TestEntry testId="3c76c4f8-b752-b5ae-7d11-1d18ad8f4efb" executionId="ecc2a0a3-595f-4dde-846b-3c6c8eb8b0e1" testListId="8c84fa94-04c1-424b-9868-57a2d4851a1d" />
    <TestEntry testId="2723b988-abc3-918f-3d4d-d4973a476265" executionId="318681f6-7fc1-4580-8b94-d26ce88c2a13" testListId="8c84fa94-04c1-424b-9868-57a2d4851a1d" />
    <TestEntry testId="580f99e5-0fcb-fb17-664d-7ea4cb69fa9b" executionId="fb7e3508-bd7e-464e-b0d4-b1dcebd3e428" testListId="8c84fa94-04c1-424b-9868-57a2d4851a1d" />
    <TestEntry testId="305b212d-3908-dc68-eb2b-8809c2122082" executionId="ef4ec2df-a02e-4d01-b690-83db0819a0ac" testListId="8c84fa94-04c1-424b-9868-57a2d4851a1d" />
    <TestEntry testId="4077de25-cbee-579a-4699-0ae692e85bd0" executionId="29501a8b-7724-499e-8806-c082056f2b0e" testListId="8c84fa94-04c1-424b-9868-57a2d4851a1d" />
    <TestEntry testId="ed2afc47-1f95-85e8-6276-04c75169d120" executionId="bd12b3dc-58c3-468c-b7b9-0563708dad0a" testListId="8c84fa94-04c1-424b-9868-57a2d4851a1d" />
    <TestEntry testId="ef52c77d-2fcb-6515-62cc-56e4527cd05d" executionId="53a8c4a7-9d5b-49d5-9abb-5b78899b7569" testListId="8c84fa94-04c1-424b-9868-57a2d4851a1d" />
    <TestEntry testId="f5242c50-e4a6-e1c1-3b1f-51f374c81842" executionId="17d7af16-0967-4880-9af3-f7d89a6631e1" testListId="8c84fa94-04c1-424b-9868-57a2d4851a1d" />
  </TestEntries>
  <TestLists>
    <TestList name="Ergebnisse nicht in einer Liste" id="8c84fa94-04c1-424b-9868-57a2d4851a1d" />
    <TestList name="Alle geladenen Ergebnisse" id="19431567-8539-422a-85d7-44ee4e166bda" />
  </TestLists>
  <ResultSummary outcome="Completed">
    <Counters total="48" executed="48" passed="48" failed="0" error="0" timeout="0" aborted="0" inconclusive="0" passedButRunAborted="0" notRunnable="0" notExecuted="0" disconnected="0" warning="0" completed="0" inProgress="0" pending="0" />
    <Output>
      <StdOut>NUnit Adapter 3.16.1.0: Test execution started&#xD;
Running all tests in C:\Users\JoachimWagner\Documents\Projekte\Bundesbank\DataImport\RepoLendImportTests\bin\Debug\netcoreapp2.1\RepoLendImportTests.dll&#xD;
   NUnit3TestExecutor converted 48 of 48 NUnit test cases&#xD;
NUnit Adapter 3.16.1.0: Test execution complete&#xD;
</StdOut>
    </Output>
    <CollectorDataEntries>
      <Collector agentName="KEPLER" uri="datacollector://microsoft/CodeCoverage/2.0" collectorDisplayName="Code Coverage">
        <UriAttachments>
          <UriAttachment>
            <A href="KEPLER\JoachimWagner_KEPLER_2021-07-20.10_08_25.coverage"></A>
          </UriAttachment>
        </UriAttachments>
      </Collector>
    </CollectorDataEntries>
  </ResultSummary>
</TestRun>