<?xml version="1.0" encoding="utf-8"?>
<TestRun id="89b308ff-db5b-4353-a0ee-195015830f44" name="JoachimWagner@KEPLER 2021-07-20 10:51:51" runUser="AzureAD\JoachimWagner" xmlns="http://microsoft.com/schemas/VisualStudio/TeamTest/2010">
  <Times creation="2021-07-20T10:51:51.8680966+02:00" queuing="2021-07-20T10:51:51.8680976+02:00" start="2021-07-20T10:51:48.6393285+02:00" finish="2021-07-20T10:51:52.1632355+02:00" />
  <TestSettings name="default" id="31adbdd9-ebd0-448b-acb7-7d4287f69481">
    <Deployment runDeploymentRoot="JoachimWagner_KEPLER_2021-07-20_10_51_51" />
  </TestSettings>
  <Results>
    <UnitTestResult executionId="c10529ab-6559-43ed-aeb8-00c063c8bceb" testId="945b037d-189c-6619-8847-76eb2abc73f5" testName="Check_ReartIsRpevAndIntrefrcWithDifferentSnrk_ReturnsCorrectAlert" computerName="KEPLER" duration="00:00:00.0010000" startTime="2021-07-20T10:51:51.0000000+02:00" endTime="2021-07-20T10:51:51.0000000+02:00" testType="13cdc9d9-ddb5-4fa4-a97d-d965ccfc6d4b" outcome="Passed" testListId="8c84fa94-04c1-424b-9868-57a2d4851a1d" relativeResultsDirectory="c10529ab-6559-43ed-aeb8-00c063c8bceb" />
    <UnitTestResult executionId="518e04b8-c482-4019-9e78-639cfb9e9579" testId="80a0bac5-c07c-3780-702d-6f55aac8baf4" testName="Check_ReartIsRpevAndIntrefrcWithDifferentDatumab_ReturnsCorrectAlert" computerName="KEPLER" duration="00:00:00.0010000" startTime="2021-07-20T10:51:51.0000000+02:00" endTime="2021-07-20T10:51:51.0000000+02:00" testType="13cdc9d9-ddb5-4fa4-a97d-d965ccfc6d4b" outcome="Passed" testListId="8c84fa94-04c1-424b-9868-57a2d4851a1d" relativeResultsDirectory="518e04b8-c482-4019-9e78-639cfb9e9579" />
    <UnitTestResult executionId="bfae467d-a34d-41e0-939c-926b639b73cc" testId="a89724b7-5a9d-8e74-640f-94619edcb3e6" testName="Check_StornoIsNotValid_ReturnsCorrectAlert" computerName="KEPLER" duration="00:00:00.0000001" startTime="2021-07-20T10:51:51.0000000+02:00" endTime="2021-07-20T10:51:51.0000000+02:00" testType="13cdc9d9-ddb5-4fa4-a97d-d965ccfc6d4b" outcome="Passed" testListId="8c84fa94-04c1-424b-9868-57a2d4851a1d" relativeResultsDirectory="bfae467d-a34d-41e0-939c-926b639b73cc" />
    <UnitTestResult executionId="f7b24b70-5976-4256-bb3d-c15dc8b505e9" testId="343af390-b46b-ff46-9ce6-f669b4fa33c7" testName="Check_UnusualDayCount_ReturnsCorrectAlert" computerName="KEPLER" duration="00:00:00.0000001" startTime="2021-07-20T10:51:51.0000000+02:00" endTime="2021-07-20T10:51:51.0000000+02:00" testType="13cdc9d9-ddb5-4fa4-a97d-d965ccfc6d4b" outcome="Passed" testListId="8c84fa94-04c1-424b-9868-57a2d4851a1d" relativeResultsDirectory="f7b24b70-5976-4256-bb3d-c15dc8b505e9" />
    <UnitTestResult executionId="8c0379d5-2029-44f5-8f1e-0f6dfffd7f6e" testId="ef52c77d-2fcb-6515-62cc-56e4527cd05d" testName="Transform_InputDtoAb1IsPositive_ReturnsCorrectResult" computerName="KEPLER" duration="00:00:00.0140000" startTime="2021-07-20T10:51:51.0000000+02:00" endTime="2021-07-20T10:51:51.0000000+02:00" testType="13cdc9d9-ddb5-4fa4-a97d-d965ccfc6d4b" outcome="Passed" testListId="8c84fa94-04c1-424b-9868-57a2d4851a1d" relativeResultsDirectory="8c0379d5-2029-44f5-8f1e-0f6dfffd7f6e" />
    <UnitTestResult executionId="a70b2e4c-e2c5-4990-a271-d0262118f67b" testId="6b87a63b-553f-3360-3c21-0937d96624ab" testName="Check_BelegIsNotValid_ReturnsCorrectAlert" computerName="KEPLER" duration="00:00:00.0000001" startTime="2021-07-20T10:51:51.0000000+02:00" endTime="2021-07-20T10:51:51.0000000+02:00" testType="13cdc9d9-ddb5-4fa4-a97d-d965ccfc6d4b" outcome="Passed" testListId="8c84fa94-04c1-424b-9868-57a2d4851a1d" relativeResultsDirectory="a70b2e4c-e2c5-4990-a271-d0262118f67b" />
    <UnitTestResult executionId="5644ec38-43a2-47a2-af8d-08627d7f5b04" testId="310ca7f5-760e-bff5-2f81-a60db0a6099c" testName="Check_TwoDtosAreNotValid_ReturnsAllAlerts" computerName="KEPLER" duration="00:00:00.0010000" startTime="2021-07-20T10:51:51.0000000+02:00" endTime="2021-07-20T10:51:51.0000000+02:00" testType="13cdc9d9-ddb5-4fa4-a97d-d965ccfc6d4b" outcome="Passed" testListId="8c84fa94-04c1-424b-9868-57a2d4851a1d" relativeResultsDirectory="5644ec38-43a2-47a2-af8d-08627d7f5b04" />
    <UnitTestResult executionId="a047682b-e898-4bb1-ad1c-4a7ad3d44aa3" testId="305b212d-3908-dc68-eb2b-8809c2122082" testName="Check_StatbIsNotValid_ReturnsCorrectAlert" computerName="KEPLER" duration="00:00:00.0000001" startTime="2021-07-20T10:51:51.0000000+02:00" endTime="2021-07-20T10:51:51.0000000+02:00" testType="13cdc9d9-ddb5-4fa4-a97d-d965ccfc6d4b" outcome="Passed" testListId="8c84fa94-04c1-424b-9868-57a2d4851a1d" relativeResultsDirectory="a047682b-e898-4bb1-ad1c-4a7ad3d44aa3" />
    <UnitTestResult executionId="d564c5d5-d04f-42d2-b0d4-df4004b37145" testId="cb6ce52b-7bea-1e6a-7d5e-d9535abaf226" testName="Check_TwoPropertiesAreNotValid_ReturnsTwoAlerts" computerName="KEPLER" duration="00:00:00.0010000" startTime="2021-07-20T10:51:51.0000000+02:00" endTime="2021-07-20T10:51:51.0000000+02:00" testType="13cdc9d9-ddb5-4fa4-a97d-d965ccfc6d4b" outcome="Passed" testListId="8c84fa94-04c1-424b-9868-57a2d4851a1d" relativeResultsDirectory="d564c5d5-d04f-42d2-b0d4-df4004b37145" />
    <UnitTestResult executionId="67dd2bbf-f3a4-4b2a-9096-0491c7b35bba" testId="d53cf83b-8142-2338-f6e6-0bc959756026" testName="Check_LfzbIsBeforeBetrachtungstag_ReturnsCorrectAlert" computerName="KEPLER" duration="00:00:00.0000001" startTime="2021-07-20T10:51:51.0000000+02:00" endTime="2021-07-20T10:51:51.0000000+02:00" testType="13cdc9d9-ddb5-4fa4-a97d-d965ccfc6d4b" outcome="Passed" testListId="8c84fa94-04c1-424b-9868-57a2d4851a1d" relativeResultsDirectory="67dd2bbf-f3a4-4b2a-9096-0491c7b35bba" />
    <UnitTestResult executionId="0d8a8047-7199-43d6-8822-4917787af6bf" testId="4df513fa-06da-d378-51b3-9b3f4db836e9" testName="Check_RepoLendNoFoundInTblRepoLend_ReturnsCorrectAlert" computerName="KEPLER" duration="00:00:00.6870000" startTime="2021-07-20T10:51:51.0000000+02:00" endTime="2021-07-20T10:51:51.0000000+02:00" testType="13cdc9d9-ddb5-4fa4-a97d-d965ccfc6d4b" outcome="Passed" testListId="8c84fa94-04c1-424b-9868-57a2d4851a1d" relativeResultsDirectory="0d8a8047-7199-43d6-8822-4917787af6bf" />
    <UnitTestResult executionId="8c9ec9d3-b219-4b78-8caf-6f3947eaeb74" testId="2723b988-abc3-918f-3d4d-d4973a476265" testName="Check_DtosAreValid_ReturnsNoAlerts" computerName="KEPLER" duration="00:00:00.0000001" startTime="2021-07-20T10:51:51.0000000+02:00" endTime="2021-07-20T10:51:51.0000000+02:00" testType="13cdc9d9-ddb5-4fa4-a97d-d965ccfc6d4b" outcome="Passed" testListId="8c84fa94-04c1-424b-9868-57a2d4851a1d" relativeResultsDirectory="8c9ec9d3-b219-4b78-8caf-6f3947eaeb74" />
    <UnitTestResult executionId="2b2832bd-184a-4d92-8ad1-8ef144c128aa" testId="580f99e5-0fcb-fb17-664d-7ea4cb69fa9b" testName="Check_RepoLendNoNotFoundInTblRepoLend_ReturnsNoAlert" computerName="KEPLER" duration="00:00:00.0020000" startTime="2021-07-20T10:51:51.0000000+02:00" endTime="2021-07-20T10:51:51.0000000+02:00" testType="13cdc9d9-ddb5-4fa4-a97d-d965ccfc6d4b" outcome="Passed" testListId="8c84fa94-04c1-424b-9868-57a2d4851a1d" relativeResultsDirectory="2b2832bd-184a-4d92-8ad1-8ef144c128aa" />
    <UnitTestResult executionId="177d948a-071b-4d84-896a-0bc2dc3f22b9" testId="e5ae615b-ab6b-72cd-fa0e-190961277a90" testName="Check_ReartbezIsNotValid_ReturnsCorrectAlert" computerName="KEPLER" duration="00:00:00.0000001" startTime="2021-07-20T10:51:51.0000000+02:00" endTime="2021-07-20T10:51:51.0000000+02:00" testType="13cdc9d9-ddb5-4fa4-a97d-d965ccfc6d4b" outcome="Passed" testListId="8c84fa94-04c1-424b-9868-57a2d4851a1d" relativeResultsDirectory="177d948a-071b-4d84-896a-0bc2dc3f22b9" />
    <UnitTestResult executionId="0541d55a-0d0a-4e3c-9bf5-26d96e06d363" testId="32db0390-2895-05b5-b4db-a03bafd5e412" testName="Check_ValutaNachFaelligkeit_ReturnsCorrectAlert" computerName="KEPLER" duration="00:00:00.0010000" startTime="2021-07-20T10:51:51.0000000+02:00" endTime="2021-07-20T10:51:51.0000000+02:00" testType="13cdc9d9-ddb5-4fa4-a97d-d965ccfc6d4b" outcome="Passed" testListId="8c84fa94-04c1-424b-9868-57a2d4851a1d" relativeResultsDirectory="0541d55a-0d0a-4e3c-9bf5-26d96e06d363" />
    <UnitTestResult executionId="9c3edc29-fab4-4d38-852b-2049c6989675" testId="ef3be56c-94ed-c047-8d3c-6f8977bd21d2" testName="Check_Ab1AndAb2AndInterestAreNotConsistent_ReturnsCorrectAlert" computerName="KEPLER" duration="00:00:00.0410000" startTime="2021-07-20T10:51:51.0000000+02:00" endTime="2021-07-20T10:51:51.0000000+02:00" testType="13cdc9d9-ddb5-4fa4-a97d-d965ccfc6d4b" outcome="Passed" testListId="8c84fa94-04c1-424b-9868-57a2d4851a1d" relativeResultsDirectory="9c3edc29-fab4-4d38-852b-2049c6989675" />
    <UnitTestResult executionId="e9b99a7c-7ed9-44a8-bf5b-a1bea36f0b48" testId="46ac35e9-46fe-6e8e-53cf-d897e294fa7c" testName="Transform_InputDtoWithQueries_ReturnsCorrectResult" computerName="KEPLER" duration="00:00:00.0040000" startTime="2021-07-20T10:51:51.0000000+02:00" endTime="2021-07-20T10:51:51.0000000+02:00" testType="13cdc9d9-ddb5-4fa4-a97d-d965ccfc6d4b" outcome="Passed" testListId="8c84fa94-04c1-424b-9868-57a2d4851a1d" relativeResultsDirectory="e9b99a7c-7ed9-44a8-bf5b-a1bea36f0b48" />
    <UnitTestResult executionId="044a266b-0bb8-4071-abb4-2115a3b4fa13" testId="885a3641-4c76-1c22-9afb-f455f0d473ad" testName="Check_DtosAreValid_ReturnsNoAlerts" computerName="KEPLER" duration="00:00:00.0010000" startTime="2021-07-20T10:51:51.0000000+02:00" endTime="2021-07-20T10:51:51.0000000+02:00" testType="13cdc9d9-ddb5-4fa4-a97d-d965ccfc6d4b" outcome="Passed" testListId="8c84fa94-04c1-424b-9868-57a2d4851a1d" relativeResultsDirectory="044a266b-0bb8-4071-abb4-2115a3b4fa13" />
    <UnitTestResult executionId="c98d34f1-3016-419b-a713-736e2e3d3e25" testId="f3e52058-e095-79d5-875e-98a9d8638798" testName="Check_BelegIsDuplicate_ReturnsCorrectAlert" computerName="KEPLER" duration="00:00:00.0060000" startTime="2021-07-20T10:51:51.0000000+02:00" endTime="2021-07-20T10:51:51.0000000+02:00" testType="13cdc9d9-ddb5-4fa4-a97d-d965ccfc6d4b" outcome="Passed" testListId="8c84fa94-04c1-424b-9868-57a2d4851a1d" relativeResultsDirectory="c98d34f1-3016-419b-a713-736e2e3d3e25" />
    <UnitTestResult executionId="66c5d035-34be-4f9b-aa45-d0bfd7f15853" testId="8c92c515-c14b-8438-cbe0-b1712098df6f" testName="Check_DtosAreValid_ReturnsNoAlerts" computerName="KEPLER" duration="00:00:00.0010000" startTime="2021-07-20T10:51:51.0000000+02:00" endTime="2021-07-20T10:51:51.0000000+02:00" testType="13cdc9d9-ddb5-4fa4-a97d-d965ccfc6d4b" outcome="Passed" testListId="8c84fa94-04c1-424b-9868-57a2d4851a1d" relativeResultsDirectory="66c5d035-34be-4f9b-aa45-d0bfd7f15853" />
    <UnitTestResult executionId="0e51cc2e-fc31-4036-bbe4-88559d7a05b9" testId="fcd05b96-b92e-d7f2-527b-b5f44df1b089" testName="Check_ValutaGleichFaelligkeit_ReturnsCorrectAlert" computerName="KEPLER" duration="00:00:00.0010000" startTime="2021-07-20T10:51:51.0000000+02:00" endTime="2021-07-20T10:51:51.0000000+02:00" testType="13cdc9d9-ddb5-4fa4-a97d-d965ccfc6d4b" outcome="Passed" testListId="8c84fa94-04c1-424b-9868-57a2d4851a1d" relativeResultsDirectory="0e51cc2e-fc31-4036-bbe4-88559d7a05b9" />
    <UnitTestResult executionId="881392ac-ae33-4081-a4c7-fc977bede201" testId="e7fbf797-1c8b-40a8-5802-94e1c2247ec4" testName="Check_Storno1UndStatbFreigegeben_ReturnsCorrectAlert" computerName="KEPLER" duration="00:00:00.0010000" startTime="2021-07-20T10:51:51.0000000+02:00" endTime="2021-07-20T10:51:51.0000000+02:00" testType="13cdc9d9-ddb5-4fa4-a97d-d965ccfc6d4b" outcome="Passed" testListId="8c84fa94-04c1-424b-9868-57a2d4851a1d" relativeResultsDirectory="881392ac-ae33-4081-a4c7-fc977bede201" />
    <UnitTestResult executionId="3f7e8409-38af-4a52-9d42-cb3ac71f15b6" testId="e40343f3-991e-f446-62f6-1a9ecc3c632f" testName="Check_ReartIsRpevAndIntrefrcWithDifferentLfzb_ReturnsCorrectAlert" computerName="KEPLER" duration="00:00:00.0010000" startTime="2021-07-20T10:51:51.0000000+02:00" endTime="2021-07-20T10:51:51.0000000+02:00" testType="13cdc9d9-ddb5-4fa4-a97d-d965ccfc6d4b" outcome="Passed" testListId="8c84fa94-04c1-424b-9868-57a2d4851a1d" relativeResultsDirectory="3f7e8409-38af-4a52-9d42-cb3ac71f15b6" />
    <UnitTestResult executionId="97ef38f3-22fc-445e-9be2-7378169de727" testId="369efccc-352a-528b-d8f5-764e67be203c" testName="Transform_InterestCalculationCallsService_ReturnsCorrectResult" computerName="KEPLER" duration="00:00:00.0040000" startTime="2021-07-20T10:51:51.0000000+02:00" endTime="2021-07-20T10:51:51.0000000+02:00" testType="13cdc9d9-ddb5-4fa4-a97d-d965ccfc6d4b" outcome="Passed" testListId="8c84fa94-04c1-424b-9868-57a2d4851a1d" relativeResultsDirectory="97ef38f3-22fc-445e-9be2-7378169de727" />
    <UnitTestResult executionId="ccfef1c9-f04b-44cb-8e28-174d6f05b421" testId="753513be-283b-2faa-caf1-1aed025a0b31" testName="Check_ReartIsRpevAndIntrefrcNotFoundInBeleg_ReturnsCorrectAlert" computerName="KEPLER" duration="00:00:00.0010000" startTime="2021-07-20T10:51:51.0000000+02:00" endTime="2021-07-20T10:51:51.0000000+02:00" testType="13cdc9d9-ddb5-4fa4-a97d-d965ccfc6d4b" outcome="Passed" testListId="8c84fa94-04c1-424b-9868-57a2d4851a1d" relativeResultsDirectory="ccfef1c9-f04b-44cb-8e28-174d6f05b421" />
    <UnitTestResult executionId="d0f99c86-3c62-47b5-8499-c7fbbbb9bf0b" testId="3fe7d41a-0ab3-5bab-4efc-570bf9375b6e" testName="Check_WpnrIsNotValid_ReturnsCorrectAlert" computerName="KEPLER" duration="00:00:00.0000001" startTime="2021-07-20T10:51:51.0000000+02:00" endTime="2021-07-20T10:51:51.0000000+02:00" testType="13cdc9d9-ddb5-4fa4-a97d-d965ccfc6d4b" outcome="Passed" testListId="8c84fa94-04c1-424b-9868-57a2d4851a1d" relativeResultsDirectory="d0f99c86-3c62-47b5-8499-c7fbbbb9bf0b" />
    <UnitTestResult executionId="0a46fdf3-3482-4e7b-b757-98041d06149d" testId="74ca14a1-d085-28fe-fa5b-6ef7600c66df" testName="Check_ReartIsRpevAndIntrefrcWithDifferentLfzv_ReturnsCorrectAlert" computerName="KEPLER" duration="00:00:00.0010000" startTime="2021-07-20T10:51:51.0000000+02:00" endTime="2021-07-20T10:51:51.0000000+02:00" testType="13cdc9d9-ddb5-4fa4-a97d-d965ccfc6d4b" outcome="Passed" testListId="8c84fa94-04c1-424b-9868-57a2d4851a1d" relativeResultsDirectory="0a46fdf3-3482-4e7b-b757-98041d06149d" />
    <UnitTestResult executionId="3023eb44-2d4e-44d6-8cc5-0f643a03c3c9" testId="f0a394d4-4819-27b9-6bd6-c7b6d05ff9b1" testName="Check_ReartIsRpevAndIntrefrcWithWrongReart_ReturnsCorrectAlert" computerName="KEPLER" duration="00:00:00.0010000" startTime="2021-07-20T10:51:51.0000000+02:00" endTime="2021-07-20T10:51:51.0000000+02:00" testType="13cdc9d9-ddb5-4fa4-a97d-d965ccfc6d4b" outcome="Passed" testListId="8c84fa94-04c1-424b-9868-57a2d4851a1d" relativeResultsDirectory="3023eb44-2d4e-44d6-8cc5-0f643a03c3c9" />
    <UnitTestResult executionId="b6fdf60a-1a52-4a86-aab8-24bd5c838382" testId="92a9a05b-7751-0b61-9bce-ef21ab6515d7" testName="Check_SomePropertyCombinationsInvalid_ReturnsCorrectAlerts" computerName="KEPLER" duration="00:00:00.0040000" startTime="2021-07-20T10:51:51.0000000+02:00" endTime="2021-07-20T10:51:51.0000000+02:00" testType="13cdc9d9-ddb5-4fa4-a97d-d965ccfc6d4b" outcome="Passed" testListId="8c84fa94-04c1-424b-9868-57a2d4851a1d" relativeResultsDirectory="b6fdf60a-1a52-4a86-aab8-24bd5c838382" />
    <UnitTestResult executionId="677207e9-76a8-4e58-a380-065bfa6d022a" testId="ed2afc47-1f95-85e8-6276-04c75169d120" testName="Check_MarktKursIs0_ReturnsCorrectAlert" computerName="KEPLER" duration="00:00:00.0000001" startTime="2021-07-20T10:51:51.0000000+02:00" endTime="2021-07-20T10:51:51.0000000+02:00" testType="13cdc9d9-ddb5-4fa4-a97d-d965ccfc6d4b" outcome="Passed" testListId="8c84fa94-04c1-424b-9868-57a2d4851a1d" relativeResultsDirectory="677207e9-76a8-4e58-a380-065bfa6d022a" />
    <UnitTestResult executionId="4096b76b-d4d2-4d6a-ac3b-fee6d99209af" testId="f5242c50-e4a6-e1c1-3b1f-51f374c81842" testName="Check_StornoLeerUndStatbStorniert_ReturnsCorrectAlert" computerName="KEPLER" duration="00:00:00.0010000" startTime="2021-07-20T10:51:51.0000000+02:00" endTime="2021-07-20T10:51:51.0000000+02:00" testType="13cdc9d9-ddb5-4fa4-a97d-d965ccfc6d4b" outcome="Passed" testListId="8c84fa94-04c1-424b-9868-57a2d4851a1d" relativeResultsDirectory="4096b76b-d4d2-4d6a-ac3b-fee6d99209af" />
    <UnitTestResult executionId="8037b385-7194-412c-b1f1-dbfd309a4b1e" testId="f9541ca4-60fe-9ed3-8824-372402ffc4db" testName="Check_SnrIsMissing_ReturnsCorrectAlert" computerName="KEPLER" duration="00:00:00.0000001" startTime="2021-07-20T10:51:51.0000000+02:00" endTime="2021-07-20T10:51:51.0000000+02:00" testType="13cdc9d9-ddb5-4fa4-a97d-d965ccfc6d4b" outcome="Passed" testListId="8c84fa94-04c1-424b-9868-57a2d4851a1d" relativeResultsDirectory="8037b385-7194-412c-b1f1-dbfd309a4b1e" />
    <UnitTestResult executionId="b58604ed-fb14-4d19-9824-8ba5eb9de514" testId="8aa2ee32-518f-b5cd-f84a-61356cb78dc0" testName="Transform_InputDtoWithoutQueries_ReturnsCorrectResult" computerName="KEPLER" duration="00:00:00.0170000" startTime="2021-07-20T10:51:51.0000000+02:00" endTime="2021-07-20T10:51:51.0000000+02:00" testType="13cdc9d9-ddb5-4fa4-a97d-d965ccfc6d4b" outcome="Passed" testListId="8c84fa94-04c1-424b-9868-57a2d4851a1d" relativeResultsDirectory="b58604ed-fb14-4d19-9824-8ba5eb9de514" />
    <UnitTestResult executionId="2cdd82ac-5538-42c7-b5c5-38ea5ea97a4e" testId="d43e622b-80b5-c9ac-a27e-f80418680e80" testName="Check_ReartIsRpekAndAb1IsNotSumOfAb1OfRpevs_ReturnsCorrectAlert" computerName="KEPLER" duration="00:00:00.0020000" startTime="2021-07-20T10:51:51.0000000+02:00" endTime="2021-07-20T10:51:51.0000000+02:00" testType="13cdc9d9-ddb5-4fa4-a97d-d965ccfc6d4b" outcome="Passed" testListId="8c84fa94-04c1-424b-9868-57a2d4851a1d" relativeResultsDirectory="2cdd82ac-5538-42c7-b5c5-38ea5ea97a4e" />
    <UnitTestResult executionId="8a687ddb-b5bc-46dc-8b02-f58a49b306c5" testId="14acd5c3-e908-3aec-2946-f44f99f17826" testName="Check_BelegIsMissing_ReturnsCorrectAlert" computerName="KEPLER" duration="00:00:00.0280000" startTime="2021-07-20T10:51:51.0000000+02:00" endTime="2021-07-20T10:51:51.0000000+02:00" testType="13cdc9d9-ddb5-4fa4-a97d-d965ccfc6d4b" outcome="Passed" testListId="8c84fa94-04c1-424b-9868-57a2d4851a1d" relativeResultsDirectory="8a687ddb-b5bc-46dc-8b02-f58a49b306c5" />
    <UnitTestResult executionId="d9e15568-ef24-4978-807c-f95032aadfc4" testId="7cb44998-806a-76bb-2cac-16f4158a9a76" testName="Check_LaufzeitUngleichZinstage_ReturnsCorrectAlert" computerName="KEPLER" duration="00:00:00.0010000" startTime="2021-07-20T10:51:51.0000000+02:00" endTime="2021-07-20T10:51:51.0000000+02:00" testType="13cdc9d9-ddb5-4fa4-a97d-d965ccfc6d4b" outcome="Passed" testListId="8c84fa94-04c1-424b-9868-57a2d4851a1d" relativeResultsDirectory="d9e15568-ef24-4978-807c-f95032aadfc4" />
    <UnitTestResult executionId="0a818bbe-26a9-4219-98b7-1f75952c7439" testId="4c523ea7-ca8b-7b99-b7a9-cd9e014a6818" testName="Transform_InputDtoWithIntrefrcIsNotEmpty_ReturnsCorrectResult" computerName="KEPLER" duration="00:00:00.0020000" startTime="2021-07-20T10:51:51.0000000+02:00" endTime="2021-07-20T10:51:51.0000000+02:00" testType="13cdc9d9-ddb5-4fa4-a97d-d965ccfc6d4b" outcome="Passed" testListId="8c84fa94-04c1-424b-9868-57a2d4851a1d" relativeResultsDirectory="0a818bbe-26a9-4219-98b7-1f75952c7439" />
    <UnitTestResult executionId="13d2370a-8379-4b30-a9b6-0ce2eec30297" testId="37f0fb93-41be-1b14-e0b2-a8e3a7ec50f4" testName="Check_ReartIsRpevAndIntrefrcIsEmpty_ReturnsCorrectAlert" computerName="KEPLER" duration="00:00:00.0010000" startTime="2021-07-20T10:51:51.0000000+02:00" endTime="2021-07-20T10:51:51.0000000+02:00" testType="13cdc9d9-ddb5-4fa4-a97d-d965ccfc6d4b" outcome="Passed" testListId="8c84fa94-04c1-424b-9868-57a2d4851a1d" relativeResultsDirectory="13d2370a-8379-4b30-a9b6-0ce2eec30297" />
    <UnitTestResult executionId="0b055878-4b28-4c3b-9363-fe8f14f7468f" testId="b5648cee-4bbf-b03b-bd60-3bbff58564a7" testName="Check_DatumabIsBeforeBetrachtungstagMinus21_ReturnsCorrectAlert" computerName="KEPLER" duration="00:00:00.0000001" startTime="2021-07-20T10:51:51.0000000+02:00" endTime="2021-07-20T10:51:51.0000000+02:00" testType="13cdc9d9-ddb5-4fa4-a97d-d965ccfc6d4b" outcome="Passed" testListId="8c84fa94-04c1-424b-9868-57a2d4851a1d" relativeResultsDirectory="0b055878-4b28-4c3b-9363-fe8f14f7468f" />
    <UnitTestResult executionId="ec349644-c70b-43ca-b6ba-507424e30821" testId="4077de25-cbee-579a-4699-0ae692e85bd0" testName="Transform_InputDtoStornoIs1_ReturnsInstrumentTypeGLDLS" computerName="KEPLER" duration="00:00:00.0010000" startTime="2021-07-20T10:51:51.0000000+02:00" endTime="2021-07-20T10:51:51.0000000+02:00" testType="13cdc9d9-ddb5-4fa4-a97d-d965ccfc6d4b" outcome="Passed" testListId="8c84fa94-04c1-424b-9868-57a2d4851a1d" relativeResultsDirectory="ec349644-c70b-43ca-b6ba-507424e30821" />
    <UnitTestResult executionId="7a5a7cfb-2c27-4428-93bc-ca12af3d8166" testId="fc97e396-9155-71bb-2cf0-89d5d718587d" testName="Check_SnrkIsMissing_ReturnsCorrectAlert" computerName="KEPLER" duration="00:00:00.0000001" startTime="2021-07-20T10:51:51.0000000+02:00" endTime="2021-07-20T10:51:51.0000000+02:00" testType="13cdc9d9-ddb5-4fa4-a97d-d965ccfc6d4b" outcome="Passed" testListId="8c84fa94-04c1-424b-9868-57a2d4851a1d" relativeResultsDirectory="7a5a7cfb-2c27-4428-93bc-ca12af3d8166" />
    <UnitTestResult executionId="d45ce675-8f33-476c-a9c0-9819bebd6ac4" testId="a8dc66c6-cdab-ae91-8ff5-81412196dfbe" testName="Check_ReartIsNotValid_ReturnsCorrectAlert" computerName="KEPLER" duration="00:00:00.0000001" startTime="2021-07-20T10:51:51.0000000+02:00" endTime="2021-07-20T10:51:51.0000000+02:00" testType="13cdc9d9-ddb5-4fa4-a97d-d965ccfc6d4b" outcome="Passed" testListId="8c84fa94-04c1-424b-9868-57a2d4851a1d" relativeResultsDirectory="d45ce675-8f33-476c-a9c0-9819bebd6ac4" />
    <UnitTestResult executionId="80ebe1e4-cbd3-4da3-93d3-d5729935fcf7" testId="3c76c4f8-b752-b5ae-7d11-1d18ad8f4efb" testName="Check_DenrIsMissing_ReturnsCorrectAlert" computerName="KEPLER" duration="00:00:00.0000001" startTime="2021-07-20T10:51:51.0000000+02:00" endTime="2021-07-20T10:51:51.0000000+02:00" testType="13cdc9d9-ddb5-4fa4-a97d-d965ccfc6d4b" outcome="Passed" testListId="8c84fa94-04c1-424b-9868-57a2d4851a1d" relativeResultsDirectory="80ebe1e4-cbd3-4da3-93d3-d5729935fcf7" />
    <UnitTestResult executionId="9cc6be9d-1d26-43e2-a096-c5779bc6c558" testId="e8123387-a16c-4cda-6102-c2ca1aa32a55" testName="Check_Storno_ReturnsNoAlert" computerName="KEPLER" duration="00:00:00.0020000" startTime="2021-07-20T10:51:51.0000000+02:00" endTime="2021-07-20T10:51:51.0000000+02:00" testType="13cdc9d9-ddb5-4fa4-a97d-d965ccfc6d4b" outcome="Passed" testListId="8c84fa94-04c1-424b-9868-57a2d4851a1d" relativeResultsDirectory="9cc6be9d-1d26-43e2-a096-c5779bc6c558" />
    <UnitTestResult executionId="7eac6476-a2bd-43bd-acd1-b706ffb7a76c" testId="d779a0a0-02ae-d767-2d29-0670c263b2a4" testName="Check_IntrefrcIsNotValid_ReturnsCorrectAlert" computerName="KEPLER" duration="00:00:00.0000001" startTime="2021-07-20T10:51:51.0000000+02:00" endTime="2021-07-20T10:51:51.0000000+02:00" testType="13cdc9d9-ddb5-4fa4-a97d-d965ccfc6d4b" outcome="Passed" testListId="8c84fa94-04c1-424b-9868-57a2d4851a1d" relativeResultsDirectory="7eac6476-a2bd-43bd-acd1-b706ffb7a76c" />
    <UnitTestResult executionId="8c8431eb-c341-44ed-8cf1-40e1821835ab" testId="ed0b9e76-bae5-9f28-f58d-e69846871bb1" testName="Check_WhguIsNotValid_ReturnsCorrectAlert" computerName="KEPLER" duration="00:00:00.0000001" startTime="2021-07-20T10:51:51.0000000+02:00" endTime="2021-07-20T10:51:51.0000000+02:00" testType="13cdc9d9-ddb5-4fa4-a97d-d965ccfc6d4b" outcome="Passed" testListId="8c84fa94-04c1-424b-9868-57a2d4851a1d" relativeResultsDirectory="8c8431eb-c341-44ed-8cf1-40e1821835ab" />
    <UnitTestResult executionId="1f16586a-e016-4cf5-a238-68dbbb6bc9b0" testId="53b032d3-d2df-78a9-1eed-513c801f548d" testName="Transform_InputDtoWithGetPropertyValueByCounterpartyReturnsEmpty_ReturnsCorrectResult" computerName="KEPLER" duration="00:00:00.0030000" startTime="2021-07-20T10:51:51.0000000+02:00" endTime="2021-07-20T10:51:51.0000000+02:00" testType="13cdc9d9-ddb5-4fa4-a97d-d965ccfc6d4b" outcome="Passed" testListId="8c84fa94-04c1-424b-9868-57a2d4851a1d" relativeResultsDirectory="1f16586a-e016-4cf5-a238-68dbbb6bc9b0" />
    <UnitTestResult executionId="3b460c16-6152-408c-badf-0a6330941258" testId="3b46335a-f906-0dba-67c3-44e854aa58e8" testName="Transform_ReturnsEqualPortfolioNosForRelatedTrades" computerName="KEPLER" duration="00:00:00.0040000" startTime="2021-07-20T10:51:51.0000000+02:00" endTime="2021-07-20T10:51:51.0000000+02:00" testType="13cdc9d9-ddb5-4fa4-a97d-d965ccfc6d4b" outcome="Passed" testListId="8c84fa94-04c1-424b-9868-57a2d4851a1d" relativeResultsDirectory="3b460c16-6152-408c-badf-0a6330941258" />
  </Results>
  <TestDefinitions>
    <UnitTest name="Check_DtosAreValid_ReturnsNoAlerts" storage="c:\users\joachimwagner\documents\projekte\bundesbank\dataimport\repolendimporttests\bin\debug\netcoreapp2.1\repolendimporttests.dll" id="8c92c515-c14b-8438-cbe0-b1712098df6f">
      <Execution id="66c5d035-34be-4f9b-aa45-d0bfd7f15853" />
      <TestMethod codeBase="C:\Users\JoachimWagner\Documents\Projekte\Bundesbank\DataImport\RepoLendImportTests\bin\Debug\netcoreapp2.1\RepoLendImportTests.dll" adapterTypeName="executor://nunit3testexecutor/" className="BBk.Rc1.Ricis.DataImport.RepoLendImport.Services.Tests.RepoLendMultiFieldCheckServiceTests" name="Check_DtosAreValid_ReturnsNoAlerts" />
    </UnitTest>
    <UnitTest name="Check_DtosAreValid_ReturnsNoAlerts" storage="c:\users\joachimwagner\documents\projekte\bundesbank\dataimport\repolendimporttests\bin\debug\netcoreapp2.1\repolendimporttests.dll" id="885a3641-4c76-1c22-9afb-f455f0d473ad">
      <Execution id="044a266b-0bb8-4071-abb4-2115a3b4fa13" />
      <TestMethod codeBase="C:\Users\JoachimWagner\Documents\Projekte\Bundesbank\DataImport\RepoLendImportTests\bin\Debug\netcoreapp2.1\RepoLendImportTests.dll" adapterTypeName="executor://nunit3testexecutor/" className="BBk.Rc1.Ricis.DataImport.RepoLendImport.Services.Tests.RepoLendMultiRecordCheckServiceTests" name="Check_DtosAreValid_ReturnsNoAlerts" />
    </UnitTest>
    <UnitTest name="Check_LfzbIsBeforeBetrachtungstag_ReturnsCorrectAlert" storage="c:\users\joachimwagner\documents\projekte\bundesbank\dataimport\repolendimporttests\bin\debug\netcoreapp2.1\repolendimporttests.dll" id="d53cf83b-8142-2338-f6e6-0bc959756026">
      <Execution id="67dd2bbf-f3a4-4b2a-9096-0491c7b35bba" />
      <TestMethod codeBase="C:\Users\JoachimWagner\Documents\Projekte\Bundesbank\DataImport\RepoLendImportTests\bin\Debug\netcoreapp2.1\RepoLendImportTests.dll" adapterTypeName="executor://nunit3testexecutor/" className="BBk.Rc1.Ricis.DataImport.RepoLendImport.Services.Tests.RepoLendFieldCheckServiceTests" name="Check_LfzbIsBeforeBetrachtungstag_ReturnsCorrectAlert" />
    </UnitTest>
    <UnitTest name="Check_StornoLeerUndStatbStorniert_ReturnsCorrectAlert" storage="c:\users\joachimwagner\documents\projekte\bundesbank\dataimport\repolendimporttests\bin\debug\netcoreapp2.1\repolendimporttests.dll" id="f5242c50-e4a6-e1c1-3b1f-51f374c81842">
      <Execution id="4096b76b-d4d2-4d6a-ac3b-fee6d99209af" />
      <TestMethod codeBase="C:\Users\JoachimWagner\Documents\Projekte\Bundesbank\DataImport\RepoLendImportTests\bin\Debug\netcoreapp2.1\RepoLendImportTests.dll" adapterTypeName="executor://nunit3testexecutor/" className="BBk.Rc1.Ricis.DataImport.RepoLendImport.Services.Tests.RepoLendMultiFieldCheckServiceTests" name="Check_StornoLeerUndStatbStorniert_ReturnsCorrectAlert" />
    </UnitTest>
    <UnitTest name="Check_BelegIsNotValid_ReturnsCorrectAlert" storage="c:\users\joachimwagner\documents\projekte\bundesbank\dataimport\repolendimporttests\bin\debug\netcoreapp2.1\repolendimporttests.dll" id="6b87a63b-553f-3360-3c21-0937d96624ab">
      <Execution id="a70b2e4c-e2c5-4990-a271-d0262118f67b" />
      <TestMethod codeBase="C:\Users\JoachimWagner\Documents\Projekte\Bundesbank\DataImport\RepoLendImportTests\bin\Debug\netcoreapp2.1\RepoLendImportTests.dll" adapterTypeName="executor://nunit3testexecutor/" className="BBk.Rc1.Ricis.DataImport.RepoLendImport.Services.Tests.RepoLendFieldCheckServiceTests" name="Check_BelegIsNotValid_ReturnsCorrectAlert" />
    </UnitTest>
    <UnitTest name="Check_DenrIsMissing_ReturnsCorrectAlert" storage="c:\users\joachimwagner\documents\projekte\bundesbank\dataimport\repolendimporttests\bin\debug\netcoreapp2.1\repolendimporttests.dll" id="3c76c4f8-b752-b5ae-7d11-1d18ad8f4efb">
      <Execution id="80ebe1e4-cbd3-4da3-93d3-d5729935fcf7" />
      <TestMethod codeBase="C:\Users\JoachimWagner\Documents\Projekte\Bundesbank\DataImport\RepoLendImportTests\bin\Debug\netcoreapp2.1\RepoLendImportTests.dll" adapterTypeName="executor://nunit3testexecutor/" className="BBk.Rc1.Ricis.DataImport.RepoLendImport.Services.Tests.RepoLendFieldCheckServiceTests" name="Check_DenrIsMissing_ReturnsCorrectAlert" />
    </UnitTest>
    <UnitTest name="Check_TwoDtosAreNotValid_ReturnsAllAlerts" storage="c:\users\joachimwagner\documents\projekte\bundesbank\dataimport\repolendimporttests\bin\debug\netcoreapp2.1\repolendimporttests.dll" id="310ca7f5-760e-bff5-2f81-a60db0a6099c">
      <Execution id="5644ec38-43a2-47a2-af8d-08627d7f5b04" />
      <TestMethod codeBase="C:\Users\JoachimWagner\Documents\Projekte\Bundesbank\DataImport\RepoLendImportTests\bin\Debug\netcoreapp2.1\RepoLendImportTests.dll" adapterTypeName="executor://nunit3testexecutor/" className="BBk.Rc1.Ricis.DataImport.RepoLendImport.Services.Tests.RepoLendFieldCheckServiceTests" name="Check_TwoDtosAreNotValid_ReturnsAllAlerts" />
    </UnitTest>
    <UnitTest name="Check_ReartIsRpevAndIntrefrcNotFoundInBeleg_ReturnsCorrectAlert" storage="c:\users\joachimwagner\documents\projekte\bundesbank\dataimport\repolendimporttests\bin\debug\netcoreapp2.1\repolendimporttests.dll" id="753513be-283b-2faa-caf1-1aed025a0b31">
      <Execution id="ccfef1c9-f04b-44cb-8e28-174d6f05b421" />
      <TestMethod codeBase="C:\Users\JoachimWagner\Documents\Projekte\Bundesbank\DataImport\RepoLendImportTests\bin\Debug\netcoreapp2.1\RepoLendImportTests.dll" adapterTypeName="executor://nunit3testexecutor/" className="BBk.Rc1.Ricis.DataImport.RepoLendImport.Services.Tests.RepoLendMultiRecordCheckServiceTests" name="Check_ReartIsRpevAndIntrefrcNotFoundInBeleg_ReturnsCorrectAlert" />
    </UnitTest>
    <UnitTest name="Check_DtosAreValid_ReturnsNoAlerts" storage="c:\users\joachimwagner\documents\projekte\bundesbank\dataimport\repolendimporttests\bin\debug\netcoreapp2.1\repolendimporttests.dll" id="2723b988-abc3-918f-3d4d-d4973a476265">
      <Execution id="8c9ec9d3-b219-4b78-8caf-6f3947eaeb74" />
      <TestMethod codeBase="C:\Users\JoachimWagner\Documents\Projekte\Bundesbank\DataImport\RepoLendImportTests\bin\Debug\netcoreapp2.1\RepoLendImportTests.dll" adapterTypeName="executor://nunit3testexecutor/" className="BBk.Rc1.Ricis.DataImport.RepoLendImport.Services.Tests.RepoLendFieldCheckServiceTests" name="Check_DtosAreValid_ReturnsNoAlerts" />
    </UnitTest>
    <UnitTest name="Check_SomePropertyCombinationsInvalid_ReturnsCorrectAlerts" storage="c:\users\joachimwagner\documents\projekte\bundesbank\dataimport\repolendimporttests\bin\debug\netcoreapp2.1\repolendimporttests.dll" id="92a9a05b-7751-0b61-9bce-ef21ab6515d7">
      <Execution id="b6fdf60a-1a52-4a86-aab8-24bd5c838382" />
      <TestMethod codeBase="C:\Users\JoachimWagner\Documents\Projekte\Bundesbank\DataImport\RepoLendImportTests\bin\Debug\netcoreapp2.1\RepoLendImportTests.dll" adapterTypeName="executor://nunit3testexecutor/" className="BBk.Rc1.Ricis.DataImport.RepoLendImport.Services.Tests.RepoLendMultiFieldCheckServiceTests" name="Check_SomePropertyCombinationsInvalid_ReturnsCorrectAlerts" />
    </UnitTest>
    <UnitTest name="Check_RepoLendNoFoundInTblRepoLend_ReturnsCorrectAlert" storage="c:\users\joachimwagner\documents\projekte\bundesbank\dataimport\repolendimporttests\bin\debug\netcoreapp2.1\repolendimporttests.dll" id="4df513fa-06da-d378-51b3-9b3f4db836e9">
      <Execution id="0d8a8047-7199-43d6-8822-4917787af6bf" />
      <TestMethod codeBase="C:\Users\JoachimWagner\Documents\Projekte\Bundesbank\DataImport\RepoLendImportTests\bin\Debug\netcoreapp2.1\RepoLendImportTests.dll" adapterTypeName="executor://nunit3testexecutor/" className="BBk.Rc1.Ricis.DataImport.RepoLendImport.Services.Tests.RepoLendConsistencyWithDatabaseCheckServiceTests" name="Check_RepoLendNoFoundInTblRepoLend_ReturnsCorrectAlert" />
    </UnitTest>
    <UnitTest name="Check_DatumabIsBeforeBetrachtungstagMinus21_ReturnsCorrectAlert" storage="c:\users\joachimwagner\documents\projekte\bundesbank\dataimport\repolendimporttests\bin\debug\netcoreapp2.1\repolendimporttests.dll" id="b5648cee-4bbf-b03b-bd60-3bbff58564a7">
      <Execution id="0b055878-4b28-4c3b-9363-fe8f14f7468f" />
      <TestMethod codeBase="C:\Users\JoachimWagner\Documents\Projekte\Bundesbank\DataImport\RepoLendImportTests\bin\Debug\netcoreapp2.1\RepoLendImportTests.dll" adapterTypeName="executor://nunit3testexecutor/" className="BBk.Rc1.Ricis.DataImport.RepoLendImport.Services.Tests.RepoLendFieldCheckServiceTests" name="Check_DatumabIsBeforeBetrachtungstagMinus21_ReturnsCorrectAlert" />
    </UnitTest>
    <UnitTest name="Transform_InputDtoWithGetPropertyValueByCounterpartyReturnsEmpty_ReturnsCorrectResult" storage="c:\users\joachimwagner\documents\projekte\bundesbank\dataimport\repolendimporttests\bin\debug\netcoreapp2.1\repolendimporttests.dll" id="53b032d3-d2df-78a9-1eed-513c801f548d">
      <Execution id="1f16586a-e016-4cf5-a238-68dbbb6bc9b0" />
      <TestMethod codeBase="C:\Users\JoachimWagner\Documents\Projekte\Bundesbank\DataImport\RepoLendImportTests\bin\Debug\netcoreapp2.1\RepoLendImportTests.dll" adapterTypeName="executor://nunit3testexecutor/" className="BBk.Rc1.Ricis.DataImport.RepoLendImport.Services.Tests.RepoLendTransformServiceTests" name="Transform_InputDtoWithGetPropertyValueByCounterpartyReturnsEmpty_ReturnsCorrectResult" />
    </UnitTest>
    <UnitTest name="Check_WpnrIsNotValid_ReturnsCorrectAlert" storage="c:\users\joachimwagner\documents\projekte\bundesbank\dataimport\repolendimporttests\bin\debug\netcoreapp2.1\repolendimporttests.dll" id="3fe7d41a-0ab3-5bab-4efc-570bf9375b6e">
      <Execution id="d0f99c86-3c62-47b5-8499-c7fbbbb9bf0b" />
      <TestMethod codeBase="C:\Users\JoachimWagner\Documents\Projekte\Bundesbank\DataImport\RepoLendImportTests\bin\Debug\netcoreapp2.1\RepoLendImportTests.dll" adapterTypeName="executor://nunit3testexecutor/" className="BBk.Rc1.Ricis.DataImport.RepoLendImport.Services.Tests.RepoLendFieldCheckServiceTests" name="Check_WpnrIsNotValid_ReturnsCorrectAlert" />
    </UnitTest>
    <UnitTest name="Check_ReartIsNotValid_ReturnsCorrectAlert" storage="c:\users\joachimwagner\documents\projekte\bundesbank\dataimport\repolendimporttests\bin\debug\netcoreapp2.1\repolendimporttests.dll" id="a8dc66c6-cdab-ae91-8ff5-81412196dfbe">
      <Execution id="d45ce675-8f33-476c-a9c0-9819bebd6ac4" />
      <TestMethod codeBase="C:\Users\JoachimWagner\Documents\Projekte\Bundesbank\DataImport\RepoLendImportTests\bin\Debug\netcoreapp2.1\RepoLendImportTests.dll" adapterTypeName="executor://nunit3testexecutor/" className="BBk.Rc1.Ricis.DataImport.RepoLendImport.Services.Tests.RepoLendFieldCheckServiceTests" name="Check_ReartIsNotValid_ReturnsCorrectAlert" />
    </UnitTest>
    <UnitTest name="Check_SnrIsMissing_ReturnsCorrectAlert" storage="c:\users\joachimwagner\documents\projekte\bundesbank\dataimport\repolendimporttests\bin\debug\netcoreapp2.1\repolendimporttests.dll" id="f9541ca4-60fe-9ed3-8824-372402ffc4db">
      <Execution id="8037b385-7194-412c-b1f1-dbfd309a4b1e" />
      <TestMethod codeBase="C:\Users\JoachimWagner\Documents\Projekte\Bundesbank\DataImport\RepoLendImportTests\bin\Debug\netcoreapp2.1\RepoLendImportTests.dll" adapterTypeName="executor://nunit3testexecutor/" className="BBk.Rc1.Ricis.DataImport.RepoLendImport.Services.Tests.RepoLendFieldCheckServiceTests" name="Check_SnrIsMissing_ReturnsCorrectAlert" />
    </UnitTest>
    <UnitTest name="Transform_ReturnsEqualPortfolioNosForRelatedTrades" storage="c:\users\joachimwagner\documents\projekte\bundesbank\dataimport\repolendimporttests\bin\debug\netcoreapp2.1\repolendimporttests.dll" id="3b46335a-f906-0dba-67c3-44e854aa58e8">
      <Execution id="3b460c16-6152-408c-badf-0a6330941258" />
      <TestMethod codeBase="C:\Users\JoachimWagner\Documents\Projekte\Bundesbank\DataImport\RepoLendImportTests\bin\Debug\netcoreapp2.1\RepoLendImportTests.dll" adapterTypeName="executor://nunit3testexecutor/" className="BBk.Rc1.Ricis.DataImport.RepoLendImport.Services.Tests.RepoLendTransformServiceTests" name="Transform_ReturnsEqualPortfolioNosForRelatedTrades" />
    </UnitTest>
    <UnitTest name="Check_WhguIsNotValid_ReturnsCorrectAlert" storage="c:\users\joachimwagner\documents\projekte\bundesbank\dataimport\repolendimporttests\bin\debug\netcoreapp2.1\repolendimporttests.dll" id="ed0b9e76-bae5-9f28-f58d-e69846871bb1">
      <Execution id="8c8431eb-c341-44ed-8cf1-40e1821835ab" />
      <TestMethod codeBase="C:\Users\JoachimWagner\Documents\Projekte\Bundesbank\DataImport\RepoLendImportTests\bin\Debug\netcoreapp2.1\RepoLendImportTests.dll" adapterTypeName="executor://nunit3testexecutor/" className="BBk.Rc1.Ricis.DataImport.RepoLendImport.Services.Tests.RepoLendFieldCheckServiceTests" name="Check_WhguIsNotValid_ReturnsCorrectAlert" />
    </UnitTest>
    <UnitTest name="Check_ReartIsRpevAndIntrefrcWithWrongReart_ReturnsCorrectAlert" storage="c:\users\joachimwagner\documents\projekte\bundesbank\dataimport\repolendimporttests\bin\debug\netcoreapp2.1\repolendimporttests.dll" id="f0a394d4-4819-27b9-6bd6-c7b6d05ff9b1">
      <Execution id="3023eb44-2d4e-44d6-8cc5-0f643a03c3c9" />
      <TestMethod codeBase="C:\Users\JoachimWagner\Documents\Projekte\Bundesbank\DataImport\RepoLendImportTests\bin\Debug\netcoreapp2.1\RepoLendImportTests.dll" adapterTypeName="executor://nunit3testexecutor/" className="BBk.Rc1.Ricis.DataImport.RepoLendImport.Services.Tests.RepoLendMultiRecordCheckServiceTests" name="Check_ReartIsRpevAndIntrefrcWithWrongReart_ReturnsCorrectAlert" />
    </UnitTest>
    <UnitTest name="Transform_InputDtoWithoutQueries_ReturnsCorrectResult" storage="c:\users\joachimwagner\documents\projekte\bundesbank\dataimport\repolendimporttests\bin\debug\netcoreapp2.1\repolendimporttests.dll" id="8aa2ee32-518f-b5cd-f84a-61356cb78dc0">
      <Execution id="b58604ed-fb14-4d19-9824-8ba5eb9de514" />
      <TestMethod codeBase="C:\Users\JoachimWagner\Documents\Projekte\Bundesbank\DataImport\RepoLendImportTests\bin\Debug\netcoreapp2.1\RepoLendImportTests.dll" adapterTypeName="executor://nunit3testexecutor/" className="BBk.Rc1.Ricis.DataImport.RepoLendImport.Services.Tests.RepoLendTransformServiceTests" name="Transform_InputDtoWithoutQueries_ReturnsCorrectResult" />
    </UnitTest>
    <UnitTest name="Check_Storno_ReturnsNoAlert" storage="c:\users\joachimwagner\documents\projekte\bundesbank\dataimport\repolendimporttests\bin\debug\netcoreapp2.1\repolendimporttests.dll" id="e8123387-a16c-4cda-6102-c2ca1aa32a55">
      <Execution id="9cc6be9d-1d26-43e2-a096-c5779bc6c558" />
      <TestMethod codeBase="C:\Users\JoachimWagner\Documents\Projekte\Bundesbank\DataImport\RepoLendImportTests\bin\Debug\netcoreapp2.1\RepoLendImportTests.dll" adapterTypeName="executor://nunit3testexecutor/" className="BBk.Rc1.Ricis.DataImport.RepoLendImport.Services.Tests.RepoLendConsistencyWithDatabaseCheckServiceTests" name="Check_Storno_ReturnsNoAlert" />
    </UnitTest>
    <UnitTest name="Check_ReartIsRpevAndIntrefrcIsEmpty_ReturnsCorrectAlert" storage="c:\users\joachimwagner\documents\projekte\bundesbank\dataimport\repolendimporttests\bin\debug\netcoreapp2.1\repolendimporttests.dll" id="37f0fb93-41be-1b14-e0b2-a8e3a7ec50f4">
      <Execution id="13d2370a-8379-4b30-a9b6-0ce2eec30297" />
      <TestMethod codeBase="C:\Users\JoachimWagner\Documents\Projekte\Bundesbank\DataImport\RepoLendImportTests\bin\Debug\netcoreapp2.1\RepoLendImportTests.dll" adapterTypeName="executor://nunit3testexecutor/" className="BBk.Rc1.Ricis.DataImport.RepoLendImport.Services.Tests.RepoLendMultiFieldCheckServiceTests" name="Check_ReartIsRpevAndIntrefrcIsEmpty_ReturnsCorrectAlert" />
    </UnitTest>
    <UnitTest name="Check_SnrkIsMissing_ReturnsCorrectAlert" storage="c:\users\joachimwagner\documents\projekte\bundesbank\dataimport\repolendimporttests\bin\debug\netcoreapp2.1\repolendimporttests.dll" id="fc97e396-9155-71bb-2cf0-89d5d718587d">
      <Execution id="7a5a7cfb-2c27-4428-93bc-ca12af3d8166" />
      <TestMethod codeBase="C:\Users\JoachimWagner\Documents\Projekte\Bundesbank\DataImport\RepoLendImportTests\bin\Debug\netcoreapp2.1\RepoLendImportTests.dll" adapterTypeName="executor://nunit3testexecutor/" className="BBk.Rc1.Ricis.DataImport.RepoLendImport.Services.Tests.RepoLendFieldCheckServiceTests" name="Check_SnrkIsMissing_ReturnsCorrectAlert" />
    </UnitTest>
    <UnitTest name="Check_ReartbezIsNotValid_ReturnsCorrectAlert" storage="c:\users\joachimwagner\documents\projekte\bundesbank\dataimport\repolendimporttests\bin\debug\netcoreapp2.1\repolendimporttests.dll" id="e5ae615b-ab6b-72cd-fa0e-190961277a90">
      <Execution id="177d948a-071b-4d84-896a-0bc2dc3f22b9" />
      <TestMethod codeBase="C:\Users\JoachimWagner\Documents\Projekte\Bundesbank\DataImport\RepoLendImportTests\bin\Debug\netcoreapp2.1\RepoLendImportTests.dll" adapterTypeName="executor://nunit3testexecutor/" className="BBk.Rc1.Ricis.DataImport.RepoLendImport.Services.Tests.RepoLendFieldCheckServiceTests" name="Check_ReartbezIsNotValid_ReturnsCorrectAlert" />
    </UnitTest>
    <UnitTest name="Check_LaufzeitUngleichZinstage_ReturnsCorrectAlert" storage="c:\users\joachimwagner\documents\projekte\bundesbank\dataimport\repolendimporttests\bin\debug\netcoreapp2.1\repolendimporttests.dll" id="7cb44998-806a-76bb-2cac-16f4158a9a76">
      <Execution id="d9e15568-ef24-4978-807c-f95032aadfc4" />
      <TestMethod codeBase="C:\Users\JoachimWagner\Documents\Projekte\Bundesbank\DataImport\RepoLendImportTests\bin\Debug\netcoreapp2.1\RepoLendImportTests.dll" adapterTypeName="executor://nunit3testexecutor/" className="BBk.Rc1.Ricis.DataImport.RepoLendImport.Services.Tests.RepoLendMultiFieldCheckServiceTests" name="Check_LaufzeitUngleichZinstage_ReturnsCorrectAlert" />
    </UnitTest>
    <UnitTest name="Transform_InputDtoWithIntrefrcIsNotEmpty_ReturnsCorrectResult" storage="c:\users\joachimwagner\documents\projekte\bundesbank\dataimport\repolendimporttests\bin\debug\netcoreapp2.1\repolendimporttests.dll" id="4c523ea7-ca8b-7b99-b7a9-cd9e014a6818">
      <Execution id="0a818bbe-26a9-4219-98b7-1f75952c7439" />
      <TestMethod codeBase="C:\Users\JoachimWagner\Documents\Projekte\Bundesbank\DataImport\RepoLendImportTests\bin\Debug\netcoreapp2.1\RepoLendImportTests.dll" adapterTypeName="executor://nunit3testexecutor/" className="BBk.Rc1.Ricis.DataImport.RepoLendImport.Services.Tests.RepoLendTransformServiceTests" name="Transform_InputDtoWithIntrefrcIsNotEmpty_ReturnsCorrectResult" />
    </UnitTest>
    <UnitTest name="Transform_InterestCalculationCallsService_ReturnsCorrectResult" storage="c:\users\joachimwagner\documents\projekte\bundesbank\dataimport\repolendimporttests\bin\debug\netcoreapp2.1\repolendimporttests.dll" id="369efccc-352a-528b-d8f5-764e67be203c">
      <Execution id="97ef38f3-22fc-445e-9be2-7378169de727" />
      <TestMethod codeBase="C:\Users\JoachimWagner\Documents\Projekte\Bundesbank\DataImport\RepoLendImportTests\bin\Debug\netcoreapp2.1\RepoLendImportTests.dll" adapterTypeName="executor://nunit3testexecutor/" className="BBk.Rc1.Ricis.DataImport.RepoLendImport.Services.Tests.RepoLendTransformServiceTests" name="Transform_InterestCalculationCallsService_ReturnsCorrectResult" />
    </UnitTest>
    <UnitTest name="Check_IntrefrcIsNotValid_ReturnsCorrectAlert" storage="c:\users\joachimwagner\documents\projekte\bundesbank\dataimport\repolendimporttests\bin\debug\netcoreapp2.1\repolendimporttests.dll" id="d779a0a0-02ae-d767-2d29-0670c263b2a4">
      <Execution id="7eac6476-a2bd-43bd-acd1-b706ffb7a76c" />
      <TestMethod codeBase="C:\Users\JoachimWagner\Documents\Projekte\Bundesbank\DataImport\RepoLendImportTests\bin\Debug\netcoreapp2.1\RepoLendImportTests.dll" adapterTypeName="executor://nunit3testexecutor/" className="BBk.Rc1.Ricis.DataImport.RepoLendImport.Services.Tests.RepoLendFieldCheckServiceTests" name="Check_IntrefrcIsNotValid_ReturnsCorrectAlert" />
    </UnitTest>
    <UnitTest name="Check_BelegIsDuplicate_ReturnsCorrectAlert" storage="c:\users\joachimwagner\documents\projekte\bundesbank\dataimport\repolendimporttests\bin\debug\netcoreapp2.1\repolendimporttests.dll" id="f3e52058-e095-79d5-875e-98a9d8638798">
      <Execution id="c98d34f1-3016-419b-a713-736e2e3d3e25" />
      <TestMethod codeBase="C:\Users\JoachimWagner\Documents\Projekte\Bundesbank\DataImport\RepoLendImportTests\bin\Debug\netcoreapp2.1\RepoLendImportTests.dll" adapterTypeName="executor://nunit3testexecutor/" className="BBk.Rc1.Ricis.DataImport.RepoLendImport.Services.Tests.RepoLendMultiRecordCheckServiceTests" name="Check_BelegIsDuplicate_ReturnsCorrectAlert" />
    </UnitTest>
    <UnitTest name="Check_MarktKursIs0_ReturnsCorrectAlert" storage="c:\users\joachimwagner\documents\projekte\bundesbank\dataimport\repolendimporttests\bin\debug\netcoreapp2.1\repolendimporttests.dll" id="ed2afc47-1f95-85e8-6276-04c75169d120">
      <Execution id="677207e9-76a8-4e58-a380-065bfa6d022a" />
      <TestMethod codeBase="C:\Users\JoachimWagner\Documents\Projekte\Bundesbank\DataImport\RepoLendImportTests\bin\Debug\netcoreapp2.1\RepoLendImportTests.dll" adapterTypeName="executor://nunit3testexecutor/" className="BBk.Rc1.Ricis.DataImport.RepoLendImport.Services.Tests.RepoLendFieldCheckServiceTests" name="Check_MarktKursIs0_ReturnsCorrectAlert" />
    </UnitTest>
    <UnitTest name="Check_Storno1UndStatbFreigegeben_ReturnsCorrectAlert" storage="c:\users\joachimwagner\documents\projekte\bundesbank\dataimport\repolendimporttests\bin\debug\netcoreapp2.1\repolendimporttests.dll" id="e7fbf797-1c8b-40a8-5802-94e1c2247ec4">
      <Execution id="881392ac-ae33-4081-a4c7-fc977bede201" />
      <TestMethod codeBase="C:\Users\JoachimWagner\Documents\Projekte\Bundesbank\DataImport\RepoLendImportTests\bin\Debug\netcoreapp2.1\RepoLendImportTests.dll" adapterTypeName="executor://nunit3testexecutor/" className="BBk.Rc1.Ricis.DataImport.RepoLendImport.Services.Tests.RepoLendMultiFieldCheckServiceTests" name="Check_Storno1UndStatbFreigegeben_ReturnsCorrectAlert" />
    </UnitTest>
    <UnitTest name="Check_Ab1AndAb2AndInterestAreNotConsistent_ReturnsCorrectAlert" storage="c:\users\joachimwagner\documents\projekte\bundesbank\dataimport\repolendimporttests\bin\debug\netcoreapp2.1\repolendimporttests.dll" id="ef3be56c-94ed-c047-8d3c-6f8977bd21d2">
      <Execution id="9c3edc29-fab4-4d38-852b-2049c6989675" />
      <TestMethod codeBase="C:\Users\JoachimWagner\Documents\Projekte\Bundesbank\DataImport\RepoLendImportTests\bin\Debug\netcoreapp2.1\RepoLendImportTests.dll" adapterTypeName="executor://nunit3testexecutor/" className="BBk.Rc1.Ricis.DataImport.RepoLendImport.Services.Tests.RepoLendMultiFieldCheckServiceTests" name="Check_Ab1AndAb2AndInterestAreNotConsistent_ReturnsCorrectAlert" />
    </UnitTest>
    <UnitTest name="Check_ReartIsRpekAndAb1IsNotSumOfAb1OfRpevs_ReturnsCorrectAlert" storage="c:\users\joachimwagner\documents\projekte\bundesbank\dataimport\repolendimporttests\bin\debug\netcoreapp2.1\repolendimporttests.dll" id="d43e622b-80b5-c9ac-a27e-f80418680e80">
      <Execution id="2cdd82ac-5538-42c7-b5c5-38ea5ea97a4e" />
      <TestMethod codeBase="C:\Users\JoachimWagner\Documents\Projekte\Bundesbank\DataImport\RepoLendImportTests\bin\Debug\netcoreapp2.1\RepoLendImportTests.dll" adapterTypeName="executor://nunit3testexecutor/" className="BBk.Rc1.Ricis.DataImport.RepoLendImport.Services.Tests.RepoLendMultiRecordCheckServiceTests" name="Check_ReartIsRpekAndAb1IsNotSumOfAb1OfRpevs_ReturnsCorrectAlert" />
    </UnitTest>
    <UnitTest name="Check_UnusualDayCount_ReturnsCorrectAlert" storage="c:\users\joachimwagner\documents\projekte\bundesbank\dataimport\repolendimporttests\bin\debug\netcoreapp2.1\repolendimporttests.dll" id="343af390-b46b-ff46-9ce6-f669b4fa33c7">
      <Execution id="f7b24b70-5976-4256-bb3d-c15dc8b505e9" />
      <TestMethod codeBase="C:\Users\JoachimWagner\Documents\Projekte\Bundesbank\DataImport\RepoLendImportTests\bin\Debug\netcoreapp2.1\RepoLendImportTests.dll" adapterTypeName="executor://nunit3testexecutor/" className="BBk.Rc1.Ricis.DataImport.RepoLendImport.Services.Tests.RepoLendFieldCheckServiceTests" name="Check_UnusualDayCount_ReturnsCorrectAlert" />
    </UnitTest>
    <UnitTest name="Check_ReartIsRpevAndIntrefrcWithDifferentSnrk_ReturnsCorrectAlert" storage="c:\users\joachimwagner\documents\projekte\bundesbank\dataimport\repolendimporttests\bin\debug\netcoreapp2.1\repolendimporttests.dll" id="945b037d-189c-6619-8847-76eb2abc73f5">
      <Execution id="c10529ab-6559-43ed-aeb8-00c063c8bceb" />
      <TestMethod codeBase="C:\Users\JoachimWagner\Documents\Projekte\Bundesbank\DataImport\RepoLendImportTests\bin\Debug\netcoreapp2.1\RepoLendImportTests.dll" adapterTypeName="executor://nunit3testexecutor/" className="BBk.Rc1.Ricis.DataImport.RepoLendImport.Services.Tests.RepoLendMultiRecordCheckServiceTests" name="Check_ReartIsRpevAndIntrefrcWithDifferentSnrk_ReturnsCorrectAlert" />
    </UnitTest>
    <UnitTest name="Check_ValutaNachFaelligkeit_ReturnsCorrectAlert" storage="c:\users\joachimwagner\documents\projekte\bundesbank\dataimport\repolendimporttests\bin\debug\netcoreapp2.1\repolendimporttests.dll" id="32db0390-2895-05b5-b4db-a03bafd5e412">
      <Execution id="0541d55a-0d0a-4e3c-9bf5-26d96e06d363" />
      <TestMethod codeBase="C:\Users\JoachimWagner\Documents\Projekte\Bundesbank\DataImport\RepoLendImportTests\bin\Debug\netcoreapp2.1\RepoLendImportTests.dll" adapterTypeName="executor://nunit3testexecutor/" className="BBk.Rc1.Ricis.DataImport.RepoLendImport.Services.Tests.RepoLendMultiFieldCheckServiceTests" name="Check_ValutaNachFaelligkeit_ReturnsCorrectAlert" />
    </UnitTest>
    <UnitTest name="Check_ReartIsRpevAndIntrefrcWithDifferentLfzb_ReturnsCorrectAlert" storage="c:\users\joachimwagner\documents\projekte\bundesbank\dataimport\repolendimporttests\bin\debug\netcoreapp2.1\repolendimporttests.dll" id="e40343f3-991e-f446-62f6-1a9ecc3c632f">
      <Execution id="3f7e8409-38af-4a52-9d42-cb3ac71f15b6" />
      <TestMethod codeBase="C:\Users\JoachimWagner\Documents\Projekte\Bundesbank\DataImport\RepoLendImportTests\bin\Debug\netcoreapp2.1\RepoLendImportTests.dll" adapterTypeName="executor://nunit3testexecutor/" className="BBk.Rc1.Ricis.DataImport.RepoLendImport.Services.Tests.RepoLendMultiRecordCheckServiceTests" name="Check_ReartIsRpevAndIntrefrcWithDifferentLfzb_ReturnsCorrectAlert" />
    </UnitTest>
    <UnitTest name="Check_StornoIsNotValid_ReturnsCorrectAlert" storage="c:\users\joachimwagner\documents\projekte\bundesbank\dataimport\repolendimporttests\bin\debug\netcoreapp2.1\repolendimporttests.dll" id="a89724b7-5a9d-8e74-640f-94619edcb3e6">
      <Execution id="bfae467d-a34d-41e0-939c-926b639b73cc" />
      <TestMethod codeBase="C:\Users\JoachimWagner\Documents\Projekte\Bundesbank\DataImport\RepoLendImportTests\bin\Debug\netcoreapp2.1\RepoLendImportTests.dll" adapterTypeName="executor://nunit3testexecutor/" className="BBk.Rc1.Ricis.DataImport.RepoLendImport.Services.Tests.RepoLendFieldCheckServiceTests" name="Check_StornoIsNotValid_ReturnsCorrectAlert" />
    </UnitTest>
    <UnitTest name="Check_BelegIsMissing_ReturnsCorrectAlert" storage="c:\users\joachimwagner\documents\projekte\bundesbank\dataimport\repolendimporttests\bin\debug\netcoreapp2.1\repolendimporttests.dll" id="14acd5c3-e908-3aec-2946-f44f99f17826">
      <Execution id="8a687ddb-b5bc-46dc-8b02-f58a49b306c5" />
      <TestMethod codeBase="C:\Users\JoachimWagner\Documents\Projekte\Bundesbank\DataImport\RepoLendImportTests\bin\Debug\netcoreapp2.1\RepoLendImportTests.dll" adapterTypeName="executor://nunit3testexecutor/" className="BBk.Rc1.Ricis.DataImport.RepoLendImport.Services.Tests.RepoLendFieldCheckServiceTests" name="Check_BelegIsMissing_ReturnsCorrectAlert" />
    </UnitTest>
    <UnitTest name="Check_StatbIsNotValid_ReturnsCorrectAlert" storage="c:\users\joachimwagner\documents\projekte\bundesbank\dataimport\repolendimporttests\bin\debug\netcoreapp2.1\repolendimporttests.dll" id="305b212d-3908-dc68-eb2b-8809c2122082">
      <Execution id="a047682b-e898-4bb1-ad1c-4a7ad3d44aa3" />
      <TestMethod codeBase="C:\Users\JoachimWagner\Documents\Projekte\Bundesbank\DataImport\RepoLendImportTests\bin\Debug\netcoreapp2.1\RepoLendImportTests.dll" adapterTypeName="executor://nunit3testexecutor/" className="BBk.Rc1.Ricis.DataImport.RepoLendImport.Services.Tests.RepoLendFieldCheckServiceTests" name="Check_StatbIsNotValid_ReturnsCorrectAlert" />
    </UnitTest>
    <UnitTest name="Check_RepoLendNoNotFoundInTblRepoLend_ReturnsNoAlert" storage="c:\users\joachimwagner\documents\projekte\bundesbank\dataimport\repolendimporttests\bin\debug\netcoreapp2.1\repolendimporttests.dll" id="580f99e5-0fcb-fb17-664d-7ea4cb69fa9b">
      <Execution id="2b2832bd-184a-4d92-8ad1-8ef144c128aa" />
      <TestMethod codeBase="C:\Users\JoachimWagner\Documents\Projekte\Bundesbank\DataImport\RepoLendImportTests\bin\Debug\netcoreapp2.1\RepoLendImportTests.dll" adapterTypeName="executor://nunit3testexecutor/" className="BBk.Rc1.Ricis.DataImport.RepoLendImport.Services.Tests.RepoLendConsistencyWithDatabaseCheckServiceTests" name="Check_RepoLendNoNotFoundInTblRepoLend_ReturnsNoAlert" />
    </UnitTest>
    <UnitTest name="Check_ReartIsRpevAndIntrefrcWithDifferentDatumab_ReturnsCorrectAlert" storage="c:\users\joachimwagner\documents\projekte\bundesbank\dataimport\repolendimporttests\bin\debug\netcoreapp2.1\repolendimporttests.dll" id="80a0bac5-c07c-3780-702d-6f55aac8baf4">
      <Execution id="518e04b8-c482-4019-9e78-639cfb9e9579" />
      <TestMethod codeBase="C:\Users\JoachimWagner\Documents\Projekte\Bundesbank\DataImport\RepoLendImportTests\bin\Debug\netcoreapp2.1\RepoLendImportTests.dll" adapterTypeName="executor://nunit3testexecutor/" className="BBk.Rc1.Ricis.DataImport.RepoLendImport.Services.Tests.RepoLendMultiRecordCheckServiceTests" name="Check_ReartIsRpevAndIntrefrcWithDifferentDatumab_ReturnsCorrectAlert" />
    </UnitTest>
    <UnitTest name="Transform_InputDtoAb1IsPositive_ReturnsCorrectResult" storage="c:\users\joachimwagner\documents\projekte\bundesbank\dataimport\repolendimporttests\bin\debug\netcoreapp2.1\repolendimporttests.dll" id="ef52c77d-2fcb-6515-62cc-56e4527cd05d">
      <Execution id="8c0379d5-2029-44f5-8f1e-0f6dfffd7f6e" />
      <TestMethod codeBase="C:\Users\JoachimWagner\Documents\Projekte\Bundesbank\DataImport\RepoLendImportTests\bin\Debug\netcoreapp2.1\RepoLendImportTests.dll" adapterTypeName="executor://nunit3testexecutor/" className="BBk.Rc1.Ricis.DataImport.RepoLendImport.Services.Tests.RepoLendTransformServiceTests" name="Transform_InputDtoAb1IsPositive_ReturnsCorrectResult" />
    </UnitTest>
    <UnitTest name="Check_ValutaGleichFaelligkeit_ReturnsCorrectAlert" storage="c:\users\joachimwagner\documents\projekte\bundesbank\dataimport\repolendimporttests\bin\debug\netcoreapp2.1\repolendimporttests.dll" id="fcd05b96-b92e-d7f2-527b-b5f44df1b089">
      <Execution id="0e51cc2e-fc31-4036-bbe4-88559d7a05b9" />
      <TestMethod codeBase="C:\Users\JoachimWagner\Documents\Projekte\Bundesbank\DataImport\RepoLendImportTests\bin\Debug\netcoreapp2.1\RepoLendImportTests.dll" adapterTypeName="executor://nunit3testexecutor/" className="BBk.Rc1.Ricis.DataImport.RepoLendImport.Services.Tests.RepoLendMultiFieldCheckServiceTests" name="Check_ValutaGleichFaelligkeit_ReturnsCorrectAlert" />
    </UnitTest>
    <UnitTest name="Transform_InputDtoStornoIs1_ReturnsInstrumentTypeGLDLS" storage="c:\users\joachimwagner\documents\projekte\bundesbank\dataimport\repolendimporttests\bin\debug\netcoreapp2.1\repolendimporttests.dll" id="4077de25-cbee-579a-4699-0ae692e85bd0">
      <Execution id="ec349644-c70b-43ca-b6ba-507424e30821" />
      <TestMethod codeBase="C:\Users\JoachimWagner\Documents\Projekte\Bundesbank\DataImport\RepoLendImportTests\bin\Debug\netcoreapp2.1\RepoLendImportTests.dll" adapterTypeName="executor://nunit3testexecutor/" className="BBk.Rc1.Ricis.DataImport.RepoLendImport.Services.Tests.RepoLendTransformServiceTests" name="Transform_InputDtoStornoIs1_ReturnsInstrumentTypeGLDLS" />
    </UnitTest>
    <UnitTest name="Check_ReartIsRpevAndIntrefrcWithDifferentLfzv_ReturnsCorrectAlert" storage="c:\users\joachimwagner\documents\projekte\bundesbank\dataimport\repolendimporttests\bin\debug\netcoreapp2.1\repolendimporttests.dll" id="74ca14a1-d085-28fe-fa5b-6ef7600c66df">
      <Execution id="0a46fdf3-3482-4e7b-b757-98041d06149d" />
      <TestMethod codeBase="C:\Users\JoachimWagner\Documents\Projekte\Bundesbank\DataImport\RepoLendImportTests\bin\Debug\netcoreapp2.1\RepoLendImportTests.dll" adapterTypeName="executor://nunit3testexecutor/" className="BBk.Rc1.Ricis.DataImport.RepoLendImport.Services.Tests.RepoLendMultiRecordCheckServiceTests" name="Check_ReartIsRpevAndIntrefrcWithDifferentLfzv_ReturnsCorrectAlert" />
    </UnitTest>
    <UnitTest name="Transform_InputDtoWithQueries_ReturnsCorrectResult" storage="c:\users\joachimwagner\documents\projekte\bundesbank\dataimport\repolendimporttests\bin\debug\netcoreapp2.1\repolendimporttests.dll" id="46ac35e9-46fe-6e8e-53cf-d897e294fa7c">
      <Execution id="e9b99a7c-7ed9-44a8-bf5b-a1bea36f0b48" />
      <TestMethod codeBase="C:\Users\JoachimWagner\Documents\Projekte\Bundesbank\DataImport\RepoLendImportTests\bin\Debug\netcoreapp2.1\RepoLendImportTests.dll" adapterTypeName="executor://nunit3testexecutor/" className="BBk.Rc1.Ricis.DataImport.RepoLendImport.Services.Tests.RepoLendTransformServiceTests" name="Transform_InputDtoWithQueries_ReturnsCorrectResult" />
    </UnitTest>
    <UnitTest name="Check_TwoPropertiesAreNotValid_ReturnsTwoAlerts" storage="c:\users\joachimwagner\documents\projekte\bundesbank\dataimport\repolendimporttests\bin\debug\netcoreapp2.1\repolendimporttests.dll" id="cb6ce52b-7bea-1e6a-7d5e-d9535abaf226">
      <Execution id="d564c5d5-d04f-42d2-b0d4-df4004b37145" />
      <TestMethod codeBase="C:\Users\JoachimWagner\Documents\Projekte\Bundesbank\DataImport\RepoLendImportTests\bin\Debug\netcoreapp2.1\RepoLendImportTests.dll" adapterTypeName="executor://nunit3testexecutor/" className="BBk.Rc1.Ricis.DataImport.RepoLendImport.Services.Tests.RepoLendFieldCheckServiceTests" name="Check_TwoPropertiesAreNotValid_ReturnsTwoAlerts" />
    </UnitTest>
  </TestDefinitions>
  <TestEntries>
    <TestEntry testId="945b037d-189c-6619-8847-76eb2abc73f5" executionId="c10529ab-6559-43ed-aeb8-00c063c8bceb" testListId="8c84fa94-04c1-424b-9868-57a2d4851a1d" />
    <TestEntry testId="80a0bac5-c07c-3780-702d-6f55aac8baf4" executionId="518e04b8-c482-4019-9e78-639cfb9e9579" testListId="8c84fa94-04c1-424b-9868-57a2d4851a1d" />
    <TestEntry testId="a89724b7-5a9d-8e74-640f-94619edcb3e6" executionId="bfae467d-a34d-41e0-939c-926b639b73cc" testListId="8c84fa94-04c1-424b-9868-57a2d4851a1d" />
    <TestEntry testId="343af390-b46b-ff46-9ce6-f669b4fa33c7" executionId="f7b24b70-5976-4256-bb3d-c15dc8b505e9" testListId="8c84fa94-04c1-424b-9868-57a2d4851a1d" />
    <TestEntry testId="ef52c77d-2fcb-6515-62cc-56e4527cd05d" executionId="8c0379d5-2029-44f5-8f1e-0f6dfffd7f6e" testListId="8c84fa94-04c1-424b-9868-57a2d4851a1d" />
    <TestEntry testId="6b87a63b-553f-3360-3c21-0937d96624ab" executionId="a70b2e4c-e2c5-4990-a271-d0262118f67b" testListId="8c84fa94-04c1-424b-9868-57a2d4851a1d" />
    <TestEntry testId="310ca7f5-760e-bff5-2f81-a60db0a6099c" executionId="5644ec38-43a2-47a2-af8d-08627d7f5b04" testListId="8c84fa94-04c1-424b-9868-57a2d4851a1d" />
    <TestEntry testId="305b212d-3908-dc68-eb2b-8809c2122082" executionId="a047682b-e898-4bb1-ad1c-4a7ad3d44aa3" testListId="8c84fa94-04c1-424b-9868-57a2d4851a1d" />
    <TestEntry testId="cb6ce52b-7bea-1e6a-7d5e-d9535abaf226" executionId="d564c5d5-d04f-42d2-b0d4-df4004b37145" testListId="8c84fa94-04c1-424b-9868-57a2d4851a1d" />
    <TestEntry testId="d53cf83b-8142-2338-f6e6-0bc959756026" executionId="67dd2bbf-f3a4-4b2a-9096-0491c7b35bba" testListId="8c84fa94-04c1-424b-9868-57a2d4851a1d" />
    <TestEntry testId="4df513fa-06da-d378-51b3-9b3f4db836e9" executionId="0d8a8047-7199-43d6-8822-4917787af6bf" testListId="8c84fa94-04c1-424b-9868-57a2d4851a1d" />
    <TestEntry testId="2723b988-abc3-918f-3d4d-d4973a476265" executionId="8c9ec9d3-b219-4b78-8caf-6f3947eaeb74" testListId="8c84fa94-04c1-424b-9868-57a2d4851a1d" />
    <TestEntry testId="580f99e5-0fcb-fb17-664d-7ea4cb69fa9b" executionId="2b2832bd-184a-4d92-8ad1-8ef144c128aa" testListId="8c84fa94-04c1-424b-9868-57a2d4851a1d" />
    <TestEntry testId="e5ae615b-ab6b-72cd-fa0e-190961277a90" executionId="177d948a-071b-4d84-896a-0bc2dc3f22b9" testListId="8c84fa94-04c1-424b-9868-57a2d4851a1d" />
    <TestEntry testId="32db0390-2895-05b5-b4db-a03bafd5e412" executionId="0541d55a-0d0a-4e3c-9bf5-26d96e06d363" testListId="8c84fa94-04c1-424b-9868-57a2d4851a1d" />
    <TestEntry testId="ef3be56c-94ed-c047-8d3c-6f8977bd21d2" executionId="9c3edc29-fab4-4d38-852b-2049c6989675" testListId="8c84fa94-04c1-424b-9868-57a2d4851a1d" />
    <TestEntry testId="46ac35e9-46fe-6e8e-53cf-d897e294fa7c" executionId="e9b99a7c-7ed9-44a8-bf5b-a1bea36f0b48" testListId="8c84fa94-04c1-424b-9868-57a2d4851a1d" />
    <TestEntry testId="885a3641-4c76-1c22-9afb-f455f0d473ad" executionId="044a266b-0bb8-4071-abb4-2115a3b4fa13" testListId="8c84fa94-04c1-424b-9868-57a2d4851a1d" />
    <TestEntry testId="f3e52058-e095-79d5-875e-98a9d8638798" executionId="c98d34f1-3016-419b-a713-736e2e3d3e25" testListId="8c84fa94-04c1-424b-9868-57a2d4851a1d" />
    <TestEntry testId="8c92c515-c14b-8438-cbe0-b1712098df6f" executionId="66c5d035-34be-4f9b-aa45-d0bfd7f15853" testListId="8c84fa94-04c1-424b-9868-57a2d4851a1d" />
    <TestEntry testId="fcd05b96-b92e-d7f2-527b-b5f44df1b089" executionId="0e51cc2e-fc31-4036-bbe4-88559d7a05b9" testListId="8c84fa94-04c1-424b-9868-57a2d4851a1d" />
    <TestEntry testId="e7fbf797-1c8b-40a8-5802-94e1c2247ec4" executionId="881392ac-ae33-4081-a4c7-fc977bede201" testListId="8c84fa94-04c1-424b-9868-57a2d4851a1d" />
    <TestEntry testId="e40343f3-991e-f446-62f6-1a9ecc3c632f" executionId="3f7e8409-38af-4a52-9d42-cb3ac71f15b6" testListId="8c84fa94-04c1-424b-9868-57a2d4851a1d" />
    <TestEntry testId="369efccc-352a-528b-d8f5-764e67be203c" executionId="97ef38f3-22fc-445e-9be2-7378169de727" testListId="8c84fa94-04c1-424b-9868-57a2d4851a1d" />
    <TestEntry testId="753513be-283b-2faa-caf1-1aed025a0b31" executionId="ccfef1c9-f04b-44cb-8e28-174d6f05b421" testListId="8c84fa94-04c1-424b-9868-57a2d4851a1d" />
    <TestEntry testId="3fe7d41a-0ab3-5bab-4efc-570bf9375b6e" executionId="d0f99c86-3c62-47b5-8499-c7fbbbb9bf0b" testListId="8c84fa94-04c1-424b-9868-57a2d4851a1d" />
    <TestEntry testId="74ca14a1-d085-28fe-fa5b-6ef7600c66df" executionId="0a46fdf3-3482-4e7b-b757-98041d06149d" testListId="8c84fa94-04c1-424b-9868-57a2d4851a1d" />
    <TestEntry testId="f0a394d4-4819-27b9-6bd6-c7b6d05ff9b1" executionId="3023eb44-2d4e-44d6-8cc5-0f643a03c3c9" testListId="8c84fa94-04c1-424b-9868-57a2d4851a1d" />
    <TestEntry testId="92a9a05b-7751-0b61-9bce-ef21ab6515d7" executionId="b6fdf60a-1a52-4a86-aab8-24bd5c838382" testListId="8c84fa94-04c1-424b-9868-57a2d4851a1d" />
    <TestEntry testId="ed2afc47-1f95-85e8-6276-04c75169d120" executionId="677207e9-76a8-4e58-a380-065bfa6d022a" testListId="8c84fa94-04c1-424b-9868-57a2d4851a1d" />
    <TestEntry testId="f5242c50-e4a6-e1c1-3b1f-51f374c81842" executionId="4096b76b-d4d2-4d6a-ac3b-fee6d99209af" testListId="8c84fa94-04c1-424b-9868-57a2d4851a1d" />
    <TestEntry testId="f9541ca4-60fe-9ed3-8824-372402ffc4db" executionId="8037b385-7194-412c-b1f1-dbfd309a4b1e" testListId="8c84fa94-04c1-424b-9868-57a2d4851a1d" />
    <TestEntry testId="8aa2ee32-518f-b5cd-f84a-61356cb78dc0" executionId="b58604ed-fb14-4d19-9824-8ba5eb9de514" testListId="8c84fa94-04c1-424b-9868-57a2d4851a1d" />
    <TestEntry testId="d43e622b-80b5-c9ac-a27e-f80418680e80" executionId="2cdd82ac-5538-42c7-b5c5-38ea5ea97a4e" testListId="8c84fa94-04c1-424b-9868-57a2d4851a1d" />
    <TestEntry testId="14acd5c3-e908-3aec-2946-f44f99f17826" executionId="8a687ddb-b5bc-46dc-8b02-f58a49b306c5" testListId="8c84fa94-04c1-424b-9868-57a2d4851a1d" />
    <TestEntry testId="7cb44998-806a-76bb-2cac-16f4158a9a76" executionId="d9e15568-ef24-4978-807c-f95032aadfc4" testListId="8c84fa94-04c1-424b-9868-57a2d4851a1d" />
    <TestEntry testId="4c523ea7-ca8b-7b99-b7a9-cd9e014a6818" executionId="0a818bbe-26a9-4219-98b7-1f75952c7439" testListId="8c84fa94-04c1-424b-9868-57a2d4851a1d" />
    <TestEntry testId="37f0fb93-41be-1b14-e0b2-a8e3a7ec50f4" executionId="13d2370a-8379-4b30-a9b6-0ce2eec30297" testListId="8c84fa94-04c1-424b-9868-57a2d4851a1d" />
    <TestEntry testId="b5648cee-4bbf-b03b-bd60-3bbff58564a7" executionId="0b055878-4b28-4c3b-9363-fe8f14f7468f" testListId="8c84fa94-04c1-424b-9868-57a2d4851a1d" />
    <TestEntry testId="4077de25-cbee-579a-4699-0ae692e85bd0" executionId="ec349644-c70b-43ca-b6ba-507424e30821" testListId="8c84fa94-04c1-424b-9868-57a2d4851a1d" />
    <TestEntry testId="fc97e396-9155-71bb-2cf0-89d5d718587d" executionId="7a5a7cfb-2c27-4428-93bc-ca12af3d8166" testListId="8c84fa94-04c1-424b-9868-57a2d4851a1d" />
    <TestEntry testId="a8dc66c6-cdab-ae91-8ff5-81412196dfbe" executionId="d45ce675-8f33-476c-a9c0-9819bebd6ac4" testListId="8c84fa94-04c1-424b-9868-57a2d4851a1d" />
    <TestEntry testId="3c76c4f8-b752-b5ae-7d11-1d18ad8f4efb" executionId="80ebe1e4-cbd3-4da3-93d3-d5729935fcf7" testListId="8c84fa94-04c1-424b-9868-57a2d4851a1d" />
    <TestEntry testId="e8123387-a16c-4cda-6102-c2ca1aa32a55" executionId="9cc6be9d-1d26-43e2-a096-c5779bc6c558" testListId="8c84fa94-04c1-424b-9868-57a2d4851a1d" />
    <TestEntry testId="d779a0a0-02ae-d767-2d29-0670c263b2a4" executionId="7eac6476-a2bd-43bd-acd1-b706ffb7a76c" testListId="8c84fa94-04c1-424b-9868-57a2d4851a1d" />
    <TestEntry testId="ed0b9e76-bae5-9f28-f58d-e69846871bb1" executionId="8c8431eb-c341-44ed-8cf1-40e1821835ab" testListId="8c84fa94-04c1-424b-9868-57a2d4851a1d" />
    <TestEntry testId="53b032d3-d2df-78a9-1eed-513c801f548d" executionId="1f16586a-e016-4cf5-a238-68dbbb6bc9b0" testListId="8c84fa94-04c1-424b-9868-57a2d4851a1d" />
    <TestEntry testId="3b46335a-f906-0dba-67c3-44e854aa58e8" executionId="3b460c16-6152-408c-badf-0a6330941258" testListId="8c84fa94-04c1-424b-9868-57a2d4851a1d" />
  </TestEntries>
  <TestLists>
    <TestList name="Ergebnisse nicht in einer Liste" id="8c84fa94-04c1-424b-9868-57a2d4851a1d" />
    <TestList name="Alle geladenen Ergebnisse" id="19431567-8539-422a-85d7-44ee4e166bda" />
  </TestLists>
  <ResultSummary outcome="Completed">
    <Counters total="48" executed="48" passed="48" failed="0" error="0" timeout="0" aborted="0" inconclusive="0" passedButRunAborted="0" notRunnable="0" notExecuted="0" disconnected="0" warning="0" completed="0" inProgress="0" pending="0" />
    <Output>
      <StdOut>NUnit Adapter 3.16.1.0: Test execution started&#xD;
Running all tests in C:\Users\JoachimWagner\Documents\Projekte\Bundesbank\DataImport\RepoLendImportTests\bin\Debug\netcoreapp2.1\RepoLendImportTests.dll&#xD;
   NUnit3TestExecutor converted 48 of 48 NUnit test cases&#xD;
NUnit Adapter 3.16.1.0: Test execution complete&#xD;
</StdOut>
    </Output>
    <CollectorDataEntries>
      <Collector agentName="KEPLER" uri="datacollector://microsoft/CodeCoverage/2.0" collectorDisplayName="Code Coverage">
        <UriAttachments>
          <UriAttachment>
            <A href="KEPLER\JoachimWagner_KEPLER_2021-07-20.10_51_48.coverage"></A>
          </UriAttachment>
        </UriAttachments>
      </Collector>
    </CollectorDataEntries>
  </ResultSummary>
</TestRun>