<?xml version="1.0" encoding="utf-8"?>
<TestRun id="d7186fbe-f506-4afc-9345-5e00bc7a696f" name="JoachimWagner@KEPLER 2021-07-20 10:09:39" runUser="AzureAD\JoachimWagner" xmlns="http://microsoft.com/schemas/VisualStudio/TeamTest/2010">
  <Times creation="2021-07-20T10:09:39.4818371+02:00" queuing="2021-07-20T10:09:39.4818377+02:00" start="2021-07-20T10:09:36.7545571+02:00" finish="2021-07-20T10:09:39.6604545+02:00" />
  <TestSettings name="default" id="e1b4ef3b-55e2-4ecb-9d61-c98e94c72008">
    <Deployment runDeploymentRoot="JoachimWagner_KEPLER_2021-07-20_10_09_39" />
  </TestSettings>
  <Results>
    <UnitTestResult executionId="56b38722-1a39-4838-b7cd-9fd2dc00b938" testId="cbb8c242-7708-2b27-f875-82ad4bb5bf5c" testName="ReadDoubleByPosition_IllegalPosition_throwsIndexOutOfRangeException" computerName="KEPLER" duration="00:00:00.0010000" startTime="2021-07-20T10:09:39.0000000+02:00" endTime="2021-07-20T10:09:39.0000000+02:00" testType="13cdc9d9-ddb5-4fa4-a97d-d965ccfc6d4b" outcome="Passed" testListId="8c84fa94-04c1-424b-9868-57a2d4851a1d" relativeResultsDirectory="56b38722-1a39-4838-b7cd-9fd2dc00b938" />
    <UnitTestResult executionId="473b29c9-b36a-4466-be0e-fa1e8c4fb015" testId="178ccf5e-91bb-0524-a3fb-239a0647a9cd" testName="ReadTimeByName_ColumnValueIsValid_returnsColumnValue" computerName="KEPLER" duration="00:00:00.0010000" startTime="2021-07-20T10:09:39.0000000+02:00" endTime="2021-07-20T10:09:39.0000000+02:00" testType="13cdc9d9-ddb5-4fa4-a97d-d965ccfc6d4b" outcome="Passed" testListId="8c84fa94-04c1-424b-9868-57a2d4851a1d" relativeResultsDirectory="473b29c9-b36a-4466-be0e-fa1e8c4fb015" />
    <UnitTestResult executionId="b6e00ef8-f438-4eb8-a6d7-19a21cc4c0bd" testId="fa8745ff-fec0-572e-6afc-59f36ad1c077" testName="ReadBigIntegerByPosition_ColumnValueIsValid_returnsColumnValue" computerName="KEPLER" duration="00:00:00.0000001" startTime="2021-07-20T10:09:39.0000000+02:00" endTime="2021-07-20T10:09:39.0000000+02:00" testType="13cdc9d9-ddb5-4fa4-a97d-d965ccfc6d4b" outcome="Passed" testListId="8c84fa94-04c1-424b-9868-57a2d4851a1d" relativeResultsDirectory="b6e00ef8-f438-4eb8-a6d7-19a21cc4c0bd" />
    <UnitTestResult executionId="5a6ca88c-b760-4011-afed-eb4e4ca7afe3" testId="3e33229f-6b8c-902d-9c7f-f151f7662b5d" testName="ReadShortByPosition_ColumnValueIsValid_returnsColumnValue" computerName="KEPLER" duration="00:00:00.0000001" startTime="2021-07-20T10:09:39.0000000+02:00" endTime="2021-07-20T10:09:39.0000000+02:00" testType="13cdc9d9-ddb5-4fa4-a97d-d965ccfc6d4b" outcome="Passed" testListId="8c84fa94-04c1-424b-9868-57a2d4851a1d" relativeResultsDirectory="5a6ca88c-b760-4011-afed-eb4e4ca7afe3" />
    <UnitTestResult executionId="9b87b2af-ec02-40f3-b8da-774ad83f7c85" testId="8c3a39d5-6ca1-996c-a7c8-3ffdd0d198a8" testName="ReadStringByPosition_ColumnValueIsValid_returnsColumnValue" computerName="KEPLER" duration="00:00:00.0000001" startTime="2021-07-20T10:09:39.0000000+02:00" endTime="2021-07-20T10:09:39.0000000+02:00" testType="13cdc9d9-ddb5-4fa4-a97d-d965ccfc6d4b" outcome="Passed" testListId="8c84fa94-04c1-424b-9868-57a2d4851a1d" relativeResultsDirectory="9b87b2af-ec02-40f3-b8da-774ad83f7c85" />
    <UnitTestResult executionId="aed45700-935c-49e1-82f6-30878bf07c8e" testId="849f9b46-20fe-795e-71ab-a0cb84df38a3" testName="Read_WithHeadlines_Success" computerName="KEPLER" duration="00:00:00.0010000" startTime="2021-07-20T10:09:39.0000000+02:00" endTime="2021-07-20T10:09:39.0000000+02:00" testType="13cdc9d9-ddb5-4fa4-a97d-d965ccfc6d4b" outcome="Passed" testListId="8c84fa94-04c1-424b-9868-57a2d4851a1d" relativeResultsDirectory="aed45700-935c-49e1-82f6-30878bf07c8e" />
    <UnitTestResult executionId="e3d0705f-3c9a-4a6e-9727-04bf3db92044" testId="d5462450-f0d0-a45d-7257-bee2d85016db" testName="ReadULongByPosition_ColumnValueIsNull_returnsDefaultValue" computerName="KEPLER" duration="00:00:00.0000001" startTime="2021-07-20T10:09:39.0000000+02:00" endTime="2021-07-20T10:09:39.0000000+02:00" testType="13cdc9d9-ddb5-4fa4-a97d-d965ccfc6d4b" outcome="Passed" testListId="8c84fa94-04c1-424b-9868-57a2d4851a1d" relativeResultsDirectory="e3d0705f-3c9a-4a6e-9727-04bf3db92044" />
    <UnitTestResult executionId="885c802b-25af-48a6-9ce1-b699d69497fc" testId="9d755510-df1c-55a1-19c7-bb204197f657" testName="ReadDateTimeByName_ColumnValueIsValid_returnsColumnValue" computerName="KEPLER" duration="00:00:00.0000001" startTime="2021-07-20T10:09:39.0000000+02:00" endTime="2021-07-20T10:09:39.0000000+02:00" testType="13cdc9d9-ddb5-4fa4-a97d-d965ccfc6d4b" outcome="Passed" testListId="8c84fa94-04c1-424b-9868-57a2d4851a1d" relativeResultsDirectory="885c802b-25af-48a6-9ce1-b699d69497fc" />
    <UnitTestResult executionId="97bdf9eb-39a4-4fe3-b494-3d06cf9e3df1" testId="51ceddf9-9b63-35e7-1130-7d14d0dd6020" testName="ReadDecimalByPosition_ColumnValueIsNull_returnsDefaultValue" computerName="KEPLER" duration="00:00:00.0020000" startTime="2021-07-20T10:09:39.0000000+02:00" endTime="2021-07-20T10:09:39.0000000+02:00" testType="13cdc9d9-ddb5-4fa4-a97d-d965ccfc6d4b" outcome="Passed" testListId="8c84fa94-04c1-424b-9868-57a2d4851a1d" relativeResultsDirectory="97bdf9eb-39a4-4fe3-b494-3d06cf9e3df1" />
    <UnitTestResult executionId="99d9392d-249b-4c46-a3a3-d19100486df0" testId="75e3471c-c567-b6f6-0af9-0f892fc17df2" testName="ReadLongByPosition_ColumnValueIsValid_returnsColumnValue" computerName="KEPLER" duration="00:00:00.0000001" startTime="2021-07-20T10:09:39.0000000+02:00" endTime="2021-07-20T10:09:39.0000000+02:00" testType="13cdc9d9-ddb5-4fa4-a97d-d965ccfc6d4b" outcome="Passed" testListId="8c84fa94-04c1-424b-9868-57a2d4851a1d" relativeResultsDirectory="99d9392d-249b-4c46-a3a3-d19100486df0" />
    <UnitTestResult executionId="761454d8-457d-49c5-a4ff-bf1ae1e9ae8d" testId="b16cbc76-33c8-b693-998e-623beb9aa925" testName="ReadBigIntegerByName_ColumnValueIsValid_returnsColumnValue" computerName="KEPLER" duration="00:00:00.0160000" startTime="2021-07-20T10:09:39.0000000+02:00" endTime="2021-07-20T10:09:39.0000000+02:00" testType="13cdc9d9-ddb5-4fa4-a97d-d965ccfc6d4b" outcome="Passed" testListId="8c84fa94-04c1-424b-9868-57a2d4851a1d" relativeResultsDirectory="761454d8-457d-49c5-a4ff-bf1ae1e9ae8d" />
    <UnitTestResult executionId="da26cdcb-46d2-40ae-8dab-52df995d56dc" testId="e4caea33-045d-b991-edb0-f1f3c3f2a0d2" testName="ReadStringByName_ColumnValueIsValid_returnsColumnValue" computerName="KEPLER" duration="00:00:00.0000001" startTime="2021-07-20T10:09:39.0000000+02:00" endTime="2021-07-20T10:09:39.0000000+02:00" testType="13cdc9d9-ddb5-4fa4-a97d-d965ccfc6d4b" outcome="Passed" testListId="8c84fa94-04c1-424b-9868-57a2d4851a1d" relativeResultsDirectory="da26cdcb-46d2-40ae-8dab-52df995d56dc" />
    <UnitTestResult executionId="e05a9151-2ebe-44e5-ba77-142fd6be3309" testId="1811d5b1-17d8-b70d-ad75-6e8df3b977d3" testName="ReadDateTimeByPosition_ColumnValueIsValid_returnsColumnValue" computerName="KEPLER" duration="00:00:00.0000001" startTime="2021-07-20T10:09:39.0000000+02:00" endTime="2021-07-20T10:09:39.0000000+02:00" testType="13cdc9d9-ddb5-4fa4-a97d-d965ccfc6d4b" outcome="Passed" testListId="8c84fa94-04c1-424b-9868-57a2d4851a1d" relativeResultsDirectory="e05a9151-2ebe-44e5-ba77-142fd6be3309" />
    <UnitTestResult executionId="6e9ddc5c-1074-453b-b384-5f616f979eeb" testId="01daa5ae-e724-dbb8-ef25-9fa7af4c1398" testName="ReadBigIntegerByPosition_ColumnValueIsNull_returnsDefaultValue" computerName="KEPLER" duration="00:00:00.0010000" startTime="2021-07-20T10:09:39.0000000+02:00" endTime="2021-07-20T10:09:39.0000000+02:00" testType="13cdc9d9-ddb5-4fa4-a97d-d965ccfc6d4b" outcome="Passed" testListId="8c84fa94-04c1-424b-9868-57a2d4851a1d" relativeResultsDirectory="6e9ddc5c-1074-453b-b384-5f616f979eeb" />
    <UnitTestResult executionId="098877c5-5f33-4667-8449-9f5c16e7d812" testId="f890ec51-2aa5-52e9-7ac3-82a09596ef12" testName="ReadDoubleByPosition_ColumnValueIsValid_returnsColumnValue" computerName="KEPLER" duration="00:00:00.0010000" startTime="2021-07-20T10:09:39.0000000+02:00" endTime="2021-07-20T10:09:39.0000000+02:00" testType="13cdc9d9-ddb5-4fa4-a97d-d965ccfc6d4b" outcome="Passed" testListId="8c84fa94-04c1-424b-9868-57a2d4851a1d" relativeResultsDirectory="098877c5-5f33-4667-8449-9f5c16e7d812" />
    <UnitTestResult executionId="0bb932b5-cd0a-4d15-9edc-b143aa2eafaf" testId="30cfd5cb-e202-5ca3-06d1-964df82948cd" testName="ReadStringByPosition_ColumnValueIsNull_returnsDefaultValue" computerName="KEPLER" duration="00:00:00.0000001" startTime="2021-07-20T10:09:39.0000000+02:00" endTime="2021-07-20T10:09:39.0000000+02:00" testType="13cdc9d9-ddb5-4fa4-a97d-d965ccfc6d4b" outcome="Passed" testListId="8c84fa94-04c1-424b-9868-57a2d4851a1d" relativeResultsDirectory="0bb932b5-cd0a-4d15-9edc-b143aa2eafaf" />
    <UnitTestResult executionId="5fca2b83-5fd3-4054-8673-68a1cc7eb374" testId="5e167d49-ead9-fbbd-0f82-4f6b771ae84b" testName="ReadLongByPosition_ColumnValueIsNull_returnsDefaultValue" computerName="KEPLER" duration="00:00:00.0000001" startTime="2021-07-20T10:09:39.0000000+02:00" endTime="2021-07-20T10:09:39.0000000+02:00" testType="13cdc9d9-ddb5-4fa4-a97d-d965ccfc6d4b" outcome="Passed" testListId="8c84fa94-04c1-424b-9868-57a2d4851a1d" relativeResultsDirectory="5fca2b83-5fd3-4054-8673-68a1cc7eb374" />
    <UnitTestResult executionId="f60ac2c8-477e-4a42-a9c4-774ed403a577" testId="d2741692-cada-6e12-c5f4-d996ef483003" testName="ReadIntByPosition_IllegalPosition_throwsIndexOutOfRangeException" computerName="KEPLER" duration="00:00:00.0000001" startTime="2021-07-20T10:09:39.0000000+02:00" endTime="2021-07-20T10:09:39.0000000+02:00" testType="13cdc9d9-ddb5-4fa4-a97d-d965ccfc6d4b" outcome="Passed" testListId="8c84fa94-04c1-424b-9868-57a2d4851a1d" relativeResultsDirectory="f60ac2c8-477e-4a42-a9c4-774ed403a577" />
    <UnitTestResult executionId="d9a28a78-e90a-475a-b3d7-95818a0cc903" testId="0b5c0338-d113-65c4-5059-a95aef619330" testName="ReadShortByName_ColumnValueIsValid_returnsColumnValue" computerName="KEPLER" duration="00:00:00.0020000" startTime="2021-07-20T10:09:39.0000000+02:00" endTime="2021-07-20T10:09:39.0000000+02:00" testType="13cdc9d9-ddb5-4fa4-a97d-d965ccfc6d4b" outcome="Passed" testListId="8c84fa94-04c1-424b-9868-57a2d4851a1d" relativeResultsDirectory="d9a28a78-e90a-475a-b3d7-95818a0cc903" />
    <UnitTestResult executionId="d837049d-2467-4ea0-bacf-b34904947078" testId="04f8c6c1-b404-94ff-713a-c7a0934a0e84" testName="ReadDecimalByPosition_ColumnValueIsValid_returnsColumnValue" computerName="KEPLER" duration="00:00:00.0000001" startTime="2021-07-20T10:09:39.0000000+02:00" endTime="2021-07-20T10:09:39.0000000+02:00" testType="13cdc9d9-ddb5-4fa4-a97d-d965ccfc6d4b" outcome="Passed" testListId="8c84fa94-04c1-424b-9868-57a2d4851a1d" relativeResultsDirectory="d837049d-2467-4ea0-bacf-b34904947078" />
    <UnitTestResult executionId="5b7e9346-662e-4f9f-a90b-7fcb42716f64" testId="8344d006-b7c9-a2f5-b0bb-02b80f0fa7a7" testName="ReadBoolByPosition_IllegalPosition_throwsIndexOutOfRangeException" computerName="KEPLER" duration="00:00:00.0000001" startTime="2021-07-20T10:09:39.0000000+02:00" endTime="2021-07-20T10:09:39.0000000+02:00" testType="13cdc9d9-ddb5-4fa4-a97d-d965ccfc6d4b" outcome="Passed" testListId="8c84fa94-04c1-424b-9868-57a2d4851a1d" relativeResultsDirectory="5b7e9346-662e-4f9f-a90b-7fcb42716f64" />
    <UnitTestResult executionId="c9c11f8f-aa8b-413f-b9be-008fcc197913" testId="6146608c-899d-b53b-068b-d998c239ef5c" testName="ReadByteByPosition_ColumnValueIsNull_returnsDefaultValue" computerName="KEPLER" duration="00:00:00.0000001" startTime="2021-07-20T10:09:39.0000000+02:00" endTime="2021-07-20T10:09:39.0000000+02:00" testType="13cdc9d9-ddb5-4fa4-a97d-d965ccfc6d4b" outcome="Passed" testListId="8c84fa94-04c1-424b-9868-57a2d4851a1d" relativeResultsDirectory="c9c11f8f-aa8b-413f-b9be-008fcc197913" />
    <UnitTestResult executionId="f71bd564-2373-4ee0-bd0c-6641442a71f7" testId="b5ac5171-235e-65fa-c5c1-5f95389c35dd" testName="ReadByteByName_ColumnValueIsValid_returnsColumnValue" computerName="KEPLER" duration="00:00:00.0020000" startTime="2021-07-20T10:09:39.0000000+02:00" endTime="2021-07-20T10:09:39.0000000+02:00" testType="13cdc9d9-ddb5-4fa4-a97d-d965ccfc6d4b" outcome="Passed" testListId="8c84fa94-04c1-424b-9868-57a2d4851a1d" relativeResultsDirectory="f71bd564-2373-4ee0-bd0c-6641442a71f7" />
    <UnitTestResult executionId="2c045c3d-d7ee-4ba6-8cc0-1739e1611579" testId="7068c8ce-4458-c8b0-db04-a6cc958810a6" testName="ReadSByteByPosition_ColumnValueIsNull_returnsDefaultValue" computerName="KEPLER" duration="00:00:00.0000001" startTime="2021-07-20T10:09:39.0000000+02:00" endTime="2021-07-20T10:09:39.0000000+02:00" testType="13cdc9d9-ddb5-4fa4-a97d-d965ccfc6d4b" outcome="Passed" testListId="8c84fa94-04c1-424b-9868-57a2d4851a1d" relativeResultsDirectory="2c045c3d-d7ee-4ba6-8cc0-1739e1611579" />
    <UnitTestResult executionId="5150cc08-e159-45bf-a8e0-315f194c4ba9" testId="731bca5c-9d61-806b-524d-2614ec58be0a" testName="ReadIntByPosition_ColumnValueIsNull_returnsDefaultValue" computerName="KEPLER" duration="00:00:00.0000001" startTime="2021-07-20T10:09:39.0000000+02:00" endTime="2021-07-20T10:09:39.0000000+02:00" testType="13cdc9d9-ddb5-4fa4-a97d-d965ccfc6d4b" outcome="Passed" testListId="8c84fa94-04c1-424b-9868-57a2d4851a1d" relativeResultsDirectory="5150cc08-e159-45bf-a8e0-315f194c4ba9" />
    <UnitTestResult executionId="7bb989ab-c035-4f7e-b574-65601bdbdb17" testId="1fb2762f-e34c-78c8-f13c-b47daa480826" testName="ReadUShortByName_ColumnValueIsValid_returnsColumnValue" computerName="KEPLER" duration="00:00:00.0020000" startTime="2021-07-20T10:09:39.0000000+02:00" endTime="2021-07-20T10:09:39.0000000+02:00" testType="13cdc9d9-ddb5-4fa4-a97d-d965ccfc6d4b" outcome="Passed" testListId="8c84fa94-04c1-424b-9868-57a2d4851a1d" relativeResultsDirectory="7bb989ab-c035-4f7e-b574-65601bdbdb17" />
    <UnitTestResult executionId="7f6ee467-b00e-4691-ac36-c34c09be6768" testId="3b0f93ac-123f-48d2-4664-f6d15b48060d" testName="ReadBigIntegerByPosition_IllegalPosition_throwsIndexOutOfRangeException" computerName="KEPLER" duration="00:00:00.0100000" startTime="2021-07-20T10:09:39.0000000+02:00" endTime="2021-07-20T10:09:39.0000000+02:00" testType="13cdc9d9-ddb5-4fa4-a97d-d965ccfc6d4b" outcome="Passed" testListId="8c84fa94-04c1-424b-9868-57a2d4851a1d" relativeResultsDirectory="7f6ee467-b00e-4691-ac36-c34c09be6768" />
    <UnitTestResult executionId="a1bcfe50-00df-4572-8a1d-d83c2221b6f1" testId="a61db63c-409a-c69d-4251-a4fce715ef24" testName="ReadSByteByName_ColumnValueIsValid_returnsColumnValue" computerName="KEPLER" duration="00:00:00.0020000" startTime="2021-07-20T10:09:39.0000000+02:00" endTime="2021-07-20T10:09:39.0000000+02:00" testType="13cdc9d9-ddb5-4fa4-a97d-d965ccfc6d4b" outcome="Passed" testListId="8c84fa94-04c1-424b-9868-57a2d4851a1d" relativeResultsDirectory="a1bcfe50-00df-4572-8a1d-d83c2221b6f1" />
    <UnitTestResult executionId="7993c23e-b6ba-42a5-882f-7fe4af8933d0" testId="8eeddfa7-9ff2-9b4b-cc05-6c08cccd97be" testName="Tokenize_HappyDay_Success" computerName="KEPLER" duration="00:00:00.0370000" startTime="2021-07-20T10:09:39.0000000+02:00" endTime="2021-07-20T10:09:39.0000000+02:00" testType="13cdc9d9-ddb5-4fa4-a97d-d965ccfc6d4b" outcome="Passed" testListId="8c84fa94-04c1-424b-9868-57a2d4851a1d" relativeResultsDirectory="7993c23e-b6ba-42a5-882f-7fe4af8933d0" />
    <UnitTestResult executionId="4ce4bbe7-4609-49ab-b311-58c66b62d173" testId="28f94242-c443-4b67-7478-774497100d62" testName="ReadIntByPosition_ColumnValueIsValid_returnsColumnValue" computerName="KEPLER" duration="00:00:00.0000001" startTime="2021-07-20T10:09:39.0000000+02:00" endTime="2021-07-20T10:09:39.0000000+02:00" testType="13cdc9d9-ddb5-4fa4-a97d-d965ccfc6d4b" outcome="Passed" testListId="8c84fa94-04c1-424b-9868-57a2d4851a1d" relativeResultsDirectory="4ce4bbe7-4609-49ab-b311-58c66b62d173" />
    <UnitTestResult executionId="f4546424-bdbf-4675-a296-3b9785cdd643" testId="1e1f9a61-418d-53ce-3670-83cfc0444d5d" testName="ReadFloatByName_ColumnValueIsValid_returnsColumnValue" computerName="KEPLER" duration="00:00:00.0030000" startTime="2021-07-20T10:09:39.0000000+02:00" endTime="2021-07-20T10:09:39.0000000+02:00" testType="13cdc9d9-ddb5-4fa4-a97d-d965ccfc6d4b" outcome="Passed" testListId="8c84fa94-04c1-424b-9868-57a2d4851a1d" relativeResultsDirectory="f4546424-bdbf-4675-a296-3b9785cdd643" />
    <UnitTestResult executionId="a751ec8c-8e5d-4ce2-9fa6-63ec768ce412" testId="215c0f1c-cecf-9a95-6534-66edcf077cd7" testName="ReadLongByName_ColumnValueIsValid_returnsColumnValue" computerName="KEPLER" duration="00:00:00.0020000" startTime="2021-07-20T10:09:39.0000000+02:00" endTime="2021-07-20T10:09:39.0000000+02:00" testType="13cdc9d9-ddb5-4fa4-a97d-d965ccfc6d4b" outcome="Passed" testListId="8c84fa94-04c1-424b-9868-57a2d4851a1d" relativeResultsDirectory="a751ec8c-8e5d-4ce2-9fa6-63ec768ce412" />
    <UnitTestResult executionId="fa3d9792-ce3e-4795-a79d-04f646f9969a" testId="cb603bea-42c1-efb6-0c3c-26cc88996c55" testName="ReadSByteByPosition_ColumnValueIsValid_returnsColumnValue" computerName="KEPLER" duration="00:00:00.0000001" startTime="2021-07-20T10:09:39.0000000+02:00" endTime="2021-07-20T10:09:39.0000000+02:00" testType="13cdc9d9-ddb5-4fa4-a97d-d965ccfc6d4b" outcome="Passed" testListId="8c84fa94-04c1-424b-9868-57a2d4851a1d" relativeResultsDirectory="fa3d9792-ce3e-4795-a79d-04f646f9969a" />
    <UnitTestResult executionId="2f0bfd6c-5b15-4834-84d9-cbb56dc8185a" testId="47dcd5e5-c495-3daf-20e4-fb6809725f3a" testName="ReadDecimalByPosition_IllegalPosition_throwsIndexOutOfRangeException" computerName="KEPLER" duration="00:00:00.0000001" startTime="2021-07-20T10:09:39.0000000+02:00" endTime="2021-07-20T10:09:39.0000000+02:00" testType="13cdc9d9-ddb5-4fa4-a97d-d965ccfc6d4b" outcome="Passed" testListId="8c84fa94-04c1-424b-9868-57a2d4851a1d" relativeResultsDirectory="2f0bfd6c-5b15-4834-84d9-cbb56dc8185a" />
    <UnitTestResult executionId="9bb3af82-4fc8-4328-80e2-8c93ae014ab0" testId="0604f0e8-07f4-f648-573a-db0001508c3d" testName="ReadDateTimeByPosition_ColumnValueIsNull_returnsDefaultValue" computerName="KEPLER" duration="00:00:00.0020000" startTime="2021-07-20T10:09:39.0000000+02:00" endTime="2021-07-20T10:09:39.0000000+02:00" testType="13cdc9d9-ddb5-4fa4-a97d-d965ccfc6d4b" outcome="Passed" testListId="8c84fa94-04c1-424b-9868-57a2d4851a1d" relativeResultsDirectory="9bb3af82-4fc8-4328-80e2-8c93ae014ab0" />
    <UnitTestResult executionId="dc0add09-639d-45d8-8571-2dc2dfe1a1c5" testId="c3c88055-1e45-edb8-1589-dc337bccb041" testName="ReadDoubleByName_ColumnValueIsValid_returnsColumnValue" computerName="KEPLER" duration="00:00:00.0000001" startTime="2021-07-20T10:09:39.0000000+02:00" endTime="2021-07-20T10:09:39.0000000+02:00" testType="13cdc9d9-ddb5-4fa4-a97d-d965ccfc6d4b" outcome="Passed" testListId="8c84fa94-04c1-424b-9868-57a2d4851a1d" relativeResultsDirectory="dc0add09-639d-45d8-8571-2dc2dfe1a1c5" />
    <UnitTestResult executionId="0f94ceaa-7313-46f6-9412-a98688b392f6" testId="72b4b17d-9389-e3a5-908d-e1d916fd9d4d" testName="ReadIntByName_ColumnValueIsValid_returnsColumnValue" computerName="KEPLER" duration="00:00:00.0000001" startTime="2021-07-20T10:09:39.0000000+02:00" endTime="2021-07-20T10:09:39.0000000+02:00" testType="13cdc9d9-ddb5-4fa4-a97d-d965ccfc6d4b" outcome="Passed" testListId="8c84fa94-04c1-424b-9868-57a2d4851a1d" relativeResultsDirectory="0f94ceaa-7313-46f6-9412-a98688b392f6" />
    <UnitTestResult executionId="38bd1c49-4538-440c-aa5d-f751f365aad3" testId="104751f4-fe8d-ab74-3936-029fe85cd861" testName="ReadShortByPosition_IllegalPosition_throwsIndexOutOfRangeException" computerName="KEPLER" duration="00:00:00.0000001" startTime="2021-07-20T10:09:39.0000000+02:00" endTime="2021-07-20T10:09:39.0000000+02:00" testType="13cdc9d9-ddb5-4fa4-a97d-d965ccfc6d4b" outcome="Passed" testListId="8c84fa94-04c1-424b-9868-57a2d4851a1d" relativeResultsDirectory="38bd1c49-4538-440c-aa5d-f751f365aad3" />
    <UnitTestResult executionId="e7926857-62b4-4ffb-83c6-a3e0dfdfa358" testId="9d73e50a-a337-a010-d991-6206f99c208d" testName="ReadByteByPosition_ColumnValueIsValid_returnsColumnValue" computerName="KEPLER" duration="00:00:00.0000001" startTime="2021-07-20T10:09:39.0000000+02:00" endTime="2021-07-20T10:09:39.0000000+02:00" testType="13cdc9d9-ddb5-4fa4-a97d-d965ccfc6d4b" outcome="Passed" testListId="8c84fa94-04c1-424b-9868-57a2d4851a1d" relativeResultsDirectory="e7926857-62b4-4ffb-83c6-a3e0dfdfa358" />
    <UnitTestResult executionId="3edea1e3-8269-4237-811f-9e8b78037800" testId="ff3c2f34-d7a8-39c9-82f0-87dec3bd1bbb" testName="ReadTimeByPosition_IllegalPosition_throwsIndexOutOfRangeException" computerName="KEPLER" duration="00:00:00.0010000" startTime="2021-07-20T10:09:39.0000000+02:00" endTime="2021-07-20T10:09:39.0000000+02:00" testType="13cdc9d9-ddb5-4fa4-a97d-d965ccfc6d4b" outcome="Passed" testListId="8c84fa94-04c1-424b-9868-57a2d4851a1d" relativeResultsDirectory="3edea1e3-8269-4237-811f-9e8b78037800" />
    <UnitTestResult executionId="e264fdaa-c4ea-4e18-9795-cb53fa5088c8" testId="a4d55b8e-1ad7-4aaf-f2db-a3881347b967" testName="ReadUIntByPosition_IllegalPosition_throwsIndexOutOfRangeException" computerName="KEPLER" duration="00:00:00.0000001" startTime="2021-07-20T10:09:39.0000000+02:00" endTime="2021-07-20T10:09:39.0000000+02:00" testType="13cdc9d9-ddb5-4fa4-a97d-d965ccfc6d4b" outcome="Passed" testListId="8c84fa94-04c1-424b-9868-57a2d4851a1d" relativeResultsDirectory="e264fdaa-c4ea-4e18-9795-cb53fa5088c8" />
    <UnitTestResult executionId="a2360ec8-157f-47e0-a31d-7f742bb554b6" testId="d23fe4d5-ce91-9c32-4d57-52ea4ff4f709" testName="ReadBoolByPosition_ColumnValueIsValid_returnsColumnValue" computerName="KEPLER" duration="00:00:00.0000001" startTime="2021-07-20T10:09:39.0000000+02:00" endTime="2021-07-20T10:09:39.0000000+02:00" testType="13cdc9d9-ddb5-4fa4-a97d-d965ccfc6d4b" outcome="Passed" testListId="8c84fa94-04c1-424b-9868-57a2d4851a1d" relativeResultsDirectory="a2360ec8-157f-47e0-a31d-7f742bb554b6" />
    <UnitTestResult executionId="59aee02a-371e-4275-908e-8f925c6ea420" testId="c46c21f8-1be4-8ae8-7ba8-bfe4926f3b94" testName="ReadFloatByPosition_IllegalPosition_throwsIndexOutOfRangeException" computerName="KEPLER" duration="00:00:00.0000001" startTime="2021-07-20T10:09:39.0000000+02:00" endTime="2021-07-20T10:09:39.0000000+02:00" testType="13cdc9d9-ddb5-4fa4-a97d-d965ccfc6d4b" outcome="Passed" testListId="8c84fa94-04c1-424b-9868-57a2d4851a1d" relativeResultsDirectory="59aee02a-371e-4275-908e-8f925c6ea420" />
    <UnitTestResult executionId="24ea719a-c6c7-4eb3-93b7-fe968f6b0154" testId="d8e89047-265f-ae8c-f72e-27a12a7e3e84" testName="ReadUShortByPosition_ColumnValueIsValid_returnsColumnValue" computerName="KEPLER" duration="00:00:00.0000001" startTime="2021-07-20T10:09:39.0000000+02:00" endTime="2021-07-20T10:09:39.0000000+02:00" testType="13cdc9d9-ddb5-4fa4-a97d-d965ccfc6d4b" outcome="Passed" testListId="8c84fa94-04c1-424b-9868-57a2d4851a1d" relativeResultsDirectory="24ea719a-c6c7-4eb3-93b7-fe968f6b0154" />
    <UnitTestResult executionId="d1b60612-9df8-445b-9f13-abaa2483c2a9" testId="29ad57ce-fe8b-6876-9d1e-e06ac53ff752" testName="ReadShortByPosition_ColumnValueIsNull_returnsDefaultValue" computerName="KEPLER" duration="00:00:00.0000001" startTime="2021-07-20T10:09:39.0000000+02:00" endTime="2021-07-20T10:09:39.0000000+02:00" testType="13cdc9d9-ddb5-4fa4-a97d-d965ccfc6d4b" outcome="Passed" testListId="8c84fa94-04c1-424b-9868-57a2d4851a1d" relativeResultsDirectory="d1b60612-9df8-445b-9f13-abaa2483c2a9" />
    <UnitTestResult executionId="b69d648e-6519-4c76-a693-5e226b37d9ae" testId="8692aa5b-a8d1-7857-e1fe-d9632999316f" testName="ReadULongByPosition_IllegalPosition_throwsIndexOutOfRangeException" computerName="KEPLER" duration="00:00:00.0000001" startTime="2021-07-20T10:09:39.0000000+02:00" endTime="2021-07-20T10:09:39.0000000+02:00" testType="13cdc9d9-ddb5-4fa4-a97d-d965ccfc6d4b" outcome="Passed" testListId="8c84fa94-04c1-424b-9868-57a2d4851a1d" relativeResultsDirectory="b69d648e-6519-4c76-a693-5e226b37d9ae" />
    <UnitTestResult executionId="f12f91f2-af76-4717-9048-cbb542d2fa96" testId="118aeade-357c-55b4-720c-7539d16abdc1" testName="ReadUIntByName_ColumnValueIsValid_returnsColumnValue" computerName="KEPLER" duration="00:00:00.0030000" startTime="2021-07-20T10:09:39.0000000+02:00" endTime="2021-07-20T10:09:39.0000000+02:00" testType="13cdc9d9-ddb5-4fa4-a97d-d965ccfc6d4b" outcome="Passed" testListId="8c84fa94-04c1-424b-9868-57a2d4851a1d" relativeResultsDirectory="f12f91f2-af76-4717-9048-cbb542d2fa96" />
    <UnitTestResult executionId="9d4519c5-7cb2-4c42-86d9-4de785910c3d" testId="0cdaf4b3-edcf-efa9-84ca-dab367d01c8f" testName="ReadSByteByPosition_IllegalPosition_throwsIndexOutOfRangeException" computerName="KEPLER" duration="00:00:00.0000001" startTime="2021-07-20T10:09:39.0000000+02:00" endTime="2021-07-20T10:09:39.0000000+02:00" testType="13cdc9d9-ddb5-4fa4-a97d-d965ccfc6d4b" outcome="Passed" testListId="8c84fa94-04c1-424b-9868-57a2d4851a1d" relativeResultsDirectory="9d4519c5-7cb2-4c42-86d9-4de785910c3d" />
    <UnitTestResult executionId="21f01f68-153f-4fe0-ac75-68d69fc59268" testId="f019755f-e0a8-8666-3273-046e81d5d5a1" testName="ReadByteByPosition_IllegalPosition_throwsIndexOutOfRangeException" computerName="KEPLER" duration="00:00:00.0000001" startTime="2021-07-20T10:09:39.0000000+02:00" endTime="2021-07-20T10:09:39.0000000+02:00" testType="13cdc9d9-ddb5-4fa4-a97d-d965ccfc6d4b" outcome="Passed" testListId="8c84fa94-04c1-424b-9868-57a2d4851a1d" relativeResultsDirectory="21f01f68-153f-4fe0-ac75-68d69fc59268" />
    <UnitTestResult executionId="043a4af8-d187-494f-9227-b7380ab7341f" testId="f5ff1dbe-9ecf-970e-f7f1-0fc82b946980" testName="ReadBoolByName_ColumnValueIsValid_returnsColumnValue" computerName="KEPLER" duration="00:00:00.0020000" startTime="2021-07-20T10:09:39.0000000+02:00" endTime="2021-07-20T10:09:39.0000000+02:00" testType="13cdc9d9-ddb5-4fa4-a97d-d965ccfc6d4b" outcome="Passed" testListId="8c84fa94-04c1-424b-9868-57a2d4851a1d" relativeResultsDirectory="043a4af8-d187-494f-9227-b7380ab7341f" />
    <UnitTestResult executionId="711dbac3-e11f-4305-848b-74d6ce2f5171" testId="9ddbc878-c0f9-119a-a07f-af54dc2608dd" testName="ReadTimeByPosition_ColumnValueIsNull_returnsDefaultValue" computerName="KEPLER" duration="00:00:00.0010000" startTime="2021-07-20T10:09:39.0000000+02:00" endTime="2021-07-20T10:09:39.0000000+02:00" testType="13cdc9d9-ddb5-4fa4-a97d-d965ccfc6d4b" outcome="Passed" testListId="8c84fa94-04c1-424b-9868-57a2d4851a1d" relativeResultsDirectory="711dbac3-e11f-4305-848b-74d6ce2f5171" />
    <UnitTestResult executionId="77fec9e2-a82b-42c2-bf86-fc218746c238" testId="1f14a07f-f083-d069-df52-f95d0ab32b2c" testName="ReadStringByPosition_IllegalPosition_throwsIndexOutOfRangeException" computerName="KEPLER" duration="00:00:00.0000001" startTime="2021-07-20T10:09:39.0000000+02:00" endTime="2021-07-20T10:09:39.0000000+02:00" testType="13cdc9d9-ddb5-4fa4-a97d-d965ccfc6d4b" outcome="Passed" testListId="8c84fa94-04c1-424b-9868-57a2d4851a1d" relativeResultsDirectory="77fec9e2-a82b-42c2-bf86-fc218746c238" />
    <UnitTestResult executionId="a5d85428-0d02-4877-8210-506f7b106eea" testId="0c3e0dde-ca43-a1b4-68f3-f0bab7cb0817" testName="ReadUShortByPosition_ColumnValueIsNull_returnsDefaultValue" computerName="KEPLER" duration="00:00:00.0000001" startTime="2021-07-20T10:09:39.0000000+02:00" endTime="2021-07-20T10:09:39.0000000+02:00" testType="13cdc9d9-ddb5-4fa4-a97d-d965ccfc6d4b" outcome="Passed" testListId="8c84fa94-04c1-424b-9868-57a2d4851a1d" relativeResultsDirectory="a5d85428-0d02-4877-8210-506f7b106eea" />
    <UnitTestResult executionId="adb2f472-77ec-4edc-b962-429accb73856" testId="64462de1-2139-9fb7-a19a-c62ddd8d88cc" testName="ReadULongByName_ColumnValueIsValid_returnsColumnValue" computerName="KEPLER" duration="00:00:00.0020000" startTime="2021-07-20T10:09:39.0000000+02:00" endTime="2021-07-20T10:09:39.0000000+02:00" testType="13cdc9d9-ddb5-4fa4-a97d-d965ccfc6d4b" outcome="Passed" testListId="8c84fa94-04c1-424b-9868-57a2d4851a1d" relativeResultsDirectory="adb2f472-77ec-4edc-b962-429accb73856" />
    <UnitTestResult executionId="d1e5c9a9-78c5-47f6-9fd1-a046ddb32746" testId="f7c7320f-4f44-9339-2098-e403250c3578" testName="ReadUIntByPosition_ColumnValueIsValid_returnsColumnValue" computerName="KEPLER" duration="00:00:00.0000001" startTime="2021-07-20T10:09:39.0000000+02:00" endTime="2021-07-20T10:09:39.0000000+02:00" testType="13cdc9d9-ddb5-4fa4-a97d-d965ccfc6d4b" outcome="Passed" testListId="8c84fa94-04c1-424b-9868-57a2d4851a1d" relativeResultsDirectory="d1e5c9a9-78c5-47f6-9fd1-a046ddb32746" />
    <UnitTestResult executionId="25fc54af-4fc8-42fc-95fe-355cb441bb35" testId="dc996df5-fcaf-c4b6-c7fd-779d925f1c81" testName="ReadULongByPosition_ColumnValueIsValid_returnsColumnValue" computerName="KEPLER" duration="00:00:00.0000001" startTime="2021-07-20T10:09:39.0000000+02:00" endTime="2021-07-20T10:09:39.0000000+02:00" testType="13cdc9d9-ddb5-4fa4-a97d-d965ccfc6d4b" outcome="Passed" testListId="8c84fa94-04c1-424b-9868-57a2d4851a1d" relativeResultsDirectory="25fc54af-4fc8-42fc-95fe-355cb441bb35" />
    <UnitTestResult executionId="a31a5a24-1700-4631-80a4-356bd9d5b65f" testId="07c6e8b0-6060-0fdb-e553-b910aa38d5a3" testName="ReadDateTimeByPosition_IllegalPosition_throwsIndexOutOfRangeException" computerName="KEPLER" duration="00:00:00.0000001" startTime="2021-07-20T10:09:39.0000000+02:00" endTime="2021-07-20T10:09:39.0000000+02:00" testType="13cdc9d9-ddb5-4fa4-a97d-d965ccfc6d4b" outcome="Passed" testListId="8c84fa94-04c1-424b-9868-57a2d4851a1d" relativeResultsDirectory="a31a5a24-1700-4631-80a4-356bd9d5b65f" />
    <UnitTestResult executionId="c88f6f05-92a6-41ed-ba94-16ba7d689e87" testId="27b2d23f-2d93-b00e-67aa-18eff944a29a" testName="Read_NoHeadlines_Success" computerName="KEPLER" duration="00:00:00.0090000" startTime="2021-07-20T10:09:39.0000000+02:00" endTime="2021-07-20T10:09:39.0000000+02:00" testType="13cdc9d9-ddb5-4fa4-a97d-d965ccfc6d4b" outcome="Passed" testListId="8c84fa94-04c1-424b-9868-57a2d4851a1d" relativeResultsDirectory="c88f6f05-92a6-41ed-ba94-16ba7d689e87" />
    <UnitTestResult executionId="375a6403-a92a-4e02-a3b5-def6da778d64" testId="9936a135-d22a-4ca8-2234-30d61c580d3a" testName="ReadDoubleByPosition_ColumnValueIsNull_returnsDefaultValue" computerName="KEPLER" duration="00:00:00.0000001" startTime="2021-07-20T10:09:39.0000000+02:00" endTime="2021-07-20T10:09:39.0000000+02:00" testType="13cdc9d9-ddb5-4fa4-a97d-d965ccfc6d4b" outcome="Passed" testListId="8c84fa94-04c1-424b-9868-57a2d4851a1d" relativeResultsDirectory="375a6403-a92a-4e02-a3b5-def6da778d64" />
    <UnitTestResult executionId="90b9fcdb-87f1-47ea-b490-eb84fe9b8a55" testId="33d850d1-573c-00d7-7747-054cd77f8fbe" testName="ReadBoolByPosition_ColumnValueIsNull_returnsDefaultValue" computerName="KEPLER" duration="00:00:00.0000001" startTime="2021-07-20T10:09:39.0000000+02:00" endTime="2021-07-20T10:09:39.0000000+02:00" testType="13cdc9d9-ddb5-4fa4-a97d-d965ccfc6d4b" outcome="Passed" testListId="8c84fa94-04c1-424b-9868-57a2d4851a1d" relativeResultsDirectory="90b9fcdb-87f1-47ea-b490-eb84fe9b8a55" />
    <UnitTestResult executionId="2578e345-6122-4445-b38a-ebadc7540495" testId="787bed18-d401-7a51-52b1-e3a0490d9e59" testName="ReadDecimalByName_ColumnValueIsValid_returnsColumnValue" computerName="KEPLER" duration="00:00:00.0030000" startTime="2021-07-20T10:09:39.0000000+02:00" endTime="2021-07-20T10:09:39.0000000+02:00" testType="13cdc9d9-ddb5-4fa4-a97d-d965ccfc6d4b" outcome="Passed" testListId="8c84fa94-04c1-424b-9868-57a2d4851a1d" relativeResultsDirectory="2578e345-6122-4445-b38a-ebadc7540495" />
    <UnitTestResult executionId="9315c151-6016-41e7-a75a-fa2a4c0496ab" testId="47c99baa-41af-a01a-4df8-ec2e75b4ec6a" testName="ReadTimeByPosition_ColumnValueIsValid_returnsColumnValue" computerName="KEPLER" duration="00:00:00.0010000" startTime="2021-07-20T10:09:39.0000000+02:00" endTime="2021-07-20T10:09:39.0000000+02:00" testType="13cdc9d9-ddb5-4fa4-a97d-d965ccfc6d4b" outcome="Passed" testListId="8c84fa94-04c1-424b-9868-57a2d4851a1d" relativeResultsDirectory="9315c151-6016-41e7-a75a-fa2a4c0496ab" />
    <UnitTestResult executionId="9efdeb4a-bbcb-4df1-adb3-a747debcbe3d" testId="21f7e741-a675-dbbd-b35a-ec5b27351f62" testName="ReadUIntByPosition_ColumnValueIsNull_returnsDefaultValue" computerName="KEPLER" duration="00:00:00.0000001" startTime="2021-07-20T10:09:39.0000000+02:00" endTime="2021-07-20T10:09:39.0000000+02:00" testType="13cdc9d9-ddb5-4fa4-a97d-d965ccfc6d4b" outcome="Passed" testListId="8c84fa94-04c1-424b-9868-57a2d4851a1d" relativeResultsDirectory="9efdeb4a-bbcb-4df1-adb3-a747debcbe3d" />
    <UnitTestResult executionId="731d2ff8-5749-4bb2-804f-3e5bf8475aa9" testId="792a67fb-ceeb-5801-6983-49a6d3502401" testName="ReadUShortByPosition_IllegalPosition_throwsIndexOutOfRangeException" computerName="KEPLER" duration="00:00:00.0000001" startTime="2021-07-20T10:09:39.0000000+02:00" endTime="2021-07-20T10:09:39.0000000+02:00" testType="13cdc9d9-ddb5-4fa4-a97d-d965ccfc6d4b" outcome="Passed" testListId="8c84fa94-04c1-424b-9868-57a2d4851a1d" relativeResultsDirectory="731d2ff8-5749-4bb2-804f-3e5bf8475aa9" />
    <UnitTestResult executionId="b63d4b53-e9a1-4652-918d-18cb5117de1e" testId="12d07d2c-62a0-fd3c-3009-e13ab934a1b8" testName="ReadFloatByPosition_ColumnValueIsNull_returnsDefaultValue" computerName="KEPLER" duration="00:00:00.0000001" startTime="2021-07-20T10:09:39.0000000+02:00" endTime="2021-07-20T10:09:39.0000000+02:00" testType="13cdc9d9-ddb5-4fa4-a97d-d965ccfc6d4b" outcome="Passed" testListId="8c84fa94-04c1-424b-9868-57a2d4851a1d" relativeResultsDirectory="b63d4b53-e9a1-4652-918d-18cb5117de1e" />
    <UnitTestResult executionId="4c59ba80-d358-42d2-b50e-7b3232849239" testId="a9ba31f4-5448-2bd8-cc17-6dde183f2c7e" testName="ReadFloatByPosition_ColumnValueIsValid_returnsColumnValue" computerName="KEPLER" duration="00:00:00.0000001" startTime="2021-07-20T10:09:39.0000000+02:00" endTime="2021-07-20T10:09:39.0000000+02:00" testType="13cdc9d9-ddb5-4fa4-a97d-d965ccfc6d4b" outcome="Passed" testListId="8c84fa94-04c1-424b-9868-57a2d4851a1d" relativeResultsDirectory="4c59ba80-d358-42d2-b50e-7b3232849239" />
  </Results>
  <TestDefinitions>
    <UnitTest name="Read_WithHeadlines_Success" storage="c:\users\joachimwagner\documents\projekte\bundesbank\dataimport\genericreadersandwriterstests\bin\debug\netcoreapp2.1\genericreadersandwriterstests.dll" id="849f9b46-20fe-795e-71ab-a0cb84df38a3">
      <Execution id="aed45700-935c-49e1-82f6-30878bf07c8e" />
      <TestMethod codeBase="C:\Users\JoachimWagner\Documents\Projekte\Bundesbank\DataImport\GenericReadersAndWritersTests\bin\Debug\netcoreapp2.1\GenericReadersAndWritersTests.dll" adapterTypeName="executor://nunit3testexecutor/" className="BBk.Rc1.Ricis.SharedLibraries.GenericReadersAndWriters.File.Csv.Tests.AbstractCsvFileReaderTests" name="Read_WithHeadlines_Success" />
    </UnitTest>
    <UnitTest name="ReadIntByPosition_ColumnValueIsNull_returnsDefaultValue" storage="c:\users\joachimwagner\documents\projekte\bundesbank\dataimport\genericreadersandwriterstests\bin\debug\netcoreapp2.1\genericreadersandwriterstests.dll" id="731bca5c-9d61-806b-524d-2614ec58be0a">
      <Execution id="5150cc08-e159-45bf-a8e0-315f194c4ba9" />
      <TestMethod codeBase="C:\Users\JoachimWagner\Documents\Projekte\Bundesbank\DataImport\GenericReadersAndWritersTests\bin\Debug\netcoreapp2.1\GenericReadersAndWritersTests.dll" adapterTypeName="executor://nunit3testexecutor/" className="BBk.Rc1.Ricis.SharedLibraries.GenericReadersAndWriters.File.Csv.LineTokenizer.Tests.FileSetTests" name="ReadIntByPosition_ColumnValueIsNull_returnsDefaultValue" />
    </UnitTest>
    <UnitTest name="ReadDateTimeByPosition_ColumnValueIsNull_returnsDefaultValue" storage="c:\users\joachimwagner\documents\projekte\bundesbank\dataimport\genericreadersandwriterstests\bin\debug\netcoreapp2.1\genericreadersandwriterstests.dll" id="0604f0e8-07f4-f648-573a-db0001508c3d">
      <Execution id="9bb3af82-4fc8-4328-80e2-8c93ae014ab0" />
      <TestMethod codeBase="C:\Users\JoachimWagner\Documents\Projekte\Bundesbank\DataImport\GenericReadersAndWritersTests\bin\Debug\netcoreapp2.1\GenericReadersAndWritersTests.dll" adapterTypeName="executor://nunit3testexecutor/" className="BBk.Rc1.Ricis.SharedLibraries.GenericReadersAndWriters.File.Csv.LineTokenizer.Tests.FileSetTests" name="ReadDateTimeByPosition_ColumnValueIsNull_returnsDefaultValue" />
    </UnitTest>
    <UnitTest name="ReadFloatByPosition_ColumnValueIsValid_returnsColumnValue" storage="c:\users\joachimwagner\documents\projekte\bundesbank\dataimport\genericreadersandwriterstests\bin\debug\netcoreapp2.1\genericreadersandwriterstests.dll" id="a9ba31f4-5448-2bd8-cc17-6dde183f2c7e">
      <Execution id="4c59ba80-d358-42d2-b50e-7b3232849239" />
      <TestMethod codeBase="C:\Users\JoachimWagner\Documents\Projekte\Bundesbank\DataImport\GenericReadersAndWritersTests\bin\Debug\netcoreapp2.1\GenericReadersAndWritersTests.dll" adapterTypeName="executor://nunit3testexecutor/" className="BBk.Rc1.Ricis.SharedLibraries.GenericReadersAndWriters.File.Csv.LineTokenizer.Tests.FileSetTests" name="ReadFloatByPosition_ColumnValueIsValid_returnsColumnValue" />
    </UnitTest>
    <UnitTest name="ReadDateTimeByName_ColumnValueIsValid_returnsColumnValue" storage="c:\users\joachimwagner\documents\projekte\bundesbank\dataimport\genericreadersandwriterstests\bin\debug\netcoreapp2.1\genericreadersandwriterstests.dll" id="9d755510-df1c-55a1-19c7-bb204197f657">
      <Execution id="885c802b-25af-48a6-9ce1-b699d69497fc" />
      <TestMethod codeBase="C:\Users\JoachimWagner\Documents\Projekte\Bundesbank\DataImport\GenericReadersAndWritersTests\bin\Debug\netcoreapp2.1\GenericReadersAndWritersTests.dll" adapterTypeName="executor://nunit3testexecutor/" className="BBk.Rc1.Ricis.SharedLibraries.GenericReadersAndWriters.File.Csv.LineTokenizer.Tests.FileSetTests" name="ReadDateTimeByName_ColumnValueIsValid_returnsColumnValue" />
    </UnitTest>
    <UnitTest name="ReadLongByPosition_ColumnValueIsValid_returnsColumnValue" storage="c:\users\joachimwagner\documents\projekte\bundesbank\dataimport\genericreadersandwriterstests\bin\debug\netcoreapp2.1\genericreadersandwriterstests.dll" id="75e3471c-c567-b6f6-0af9-0f892fc17df2">
      <Execution id="99d9392d-249b-4c46-a3a3-d19100486df0" />
      <TestMethod codeBase="C:\Users\JoachimWagner\Documents\Projekte\Bundesbank\DataImport\GenericReadersAndWritersTests\bin\Debug\netcoreapp2.1\GenericReadersAndWritersTests.dll" adapterTypeName="executor://nunit3testexecutor/" className="BBk.Rc1.Ricis.SharedLibraries.GenericReadersAndWriters.File.Csv.LineTokenizer.Tests.FileSetTests" name="ReadLongByPosition_ColumnValueIsValid_returnsColumnValue" />
    </UnitTest>
    <UnitTest name="ReadShortByPosition_IllegalPosition_throwsIndexOutOfRangeException" storage="c:\users\joachimwagner\documents\projekte\bundesbank\dataimport\genericreadersandwriterstests\bin\debug\netcoreapp2.1\genericreadersandwriterstests.dll" id="104751f4-fe8d-ab74-3936-029fe85cd861">
      <Execution id="38bd1c49-4538-440c-aa5d-f751f365aad3" />
      <TestMethod codeBase="C:\Users\JoachimWagner\Documents\Projekte\Bundesbank\DataImport\GenericReadersAndWritersTests\bin\Debug\netcoreapp2.1\GenericReadersAndWritersTests.dll" adapterTypeName="executor://nunit3testexecutor/" className="BBk.Rc1.Ricis.SharedLibraries.GenericReadersAndWriters.File.Csv.LineTokenizer.Tests.FileSetTests" name="ReadShortByPosition_IllegalPosition_throwsIndexOutOfRangeException" />
    </UnitTest>
    <UnitTest name="ReadBoolByPosition_IllegalPosition_throwsIndexOutOfRangeException" storage="c:\users\joachimwagner\documents\projekte\bundesbank\dataimport\genericreadersandwriterstests\bin\debug\netcoreapp2.1\genericreadersandwriterstests.dll" id="8344d006-b7c9-a2f5-b0bb-02b80f0fa7a7">
      <Execution id="5b7e9346-662e-4f9f-a90b-7fcb42716f64" />
      <TestMethod codeBase="C:\Users\JoachimWagner\Documents\Projekte\Bundesbank\DataImport\GenericReadersAndWritersTests\bin\Debug\netcoreapp2.1\GenericReadersAndWritersTests.dll" adapterTypeName="executor://nunit3testexecutor/" className="BBk.Rc1.Ricis.SharedLibraries.GenericReadersAndWriters.File.Csv.LineTokenizer.Tests.FileSetTests" name="ReadBoolByPosition_IllegalPosition_throwsIndexOutOfRangeException" />
    </UnitTest>
    <UnitTest name="ReadBigIntegerByPosition_IllegalPosition_throwsIndexOutOfRangeException" storage="c:\users\joachimwagner\documents\projekte\bundesbank\dataimport\genericreadersandwriterstests\bin\debug\netcoreapp2.1\genericreadersandwriterstests.dll" id="3b0f93ac-123f-48d2-4664-f6d15b48060d">
      <Execution id="7f6ee467-b00e-4691-ac36-c34c09be6768" />
      <TestMethod codeBase="C:\Users\JoachimWagner\Documents\Projekte\Bundesbank\DataImport\GenericReadersAndWritersTests\bin\Debug\netcoreapp2.1\GenericReadersAndWritersTests.dll" adapterTypeName="executor://nunit3testexecutor/" className="BBk.Rc1.Ricis.SharedLibraries.GenericReadersAndWriters.File.Csv.LineTokenizer.Tests.FileSetTests" name="ReadBigIntegerByPosition_IllegalPosition_throwsIndexOutOfRangeException" />
    </UnitTest>
    <UnitTest name="ReadDateTimeByPosition_IllegalPosition_throwsIndexOutOfRangeException" storage="c:\users\joachimwagner\documents\projekte\bundesbank\dataimport\genericreadersandwriterstests\bin\debug\netcoreapp2.1\genericreadersandwriterstests.dll" id="07c6e8b0-6060-0fdb-e553-b910aa38d5a3">
      <Execution id="a31a5a24-1700-4631-80a4-356bd9d5b65f" />
      <TestMethod codeBase="C:\Users\JoachimWagner\Documents\Projekte\Bundesbank\DataImport\GenericReadersAndWritersTests\bin\Debug\netcoreapp2.1\GenericReadersAndWritersTests.dll" adapterTypeName="executor://nunit3testexecutor/" className="BBk.Rc1.Ricis.SharedLibraries.GenericReadersAndWriters.File.Csv.LineTokenizer.Tests.FileSetTests" name="ReadDateTimeByPosition_IllegalPosition_throwsIndexOutOfRangeException" />
    </UnitTest>
    <UnitTest name="ReadFloatByName_ColumnValueIsValid_returnsColumnValue" storage="c:\users\joachimwagner\documents\projekte\bundesbank\dataimport\genericreadersandwriterstests\bin\debug\netcoreapp2.1\genericreadersandwriterstests.dll" id="1e1f9a61-418d-53ce-3670-83cfc0444d5d">
      <Execution id="f4546424-bdbf-4675-a296-3b9785cdd643" />
      <TestMethod codeBase="C:\Users\JoachimWagner\Documents\Projekte\Bundesbank\DataImport\GenericReadersAndWritersTests\bin\Debug\netcoreapp2.1\GenericReadersAndWritersTests.dll" adapterTypeName="executor://nunit3testexecutor/" className="BBk.Rc1.Ricis.SharedLibraries.GenericReadersAndWriters.File.Csv.LineTokenizer.Tests.FileSetTests" name="ReadFloatByName_ColumnValueIsValid_returnsColumnValue" />
    </UnitTest>
    <UnitTest name="ReadSByteByPosition_ColumnValueIsNull_returnsDefaultValue" storage="c:\users\joachimwagner\documents\projekte\bundesbank\dataimport\genericreadersandwriterstests\bin\debug\netcoreapp2.1\genericreadersandwriterstests.dll" id="7068c8ce-4458-c8b0-db04-a6cc958810a6">
      <Execution id="2c045c3d-d7ee-4ba6-8cc0-1739e1611579" />
      <TestMethod codeBase="C:\Users\JoachimWagner\Documents\Projekte\Bundesbank\DataImport\GenericReadersAndWritersTests\bin\Debug\netcoreapp2.1\GenericReadersAndWritersTests.dll" adapterTypeName="executor://nunit3testexecutor/" className="BBk.Rc1.Ricis.SharedLibraries.GenericReadersAndWriters.File.Csv.LineTokenizer.Tests.FileSetTests" name="ReadSByteByPosition_ColumnValueIsNull_returnsDefaultValue" />
    </UnitTest>
    <UnitTest name="ReadDateTimeByPosition_ColumnValueIsValid_returnsColumnValue" storage="c:\users\joachimwagner\documents\projekte\bundesbank\dataimport\genericreadersandwriterstests\bin\debug\netcoreapp2.1\genericreadersandwriterstests.dll" id="1811d5b1-17d8-b70d-ad75-6e8df3b977d3">
      <Execution id="e05a9151-2ebe-44e5-ba77-142fd6be3309" />
      <TestMethod codeBase="C:\Users\JoachimWagner\Documents\Projekte\Bundesbank\DataImport\GenericReadersAndWritersTests\bin\Debug\netcoreapp2.1\GenericReadersAndWritersTests.dll" adapterTypeName="executor://nunit3testexecutor/" className="BBk.Rc1.Ricis.SharedLibraries.GenericReadersAndWriters.File.Csv.LineTokenizer.Tests.FileSetTests" name="ReadDateTimeByPosition_ColumnValueIsValid_returnsColumnValue" />
    </UnitTest>
    <UnitTest name="ReadShortByName_ColumnValueIsValid_returnsColumnValue" storage="c:\users\joachimwagner\documents\projekte\bundesbank\dataimport\genericreadersandwriterstests\bin\debug\netcoreapp2.1\genericreadersandwriterstests.dll" id="0b5c0338-d113-65c4-5059-a95aef619330">
      <Execution id="d9a28a78-e90a-475a-b3d7-95818a0cc903" />
      <TestMethod codeBase="C:\Users\JoachimWagner\Documents\Projekte\Bundesbank\DataImport\GenericReadersAndWritersTests\bin\Debug\netcoreapp2.1\GenericReadersAndWritersTests.dll" adapterTypeName="executor://nunit3testexecutor/" className="BBk.Rc1.Ricis.SharedLibraries.GenericReadersAndWriters.File.Csv.LineTokenizer.Tests.FileSetTests" name="ReadShortByName_ColumnValueIsValid_returnsColumnValue" />
    </UnitTest>
    <UnitTest name="ReadDoubleByPosition_ColumnValueIsNull_returnsDefaultValue" storage="c:\users\joachimwagner\documents\projekte\bundesbank\dataimport\genericreadersandwriterstests\bin\debug\netcoreapp2.1\genericreadersandwriterstests.dll" id="9936a135-d22a-4ca8-2234-30d61c580d3a">
      <Execution id="375a6403-a92a-4e02-a3b5-def6da778d64" />
      <TestMethod codeBase="C:\Users\JoachimWagner\Documents\Projekte\Bundesbank\DataImport\GenericReadersAndWritersTests\bin\Debug\netcoreapp2.1\GenericReadersAndWritersTests.dll" adapterTypeName="executor://nunit3testexecutor/" className="BBk.Rc1.Ricis.SharedLibraries.GenericReadersAndWriters.File.Csv.LineTokenizer.Tests.FileSetTests" name="ReadDoubleByPosition_ColumnValueIsNull_returnsDefaultValue" />
    </UnitTest>
    <UnitTest name="ReadBoolByName_ColumnValueIsValid_returnsColumnValue" storage="c:\users\joachimwagner\documents\projekte\bundesbank\dataimport\genericreadersandwriterstests\bin\debug\netcoreapp2.1\genericreadersandwriterstests.dll" id="f5ff1dbe-9ecf-970e-f7f1-0fc82b946980">
      <Execution id="043a4af8-d187-494f-9227-b7380ab7341f" />
      <TestMethod codeBase="C:\Users\JoachimWagner\Documents\Projekte\Bundesbank\DataImport\GenericReadersAndWritersTests\bin\Debug\netcoreapp2.1\GenericReadersAndWritersTests.dll" adapterTypeName="executor://nunit3testexecutor/" className="BBk.Rc1.Ricis.SharedLibraries.GenericReadersAndWriters.File.Csv.LineTokenizer.Tests.FileSetTests" name="ReadBoolByName_ColumnValueIsValid_returnsColumnValue" />
    </UnitTest>
    <UnitTest name="ReadFloatByPosition_IllegalPosition_throwsIndexOutOfRangeException" storage="c:\users\joachimwagner\documents\projekte\bundesbank\dataimport\genericreadersandwriterstests\bin\debug\netcoreapp2.1\genericreadersandwriterstests.dll" id="c46c21f8-1be4-8ae8-7ba8-bfe4926f3b94">
      <Execution id="59aee02a-371e-4275-908e-8f925c6ea420" />
      <TestMethod codeBase="C:\Users\JoachimWagner\Documents\Projekte\Bundesbank\DataImport\GenericReadersAndWritersTests\bin\Debug\netcoreapp2.1\GenericReadersAndWritersTests.dll" adapterTypeName="executor://nunit3testexecutor/" className="BBk.Rc1.Ricis.SharedLibraries.GenericReadersAndWriters.File.Csv.LineTokenizer.Tests.FileSetTests" name="ReadFloatByPosition_IllegalPosition_throwsIndexOutOfRangeException" />
    </UnitTest>
    <UnitTest name="ReadFloatByPosition_ColumnValueIsNull_returnsDefaultValue" storage="c:\users\joachimwagner\documents\projekte\bundesbank\dataimport\genericreadersandwriterstests\bin\debug\netcoreapp2.1\genericreadersandwriterstests.dll" id="12d07d2c-62a0-fd3c-3009-e13ab934a1b8">
      <Execution id="b63d4b53-e9a1-4652-918d-18cb5117de1e" />
      <TestMethod codeBase="C:\Users\JoachimWagner\Documents\Projekte\Bundesbank\DataImport\GenericReadersAndWritersTests\bin\Debug\netcoreapp2.1\GenericReadersAndWritersTests.dll" adapterTypeName="executor://nunit3testexecutor/" className="BBk.Rc1.Ricis.SharedLibraries.GenericReadersAndWriters.File.Csv.LineTokenizer.Tests.FileSetTests" name="ReadFloatByPosition_ColumnValueIsNull_returnsDefaultValue" />
    </UnitTest>
    <UnitTest name="ReadTimeByPosition_ColumnValueIsNull_returnsDefaultValue" storage="c:\users\joachimwagner\documents\projekte\bundesbank\dataimport\genericreadersandwriterstests\bin\debug\netcoreapp2.1\genericreadersandwriterstests.dll" id="9ddbc878-c0f9-119a-a07f-af54dc2608dd">
      <Execution id="711dbac3-e11f-4305-848b-74d6ce2f5171" />
      <TestMethod codeBase="C:\Users\JoachimWagner\Documents\Projekte\Bundesbank\DataImport\GenericReadersAndWritersTests\bin\Debug\netcoreapp2.1\GenericReadersAndWritersTests.dll" adapterTypeName="executor://nunit3testexecutor/" className="BBk.Rc1.Ricis.SharedLibraries.GenericReadersAndWriters.File.Csv.LineTokenizer.Tests.FileSetTests" name="ReadTimeByPosition_ColumnValueIsNull_returnsDefaultValue" />
    </UnitTest>
    <UnitTest name="ReadIntByPosition_ColumnValueIsValid_returnsColumnValue" storage="c:\users\joachimwagner\documents\projekte\bundesbank\dataimport\genericreadersandwriterstests\bin\debug\netcoreapp2.1\genericreadersandwriterstests.dll" id="28f94242-c443-4b67-7478-774497100d62">
      <Execution id="4ce4bbe7-4609-49ab-b311-58c66b62d173" />
      <TestMethod codeBase="C:\Users\JoachimWagner\Documents\Projekte\Bundesbank\DataImport\GenericReadersAndWritersTests\bin\Debug\netcoreapp2.1\GenericReadersAndWritersTests.dll" adapterTypeName="executor://nunit3testexecutor/" className="BBk.Rc1.Ricis.SharedLibraries.GenericReadersAndWriters.File.Csv.LineTokenizer.Tests.FileSetTests" name="ReadIntByPosition_ColumnValueIsValid_returnsColumnValue" />
    </UnitTest>
    <UnitTest name="ReadBigIntegerByPosition_ColumnValueIsNull_returnsDefaultValue" storage="c:\users\joachimwagner\documents\projekte\bundesbank\dataimport\genericreadersandwriterstests\bin\debug\netcoreapp2.1\genericreadersandwriterstests.dll" id="01daa5ae-e724-dbb8-ef25-9fa7af4c1398">
      <Execution id="6e9ddc5c-1074-453b-b384-5f616f979eeb" />
      <TestMethod codeBase="C:\Users\JoachimWagner\Documents\Projekte\Bundesbank\DataImport\GenericReadersAndWritersTests\bin\Debug\netcoreapp2.1\GenericReadersAndWritersTests.dll" adapterTypeName="executor://nunit3testexecutor/" className="BBk.Rc1.Ricis.SharedLibraries.GenericReadersAndWriters.File.Csv.LineTokenizer.Tests.FileSetTests" name="ReadBigIntegerByPosition_ColumnValueIsNull_returnsDefaultValue" />
    </UnitTest>
    <UnitTest name="ReadBoolByPosition_ColumnValueIsValid_returnsColumnValue" storage="c:\users\joachimwagner\documents\projekte\bundesbank\dataimport\genericreadersandwriterstests\bin\debug\netcoreapp2.1\genericreadersandwriterstests.dll" id="d23fe4d5-ce91-9c32-4d57-52ea4ff4f709">
      <Execution id="a2360ec8-157f-47e0-a31d-7f742bb554b6" />
      <TestMethod codeBase="C:\Users\JoachimWagner\Documents\Projekte\Bundesbank\DataImport\GenericReadersAndWritersTests\bin\Debug\netcoreapp2.1\GenericReadersAndWritersTests.dll" adapterTypeName="executor://nunit3testexecutor/" className="BBk.Rc1.Ricis.SharedLibraries.GenericReadersAndWriters.File.Csv.LineTokenizer.Tests.FileSetTests" name="ReadBoolByPosition_ColumnValueIsValid_returnsColumnValue" />
    </UnitTest>
    <UnitTest name="ReadTimeByPosition_IllegalPosition_throwsIndexOutOfRangeException" storage="c:\users\joachimwagner\documents\projekte\bundesbank\dataimport\genericreadersandwriterstests\bin\debug\netcoreapp2.1\genericreadersandwriterstests.dll" id="ff3c2f34-d7a8-39c9-82f0-87dec3bd1bbb">
      <Execution id="3edea1e3-8269-4237-811f-9e8b78037800" />
      <TestMethod codeBase="C:\Users\JoachimWagner\Documents\Projekte\Bundesbank\DataImport\GenericReadersAndWritersTests\bin\Debug\netcoreapp2.1\GenericReadersAndWritersTests.dll" adapterTypeName="executor://nunit3testexecutor/" className="BBk.Rc1.Ricis.SharedLibraries.GenericReadersAndWriters.File.Csv.LineTokenizer.Tests.FileSetTests" name="ReadTimeByPosition_IllegalPosition_throwsIndexOutOfRangeException" />
    </UnitTest>
    <UnitTest name="ReadLongByPosition_ColumnValueIsNull_returnsDefaultValue" storage="c:\users\joachimwagner\documents\projekte\bundesbank\dataimport\genericreadersandwriterstests\bin\debug\netcoreapp2.1\genericreadersandwriterstests.dll" id="5e167d49-ead9-fbbd-0f82-4f6b771ae84b">
      <Execution id="5fca2b83-5fd3-4054-8673-68a1cc7eb374" />
      <TestMethod codeBase="C:\Users\JoachimWagner\Documents\Projekte\Bundesbank\DataImport\GenericReadersAndWritersTests\bin\Debug\netcoreapp2.1\GenericReadersAndWritersTests.dll" adapterTypeName="executor://nunit3testexecutor/" className="BBk.Rc1.Ricis.SharedLibraries.GenericReadersAndWriters.File.Csv.LineTokenizer.Tests.FileSetTests" name="ReadLongByPosition_ColumnValueIsNull_returnsDefaultValue" />
    </UnitTest>
    <UnitTest name="ReadDecimalByName_ColumnValueIsValid_returnsColumnValue" storage="c:\users\joachimwagner\documents\projekte\bundesbank\dataimport\genericreadersandwriterstests\bin\debug\netcoreapp2.1\genericreadersandwriterstests.dll" id="787bed18-d401-7a51-52b1-e3a0490d9e59">
      <Execution id="2578e345-6122-4445-b38a-ebadc7540495" />
      <TestMethod codeBase="C:\Users\JoachimWagner\Documents\Projekte\Bundesbank\DataImport\GenericReadersAndWritersTests\bin\Debug\netcoreapp2.1\GenericReadersAndWritersTests.dll" adapterTypeName="executor://nunit3testexecutor/" className="BBk.Rc1.Ricis.SharedLibraries.GenericReadersAndWriters.File.Csv.LineTokenizer.Tests.FileSetTests" name="ReadDecimalByName_ColumnValueIsValid_returnsColumnValue" />
    </UnitTest>
    <UnitTest name="ReadUIntByName_ColumnValueIsValid_returnsColumnValue" storage="c:\users\joachimwagner\documents\projekte\bundesbank\dataimport\genericreadersandwriterstests\bin\debug\netcoreapp2.1\genericreadersandwriterstests.dll" id="118aeade-357c-55b4-720c-7539d16abdc1">
      <Execution id="f12f91f2-af76-4717-9048-cbb542d2fa96" />
      <TestMethod codeBase="C:\Users\JoachimWagner\Documents\Projekte\Bundesbank\DataImport\GenericReadersAndWritersTests\bin\Debug\netcoreapp2.1\GenericReadersAndWritersTests.dll" adapterTypeName="executor://nunit3testexecutor/" className="BBk.Rc1.Ricis.SharedLibraries.GenericReadersAndWriters.File.Csv.LineTokenizer.Tests.FileSetTests" name="ReadUIntByName_ColumnValueIsValid_returnsColumnValue" />
    </UnitTest>
    <UnitTest name="ReadUIntByPosition_ColumnValueIsValid_returnsColumnValue" storage="c:\users\joachimwagner\documents\projekte\bundesbank\dataimport\genericreadersandwriterstests\bin\debug\netcoreapp2.1\genericreadersandwriterstests.dll" id="f7c7320f-4f44-9339-2098-e403250c3578">
      <Execution id="d1e5c9a9-78c5-47f6-9fd1-a046ddb32746" />
      <TestMethod codeBase="C:\Users\JoachimWagner\Documents\Projekte\Bundesbank\DataImport\GenericReadersAndWritersTests\bin\Debug\netcoreapp2.1\GenericReadersAndWritersTests.dll" adapterTypeName="executor://nunit3testexecutor/" className="BBk.Rc1.Ricis.SharedLibraries.GenericReadersAndWriters.File.Csv.LineTokenizer.Tests.FileSetTests" name="ReadUIntByPosition_ColumnValueIsValid_returnsColumnValue" />
    </UnitTest>
    <UnitTest name="ReadUShortByPosition_IllegalPosition_throwsIndexOutOfRangeException" storage="c:\users\joachimwagner\documents\projekte\bundesbank\dataimport\genericreadersandwriterstests\bin\debug\netcoreapp2.1\genericreadersandwriterstests.dll" id="792a67fb-ceeb-5801-6983-49a6d3502401">
      <Execution id="731d2ff8-5749-4bb2-804f-3e5bf8475aa9" />
      <TestMethod codeBase="C:\Users\JoachimWagner\Documents\Projekte\Bundesbank\DataImport\GenericReadersAndWritersTests\bin\Debug\netcoreapp2.1\GenericReadersAndWritersTests.dll" adapterTypeName="executor://nunit3testexecutor/" className="BBk.Rc1.Ricis.SharedLibraries.GenericReadersAndWriters.File.Csv.LineTokenizer.Tests.FileSetTests" name="ReadUShortByPosition_IllegalPosition_throwsIndexOutOfRangeException" />
    </UnitTest>
    <UnitTest name="ReadDoubleByPosition_ColumnValueIsValid_returnsColumnValue" storage="c:\users\joachimwagner\documents\projekte\bundesbank\dataimport\genericreadersandwriterstests\bin\debug\netcoreapp2.1\genericreadersandwriterstests.dll" id="f890ec51-2aa5-52e9-7ac3-82a09596ef12">
      <Execution id="098877c5-5f33-4667-8449-9f5c16e7d812" />
      <TestMethod codeBase="C:\Users\JoachimWagner\Documents\Projekte\Bundesbank\DataImport\GenericReadersAndWritersTests\bin\Debug\netcoreapp2.1\GenericReadersAndWritersTests.dll" adapterTypeName="executor://nunit3testexecutor/" className="BBk.Rc1.Ricis.SharedLibraries.GenericReadersAndWriters.File.Csv.LineTokenizer.Tests.FileSetTests" name="ReadDoubleByPosition_ColumnValueIsValid_returnsColumnValue" />
    </UnitTest>
    <UnitTest name="ReadULongByName_ColumnValueIsValid_returnsColumnValue" storage="c:\users\joachimwagner\documents\projekte\bundesbank\dataimport\genericreadersandwriterstests\bin\debug\netcoreapp2.1\genericreadersandwriterstests.dll" id="64462de1-2139-9fb7-a19a-c62ddd8d88cc">
      <Execution id="adb2f472-77ec-4edc-b962-429accb73856" />
      <TestMethod codeBase="C:\Users\JoachimWagner\Documents\Projekte\Bundesbank\DataImport\GenericReadersAndWritersTests\bin\Debug\netcoreapp2.1\GenericReadersAndWritersTests.dll" adapterTypeName="executor://nunit3testexecutor/" className="BBk.Rc1.Ricis.SharedLibraries.GenericReadersAndWriters.File.Csv.LineTokenizer.Tests.FileSetTests" name="ReadULongByName_ColumnValueIsValid_returnsColumnValue" />
    </UnitTest>
    <UnitTest name="ReadStringByPosition_ColumnValueIsValid_returnsColumnValue" storage="c:\users\joachimwagner\documents\projekte\bundesbank\dataimport\genericreadersandwriterstests\bin\debug\netcoreapp2.1\genericreadersandwriterstests.dll" id="8c3a39d5-6ca1-996c-a7c8-3ffdd0d198a8">
      <Execution id="9b87b2af-ec02-40f3-b8da-774ad83f7c85" />
      <TestMethod codeBase="C:\Users\JoachimWagner\Documents\Projekte\Bundesbank\DataImport\GenericReadersAndWritersTests\bin\Debug\netcoreapp2.1\GenericReadersAndWritersTests.dll" adapterTypeName="executor://nunit3testexecutor/" className="BBk.Rc1.Ricis.SharedLibraries.GenericReadersAndWriters.File.Csv.LineTokenizer.Tests.FileSetTests" name="ReadStringByPosition_ColumnValueIsValid_returnsColumnValue" />
    </UnitTest>
    <UnitTest name="ReadUShortByPosition_ColumnValueIsValid_returnsColumnValue" storage="c:\users\joachimwagner\documents\projekte\bundesbank\dataimport\genericreadersandwriterstests\bin\debug\netcoreapp2.1\genericreadersandwriterstests.dll" id="d8e89047-265f-ae8c-f72e-27a12a7e3e84">
      <Execution id="24ea719a-c6c7-4eb3-93b7-fe968f6b0154" />
      <TestMethod codeBase="C:\Users\JoachimWagner\Documents\Projekte\Bundesbank\DataImport\GenericReadersAndWritersTests\bin\Debug\netcoreapp2.1\GenericReadersAndWritersTests.dll" adapterTypeName="executor://nunit3testexecutor/" className="BBk.Rc1.Ricis.SharedLibraries.GenericReadersAndWriters.File.Csv.LineTokenizer.Tests.FileSetTests" name="ReadUShortByPosition_ColumnValueIsValid_returnsColumnValue" />
    </UnitTest>
    <UnitTest name="ReadUShortByPosition_ColumnValueIsNull_returnsDefaultValue" storage="c:\users\joachimwagner\documents\projekte\bundesbank\dataimport\genericreadersandwriterstests\bin\debug\netcoreapp2.1\genericreadersandwriterstests.dll" id="0c3e0dde-ca43-a1b4-68f3-f0bab7cb0817">
      <Execution id="a5d85428-0d02-4877-8210-506f7b106eea" />
      <TestMethod codeBase="C:\Users\JoachimWagner\Documents\Projekte\Bundesbank\DataImport\GenericReadersAndWritersTests\bin\Debug\netcoreapp2.1\GenericReadersAndWritersTests.dll" adapterTypeName="executor://nunit3testexecutor/" className="BBk.Rc1.Ricis.SharedLibraries.GenericReadersAndWriters.File.Csv.LineTokenizer.Tests.FileSetTests" name="ReadUShortByPosition_ColumnValueIsNull_returnsDefaultValue" />
    </UnitTest>
    <UnitTest name="ReadDecimalByPosition_IllegalPosition_throwsIndexOutOfRangeException" storage="c:\users\joachimwagner\documents\projekte\bundesbank\dataimport\genericreadersandwriterstests\bin\debug\netcoreapp2.1\genericreadersandwriterstests.dll" id="47dcd5e5-c495-3daf-20e4-fb6809725f3a">
      <Execution id="2f0bfd6c-5b15-4834-84d9-cbb56dc8185a" />
      <TestMethod codeBase="C:\Users\JoachimWagner\Documents\Projekte\Bundesbank\DataImport\GenericReadersAndWritersTests\bin\Debug\netcoreapp2.1\GenericReadersAndWritersTests.dll" adapterTypeName="executor://nunit3testexecutor/" className="BBk.Rc1.Ricis.SharedLibraries.GenericReadersAndWriters.File.Csv.LineTokenizer.Tests.FileSetTests" name="ReadDecimalByPosition_IllegalPosition_throwsIndexOutOfRangeException" />
    </UnitTest>
    <UnitTest name="ReadUIntByPosition_ColumnValueIsNull_returnsDefaultValue" storage="c:\users\joachimwagner\documents\projekte\bundesbank\dataimport\genericreadersandwriterstests\bin\debug\netcoreapp2.1\genericreadersandwriterstests.dll" id="21f7e741-a675-dbbd-b35a-ec5b27351f62">
      <Execution id="9efdeb4a-bbcb-4df1-adb3-a747debcbe3d" />
      <TestMethod codeBase="C:\Users\JoachimWagner\Documents\Projekte\Bundesbank\DataImport\GenericReadersAndWritersTests\bin\Debug\netcoreapp2.1\GenericReadersAndWritersTests.dll" adapterTypeName="executor://nunit3testexecutor/" className="BBk.Rc1.Ricis.SharedLibraries.GenericReadersAndWriters.File.Csv.LineTokenizer.Tests.FileSetTests" name="ReadUIntByPosition_ColumnValueIsNull_returnsDefaultValue" />
    </UnitTest>
    <UnitTest name="ReadDecimalByPosition_ColumnValueIsNull_returnsDefaultValue" storage="c:\users\joachimwagner\documents\projekte\bundesbank\dataimport\genericreadersandwriterstests\bin\debug\netcoreapp2.1\genericreadersandwriterstests.dll" id="51ceddf9-9b63-35e7-1130-7d14d0dd6020">
      <Execution id="97bdf9eb-39a4-4fe3-b494-3d06cf9e3df1" />
      <TestMethod codeBase="C:\Users\JoachimWagner\Documents\Projekte\Bundesbank\DataImport\GenericReadersAndWritersTests\bin\Debug\netcoreapp2.1\GenericReadersAndWritersTests.dll" adapterTypeName="executor://nunit3testexecutor/" className="BBk.Rc1.Ricis.SharedLibraries.GenericReadersAndWriters.File.Csv.LineTokenizer.Tests.FileSetTests" name="ReadDecimalByPosition_ColumnValueIsNull_returnsDefaultValue" />
    </UnitTest>
    <UnitTest name="Read_NoHeadlines_Success" storage="c:\users\joachimwagner\documents\projekte\bundesbank\dataimport\genericreadersandwriterstests\bin\debug\netcoreapp2.1\genericreadersandwriterstests.dll" id="27b2d23f-2d93-b00e-67aa-18eff944a29a">
      <Execution id="c88f6f05-92a6-41ed-ba94-16ba7d689e87" />
      <TestMethod codeBase="C:\Users\JoachimWagner\Documents\Projekte\Bundesbank\DataImport\GenericReadersAndWritersTests\bin\Debug\netcoreapp2.1\GenericReadersAndWritersTests.dll" adapterTypeName="executor://nunit3testexecutor/" className="BBk.Rc1.Ricis.SharedLibraries.GenericReadersAndWriters.File.Csv.Tests.AbstractCsvFileReaderTests" name="Read_NoHeadlines_Success" />
    </UnitTest>
    <UnitTest name="ReadLongByName_ColumnValueIsValid_returnsColumnValue" storage="c:\users\joachimwagner\documents\projekte\bundesbank\dataimport\genericreadersandwriterstests\bin\debug\netcoreapp2.1\genericreadersandwriterstests.dll" id="215c0f1c-cecf-9a95-6534-66edcf077cd7">
      <Execution id="a751ec8c-8e5d-4ce2-9fa6-63ec768ce412" />
      <TestMethod codeBase="C:\Users\JoachimWagner\Documents\Projekte\Bundesbank\DataImport\GenericReadersAndWritersTests\bin\Debug\netcoreapp2.1\GenericReadersAndWritersTests.dll" adapterTypeName="executor://nunit3testexecutor/" className="BBk.Rc1.Ricis.SharedLibraries.GenericReadersAndWriters.File.Csv.LineTokenizer.Tests.FileSetTests" name="ReadLongByName_ColumnValueIsValid_returnsColumnValue" />
    </UnitTest>
    <UnitTest name="ReadShortByPosition_ColumnValueIsValid_returnsColumnValue" storage="c:\users\joachimwagner\documents\projekte\bundesbank\dataimport\genericreadersandwriterstests\bin\debug\netcoreapp2.1\genericreadersandwriterstests.dll" id="3e33229f-6b8c-902d-9c7f-f151f7662b5d">
      <Execution id="5a6ca88c-b760-4011-afed-eb4e4ca7afe3" />
      <TestMethod codeBase="C:\Users\JoachimWagner\Documents\Projekte\Bundesbank\DataImport\GenericReadersAndWritersTests\bin\Debug\netcoreapp2.1\GenericReadersAndWritersTests.dll" adapterTypeName="executor://nunit3testexecutor/" className="BBk.Rc1.Ricis.SharedLibraries.GenericReadersAndWriters.File.Csv.LineTokenizer.Tests.FileSetTests" name="ReadShortByPosition_ColumnValueIsValid_returnsColumnValue" />
    </UnitTest>
    <UnitTest name="ReadSByteByPosition_ColumnValueIsValid_returnsColumnValue" storage="c:\users\joachimwagner\documents\projekte\bundesbank\dataimport\genericreadersandwriterstests\bin\debug\netcoreapp2.1\genericreadersandwriterstests.dll" id="cb603bea-42c1-efb6-0c3c-26cc88996c55">
      <Execution id="fa3d9792-ce3e-4795-a79d-04f646f9969a" />
      <TestMethod codeBase="C:\Users\JoachimWagner\Documents\Projekte\Bundesbank\DataImport\GenericReadersAndWritersTests\bin\Debug\netcoreapp2.1\GenericReadersAndWritersTests.dll" adapterTypeName="executor://nunit3testexecutor/" className="BBk.Rc1.Ricis.SharedLibraries.GenericReadersAndWriters.File.Csv.LineTokenizer.Tests.FileSetTests" name="ReadSByteByPosition_ColumnValueIsValid_returnsColumnValue" />
    </UnitTest>
    <UnitTest name="ReadByteByName_ColumnValueIsValid_returnsColumnValue" storage="c:\users\joachimwagner\documents\projekte\bundesbank\dataimport\genericreadersandwriterstests\bin\debug\netcoreapp2.1\genericreadersandwriterstests.dll" id="b5ac5171-235e-65fa-c5c1-5f95389c35dd">
      <Execution id="f71bd564-2373-4ee0-bd0c-6641442a71f7" />
      <TestMethod codeBase="C:\Users\JoachimWagner\Documents\Projekte\Bundesbank\DataImport\GenericReadersAndWritersTests\bin\Debug\netcoreapp2.1\GenericReadersAndWritersTests.dll" adapterTypeName="executor://nunit3testexecutor/" className="BBk.Rc1.Ricis.SharedLibraries.GenericReadersAndWriters.File.Csv.LineTokenizer.Tests.FileSetTests" name="ReadByteByName_ColumnValueIsValid_returnsColumnValue" />
    </UnitTest>
    <UnitTest name="ReadDecimalByPosition_ColumnValueIsValid_returnsColumnValue" storage="c:\users\joachimwagner\documents\projekte\bundesbank\dataimport\genericreadersandwriterstests\bin\debug\netcoreapp2.1\genericreadersandwriterstests.dll" id="04f8c6c1-b404-94ff-713a-c7a0934a0e84">
      <Execution id="d837049d-2467-4ea0-bacf-b34904947078" />
      <TestMethod codeBase="C:\Users\JoachimWagner\Documents\Projekte\Bundesbank\DataImport\GenericReadersAndWritersTests\bin\Debug\netcoreapp2.1\GenericReadersAndWritersTests.dll" adapterTypeName="executor://nunit3testexecutor/" className="BBk.Rc1.Ricis.SharedLibraries.GenericReadersAndWriters.File.Csv.LineTokenizer.Tests.FileSetTests" name="ReadDecimalByPosition_ColumnValueIsValid_returnsColumnValue" />
    </UnitTest>
    <UnitTest name="ReadStringByPosition_IllegalPosition_throwsIndexOutOfRangeException" storage="c:\users\joachimwagner\documents\projekte\bundesbank\dataimport\genericreadersandwriterstests\bin\debug\netcoreapp2.1\genericreadersandwriterstests.dll" id="1f14a07f-f083-d069-df52-f95d0ab32b2c">
      <Execution id="77fec9e2-a82b-42c2-bf86-fc218746c238" />
      <TestMethod codeBase="C:\Users\JoachimWagner\Documents\Projekte\Bundesbank\DataImport\GenericReadersAndWritersTests\bin\Debug\netcoreapp2.1\GenericReadersAndWritersTests.dll" adapterTypeName="executor://nunit3testexecutor/" className="BBk.Rc1.Ricis.SharedLibraries.GenericReadersAndWriters.File.Csv.LineTokenizer.Tests.FileSetTests" name="ReadStringByPosition_IllegalPosition_throwsIndexOutOfRangeException" />
    </UnitTest>
    <UnitTest name="ReadUIntByPosition_IllegalPosition_throwsIndexOutOfRangeException" storage="c:\users\joachimwagner\documents\projekte\bundesbank\dataimport\genericreadersandwriterstests\bin\debug\netcoreapp2.1\genericreadersandwriterstests.dll" id="a4d55b8e-1ad7-4aaf-f2db-a3881347b967">
      <Execution id="e264fdaa-c4ea-4e18-9795-cb53fa5088c8" />
      <TestMethod codeBase="C:\Users\JoachimWagner\Documents\Projekte\Bundesbank\DataImport\GenericReadersAndWritersTests\bin\Debug\netcoreapp2.1\GenericReadersAndWritersTests.dll" adapterTypeName="executor://nunit3testexecutor/" className="BBk.Rc1.Ricis.SharedLibraries.GenericReadersAndWriters.File.Csv.LineTokenizer.Tests.FileSetTests" name="ReadUIntByPosition_IllegalPosition_throwsIndexOutOfRangeException" />
    </UnitTest>
    <UnitTest name="ReadByteByPosition_ColumnValueIsValid_returnsColumnValue" storage="c:\users\joachimwagner\documents\projekte\bundesbank\dataimport\genericreadersandwriterstests\bin\debug\netcoreapp2.1\genericreadersandwriterstests.dll" id="9d73e50a-a337-a010-d991-6206f99c208d">
      <Execution id="e7926857-62b4-4ffb-83c6-a3e0dfdfa358" />
      <TestMethod codeBase="C:\Users\JoachimWagner\Documents\Projekte\Bundesbank\DataImport\GenericReadersAndWritersTests\bin\Debug\netcoreapp2.1\GenericReadersAndWritersTests.dll" adapterTypeName="executor://nunit3testexecutor/" className="BBk.Rc1.Ricis.SharedLibraries.GenericReadersAndWriters.File.Csv.LineTokenizer.Tests.FileSetTests" name="ReadByteByPosition_ColumnValueIsValid_returnsColumnValue" />
    </UnitTest>
    <UnitTest name="ReadStringByPosition_ColumnValueIsNull_returnsDefaultValue" storage="c:\users\joachimwagner\documents\projekte\bundesbank\dataimport\genericreadersandwriterstests\bin\debug\netcoreapp2.1\genericreadersandwriterstests.dll" id="30cfd5cb-e202-5ca3-06d1-964df82948cd">
      <Execution id="0bb932b5-cd0a-4d15-9edc-b143aa2eafaf" />
      <TestMethod codeBase="C:\Users\JoachimWagner\Documents\Projekte\Bundesbank\DataImport\GenericReadersAndWritersTests\bin\Debug\netcoreapp2.1\GenericReadersAndWritersTests.dll" adapterTypeName="executor://nunit3testexecutor/" className="BBk.Rc1.Ricis.SharedLibraries.GenericReadersAndWriters.File.Csv.LineTokenizer.Tests.FileSetTests" name="ReadStringByPosition_ColumnValueIsNull_returnsDefaultValue" />
    </UnitTest>
    <UnitTest name="ReadULongByPosition_IllegalPosition_throwsIndexOutOfRangeException" storage="c:\users\joachimwagner\documents\projekte\bundesbank\dataimport\genericreadersandwriterstests\bin\debug\netcoreapp2.1\genericreadersandwriterstests.dll" id="8692aa5b-a8d1-7857-e1fe-d9632999316f">
      <Execution id="b69d648e-6519-4c76-a693-5e226b37d9ae" />
      <TestMethod codeBase="C:\Users\JoachimWagner\Documents\Projekte\Bundesbank\DataImport\GenericReadersAndWritersTests\bin\Debug\netcoreapp2.1\GenericReadersAndWritersTests.dll" adapterTypeName="executor://nunit3testexecutor/" className="BBk.Rc1.Ricis.SharedLibraries.GenericReadersAndWriters.File.Csv.LineTokenizer.Tests.FileSetTests" name="ReadULongByPosition_IllegalPosition_throwsIndexOutOfRangeException" />
    </UnitTest>
    <UnitTest name="ReadSByteByPosition_IllegalPosition_throwsIndexOutOfRangeException" storage="c:\users\joachimwagner\documents\projekte\bundesbank\dataimport\genericreadersandwriterstests\bin\debug\netcoreapp2.1\genericreadersandwriterstests.dll" id="0cdaf4b3-edcf-efa9-84ca-dab367d01c8f">
      <Execution id="9d4519c5-7cb2-4c42-86d9-4de785910c3d" />
      <TestMethod codeBase="C:\Users\JoachimWagner\Documents\Projekte\Bundesbank\DataImport\GenericReadersAndWritersTests\bin\Debug\netcoreapp2.1\GenericReadersAndWritersTests.dll" adapterTypeName="executor://nunit3testexecutor/" className="BBk.Rc1.Ricis.SharedLibraries.GenericReadersAndWriters.File.Csv.LineTokenizer.Tests.FileSetTests" name="ReadSByteByPosition_IllegalPosition_throwsIndexOutOfRangeException" />
    </UnitTest>
    <UnitTest name="ReadByteByPosition_ColumnValueIsNull_returnsDefaultValue" storage="c:\users\joachimwagner\documents\projekte\bundesbank\dataimport\genericreadersandwriterstests\bin\debug\netcoreapp2.1\genericreadersandwriterstests.dll" id="6146608c-899d-b53b-068b-d998c239ef5c">
      <Execution id="c9c11f8f-aa8b-413f-b9be-008fcc197913" />
      <TestMethod codeBase="C:\Users\JoachimWagner\Documents\Projekte\Bundesbank\DataImport\GenericReadersAndWritersTests\bin\Debug\netcoreapp2.1\GenericReadersAndWritersTests.dll" adapterTypeName="executor://nunit3testexecutor/" className="BBk.Rc1.Ricis.SharedLibraries.GenericReadersAndWriters.File.Csv.LineTokenizer.Tests.FileSetTests" name="ReadByteByPosition_ColumnValueIsNull_returnsDefaultValue" />
    </UnitTest>
    <UnitTest name="ReadBigIntegerByName_ColumnValueIsValid_returnsColumnValue" storage="c:\users\joachimwagner\documents\projekte\bundesbank\dataimport\genericreadersandwriterstests\bin\debug\netcoreapp2.1\genericreadersandwriterstests.dll" id="b16cbc76-33c8-b693-998e-623beb9aa925">
      <Execution id="761454d8-457d-49c5-a4ff-bf1ae1e9ae8d" />
      <TestMethod codeBase="C:\Users\JoachimWagner\Documents\Projekte\Bundesbank\DataImport\GenericReadersAndWritersTests\bin\Debug\netcoreapp2.1\GenericReadersAndWritersTests.dll" adapterTypeName="executor://nunit3testexecutor/" className="BBk.Rc1.Ricis.SharedLibraries.GenericReadersAndWriters.File.Csv.LineTokenizer.Tests.FileSetTests" name="ReadBigIntegerByName_ColumnValueIsValid_returnsColumnValue" />
    </UnitTest>
    <UnitTest name="ReadDoubleByPosition_IllegalPosition_throwsIndexOutOfRangeException" storage="c:\users\joachimwagner\documents\projekte\bundesbank\dataimport\genericreadersandwriterstests\bin\debug\netcoreapp2.1\genericreadersandwriterstests.dll" id="cbb8c242-7708-2b27-f875-82ad4bb5bf5c">
      <Execution id="56b38722-1a39-4838-b7cd-9fd2dc00b938" />
      <TestMethod codeBase="C:\Users\JoachimWagner\Documents\Projekte\Bundesbank\DataImport\GenericReadersAndWritersTests\bin\Debug\netcoreapp2.1\GenericReadersAndWritersTests.dll" adapterTypeName="executor://nunit3testexecutor/" className="BBk.Rc1.Ricis.SharedLibraries.GenericReadersAndWriters.File.Csv.LineTokenizer.Tests.FileSetTests" name="ReadDoubleByPosition_IllegalPosition_throwsIndexOutOfRangeException" />
    </UnitTest>
    <UnitTest name="Tokenize_HappyDay_Success" storage="c:\users\joachimwagner\documents\projekte\bundesbank\dataimport\genericreadersandwriterstests\bin\debug\netcoreapp2.1\genericreadersandwriterstests.dll" id="8eeddfa7-9ff2-9b4b-cc05-6c08cccd97be">
      <Execution id="7993c23e-b6ba-42a5-882f-7fe4af8933d0" />
      <TestMethod codeBase="C:\Users\JoachimWagner\Documents\Projekte\Bundesbank\DataImport\GenericReadersAndWritersTests\bin\Debug\netcoreapp2.1\GenericReadersAndWritersTests.dll" adapterTypeName="executor://nunit3testexecutor/" className="BBk.Rc1.Ricis.SharedLibraries.GenericReadersAndWriters.File.Csv.LineTokenizer.Tests.DefaultCommaSeparatedLineTokenizerTests" name="Tokenize_HappyDay_Success" />
    </UnitTest>
    <UnitTest name="ReadTimeByName_ColumnValueIsValid_returnsColumnValue" storage="c:\users\joachimwagner\documents\projekte\bundesbank\dataimport\genericreadersandwriterstests\bin\debug\netcoreapp2.1\genericreadersandwriterstests.dll" id="178ccf5e-91bb-0524-a3fb-239a0647a9cd">
      <Execution id="473b29c9-b36a-4466-be0e-fa1e8c4fb015" />
      <TestMethod codeBase="C:\Users\JoachimWagner\Documents\Projekte\Bundesbank\DataImport\GenericReadersAndWritersTests\bin\Debug\netcoreapp2.1\GenericReadersAndWritersTests.dll" adapterTypeName="executor://nunit3testexecutor/" className="BBk.Rc1.Ricis.SharedLibraries.GenericReadersAndWriters.File.Csv.LineTokenizer.Tests.FileSetTests" name="ReadTimeByName_ColumnValueIsValid_returnsColumnValue" />
    </UnitTest>
    <UnitTest name="ReadShortByPosition_ColumnValueIsNull_returnsDefaultValue" storage="c:\users\joachimwagner\documents\projekte\bundesbank\dataimport\genericreadersandwriterstests\bin\debug\netcoreapp2.1\genericreadersandwriterstests.dll" id="29ad57ce-fe8b-6876-9d1e-e06ac53ff752">
      <Execution id="d1b60612-9df8-445b-9f13-abaa2483c2a9" />
      <TestMethod codeBase="C:\Users\JoachimWagner\Documents\Projekte\Bundesbank\DataImport\GenericReadersAndWritersTests\bin\Debug\netcoreapp2.1\GenericReadersAndWritersTests.dll" adapterTypeName="executor://nunit3testexecutor/" className="BBk.Rc1.Ricis.SharedLibraries.GenericReadersAndWriters.File.Csv.LineTokenizer.Tests.FileSetTests" name="ReadShortByPosition_ColumnValueIsNull_returnsDefaultValue" />
    </UnitTest>
    <UnitTest name="ReadULongByPosition_ColumnValueIsNull_returnsDefaultValue" storage="c:\users\joachimwagner\documents\projekte\bundesbank\dataimport\genericreadersandwriterstests\bin\debug\netcoreapp2.1\genericreadersandwriterstests.dll" id="d5462450-f0d0-a45d-7257-bee2d85016db">
      <Execution id="e3d0705f-3c9a-4a6e-9727-04bf3db92044" />
      <TestMethod codeBase="C:\Users\JoachimWagner\Documents\Projekte\Bundesbank\DataImport\GenericReadersAndWritersTests\bin\Debug\netcoreapp2.1\GenericReadersAndWritersTests.dll" adapterTypeName="executor://nunit3testexecutor/" className="BBk.Rc1.Ricis.SharedLibraries.GenericReadersAndWriters.File.Csv.LineTokenizer.Tests.FileSetTests" name="ReadULongByPosition_ColumnValueIsNull_returnsDefaultValue" />
    </UnitTest>
    <UnitTest name="ReadStringByName_ColumnValueIsValid_returnsColumnValue" storage="c:\users\joachimwagner\documents\projekte\bundesbank\dataimport\genericreadersandwriterstests\bin\debug\netcoreapp2.1\genericreadersandwriterstests.dll" id="e4caea33-045d-b991-edb0-f1f3c3f2a0d2">
      <Execution id="da26cdcb-46d2-40ae-8dab-52df995d56dc" />
      <TestMethod codeBase="C:\Users\JoachimWagner\Documents\Projekte\Bundesbank\DataImport\GenericReadersAndWritersTests\bin\Debug\netcoreapp2.1\GenericReadersAndWritersTests.dll" adapterTypeName="executor://nunit3testexecutor/" className="BBk.Rc1.Ricis.SharedLibraries.GenericReadersAndWriters.File.Csv.LineTokenizer.Tests.FileSetTests" name="ReadStringByName_ColumnValueIsValid_returnsColumnValue" />
    </UnitTest>
    <UnitTest name="ReadBigIntegerByPosition_ColumnValueIsValid_returnsColumnValue" storage="c:\users\joachimwagner\documents\projekte\bundesbank\dataimport\genericreadersandwriterstests\bin\debug\netcoreapp2.1\genericreadersandwriterstests.dll" id="fa8745ff-fec0-572e-6afc-59f36ad1c077">
      <Execution id="b6e00ef8-f438-4eb8-a6d7-19a21cc4c0bd" />
      <TestMethod codeBase="C:\Users\JoachimWagner\Documents\Projekte\Bundesbank\DataImport\GenericReadersAndWritersTests\bin\Debug\netcoreapp2.1\GenericReadersAndWritersTests.dll" adapterTypeName="executor://nunit3testexecutor/" className="BBk.Rc1.Ricis.SharedLibraries.GenericReadersAndWriters.File.Csv.LineTokenizer.Tests.FileSetTests" name="ReadBigIntegerByPosition_ColumnValueIsValid_returnsColumnValue" />
    </UnitTest>
    <UnitTest name="ReadTimeByPosition_ColumnValueIsValid_returnsColumnValue" storage="c:\users\joachimwagner\documents\projekte\bundesbank\dataimport\genericreadersandwriterstests\bin\debug\netcoreapp2.1\genericreadersandwriterstests.dll" id="47c99baa-41af-a01a-4df8-ec2e75b4ec6a">
      <Execution id="9315c151-6016-41e7-a75a-fa2a4c0496ab" />
      <TestMethod codeBase="C:\Users\JoachimWagner\Documents\Projekte\Bundesbank\DataImport\GenericReadersAndWritersTests\bin\Debug\netcoreapp2.1\GenericReadersAndWritersTests.dll" adapterTypeName="executor://nunit3testexecutor/" className="BBk.Rc1.Ricis.SharedLibraries.GenericReadersAndWriters.File.Csv.LineTokenizer.Tests.FileSetTests" name="ReadTimeByPosition_ColumnValueIsValid_returnsColumnValue" />
    </UnitTest>
    <UnitTest name="ReadBoolByPosition_ColumnValueIsNull_returnsDefaultValue" storage="c:\users\joachimwagner\documents\projekte\bundesbank\dataimport\genericreadersandwriterstests\bin\debug\netcoreapp2.1\genericreadersandwriterstests.dll" id="33d850d1-573c-00d7-7747-054cd77f8fbe">
      <Execution id="90b9fcdb-87f1-47ea-b490-eb84fe9b8a55" />
      <TestMethod codeBase="C:\Users\JoachimWagner\Documents\Projekte\Bundesbank\DataImport\GenericReadersAndWritersTests\bin\Debug\netcoreapp2.1\GenericReadersAndWritersTests.dll" adapterTypeName="executor://nunit3testexecutor/" className="BBk.Rc1.Ricis.SharedLibraries.GenericReadersAndWriters.File.Csv.LineTokenizer.Tests.FileSetTests" name="ReadBoolByPosition_ColumnValueIsNull_returnsDefaultValue" />
    </UnitTest>
    <UnitTest name="ReadUShortByName_ColumnValueIsValid_returnsColumnValue" storage="c:\users\joachimwagner\documents\projekte\bundesbank\dataimport\genericreadersandwriterstests\bin\debug\netcoreapp2.1\genericreadersandwriterstests.dll" id="1fb2762f-e34c-78c8-f13c-b47daa480826">
      <Execution id="7bb989ab-c035-4f7e-b574-65601bdbdb17" />
      <TestMethod codeBase="C:\Users\JoachimWagner\Documents\Projekte\Bundesbank\DataImport\GenericReadersAndWritersTests\bin\Debug\netcoreapp2.1\GenericReadersAndWritersTests.dll" adapterTypeName="executor://nunit3testexecutor/" className="BBk.Rc1.Ricis.SharedLibraries.GenericReadersAndWriters.File.Csv.LineTokenizer.Tests.FileSetTests" name="ReadUShortByName_ColumnValueIsValid_returnsColumnValue" />
    </UnitTest>
    <UnitTest name="ReadULongByPosition_ColumnValueIsValid_returnsColumnValue" storage="c:\users\joachimwagner\documents\projekte\bundesbank\dataimport\genericreadersandwriterstests\bin\debug\netcoreapp2.1\genericreadersandwriterstests.dll" id="dc996df5-fcaf-c4b6-c7fd-779d925f1c81">
      <Execution id="25fc54af-4fc8-42fc-95fe-355cb441bb35" />
      <TestMethod codeBase="C:\Users\JoachimWagner\Documents\Projekte\Bundesbank\DataImport\GenericReadersAndWritersTests\bin\Debug\netcoreapp2.1\GenericReadersAndWritersTests.dll" adapterTypeName="executor://nunit3testexecutor/" className="BBk.Rc1.Ricis.SharedLibraries.GenericReadersAndWriters.File.Csv.LineTokenizer.Tests.FileSetTests" name="ReadULongByPosition_ColumnValueIsValid_returnsColumnValue" />
    </UnitTest>
    <UnitTest name="ReadIntByPosition_IllegalPosition_throwsIndexOutOfRangeException" storage="c:\users\joachimwagner\documents\projekte\bundesbank\dataimport\genericreadersandwriterstests\bin\debug\netcoreapp2.1\genericreadersandwriterstests.dll" id="d2741692-cada-6e12-c5f4-d996ef483003">
      <Execution id="f60ac2c8-477e-4a42-a9c4-774ed403a577" />
      <TestMethod codeBase="C:\Users\JoachimWagner\Documents\Projekte\Bundesbank\DataImport\GenericReadersAndWritersTests\bin\Debug\netcoreapp2.1\GenericReadersAndWritersTests.dll" adapterTypeName="executor://nunit3testexecutor/" className="BBk.Rc1.Ricis.SharedLibraries.GenericReadersAndWriters.File.Csv.LineTokenizer.Tests.FileSetTests" name="ReadIntByPosition_IllegalPosition_throwsIndexOutOfRangeException" />
    </UnitTest>
    <UnitTest name="ReadSByteByName_ColumnValueIsValid_returnsColumnValue" storage="c:\users\joachimwagner\documents\projekte\bundesbank\dataimport\genericreadersandwriterstests\bin\debug\netcoreapp2.1\genericreadersandwriterstests.dll" id="a61db63c-409a-c69d-4251-a4fce715ef24">
      <Execution id="a1bcfe50-00df-4572-8a1d-d83c2221b6f1" />
      <TestMethod codeBase="C:\Users\JoachimWagner\Documents\Projekte\Bundesbank\DataImport\GenericReadersAndWritersTests\bin\Debug\netcoreapp2.1\GenericReadersAndWritersTests.dll" adapterTypeName="executor://nunit3testexecutor/" className="BBk.Rc1.Ricis.SharedLibraries.GenericReadersAndWriters.File.Csv.LineTokenizer.Tests.FileSetTests" name="ReadSByteByName_ColumnValueIsValid_returnsColumnValue" />
    </UnitTest>
    <UnitTest name="ReadByteByPosition_IllegalPosition_throwsIndexOutOfRangeException" storage="c:\users\joachimwagner\documents\projekte\bundesbank\dataimport\genericreadersandwriterstests\bin\debug\netcoreapp2.1\genericreadersandwriterstests.dll" id="f019755f-e0a8-8666-3273-046e81d5d5a1">
      <Execution id="21f01f68-153f-4fe0-ac75-68d69fc59268" />
      <TestMethod codeBase="C:\Users\JoachimWagner\Documents\Projekte\Bundesbank\DataImport\GenericReadersAndWritersTests\bin\Debug\netcoreapp2.1\GenericReadersAndWritersTests.dll" adapterTypeName="executor://nunit3testexecutor/" className="BBk.Rc1.Ricis.SharedLibraries.GenericReadersAndWriters.File.Csv.LineTokenizer.Tests.FileSetTests" name="ReadByteByPosition_IllegalPosition_throwsIndexOutOfRangeException" />
    </UnitTest>
    <UnitTest name="ReadDoubleByName_ColumnValueIsValid_returnsColumnValue" storage="c:\users\joachimwagner\documents\projekte\bundesbank\dataimport\genericreadersandwriterstests\bin\debug\netcoreapp2.1\genericreadersandwriterstests.dll" id="c3c88055-1e45-edb8-1589-dc337bccb041">
      <Execution id="dc0add09-639d-45d8-8571-2dc2dfe1a1c5" />
      <TestMethod codeBase="C:\Users\JoachimWagner\Documents\Projekte\Bundesbank\DataImport\GenericReadersAndWritersTests\bin\Debug\netcoreapp2.1\GenericReadersAndWritersTests.dll" adapterTypeName="executor://nunit3testexecutor/" className="BBk.Rc1.Ricis.SharedLibraries.GenericReadersAndWriters.File.Csv.LineTokenizer.Tests.FileSetTests" name="ReadDoubleByName_ColumnValueIsValid_returnsColumnValue" />
    </UnitTest>
    <UnitTest name="ReadIntByName_ColumnValueIsValid_returnsColumnValue" storage="c:\users\joachimwagner\documents\projekte\bundesbank\dataimport\genericreadersandwriterstests\bin\debug\netcoreapp2.1\genericreadersandwriterstests.dll" id="72b4b17d-9389-e3a5-908d-e1d916fd9d4d">
      <Execution id="0f94ceaa-7313-46f6-9412-a98688b392f6" />
      <TestMethod codeBase="C:\Users\JoachimWagner\Documents\Projekte\Bundesbank\DataImport\GenericReadersAndWritersTests\bin\Debug\netcoreapp2.1\GenericReadersAndWritersTests.dll" adapterTypeName="executor://nunit3testexecutor/" className="BBk.Rc1.Ricis.SharedLibraries.GenericReadersAndWriters.File.Csv.LineTokenizer.Tests.FileSetTests" name="ReadIntByName_ColumnValueIsValid_returnsColumnValue" />
    </UnitTest>
  </TestDefinitions>
  <TestEntries>
    <TestEntry testId="cbb8c242-7708-2b27-f875-82ad4bb5bf5c" executionId="56b38722-1a39-4838-b7cd-9fd2dc00b938" testListId="8c84fa94-04c1-424b-9868-57a2d4851a1d" />
    <TestEntry testId="178ccf5e-91bb-0524-a3fb-239a0647a9cd" executionId="473b29c9-b36a-4466-be0e-fa1e8c4fb015" testListId="8c84fa94-04c1-424b-9868-57a2d4851a1d" />
    <TestEntry testId="fa8745ff-fec0-572e-6afc-59f36ad1c077" executionId="b6e00ef8-f438-4eb8-a6d7-19a21cc4c0bd" testListId="8c84fa94-04c1-424b-9868-57a2d4851a1d" />
    <TestEntry testId="3e33229f-6b8c-902d-9c7f-f151f7662b5d" executionId="5a6ca88c-b760-4011-afed-eb4e4ca7afe3" testListId="8c84fa94-04c1-424b-9868-57a2d4851a1d" />
    <TestEntry testId="8c3a39d5-6ca1-996c-a7c8-3ffdd0d198a8" executionId="9b87b2af-ec02-40f3-b8da-774ad83f7c85" testListId="8c84fa94-04c1-424b-9868-57a2d4851a1d" />
    <TestEntry testId="849f9b46-20fe-795e-71ab-a0cb84df38a3" executionId="aed45700-935c-49e1-82f6-30878bf07c8e" testListId="8c84fa94-04c1-424b-9868-57a2d4851a1d" />
    <TestEntry testId="d5462450-f0d0-a45d-7257-bee2d85016db" executionId="e3d0705f-3c9a-4a6e-9727-04bf3db92044" testListId="8c84fa94-04c1-424b-9868-57a2d4851a1d" />
    <TestEntry testId="9d755510-df1c-55a1-19c7-bb204197f657" executionId="885c802b-25af-48a6-9ce1-b699d69497fc" testListId="8c84fa94-04c1-424b-9868-57a2d4851a1d" />
    <TestEntry testId="51ceddf9-9b63-35e7-1130-7d14d0dd6020" executionId="97bdf9eb-39a4-4fe3-b494-3d06cf9e3df1" testListId="8c84fa94-04c1-424b-9868-57a2d4851a1d" />
    <TestEntry testId="75e3471c-c567-b6f6-0af9-0f892fc17df2" executionId="99d9392d-249b-4c46-a3a3-d19100486df0" testListId="8c84fa94-04c1-424b-9868-57a2d4851a1d" />
    <TestEntry testId="b16cbc76-33c8-b693-998e-623beb9aa925" executionId="761454d8-457d-49c5-a4ff-bf1ae1e9ae8d" testListId="8c84fa94-04c1-424b-9868-57a2d4851a1d" />
    <TestEntry testId="e4caea33-045d-b991-edb0-f1f3c3f2a0d2" executionId="da26cdcb-46d2-40ae-8dab-52df995d56dc" testListId="8c84fa94-04c1-424b-9868-57a2d4851a1d" />
    <TestEntry testId="1811d5b1-17d8-b70d-ad75-6e8df3b977d3" executionId="e05a9151-2ebe-44e5-ba77-142fd6be3309" testListId="8c84fa94-04c1-424b-9868-57a2d4851a1d" />
    <TestEntry testId="01daa5ae-e724-dbb8-ef25-9fa7af4c1398" executionId="6e9ddc5c-1074-453b-b384-5f616f979eeb" testListId="8c84fa94-04c1-424b-9868-57a2d4851a1d" />
    <TestEntry testId="f890ec51-2aa5-52e9-7ac3-82a09596ef12" executionId="098877c5-5f33-4667-8449-9f5c16e7d812" testListId="8c84fa94-04c1-424b-9868-57a2d4851a1d" />
    <TestEntry testId="30cfd5cb-e202-5ca3-06d1-964df82948cd" executionId="0bb932b5-cd0a-4d15-9edc-b143aa2eafaf" testListId="8c84fa94-04c1-424b-9868-57a2d4851a1d" />
    <TestEntry testId="5e167d49-ead9-fbbd-0f82-4f6b771ae84b" executionId="5fca2b83-5fd3-4054-8673-68a1cc7eb374" testListId="8c84fa94-04c1-424b-9868-57a2d4851a1d" />
    <TestEntry testId="d2741692-cada-6e12-c5f4-d996ef483003" executionId="f60ac2c8-477e-4a42-a9c4-774ed403a577" testListId="8c84fa94-04c1-424b-9868-57a2d4851a1d" />
    <TestEntry testId="0b5c0338-d113-65c4-5059-a95aef619330" executionId="d9a28a78-e90a-475a-b3d7-95818a0cc903" testListId="8c84fa94-04c1-424b-9868-57a2d4851a1d" />
    <TestEntry testId="04f8c6c1-b404-94ff-713a-c7a0934a0e84" executionId="d837049d-2467-4ea0-bacf-b34904947078" testListId="8c84fa94-04c1-424b-9868-57a2d4851a1d" />
    <TestEntry testId="8344d006-b7c9-a2f5-b0bb-02b80f0fa7a7" executionId="5b7e9346-662e-4f9f-a90b-7fcb42716f64" testListId="8c84fa94-04c1-424b-9868-57a2d4851a1d" />
    <TestEntry testId="6146608c-899d-b53b-068b-d998c239ef5c" executionId="c9c11f8f-aa8b-413f-b9be-008fcc197913" testListId="8c84fa94-04c1-424b-9868-57a2d4851a1d" />
    <TestEntry testId="b5ac5171-235e-65fa-c5c1-5f95389c35dd" executionId="f71bd564-2373-4ee0-bd0c-6641442a71f7" testListId="8c84fa94-04c1-424b-9868-57a2d4851a1d" />
    <TestEntry testId="7068c8ce-4458-c8b0-db04-a6cc958810a6" executionId="2c045c3d-d7ee-4ba6-8cc0-1739e1611579" testListId="8c84fa94-04c1-424b-9868-57a2d4851a1d" />
    <TestEntry testId="731bca5c-9d61-806b-524d-2614ec58be0a" executionId="5150cc08-e159-45bf-a8e0-315f194c4ba9" testListId="8c84fa94-04c1-424b-9868-57a2d4851a1d" />
    <TestEntry testId="1fb2762f-e34c-78c8-f13c-b47daa480826" executionId="7bb989ab-c035-4f7e-b574-65601bdbdb17" testListId="8c84fa94-04c1-424b-9868-57a2d4851a1d" />
    <TestEntry testId="3b0f93ac-123f-48d2-4664-f6d15b48060d" executionId="7f6ee467-b00e-4691-ac36-c34c09be6768" testListId="8c84fa94-04c1-424b-9868-57a2d4851a1d" />
    <TestEntry testId="a61db63c-409a-c69d-4251-a4fce715ef24" executionId="a1bcfe50-00df-4572-8a1d-d83c2221b6f1" testListId="8c84fa94-04c1-424b-9868-57a2d4851a1d" />
    <TestEntry testId="8eeddfa7-9ff2-9b4b-cc05-6c08cccd97be" executionId="7993c23e-b6ba-42a5-882f-7fe4af8933d0" testListId="8c84fa94-04c1-424b-9868-57a2d4851a1d" />
    <TestEntry testId="28f94242-c443-4b67-7478-774497100d62" executionId="4ce4bbe7-4609-49ab-b311-58c66b62d173" testListId="8c84fa94-04c1-424b-9868-57a2d4851a1d" />
    <TestEntry testId="1e1f9a61-418d-53ce-3670-83cfc0444d5d" executionId="f4546424-bdbf-4675-a296-3b9785cdd643" testListId="8c84fa94-04c1-424b-9868-57a2d4851a1d" />
    <TestEntry testId="215c0f1c-cecf-9a95-6534-66edcf077cd7" executionId="a751ec8c-8e5d-4ce2-9fa6-63ec768ce412" testListId="8c84fa94-04c1-424b-9868-57a2d4851a1d" />
    <TestEntry testId="cb603bea-42c1-efb6-0c3c-26cc88996c55" executionId="fa3d9792-ce3e-4795-a79d-04f646f9969a" testListId="8c84fa94-04c1-424b-9868-57a2d4851a1d" />
    <TestEntry testId="47dcd5e5-c495-3daf-20e4-fb6809725f3a" executionId="2f0bfd6c-5b15-4834-84d9-cbb56dc8185a" testListId="8c84fa94-04c1-424b-9868-57a2d4851a1d" />
    <TestEntry testId="0604f0e8-07f4-f648-573a-db0001508c3d" executionId="9bb3af82-4fc8-4328-80e2-8c93ae014ab0" testListId="8c84fa94-04c1-424b-9868-57a2d4851a1d" />
    <TestEntry testId="c3c88055-1e45-edb8-1589-dc337bccb041" executionId="dc0add09-639d-45d8-8571-2dc2dfe1a1c5" testListId="8c84fa94-04c1-424b-9868-57a2d4851a1d" />
    <TestEntry testId="72b4b17d-9389-e3a5-908d-e1d916fd9d4d" executionId="0f94ceaa-7313-46f6-9412-a98688b392f6" testListId="8c84fa94-04c1-424b-9868-57a2d4851a1d" />
    <TestEntry testId="104751f4-fe8d-ab74-3936-029fe85cd861" executionId="38bd1c49-4538-440c-aa5d-f751f365aad3" testListId="8c84fa94-04c1-424b-9868-57a2d4851a1d" />
    <TestEntry testId="9d73e50a-a337-a010-d991-6206f99c208d" executionId="e7926857-62b4-4ffb-83c6-a3e0dfdfa358" testListId="8c84fa94-04c1-424b-9868-57a2d4851a1d" />
    <TestEntry testId="ff3c2f34-d7a8-39c9-82f0-87dec3bd1bbb" executionId="3edea1e3-8269-4237-811f-9e8b78037800" testListId="8c84fa94-04c1-424b-9868-57a2d4851a1d" />
    <TestEntry testId="a4d55b8e-1ad7-4aaf-f2db-a3881347b967" executionId="e264fdaa-c4ea-4e18-9795-cb53fa5088c8" testListId="8c84fa94-04c1-424b-9868-57a2d4851a1d" />
    <TestEntry testId="d23fe4d5-ce91-9c32-4d57-52ea4ff4f709" executionId="a2360ec8-157f-47e0-a31d-7f742bb554b6" testListId="8c84fa94-04c1-424b-9868-57a2d4851a1d" />
    <TestEntry testId="c46c21f8-1be4-8ae8-7ba8-bfe4926f3b94" executionId="59aee02a-371e-4275-908e-8f925c6ea420" testListId="8c84fa94-04c1-424b-9868-57a2d4851a1d" />
    <TestEntry testId="d8e89047-265f-ae8c-f72e-27a12a7e3e84" executionId="24ea719a-c6c7-4eb3-93b7-fe968f6b0154" testListId="8c84fa94-04c1-424b-9868-57a2d4851a1d" />
    <TestEntry testId="29ad57ce-fe8b-6876-9d1e-e06ac53ff752" executionId="d1b60612-9df8-445b-9f13-abaa2483c2a9" testListId="8c84fa94-04c1-424b-9868-57a2d4851a1d" />
    <TestEntry testId="8692aa5b-a8d1-7857-e1fe-d9632999316f" executionId="b69d648e-6519-4c76-a693-5e226b37d9ae" testListId="8c84fa94-04c1-424b-9868-57a2d4851a1d" />
    <TestEntry testId="118aeade-357c-55b4-720c-7539d16abdc1" executionId="f12f91f2-af76-4717-9048-cbb542d2fa96" testListId="8c84fa94-04c1-424b-9868-57a2d4851a1d" />
    <TestEntry testId="0cdaf4b3-edcf-efa9-84ca-dab367d01c8f" executionId="9d4519c5-7cb2-4c42-86d9-4de785910c3d" testListId="8c84fa94-04c1-424b-9868-57a2d4851a1d" />
    <TestEntry testId="f019755f-e0a8-8666-3273-046e81d5d5a1" executionId="21f01f68-153f-4fe0-ac75-68d69fc59268" testListId="8c84fa94-04c1-424b-9868-57a2d4851a1d" />
    <TestEntry testId="f5ff1dbe-9ecf-970e-f7f1-0fc82b946980" executionId="043a4af8-d187-494f-9227-b7380ab7341f" testListId="8c84fa94-04c1-424b-9868-57a2d4851a1d" />
    <TestEntry testId="9ddbc878-c0f9-119a-a07f-af54dc2608dd" executionId="711dbac3-e11f-4305-848b-74d6ce2f5171" testListId="8c84fa94-04c1-424b-9868-57a2d4851a1d" />
    <TestEntry testId="1f14a07f-f083-d069-df52-f95d0ab32b2c" executionId="77fec9e2-a82b-42c2-bf86-fc218746c238" testListId="8c84fa94-04c1-424b-9868-57a2d4851a1d" />
    <TestEntry testId="0c3e0dde-ca43-a1b4-68f3-f0bab7cb0817" executionId="a5d85428-0d02-4877-8210-506f7b106eea" testListId="8c84fa94-04c1-424b-9868-57a2d4851a1d" />
    <TestEntry testId="64462de1-2139-9fb7-a19a-c62ddd8d88cc" executionId="adb2f472-77ec-4edc-b962-429accb73856" testListId="8c84fa94-04c1-424b-9868-57a2d4851a1d" />
    <TestEntry testId="f7c7320f-4f44-9339-2098-e403250c3578" executionId="d1e5c9a9-78c5-47f6-9fd1-a046ddb32746" testListId="8c84fa94-04c1-424b-9868-57a2d4851a1d" />
    <TestEntry testId="dc996df5-fcaf-c4b6-c7fd-779d925f1c81" executionId="25fc54af-4fc8-42fc-95fe-355cb441bb35" testListId="8c84fa94-04c1-424b-9868-57a2d4851a1d" />
    <TestEntry testId="07c6e8b0-6060-0fdb-e553-b910aa38d5a3" executionId="a31a5a24-1700-4631-80a4-356bd9d5b65f" testListId="8c84fa94-04c1-424b-9868-57a2d4851a1d" />
    <TestEntry testId="27b2d23f-2d93-b00e-67aa-18eff944a29a" executionId="c88f6f05-92a6-41ed-ba94-16ba7d689e87" testListId="8c84fa94-04c1-424b-9868-57a2d4851a1d" />
    <TestEntry testId="9936a135-d22a-4ca8-2234-30d61c580d3a" executionId="375a6403-a92a-4e02-a3b5-def6da778d64" testListId="8c84fa94-04c1-424b-9868-57a2d4851a1d" />
    <TestEntry testId="33d850d1-573c-00d7-7747-054cd77f8fbe" executionId="90b9fcdb-87f1-47ea-b490-eb84fe9b8a55" testListId="8c84fa94-04c1-424b-9868-57a2d4851a1d" />
    <TestEntry testId="787bed18-d401-7a51-52b1-e3a0490d9e59" executionId="2578e345-6122-4445-b38a-ebadc7540495" testListId="8c84fa94-04c1-424b-9868-57a2d4851a1d" />
    <TestEntry testId="47c99baa-41af-a01a-4df8-ec2e75b4ec6a" executionId="9315c151-6016-41e7-a75a-fa2a4c0496ab" testListId="8c84fa94-04c1-424b-9868-57a2d4851a1d" />
    <TestEntry testId="21f7e741-a675-dbbd-b35a-ec5b27351f62" executionId="9efdeb4a-bbcb-4df1-adb3-a747debcbe3d" testListId="8c84fa94-04c1-424b-9868-57a2d4851a1d" />
    <TestEntry testId="792a67fb-ceeb-5801-6983-49a6d3502401" executionId="731d2ff8-5749-4bb2-804f-3e5bf8475aa9" testListId="8c84fa94-04c1-424b-9868-57a2d4851a1d" />
    <TestEntry testId="12d07d2c-62a0-fd3c-3009-e13ab934a1b8" executionId="b63d4b53-e9a1-4652-918d-18cb5117de1e" testListId="8c84fa94-04c1-424b-9868-57a2d4851a1d" />
    <TestEntry testId="a9ba31f4-5448-2bd8-cc17-6dde183f2c7e" executionId="4c59ba80-d358-42d2-b50e-7b3232849239" testListId="8c84fa94-04c1-424b-9868-57a2d4851a1d" />
  </TestEntries>
  <TestLists>
    <TestList name="Ergebnisse nicht in einer Liste" id="8c84fa94-04c1-424b-9868-57a2d4851a1d" />
    <TestList name="Alle geladenen Ergebnisse" id="19431567-8539-422a-85d7-44ee4e166bda" />
  </TestLists>
  <ResultSummary outcome="Completed">
    <Counters total="66" executed="66" passed="66" failed="0" error="0" timeout="0" aborted="0" inconclusive="0" passedButRunAborted="0" notRunnable="0" notExecuted="0" disconnected="0" warning="0" completed="0" inProgress="0" pending="0" />
    <Output>
      <StdOut>NUnit Adapter 3.16.1.0: Test execution started&#xD;
Running all tests in C:\Users\JoachimWagner\Documents\Projekte\Bundesbank\DataImport\GenericReadersAndWritersTests\bin\Debug\netcoreapp2.1\GenericReadersAndWritersTests.dll&#xD;
   NUnit3TestExecutor converted 66 of 66 NUnit test cases&#xD;
NUnit Adapter 3.16.1.0: Test execution complete&#xD;
</StdOut>
    </Output>
    <CollectorDataEntries>
      <Collector agentName="KEPLER" uri="datacollector://microsoft/CodeCoverage/2.0" collectorDisplayName="Code Coverage">
        <UriAttachments>
          <UriAttachment>
            <A href="KEPLER\JoachimWagner_KEPLER_2021-07-20.10_09_37.coverage"></A>
          </UriAttachment>
        </UriAttachments>
      </Collector>
    </CollectorDataEntries>
  </ResultSummary>
</TestRun>