<?xml version="1.0" encoding="utf-8"?>
<TestRun id="399f2464-d0e1-4cba-8ed8-6bbbfa539e7f" name="JoachimWagner@KEPLER 2021-07-20 10:55:53" runUser="AzureAD\JoachimWagner" xmlns="http://microsoft.com/schemas/VisualStudio/TeamTest/2010">
  <Times creation="2021-07-20T10:55:53.6992863+02:00" queuing="2021-07-20T10:55:53.6992868+02:00" start="2021-07-20T10:55:51.1574507+02:00" finish="2021-07-20T10:55:53.9408072+02:00" />
  <TestSettings name="default" id="1b8e5edc-245a-4424-8835-95ee24dc275b">
    <Deployment runDeploymentRoot="JoachimWagner_KEPLER_2021-07-20_10_55_53" />
  </TestSettings>
  <Results>
    <UnitTestResult executionId="4ec3a070-873b-4520-819c-31a70e650944" testId="118aeade-357c-55b4-720c-7539d16abdc1" testName="ReadUIntByName_ColumnValueIsValid_returnsColumnValue" computerName="KEPLER" duration="00:00:00.0020000" startTime="2021-07-20T10:55:53.0000000+02:00" endTime="2021-07-20T10:55:53.0000000+02:00" testType="13cdc9d9-ddb5-4fa4-a97d-d965ccfc6d4b" outcome="Passed" testListId="8c84fa94-04c1-424b-9868-57a2d4851a1d" relativeResultsDirectory="4ec3a070-873b-4520-819c-31a70e650944" />
    <UnitTestResult executionId="25aa9da3-59f4-4001-819a-efe3049639f1" testId="d2741692-cada-6e12-c5f4-d996ef483003" testName="ReadIntByPosition_IllegalPosition_throwsIndexOutOfRangeException" computerName="KEPLER" duration="00:00:00.0000001" startTime="2021-07-20T10:55:53.0000000+02:00" endTime="2021-07-20T10:55:53.0000000+02:00" testType="13cdc9d9-ddb5-4fa4-a97d-d965ccfc6d4b" outcome="Passed" testListId="8c84fa94-04c1-424b-9868-57a2d4851a1d" relativeResultsDirectory="25aa9da3-59f4-4001-819a-efe3049639f1" />
    <UnitTestResult executionId="77266030-cdcb-4092-86e2-2ba5b6bdedef" testId="f890ec51-2aa5-52e9-7ac3-82a09596ef12" testName="ReadDoubleByPosition_ColumnValueIsValid_returnsColumnValue" computerName="KEPLER" duration="00:00:00.0000001" startTime="2021-07-20T10:55:53.0000000+02:00" endTime="2021-07-20T10:55:53.0000000+02:00" testType="13cdc9d9-ddb5-4fa4-a97d-d965ccfc6d4b" outcome="Passed" testListId="8c84fa94-04c1-424b-9868-57a2d4851a1d" relativeResultsDirectory="77266030-cdcb-4092-86e2-2ba5b6bdedef" />
    <UnitTestResult executionId="a3d53866-9e02-4ea1-9efa-d60580781cb4" testId="8eeddfa7-9ff2-9b4b-cc05-6c08cccd97be" testName="Tokenize_HappyDay_Success" computerName="KEPLER" duration="00:00:00.0340000" startTime="2021-07-20T10:55:53.0000000+02:00" endTime="2021-07-20T10:55:53.0000000+02:00" testType="13cdc9d9-ddb5-4fa4-a97d-d965ccfc6d4b" outcome="Passed" testListId="8c84fa94-04c1-424b-9868-57a2d4851a1d" relativeResultsDirectory="a3d53866-9e02-4ea1-9efa-d60580781cb4" />
    <UnitTestResult executionId="b29d5c2f-0208-4e2c-8f49-0d9c6070e564" testId="29ad57ce-fe8b-6876-9d1e-e06ac53ff752" testName="ReadShortByPosition_ColumnValueIsNull_returnsDefaultValue" computerName="KEPLER" duration="00:00:00.0000001" startTime="2021-07-20T10:55:53.0000000+02:00" endTime="2021-07-20T10:55:53.0000000+02:00" testType="13cdc9d9-ddb5-4fa4-a97d-d965ccfc6d4b" outcome="Passed" testListId="8c84fa94-04c1-424b-9868-57a2d4851a1d" relativeResultsDirectory="b29d5c2f-0208-4e2c-8f49-0d9c6070e564" />
    <UnitTestResult executionId="ef570932-bd78-463f-91da-cf1efb11148a" testId="9936a135-d22a-4ca8-2234-30d61c580d3a" testName="ReadDoubleByPosition_ColumnValueIsNull_returnsDefaultValue" computerName="KEPLER" duration="00:00:00.0000001" startTime="2021-07-20T10:55:53.0000000+02:00" endTime="2021-07-20T10:55:53.0000000+02:00" testType="13cdc9d9-ddb5-4fa4-a97d-d965ccfc6d4b" outcome="Passed" testListId="8c84fa94-04c1-424b-9868-57a2d4851a1d" relativeResultsDirectory="ef570932-bd78-463f-91da-cf1efb11148a" />
    <UnitTestResult executionId="a2692abb-d10f-4baa-b41d-6e949fa07a79" testId="cbb8c242-7708-2b27-f875-82ad4bb5bf5c" testName="ReadDoubleByPosition_IllegalPosition_throwsIndexOutOfRangeException" computerName="KEPLER" duration="00:00:00.0000001" startTime="2021-07-20T10:55:53.0000000+02:00" endTime="2021-07-20T10:55:53.0000000+02:00" testType="13cdc9d9-ddb5-4fa4-a97d-d965ccfc6d4b" outcome="Passed" testListId="8c84fa94-04c1-424b-9868-57a2d4851a1d" relativeResultsDirectory="a2692abb-d10f-4baa-b41d-6e949fa07a79" />
    <UnitTestResult executionId="907a75e6-1ef7-4ad4-ab79-cbab0a312fee" testId="215c0f1c-cecf-9a95-6534-66edcf077cd7" testName="ReadLongByName_ColumnValueIsValid_returnsColumnValue" computerName="KEPLER" duration="00:00:00.0020000" startTime="2021-07-20T10:55:53.0000000+02:00" endTime="2021-07-20T10:55:53.0000000+02:00" testType="13cdc9d9-ddb5-4fa4-a97d-d965ccfc6d4b" outcome="Passed" testListId="8c84fa94-04c1-424b-9868-57a2d4851a1d" relativeResultsDirectory="907a75e6-1ef7-4ad4-ab79-cbab0a312fee" />
    <UnitTestResult executionId="c844ef20-2e8a-4e83-9a5f-bea18e377e77" testId="f019755f-e0a8-8666-3273-046e81d5d5a1" testName="ReadByteByPosition_IllegalPosition_throwsIndexOutOfRangeException" computerName="KEPLER" duration="00:00:00.0000001" startTime="2021-07-20T10:55:53.0000000+02:00" endTime="2021-07-20T10:55:53.0000000+02:00" testType="13cdc9d9-ddb5-4fa4-a97d-d965ccfc6d4b" outcome="Passed" testListId="8c84fa94-04c1-424b-9868-57a2d4851a1d" relativeResultsDirectory="c844ef20-2e8a-4e83-9a5f-bea18e377e77" />
    <UnitTestResult executionId="f6df63d1-c95f-4d3c-a138-ff865bd09b2f" testId="e4caea33-045d-b991-edb0-f1f3c3f2a0d2" testName="ReadStringByName_ColumnValueIsValid_returnsColumnValue" computerName="KEPLER" duration="00:00:00.0000001" startTime="2021-07-20T10:55:53.0000000+02:00" endTime="2021-07-20T10:55:53.0000000+02:00" testType="13cdc9d9-ddb5-4fa4-a97d-d965ccfc6d4b" outcome="Passed" testListId="8c84fa94-04c1-424b-9868-57a2d4851a1d" relativeResultsDirectory="f6df63d1-c95f-4d3c-a138-ff865bd09b2f" />
    <UnitTestResult executionId="cb96f1b3-3868-4446-b249-0d014077b51f" testId="a9ba31f4-5448-2bd8-cc17-6dde183f2c7e" testName="ReadFloatByPosition_ColumnValueIsValid_returnsColumnValue" computerName="KEPLER" duration="00:00:00.0000001" startTime="2021-07-20T10:55:53.0000000+02:00" endTime="2021-07-20T10:55:53.0000000+02:00" testType="13cdc9d9-ddb5-4fa4-a97d-d965ccfc6d4b" outcome="Passed" testListId="8c84fa94-04c1-424b-9868-57a2d4851a1d" relativeResultsDirectory="cb96f1b3-3868-4446-b249-0d014077b51f" />
    <UnitTestResult executionId="be52a48c-1f27-4675-ae91-efaddabf33c3" testId="3e33229f-6b8c-902d-9c7f-f151f7662b5d" testName="ReadShortByPosition_ColumnValueIsValid_returnsColumnValue" computerName="KEPLER" duration="00:00:00.0000001" startTime="2021-07-20T10:55:53.0000000+02:00" endTime="2021-07-20T10:55:53.0000000+02:00" testType="13cdc9d9-ddb5-4fa4-a97d-d965ccfc6d4b" outcome="Passed" testListId="8c84fa94-04c1-424b-9868-57a2d4851a1d" relativeResultsDirectory="be52a48c-1f27-4675-ae91-efaddabf33c3" />
    <UnitTestResult executionId="94f2d88c-c5d8-49a5-9850-5584babf6bcb" testId="75e3471c-c567-b6f6-0af9-0f892fc17df2" testName="ReadLongByPosition_ColumnValueIsValid_returnsColumnValue" computerName="KEPLER" duration="00:00:00.0000001" startTime="2021-07-20T10:55:53.0000000+02:00" endTime="2021-07-20T10:55:53.0000000+02:00" testType="13cdc9d9-ddb5-4fa4-a97d-d965ccfc6d4b" outcome="Passed" testListId="8c84fa94-04c1-424b-9868-57a2d4851a1d" relativeResultsDirectory="94f2d88c-c5d8-49a5-9850-5584babf6bcb" />
    <UnitTestResult executionId="4a9997d7-71fa-49d0-9ab1-4513c007d363" testId="849f9b46-20fe-795e-71ab-a0cb84df38a3" testName="Read_WithHeadlines_Success" computerName="KEPLER" duration="00:00:00.0010000" startTime="2021-07-20T10:55:53.0000000+02:00" endTime="2021-07-20T10:55:53.0000000+02:00" testType="13cdc9d9-ddb5-4fa4-a97d-d965ccfc6d4b" outcome="Passed" testListId="8c84fa94-04c1-424b-9868-57a2d4851a1d" relativeResultsDirectory="4a9997d7-71fa-49d0-9ab1-4513c007d363" />
    <UnitTestResult executionId="41a5e199-fc5e-42fc-b1ee-50391ce32c0b" testId="04f8c6c1-b404-94ff-713a-c7a0934a0e84" testName="ReadDecimalByPosition_ColumnValueIsValid_returnsColumnValue" computerName="KEPLER" duration="00:00:00.0000001" startTime="2021-07-20T10:55:53.0000000+02:00" endTime="2021-07-20T10:55:53.0000000+02:00" testType="13cdc9d9-ddb5-4fa4-a97d-d965ccfc6d4b" outcome="Passed" testListId="8c84fa94-04c1-424b-9868-57a2d4851a1d" relativeResultsDirectory="41a5e199-fc5e-42fc-b1ee-50391ce32c0b" />
    <UnitTestResult executionId="5e1ffbf8-540d-4c46-a577-de5ffa41536d" testId="1e1f9a61-418d-53ce-3670-83cfc0444d5d" testName="ReadFloatByName_ColumnValueIsValid_returnsColumnValue" computerName="KEPLER" duration="00:00:00.0030000" startTime="2021-07-20T10:55:53.0000000+02:00" endTime="2021-07-20T10:55:53.0000000+02:00" testType="13cdc9d9-ddb5-4fa4-a97d-d965ccfc6d4b" outcome="Passed" testListId="8c84fa94-04c1-424b-9868-57a2d4851a1d" relativeResultsDirectory="5e1ffbf8-540d-4c46-a577-de5ffa41536d" />
    <UnitTestResult executionId="51113268-d350-452d-ac2b-8e6f8d5737d1" testId="dc996df5-fcaf-c4b6-c7fd-779d925f1c81" testName="ReadULongByPosition_ColumnValueIsValid_returnsColumnValue" computerName="KEPLER" duration="00:00:00.0000001" startTime="2021-07-20T10:55:53.0000000+02:00" endTime="2021-07-20T10:55:53.0000000+02:00" testType="13cdc9d9-ddb5-4fa4-a97d-d965ccfc6d4b" outcome="Passed" testListId="8c84fa94-04c1-424b-9868-57a2d4851a1d" relativeResultsDirectory="51113268-d350-452d-ac2b-8e6f8d5737d1" />
    <UnitTestResult executionId="bdeebae9-20b9-4e39-9cb7-2117dfd0dd69" testId="47c99baa-41af-a01a-4df8-ec2e75b4ec6a" testName="ReadTimeByPosition_ColumnValueIsValid_returnsColumnValue" computerName="KEPLER" duration="00:00:00.0010000" startTime="2021-07-20T10:55:53.0000000+02:00" endTime="2021-07-20T10:55:53.0000000+02:00" testType="13cdc9d9-ddb5-4fa4-a97d-d965ccfc6d4b" outcome="Passed" testListId="8c84fa94-04c1-424b-9868-57a2d4851a1d" relativeResultsDirectory="bdeebae9-20b9-4e39-9cb7-2117dfd0dd69" />
    <UnitTestResult executionId="eee372f6-7e42-4e28-bce5-beb68ca8fe5b" testId="28f94242-c443-4b67-7478-774497100d62" testName="ReadIntByPosition_ColumnValueIsValid_returnsColumnValue" computerName="KEPLER" duration="00:00:00.0000001" startTime="2021-07-20T10:55:53.0000000+02:00" endTime="2021-07-20T10:55:53.0000000+02:00" testType="13cdc9d9-ddb5-4fa4-a97d-d965ccfc6d4b" outcome="Passed" testListId="8c84fa94-04c1-424b-9868-57a2d4851a1d" relativeResultsDirectory="eee372f6-7e42-4e28-bce5-beb68ca8fe5b" />
    <UnitTestResult executionId="d12b89b7-d981-48cc-8a53-669fb6032f55" testId="9ddbc878-c0f9-119a-a07f-af54dc2608dd" testName="ReadTimeByPosition_ColumnValueIsNull_returnsDefaultValue" computerName="KEPLER" duration="00:00:00.0010000" startTime="2021-07-20T10:55:53.0000000+02:00" endTime="2021-07-20T10:55:53.0000000+02:00" testType="13cdc9d9-ddb5-4fa4-a97d-d965ccfc6d4b" outcome="Passed" testListId="8c84fa94-04c1-424b-9868-57a2d4851a1d" relativeResultsDirectory="d12b89b7-d981-48cc-8a53-669fb6032f55" />
    <UnitTestResult executionId="331d0497-10c0-4f50-8e26-fcbd2c927330" testId="8c3a39d5-6ca1-996c-a7c8-3ffdd0d198a8" testName="ReadStringByPosition_ColumnValueIsValid_returnsColumnValue" computerName="KEPLER" duration="00:00:00.0000001" startTime="2021-07-20T10:55:53.0000000+02:00" endTime="2021-07-20T10:55:53.0000000+02:00" testType="13cdc9d9-ddb5-4fa4-a97d-d965ccfc6d4b" outcome="Passed" testListId="8c84fa94-04c1-424b-9868-57a2d4851a1d" relativeResultsDirectory="331d0497-10c0-4f50-8e26-fcbd2c927330" />
    <UnitTestResult executionId="100c9104-7b5b-4d52-ade2-35bfda604ad5" testId="0cdaf4b3-edcf-efa9-84ca-dab367d01c8f" testName="ReadSByteByPosition_IllegalPosition_throwsIndexOutOfRangeException" computerName="KEPLER" duration="00:00:00.0000001" startTime="2021-07-20T10:55:53.0000000+02:00" endTime="2021-07-20T10:55:53.0000000+02:00" testType="13cdc9d9-ddb5-4fa4-a97d-d965ccfc6d4b" outcome="Passed" testListId="8c84fa94-04c1-424b-9868-57a2d4851a1d" relativeResultsDirectory="100c9104-7b5b-4d52-ade2-35bfda604ad5" />
    <UnitTestResult executionId="5bb1649d-10d5-4c79-87f4-4fee883c49df" testId="d5462450-f0d0-a45d-7257-bee2d85016db" testName="ReadULongByPosition_ColumnValueIsNull_returnsDefaultValue" computerName="KEPLER" duration="00:00:00.0000001" startTime="2021-07-20T10:55:53.0000000+02:00" endTime="2021-07-20T10:55:53.0000000+02:00" testType="13cdc9d9-ddb5-4fa4-a97d-d965ccfc6d4b" outcome="Passed" testListId="8c84fa94-04c1-424b-9868-57a2d4851a1d" relativeResultsDirectory="5bb1649d-10d5-4c79-87f4-4fee883c49df" />
    <UnitTestResult executionId="74ba7deb-5113-47f9-ad96-fd722b4880a4" testId="787bed18-d401-7a51-52b1-e3a0490d9e59" testName="ReadDecimalByName_ColumnValueIsValid_returnsColumnValue" computerName="KEPLER" duration="00:00:00.0020000" startTime="2021-07-20T10:55:53.0000000+02:00" endTime="2021-07-20T10:55:53.0000000+02:00" testType="13cdc9d9-ddb5-4fa4-a97d-d965ccfc6d4b" outcome="Passed" testListId="8c84fa94-04c1-424b-9868-57a2d4851a1d" relativeResultsDirectory="74ba7deb-5113-47f9-ad96-fd722b4880a4" />
    <UnitTestResult executionId="064f515d-9ae3-4681-803b-74af07e7a909" testId="01daa5ae-e724-dbb8-ef25-9fa7af4c1398" testName="ReadBigIntegerByPosition_ColumnValueIsNull_returnsDefaultValue" computerName="KEPLER" duration="00:00:00.0010000" startTime="2021-07-20T10:55:53.0000000+02:00" endTime="2021-07-20T10:55:53.0000000+02:00" testType="13cdc9d9-ddb5-4fa4-a97d-d965ccfc6d4b" outcome="Passed" testListId="8c84fa94-04c1-424b-9868-57a2d4851a1d" relativeResultsDirectory="064f515d-9ae3-4681-803b-74af07e7a909" />
    <UnitTestResult executionId="c3815b8d-0a78-427c-9e52-35b979269ee4" testId="c46c21f8-1be4-8ae8-7ba8-bfe4926f3b94" testName="ReadFloatByPosition_IllegalPosition_throwsIndexOutOfRangeException" computerName="KEPLER" duration="00:00:00.0000001" startTime="2021-07-20T10:55:53.0000000+02:00" endTime="2021-07-20T10:55:53.0000000+02:00" testType="13cdc9d9-ddb5-4fa4-a97d-d965ccfc6d4b" outcome="Passed" testListId="8c84fa94-04c1-424b-9868-57a2d4851a1d" relativeResultsDirectory="c3815b8d-0a78-427c-9e52-35b979269ee4" />
    <UnitTestResult executionId="eb4f0d44-df4d-475e-8d4c-463fc08afe83" testId="0b5c0338-d113-65c4-5059-a95aef619330" testName="ReadShortByName_ColumnValueIsValid_returnsColumnValue" computerName="KEPLER" duration="00:00:00.0020000" startTime="2021-07-20T10:55:53.0000000+02:00" endTime="2021-07-20T10:55:53.0000000+02:00" testType="13cdc9d9-ddb5-4fa4-a97d-d965ccfc6d4b" outcome="Passed" testListId="8c84fa94-04c1-424b-9868-57a2d4851a1d" relativeResultsDirectory="eb4f0d44-df4d-475e-8d4c-463fc08afe83" />
    <UnitTestResult executionId="e74adb64-0df9-44eb-a687-9c90b9cb0d12" testId="0604f0e8-07f4-f648-573a-db0001508c3d" testName="ReadDateTimeByPosition_ColumnValueIsNull_returnsDefaultValue" computerName="KEPLER" duration="00:00:00.0020000" startTime="2021-07-20T10:55:53.0000000+02:00" endTime="2021-07-20T10:55:53.0000000+02:00" testType="13cdc9d9-ddb5-4fa4-a97d-d965ccfc6d4b" outcome="Passed" testListId="8c84fa94-04c1-424b-9868-57a2d4851a1d" relativeResultsDirectory="e74adb64-0df9-44eb-a687-9c90b9cb0d12" />
    <UnitTestResult executionId="a9f285db-2ff1-4283-a5f6-6497a2568e75" testId="c3c88055-1e45-edb8-1589-dc337bccb041" testName="ReadDoubleByName_ColumnValueIsValid_returnsColumnValue" computerName="KEPLER" duration="00:00:00.0000001" startTime="2021-07-20T10:55:53.0000000+02:00" endTime="2021-07-20T10:55:53.0000000+02:00" testType="13cdc9d9-ddb5-4fa4-a97d-d965ccfc6d4b" outcome="Passed" testListId="8c84fa94-04c1-424b-9868-57a2d4851a1d" relativeResultsDirectory="a9f285db-2ff1-4283-a5f6-6497a2568e75" />
    <UnitTestResult executionId="01828e22-b2ee-4b35-960c-303a289502d9" testId="8344d006-b7c9-a2f5-b0bb-02b80f0fa7a7" testName="ReadBoolByPosition_IllegalPosition_throwsIndexOutOfRangeException" computerName="KEPLER" duration="00:00:00.0000001" startTime="2021-07-20T10:55:53.0000000+02:00" endTime="2021-07-20T10:55:53.0000000+02:00" testType="13cdc9d9-ddb5-4fa4-a97d-d965ccfc6d4b" outcome="Passed" testListId="8c84fa94-04c1-424b-9868-57a2d4851a1d" relativeResultsDirectory="01828e22-b2ee-4b35-960c-303a289502d9" />
    <UnitTestResult executionId="e4fce673-a1d9-4635-9a58-c3e51edffa2f" testId="1f14a07f-f083-d069-df52-f95d0ab32b2c" testName="ReadStringByPosition_IllegalPosition_throwsIndexOutOfRangeException" computerName="KEPLER" duration="00:00:00.0000001" startTime="2021-07-20T10:55:53.0000000+02:00" endTime="2021-07-20T10:55:53.0000000+02:00" testType="13cdc9d9-ddb5-4fa4-a97d-d965ccfc6d4b" outcome="Passed" testListId="8c84fa94-04c1-424b-9868-57a2d4851a1d" relativeResultsDirectory="e4fce673-a1d9-4635-9a58-c3e51edffa2f" />
    <UnitTestResult executionId="ae5c14f6-4cee-4d5b-80cf-9a1f6bbf2aa7" testId="33d850d1-573c-00d7-7747-054cd77f8fbe" testName="ReadBoolByPosition_ColumnValueIsNull_returnsDefaultValue" computerName="KEPLER" duration="00:00:00.0000001" startTime="2021-07-20T10:55:53.0000000+02:00" endTime="2021-07-20T10:55:53.0000000+02:00" testType="13cdc9d9-ddb5-4fa4-a97d-d965ccfc6d4b" outcome="Passed" testListId="8c84fa94-04c1-424b-9868-57a2d4851a1d" relativeResultsDirectory="ae5c14f6-4cee-4d5b-80cf-9a1f6bbf2aa7" />
    <UnitTestResult executionId="4ef82d47-a662-4ad0-93c8-a203384baa05" testId="a4d55b8e-1ad7-4aaf-f2db-a3881347b967" testName="ReadUIntByPosition_IllegalPosition_throwsIndexOutOfRangeException" computerName="KEPLER" duration="00:00:00.0000001" startTime="2021-07-20T10:55:53.0000000+02:00" endTime="2021-07-20T10:55:53.0000000+02:00" testType="13cdc9d9-ddb5-4fa4-a97d-d965ccfc6d4b" outcome="Passed" testListId="8c84fa94-04c1-424b-9868-57a2d4851a1d" relativeResultsDirectory="4ef82d47-a662-4ad0-93c8-a203384baa05" />
    <UnitTestResult executionId="7faf93fc-0dc5-4657-a1e8-ff043c8fd0b2" testId="51ceddf9-9b63-35e7-1130-7d14d0dd6020" testName="ReadDecimalByPosition_ColumnValueIsNull_returnsDefaultValue" computerName="KEPLER" duration="00:00:00.0020000" startTime="2021-07-20T10:55:53.0000000+02:00" endTime="2021-07-20T10:55:53.0000000+02:00" testType="13cdc9d9-ddb5-4fa4-a97d-d965ccfc6d4b" outcome="Passed" testListId="8c84fa94-04c1-424b-9868-57a2d4851a1d" relativeResultsDirectory="7faf93fc-0dc5-4657-a1e8-ff043c8fd0b2" />
    <UnitTestResult executionId="9ea5f223-031a-4f34-9b6b-07f040012b6a" testId="a61db63c-409a-c69d-4251-a4fce715ef24" testName="ReadSByteByName_ColumnValueIsValid_returnsColumnValue" computerName="KEPLER" duration="00:00:00.0020000" startTime="2021-07-20T10:55:53.0000000+02:00" endTime="2021-07-20T10:55:53.0000000+02:00" testType="13cdc9d9-ddb5-4fa4-a97d-d965ccfc6d4b" outcome="Passed" testListId="8c84fa94-04c1-424b-9868-57a2d4851a1d" relativeResultsDirectory="9ea5f223-031a-4f34-9b6b-07f040012b6a" />
    <UnitTestResult executionId="969584bb-bcae-40e1-888d-d8f34914966d" testId="104751f4-fe8d-ab74-3936-029fe85cd861" testName="ReadShortByPosition_IllegalPosition_throwsIndexOutOfRangeException" computerName="KEPLER" duration="00:00:00.0000001" startTime="2021-07-20T10:55:53.0000000+02:00" endTime="2021-07-20T10:55:53.0000000+02:00" testType="13cdc9d9-ddb5-4fa4-a97d-d965ccfc6d4b" outcome="Passed" testListId="8c84fa94-04c1-424b-9868-57a2d4851a1d" relativeResultsDirectory="969584bb-bcae-40e1-888d-d8f34914966d" />
    <UnitTestResult executionId="23d254e8-76fa-4e2c-8e45-b62f4e2c8e6b" testId="5e167d49-ead9-fbbd-0f82-4f6b771ae84b" testName="ReadLongByPosition_ColumnValueIsNull_returnsDefaultValue" computerName="KEPLER" duration="00:00:00.0000001" startTime="2021-07-20T10:55:53.0000000+02:00" endTime="2021-07-20T10:55:53.0000000+02:00" testType="13cdc9d9-ddb5-4fa4-a97d-d965ccfc6d4b" outcome="Passed" testListId="8c84fa94-04c1-424b-9868-57a2d4851a1d" relativeResultsDirectory="23d254e8-76fa-4e2c-8e45-b62f4e2c8e6b" />
    <UnitTestResult executionId="03beb154-d364-43d2-adf5-bccdfda3b310" testId="ff3c2f34-d7a8-39c9-82f0-87dec3bd1bbb" testName="ReadTimeByPosition_IllegalPosition_throwsIndexOutOfRangeException" computerName="KEPLER" duration="00:00:00.0000001" startTime="2021-07-20T10:55:53.0000000+02:00" endTime="2021-07-20T10:55:53.0000000+02:00" testType="13cdc9d9-ddb5-4fa4-a97d-d965ccfc6d4b" outcome="Passed" testListId="8c84fa94-04c1-424b-9868-57a2d4851a1d" relativeResultsDirectory="03beb154-d364-43d2-adf5-bccdfda3b310" />
    <UnitTestResult executionId="a0d2651a-8a5a-4433-b5f3-e43905e8c62c" testId="07c6e8b0-6060-0fdb-e553-b910aa38d5a3" testName="ReadDateTimeByPosition_IllegalPosition_throwsIndexOutOfRangeException" computerName="KEPLER" duration="00:00:00.0000001" startTime="2021-07-20T10:55:53.0000000+02:00" endTime="2021-07-20T10:55:53.0000000+02:00" testType="13cdc9d9-ddb5-4fa4-a97d-d965ccfc6d4b" outcome="Passed" testListId="8c84fa94-04c1-424b-9868-57a2d4851a1d" relativeResultsDirectory="a0d2651a-8a5a-4433-b5f3-e43905e8c62c" />
    <UnitTestResult executionId="deff0c72-2cd8-46f5-a9d8-1a7249e10a4d" testId="7068c8ce-4458-c8b0-db04-a6cc958810a6" testName="ReadSByteByPosition_ColumnValueIsNull_returnsDefaultValue" computerName="KEPLER" duration="00:00:00.0000001" startTime="2021-07-20T10:55:53.0000000+02:00" endTime="2021-07-20T10:55:53.0000000+02:00" testType="13cdc9d9-ddb5-4fa4-a97d-d965ccfc6d4b" outcome="Passed" testListId="8c84fa94-04c1-424b-9868-57a2d4851a1d" relativeResultsDirectory="deff0c72-2cd8-46f5-a9d8-1a7249e10a4d" />
    <UnitTestResult executionId="1ff1320c-4d49-49ac-94ab-b8a47e2e12c3" testId="fa8745ff-fec0-572e-6afc-59f36ad1c077" testName="ReadBigIntegerByPosition_ColumnValueIsValid_returnsColumnValue" computerName="KEPLER" duration="00:00:00.0000001" startTime="2021-07-20T10:55:53.0000000+02:00" endTime="2021-07-20T10:55:53.0000000+02:00" testType="13cdc9d9-ddb5-4fa4-a97d-d965ccfc6d4b" outcome="Passed" testListId="8c84fa94-04c1-424b-9868-57a2d4851a1d" relativeResultsDirectory="1ff1320c-4d49-49ac-94ab-b8a47e2e12c3" />
    <UnitTestResult executionId="ccab8605-135e-4fa9-8a2f-4512f17867ef" testId="f7c7320f-4f44-9339-2098-e403250c3578" testName="ReadUIntByPosition_ColumnValueIsValid_returnsColumnValue" computerName="KEPLER" duration="00:00:00.0000001" startTime="2021-07-20T10:55:53.0000000+02:00" endTime="2021-07-20T10:55:53.0000000+02:00" testType="13cdc9d9-ddb5-4fa4-a97d-d965ccfc6d4b" outcome="Passed" testListId="8c84fa94-04c1-424b-9868-57a2d4851a1d" relativeResultsDirectory="ccab8605-135e-4fa9-8a2f-4512f17867ef" />
    <UnitTestResult executionId="beed9999-b1d2-4590-b39b-24ff2ba7b834" testId="792a67fb-ceeb-5801-6983-49a6d3502401" testName="ReadUShortByPosition_IllegalPosition_throwsIndexOutOfRangeException" computerName="KEPLER" duration="00:00:00.0000001" startTime="2021-07-20T10:55:53.0000000+02:00" endTime="2021-07-20T10:55:53.0000000+02:00" testType="13cdc9d9-ddb5-4fa4-a97d-d965ccfc6d4b" outcome="Passed" testListId="8c84fa94-04c1-424b-9868-57a2d4851a1d" relativeResultsDirectory="beed9999-b1d2-4590-b39b-24ff2ba7b834" />
    <UnitTestResult executionId="af5a34d9-6ab6-455a-a907-77f85c1ad839" testId="72b4b17d-9389-e3a5-908d-e1d916fd9d4d" testName="ReadIntByName_ColumnValueIsValid_returnsColumnValue" computerName="KEPLER" duration="00:00:00.0000001" startTime="2021-07-20T10:55:53.0000000+02:00" endTime="2021-07-20T10:55:53.0000000+02:00" testType="13cdc9d9-ddb5-4fa4-a97d-d965ccfc6d4b" outcome="Passed" testListId="8c84fa94-04c1-424b-9868-57a2d4851a1d" relativeResultsDirectory="af5a34d9-6ab6-455a-a907-77f85c1ad839" />
    <UnitTestResult executionId="0181f4a6-5b0d-4887-9cb4-3fe5b75003fb" testId="1fb2762f-e34c-78c8-f13c-b47daa480826" testName="ReadUShortByName_ColumnValueIsValid_returnsColumnValue" computerName="KEPLER" duration="00:00:00.0020000" startTime="2021-07-20T10:55:53.0000000+02:00" endTime="2021-07-20T10:55:53.0000000+02:00" testType="13cdc9d9-ddb5-4fa4-a97d-d965ccfc6d4b" outcome="Passed" testListId="8c84fa94-04c1-424b-9868-57a2d4851a1d" relativeResultsDirectory="0181f4a6-5b0d-4887-9cb4-3fe5b75003fb" />
    <UnitTestResult executionId="77b328f3-ada3-4505-933e-cf0f2c908d29" testId="178ccf5e-91bb-0524-a3fb-239a0647a9cd" testName="ReadTimeByName_ColumnValueIsValid_returnsColumnValue" computerName="KEPLER" duration="00:00:00.0010000" startTime="2021-07-20T10:55:53.0000000+02:00" endTime="2021-07-20T10:55:53.0000000+02:00" testType="13cdc9d9-ddb5-4fa4-a97d-d965ccfc6d4b" outcome="Passed" testListId="8c84fa94-04c1-424b-9868-57a2d4851a1d" relativeResultsDirectory="77b328f3-ada3-4505-933e-cf0f2c908d29" />
    <UnitTestResult executionId="f0080b47-0f13-4d14-a1b8-edeb05ad08f9" testId="3b0f93ac-123f-48d2-4664-f6d15b48060d" testName="ReadBigIntegerByPosition_IllegalPosition_throwsIndexOutOfRangeException" computerName="KEPLER" duration="00:00:00.0090000" startTime="2021-07-20T10:55:53.0000000+02:00" endTime="2021-07-20T10:55:53.0000000+02:00" testType="13cdc9d9-ddb5-4fa4-a97d-d965ccfc6d4b" outcome="Passed" testListId="8c84fa94-04c1-424b-9868-57a2d4851a1d" relativeResultsDirectory="f0080b47-0f13-4d14-a1b8-edeb05ad08f9" />
    <UnitTestResult executionId="52a2222a-14a2-4e51-b029-9248934b50ed" testId="d8e89047-265f-ae8c-f72e-27a12a7e3e84" testName="ReadUShortByPosition_ColumnValueIsValid_returnsColumnValue" computerName="KEPLER" duration="00:00:00.0000001" startTime="2021-07-20T10:55:53.0000000+02:00" endTime="2021-07-20T10:55:53.0000000+02:00" testType="13cdc9d9-ddb5-4fa4-a97d-d965ccfc6d4b" outcome="Passed" testListId="8c84fa94-04c1-424b-9868-57a2d4851a1d" relativeResultsDirectory="52a2222a-14a2-4e51-b029-9248934b50ed" />
    <UnitTestResult executionId="a4dbc75d-6035-4505-84e7-ad92b4a91f6b" testId="731bca5c-9d61-806b-524d-2614ec58be0a" testName="ReadIntByPosition_ColumnValueIsNull_returnsDefaultValue" computerName="KEPLER" duration="00:00:00.0000001" startTime="2021-07-20T10:55:53.0000000+02:00" endTime="2021-07-20T10:55:53.0000000+02:00" testType="13cdc9d9-ddb5-4fa4-a97d-d965ccfc6d4b" outcome="Passed" testListId="8c84fa94-04c1-424b-9868-57a2d4851a1d" relativeResultsDirectory="a4dbc75d-6035-4505-84e7-ad92b4a91f6b" />
    <UnitTestResult executionId="a379d1da-9d40-41df-9edc-ac6a99f9e3bc" testId="9d73e50a-a337-a010-d991-6206f99c208d" testName="ReadByteByPosition_ColumnValueIsValid_returnsColumnValue" computerName="KEPLER" duration="00:00:00.0000001" startTime="2021-07-20T10:55:53.0000000+02:00" endTime="2021-07-20T10:55:53.0000000+02:00" testType="13cdc9d9-ddb5-4fa4-a97d-d965ccfc6d4b" outcome="Passed" testListId="8c84fa94-04c1-424b-9868-57a2d4851a1d" relativeResultsDirectory="a379d1da-9d40-41df-9edc-ac6a99f9e3bc" />
    <UnitTestResult executionId="a7544c54-555b-421f-8a82-fe1e3e7c57ea" testId="cb603bea-42c1-efb6-0c3c-26cc88996c55" testName="ReadSByteByPosition_ColumnValueIsValid_returnsColumnValue" computerName="KEPLER" duration="00:00:00.0000001" startTime="2021-07-20T10:55:53.0000000+02:00" endTime="2021-07-20T10:55:53.0000000+02:00" testType="13cdc9d9-ddb5-4fa4-a97d-d965ccfc6d4b" outcome="Passed" testListId="8c84fa94-04c1-424b-9868-57a2d4851a1d" relativeResultsDirectory="a7544c54-555b-421f-8a82-fe1e3e7c57ea" />
    <UnitTestResult executionId="c5992612-c52b-4828-a0b2-0d812e168993" testId="21f7e741-a675-dbbd-b35a-ec5b27351f62" testName="ReadUIntByPosition_ColumnValueIsNull_returnsDefaultValue" computerName="KEPLER" duration="00:00:00.0000001" startTime="2021-07-20T10:55:53.0000000+02:00" endTime="2021-07-20T10:55:53.0000000+02:00" testType="13cdc9d9-ddb5-4fa4-a97d-d965ccfc6d4b" outcome="Passed" testListId="8c84fa94-04c1-424b-9868-57a2d4851a1d" relativeResultsDirectory="c5992612-c52b-4828-a0b2-0d812e168993" />
    <UnitTestResult executionId="b5a5ca3a-0e97-40d6-8bb1-ec98a6967d94" testId="9d755510-df1c-55a1-19c7-bb204197f657" testName="ReadDateTimeByName_ColumnValueIsValid_returnsColumnValue" computerName="KEPLER" duration="00:00:00.0010000" startTime="2021-07-20T10:55:53.0000000+02:00" endTime="2021-07-20T10:55:53.0000000+02:00" testType="13cdc9d9-ddb5-4fa4-a97d-d965ccfc6d4b" outcome="Passed" testListId="8c84fa94-04c1-424b-9868-57a2d4851a1d" relativeResultsDirectory="b5a5ca3a-0e97-40d6-8bb1-ec98a6967d94" />
    <UnitTestResult executionId="8d055f29-3434-45a8-8c77-0a448146af97" testId="6146608c-899d-b53b-068b-d998c239ef5c" testName="ReadByteByPosition_ColumnValueIsNull_returnsDefaultValue" computerName="KEPLER" duration="00:00:00.0000001" startTime="2021-07-20T10:55:53.0000000+02:00" endTime="2021-07-20T10:55:53.0000000+02:00" testType="13cdc9d9-ddb5-4fa4-a97d-d965ccfc6d4b" outcome="Passed" testListId="8c84fa94-04c1-424b-9868-57a2d4851a1d" relativeResultsDirectory="8d055f29-3434-45a8-8c77-0a448146af97" />
    <UnitTestResult executionId="02b5aa9d-28e7-4aad-8d93-f9fdd4ac12f9" testId="b5ac5171-235e-65fa-c5c1-5f95389c35dd" testName="ReadByteByName_ColumnValueIsValid_returnsColumnValue" computerName="KEPLER" duration="00:00:00.0010000" startTime="2021-07-20T10:55:53.0000000+02:00" endTime="2021-07-20T10:55:53.0000000+02:00" testType="13cdc9d9-ddb5-4fa4-a97d-d965ccfc6d4b" outcome="Passed" testListId="8c84fa94-04c1-424b-9868-57a2d4851a1d" relativeResultsDirectory="02b5aa9d-28e7-4aad-8d93-f9fdd4ac12f9" />
    <UnitTestResult executionId="54dd0cb0-2fe8-4843-ae5d-688f8f0e2a25" testId="f5ff1dbe-9ecf-970e-f7f1-0fc82b946980" testName="ReadBoolByName_ColumnValueIsValid_returnsColumnValue" computerName="KEPLER" duration="00:00:00.0020000" startTime="2021-07-20T10:55:53.0000000+02:00" endTime="2021-07-20T10:55:53.0000000+02:00" testType="13cdc9d9-ddb5-4fa4-a97d-d965ccfc6d4b" outcome="Passed" testListId="8c84fa94-04c1-424b-9868-57a2d4851a1d" relativeResultsDirectory="54dd0cb0-2fe8-4843-ae5d-688f8f0e2a25" />
    <UnitTestResult executionId="e3ee6753-2737-4504-ba34-246174483e26" testId="64462de1-2139-9fb7-a19a-c62ddd8d88cc" testName="ReadULongByName_ColumnValueIsValid_returnsColumnValue" computerName="KEPLER" duration="00:00:00.0020000" startTime="2021-07-20T10:55:53.0000000+02:00" endTime="2021-07-20T10:55:53.0000000+02:00" testType="13cdc9d9-ddb5-4fa4-a97d-d965ccfc6d4b" outcome="Passed" testListId="8c84fa94-04c1-424b-9868-57a2d4851a1d" relativeResultsDirectory="e3ee6753-2737-4504-ba34-246174483e26" />
    <UnitTestResult executionId="ef6af5dd-eb5f-41a3-a651-eccafd5cc32e" testId="8692aa5b-a8d1-7857-e1fe-d9632999316f" testName="ReadULongByPosition_IllegalPosition_throwsIndexOutOfRangeException" computerName="KEPLER" duration="00:00:00.0000001" startTime="2021-07-20T10:55:53.0000000+02:00" endTime="2021-07-20T10:55:53.0000000+02:00" testType="13cdc9d9-ddb5-4fa4-a97d-d965ccfc6d4b" outcome="Passed" testListId="8c84fa94-04c1-424b-9868-57a2d4851a1d" relativeResultsDirectory="ef6af5dd-eb5f-41a3-a651-eccafd5cc32e" />
    <UnitTestResult executionId="13e9a311-fdd7-4626-880c-da1eb7684b7f" testId="47dcd5e5-c495-3daf-20e4-fb6809725f3a" testName="ReadDecimalByPosition_IllegalPosition_throwsIndexOutOfRangeException" computerName="KEPLER" duration="00:00:00.0000001" startTime="2021-07-20T10:55:53.0000000+02:00" endTime="2021-07-20T10:55:53.0000000+02:00" testType="13cdc9d9-ddb5-4fa4-a97d-d965ccfc6d4b" outcome="Passed" testListId="8c84fa94-04c1-424b-9868-57a2d4851a1d" relativeResultsDirectory="13e9a311-fdd7-4626-880c-da1eb7684b7f" />
    <UnitTestResult executionId="1f614aa2-f3f3-41c9-88b7-0bb4011c8e2c" testId="27b2d23f-2d93-b00e-67aa-18eff944a29a" testName="Read_NoHeadlines_Success" computerName="KEPLER" duration="00:00:00.0070000" startTime="2021-07-20T10:55:53.0000000+02:00" endTime="2021-07-20T10:55:53.0000000+02:00" testType="13cdc9d9-ddb5-4fa4-a97d-d965ccfc6d4b" outcome="Passed" testListId="8c84fa94-04c1-424b-9868-57a2d4851a1d" relativeResultsDirectory="1f614aa2-f3f3-41c9-88b7-0bb4011c8e2c" />
    <UnitTestResult executionId="346f3a92-2cf0-48d4-abc1-ea1ff659af58" testId="0c3e0dde-ca43-a1b4-68f3-f0bab7cb0817" testName="ReadUShortByPosition_ColumnValueIsNull_returnsDefaultValue" computerName="KEPLER" duration="00:00:00.0000001" startTime="2021-07-20T10:55:53.0000000+02:00" endTime="2021-07-20T10:55:53.0000000+02:00" testType="13cdc9d9-ddb5-4fa4-a97d-d965ccfc6d4b" outcome="Passed" testListId="8c84fa94-04c1-424b-9868-57a2d4851a1d" relativeResultsDirectory="346f3a92-2cf0-48d4-abc1-ea1ff659af58" />
    <UnitTestResult executionId="ca0cc9b2-6713-456c-ba5d-80e9a0e29486" testId="30cfd5cb-e202-5ca3-06d1-964df82948cd" testName="ReadStringByPosition_ColumnValueIsNull_returnsDefaultValue" computerName="KEPLER" duration="00:00:00.0000001" startTime="2021-07-20T10:55:53.0000000+02:00" endTime="2021-07-20T10:55:53.0000000+02:00" testType="13cdc9d9-ddb5-4fa4-a97d-d965ccfc6d4b" outcome="Passed" testListId="8c84fa94-04c1-424b-9868-57a2d4851a1d" relativeResultsDirectory="ca0cc9b2-6713-456c-ba5d-80e9a0e29486" />
    <UnitTestResult executionId="176e58f5-9a80-466c-95fd-316c74492c28" testId="12d07d2c-62a0-fd3c-3009-e13ab934a1b8" testName="ReadFloatByPosition_ColumnValueIsNull_returnsDefaultValue" computerName="KEPLER" duration="00:00:00.0000001" startTime="2021-07-20T10:55:53.0000000+02:00" endTime="2021-07-20T10:55:53.0000000+02:00" testType="13cdc9d9-ddb5-4fa4-a97d-d965ccfc6d4b" outcome="Passed" testListId="8c84fa94-04c1-424b-9868-57a2d4851a1d" relativeResultsDirectory="176e58f5-9a80-466c-95fd-316c74492c28" />
    <UnitTestResult executionId="7ae6a02b-c8b8-4f09-b5a4-cfbecb063095" testId="1811d5b1-17d8-b70d-ad75-6e8df3b977d3" testName="ReadDateTimeByPosition_ColumnValueIsValid_returnsColumnValue" computerName="KEPLER" duration="00:00:00.0000001" startTime="2021-07-20T10:55:53.0000000+02:00" endTime="2021-07-20T10:55:53.0000000+02:00" testType="13cdc9d9-ddb5-4fa4-a97d-d965ccfc6d4b" outcome="Passed" testListId="8c84fa94-04c1-424b-9868-57a2d4851a1d" relativeResultsDirectory="7ae6a02b-c8b8-4f09-b5a4-cfbecb063095" />
    <UnitTestResult executionId="3db39326-52d0-4452-82ec-de8dfd61b834" testId="b16cbc76-33c8-b693-998e-623beb9aa925" testName="ReadBigIntegerByName_ColumnValueIsValid_returnsColumnValue" computerName="KEPLER" duration="00:00:00.0070000" startTime="2021-07-20T10:55:53.0000000+02:00" endTime="2021-07-20T10:55:53.0000000+02:00" testType="13cdc9d9-ddb5-4fa4-a97d-d965ccfc6d4b" outcome="Passed" testListId="8c84fa94-04c1-424b-9868-57a2d4851a1d" relativeResultsDirectory="3db39326-52d0-4452-82ec-de8dfd61b834" />
    <UnitTestResult executionId="6e9d71c5-de82-4c4a-8957-a4b2af6db3b0" testId="d23fe4d5-ce91-9c32-4d57-52ea4ff4f709" testName="ReadBoolByPosition_ColumnValueIsValid_returnsColumnValue" computerName="KEPLER" duration="00:00:00.0000001" startTime="2021-07-20T10:55:53.0000000+02:00" endTime="2021-07-20T10:55:53.0000000+02:00" testType="13cdc9d9-ddb5-4fa4-a97d-d965ccfc6d4b" outcome="Passed" testListId="8c84fa94-04c1-424b-9868-57a2d4851a1d" relativeResultsDirectory="6e9d71c5-de82-4c4a-8957-a4b2af6db3b0" />
  </Results>
  <TestDefinitions>
    <UnitTest name="Read_WithHeadlines_Success" storage="c:\users\joachimwagner\documents\projekte\bundesbank\dataimport\genericreadersandwriterstests\bin\debug\netcoreapp2.1\genericreadersandwriterstests.dll" id="849f9b46-20fe-795e-71ab-a0cb84df38a3">
      <Execution id="4a9997d7-71fa-49d0-9ab1-4513c007d363" />
      <TestMethod codeBase="C:\Users\JoachimWagner\Documents\Projekte\Bundesbank\DataImport\GenericReadersAndWritersTests\bin\Debug\netcoreapp2.1\GenericReadersAndWritersTests.dll" adapterTypeName="executor://nunit3testexecutor/" className="BBk.Rc1.Ricis.SharedLibraries.GenericReadersAndWriters.File.Csv.Tests.AbstractCsvFileReaderTests" name="Read_WithHeadlines_Success" />
    </UnitTest>
    <UnitTest name="ReadIntByPosition_ColumnValueIsNull_returnsDefaultValue" storage="c:\users\joachimwagner\documents\projekte\bundesbank\dataimport\genericreadersandwriterstests\bin\debug\netcoreapp2.1\genericreadersandwriterstests.dll" id="731bca5c-9d61-806b-524d-2614ec58be0a">
      <Execution id="a4dbc75d-6035-4505-84e7-ad92b4a91f6b" />
      <TestMethod codeBase="C:\Users\JoachimWagner\Documents\Projekte\Bundesbank\DataImport\GenericReadersAndWritersTests\bin\Debug\netcoreapp2.1\GenericReadersAndWritersTests.dll" adapterTypeName="executor://nunit3testexecutor/" className="BBk.Rc1.Ricis.SharedLibraries.GenericReadersAndWriters.File.Csv.LineTokenizer.Tests.FileSetTests" name="ReadIntByPosition_ColumnValueIsNull_returnsDefaultValue" />
    </UnitTest>
    <UnitTest name="ReadDateTimeByPosition_ColumnValueIsNull_returnsDefaultValue" storage="c:\users\joachimwagner\documents\projekte\bundesbank\dataimport\genericreadersandwriterstests\bin\debug\netcoreapp2.1\genericreadersandwriterstests.dll" id="0604f0e8-07f4-f648-573a-db0001508c3d">
      <Execution id="e74adb64-0df9-44eb-a687-9c90b9cb0d12" />
      <TestMethod codeBase="C:\Users\JoachimWagner\Documents\Projekte\Bundesbank\DataImport\GenericReadersAndWritersTests\bin\Debug\netcoreapp2.1\GenericReadersAndWritersTests.dll" adapterTypeName="executor://nunit3testexecutor/" className="BBk.Rc1.Ricis.SharedLibraries.GenericReadersAndWriters.File.Csv.LineTokenizer.Tests.FileSetTests" name="ReadDateTimeByPosition_ColumnValueIsNull_returnsDefaultValue" />
    </UnitTest>
    <UnitTest name="ReadFloatByPosition_ColumnValueIsValid_returnsColumnValue" storage="c:\users\joachimwagner\documents\projekte\bundesbank\dataimport\genericreadersandwriterstests\bin\debug\netcoreapp2.1\genericreadersandwriterstests.dll" id="a9ba31f4-5448-2bd8-cc17-6dde183f2c7e">
      <Execution id="cb96f1b3-3868-4446-b249-0d014077b51f" />
      <TestMethod codeBase="C:\Users\JoachimWagner\Documents\Projekte\Bundesbank\DataImport\GenericReadersAndWritersTests\bin\Debug\netcoreapp2.1\GenericReadersAndWritersTests.dll" adapterTypeName="executor://nunit3testexecutor/" className="BBk.Rc1.Ricis.SharedLibraries.GenericReadersAndWriters.File.Csv.LineTokenizer.Tests.FileSetTests" name="ReadFloatByPosition_ColumnValueIsValid_returnsColumnValue" />
    </UnitTest>
    <UnitTest name="ReadDateTimeByName_ColumnValueIsValid_returnsColumnValue" storage="c:\users\joachimwagner\documents\projekte\bundesbank\dataimport\genericreadersandwriterstests\bin\debug\netcoreapp2.1\genericreadersandwriterstests.dll" id="9d755510-df1c-55a1-19c7-bb204197f657">
      <Execution id="b5a5ca3a-0e97-40d6-8bb1-ec98a6967d94" />
      <TestMethod codeBase="C:\Users\JoachimWagner\Documents\Projekte\Bundesbank\DataImport\GenericReadersAndWritersTests\bin\Debug\netcoreapp2.1\GenericReadersAndWritersTests.dll" adapterTypeName="executor://nunit3testexecutor/" className="BBk.Rc1.Ricis.SharedLibraries.GenericReadersAndWriters.File.Csv.LineTokenizer.Tests.FileSetTests" name="ReadDateTimeByName_ColumnValueIsValid_returnsColumnValue" />
    </UnitTest>
    <UnitTest name="ReadLongByPosition_ColumnValueIsValid_returnsColumnValue" storage="c:\users\joachimwagner\documents\projekte\bundesbank\dataimport\genericreadersandwriterstests\bin\debug\netcoreapp2.1\genericreadersandwriterstests.dll" id="75e3471c-c567-b6f6-0af9-0f892fc17df2">
      <Execution id="94f2d88c-c5d8-49a5-9850-5584babf6bcb" />
      <TestMethod codeBase="C:\Users\JoachimWagner\Documents\Projekte\Bundesbank\DataImport\GenericReadersAndWritersTests\bin\Debug\netcoreapp2.1\GenericReadersAndWritersTests.dll" adapterTypeName="executor://nunit3testexecutor/" className="BBk.Rc1.Ricis.SharedLibraries.GenericReadersAndWriters.File.Csv.LineTokenizer.Tests.FileSetTests" name="ReadLongByPosition_ColumnValueIsValid_returnsColumnValue" />
    </UnitTest>
    <UnitTest name="ReadShortByPosition_IllegalPosition_throwsIndexOutOfRangeException" storage="c:\users\joachimwagner\documents\projekte\bundesbank\dataimport\genericreadersandwriterstests\bin\debug\netcoreapp2.1\genericreadersandwriterstests.dll" id="104751f4-fe8d-ab74-3936-029fe85cd861">
      <Execution id="969584bb-bcae-40e1-888d-d8f34914966d" />
      <TestMethod codeBase="C:\Users\JoachimWagner\Documents\Projekte\Bundesbank\DataImport\GenericReadersAndWritersTests\bin\Debug\netcoreapp2.1\GenericReadersAndWritersTests.dll" adapterTypeName="executor://nunit3testexecutor/" className="BBk.Rc1.Ricis.SharedLibraries.GenericReadersAndWriters.File.Csv.LineTokenizer.Tests.FileSetTests" name="ReadShortByPosition_IllegalPosition_throwsIndexOutOfRangeException" />
    </UnitTest>
    <UnitTest name="ReadBoolByPosition_IllegalPosition_throwsIndexOutOfRangeException" storage="c:\users\joachimwagner\documents\projekte\bundesbank\dataimport\genericreadersandwriterstests\bin\debug\netcoreapp2.1\genericreadersandwriterstests.dll" id="8344d006-b7c9-a2f5-b0bb-02b80f0fa7a7">
      <Execution id="01828e22-b2ee-4b35-960c-303a289502d9" />
      <TestMethod codeBase="C:\Users\JoachimWagner\Documents\Projekte\Bundesbank\DataImport\GenericReadersAndWritersTests\bin\Debug\netcoreapp2.1\GenericReadersAndWritersTests.dll" adapterTypeName="executor://nunit3testexecutor/" className="BBk.Rc1.Ricis.SharedLibraries.GenericReadersAndWriters.File.Csv.LineTokenizer.Tests.FileSetTests" name="ReadBoolByPosition_IllegalPosition_throwsIndexOutOfRangeException" />
    </UnitTest>
    <UnitTest name="ReadBigIntegerByPosition_IllegalPosition_throwsIndexOutOfRangeException" storage="c:\users\joachimwagner\documents\projekte\bundesbank\dataimport\genericreadersandwriterstests\bin\debug\netcoreapp2.1\genericreadersandwriterstests.dll" id="3b0f93ac-123f-48d2-4664-f6d15b48060d">
      <Execution id="f0080b47-0f13-4d14-a1b8-edeb05ad08f9" />
      <TestMethod codeBase="C:\Users\JoachimWagner\Documents\Projekte\Bundesbank\DataImport\GenericReadersAndWritersTests\bin\Debug\netcoreapp2.1\GenericReadersAndWritersTests.dll" adapterTypeName="executor://nunit3testexecutor/" className="BBk.Rc1.Ricis.SharedLibraries.GenericReadersAndWriters.File.Csv.LineTokenizer.Tests.FileSetTests" name="ReadBigIntegerByPosition_IllegalPosition_throwsIndexOutOfRangeException" />
    </UnitTest>
    <UnitTest name="ReadDateTimeByPosition_IllegalPosition_throwsIndexOutOfRangeException" storage="c:\users\joachimwagner\documents\projekte\bundesbank\dataimport\genericreadersandwriterstests\bin\debug\netcoreapp2.1\genericreadersandwriterstests.dll" id="07c6e8b0-6060-0fdb-e553-b910aa38d5a3">
      <Execution id="a0d2651a-8a5a-4433-b5f3-e43905e8c62c" />
      <TestMethod codeBase="C:\Users\JoachimWagner\Documents\Projekte\Bundesbank\DataImport\GenericReadersAndWritersTests\bin\Debug\netcoreapp2.1\GenericReadersAndWritersTests.dll" adapterTypeName="executor://nunit3testexecutor/" className="BBk.Rc1.Ricis.SharedLibraries.GenericReadersAndWriters.File.Csv.LineTokenizer.Tests.FileSetTests" name="ReadDateTimeByPosition_IllegalPosition_throwsIndexOutOfRangeException" />
    </UnitTest>
    <UnitTest name="ReadFloatByName_ColumnValueIsValid_returnsColumnValue" storage="c:\users\joachimwagner\documents\projekte\bundesbank\dataimport\genericreadersandwriterstests\bin\debug\netcoreapp2.1\genericreadersandwriterstests.dll" id="1e1f9a61-418d-53ce-3670-83cfc0444d5d">
      <Execution id="5e1ffbf8-540d-4c46-a577-de5ffa41536d" />
      <TestMethod codeBase="C:\Users\JoachimWagner\Documents\Projekte\Bundesbank\DataImport\GenericReadersAndWritersTests\bin\Debug\netcoreapp2.1\GenericReadersAndWritersTests.dll" adapterTypeName="executor://nunit3testexecutor/" className="BBk.Rc1.Ricis.SharedLibraries.GenericReadersAndWriters.File.Csv.LineTokenizer.Tests.FileSetTests" name="ReadFloatByName_ColumnValueIsValid_returnsColumnValue" />
    </UnitTest>
    <UnitTest name="ReadSByteByPosition_ColumnValueIsNull_returnsDefaultValue" storage="c:\users\joachimwagner\documents\projekte\bundesbank\dataimport\genericreadersandwriterstests\bin\debug\netcoreapp2.1\genericreadersandwriterstests.dll" id="7068c8ce-4458-c8b0-db04-a6cc958810a6">
      <Execution id="deff0c72-2cd8-46f5-a9d8-1a7249e10a4d" />
      <TestMethod codeBase="C:\Users\JoachimWagner\Documents\Projekte\Bundesbank\DataImport\GenericReadersAndWritersTests\bin\Debug\netcoreapp2.1\GenericReadersAndWritersTests.dll" adapterTypeName="executor://nunit3testexecutor/" className="BBk.Rc1.Ricis.SharedLibraries.GenericReadersAndWriters.File.Csv.LineTokenizer.Tests.FileSetTests" name="ReadSByteByPosition_ColumnValueIsNull_returnsDefaultValue" />
    </UnitTest>
    <UnitTest name="ReadDateTimeByPosition_ColumnValueIsValid_returnsColumnValue" storage="c:\users\joachimwagner\documents\projekte\bundesbank\dataimport\genericreadersandwriterstests\bin\debug\netcoreapp2.1\genericreadersandwriterstests.dll" id="1811d5b1-17d8-b70d-ad75-6e8df3b977d3">
      <Execution id="7ae6a02b-c8b8-4f09-b5a4-cfbecb063095" />
      <TestMethod codeBase="C:\Users\JoachimWagner\Documents\Projekte\Bundesbank\DataImport\GenericReadersAndWritersTests\bin\Debug\netcoreapp2.1\GenericReadersAndWritersTests.dll" adapterTypeName="executor://nunit3testexecutor/" className="BBk.Rc1.Ricis.SharedLibraries.GenericReadersAndWriters.File.Csv.LineTokenizer.Tests.FileSetTests" name="ReadDateTimeByPosition_ColumnValueIsValid_returnsColumnValue" />
    </UnitTest>
    <UnitTest name="ReadShortByName_ColumnValueIsValid_returnsColumnValue" storage="c:\users\joachimwagner\documents\projekte\bundesbank\dataimport\genericreadersandwriterstests\bin\debug\netcoreapp2.1\genericreadersandwriterstests.dll" id="0b5c0338-d113-65c4-5059-a95aef619330">
      <Execution id="eb4f0d44-df4d-475e-8d4c-463fc08afe83" />
      <TestMethod codeBase="C:\Users\JoachimWagner\Documents\Projekte\Bundesbank\DataImport\GenericReadersAndWritersTests\bin\Debug\netcoreapp2.1\GenericReadersAndWritersTests.dll" adapterTypeName="executor://nunit3testexecutor/" className="BBk.Rc1.Ricis.SharedLibraries.GenericReadersAndWriters.File.Csv.LineTokenizer.Tests.FileSetTests" name="ReadShortByName_ColumnValueIsValid_returnsColumnValue" />
    </UnitTest>
    <UnitTest name="ReadDoubleByPosition_ColumnValueIsNull_returnsDefaultValue" storage="c:\users\joachimwagner\documents\projekte\bundesbank\dataimport\genericreadersandwriterstests\bin\debug\netcoreapp2.1\genericreadersandwriterstests.dll" id="9936a135-d22a-4ca8-2234-30d61c580d3a">
      <Execution id="ef570932-bd78-463f-91da-cf1efb11148a" />
      <TestMethod codeBase="C:\Users\JoachimWagner\Documents\Projekte\Bundesbank\DataImport\GenericReadersAndWritersTests\bin\Debug\netcoreapp2.1\GenericReadersAndWritersTests.dll" adapterTypeName="executor://nunit3testexecutor/" className="BBk.Rc1.Ricis.SharedLibraries.GenericReadersAndWriters.File.Csv.LineTokenizer.Tests.FileSetTests" name="ReadDoubleByPosition_ColumnValueIsNull_returnsDefaultValue" />
    </UnitTest>
    <UnitTest name="ReadBoolByName_ColumnValueIsValid_returnsColumnValue" storage="c:\users\joachimwagner\documents\projekte\bundesbank\dataimport\genericreadersandwriterstests\bin\debug\netcoreapp2.1\genericreadersandwriterstests.dll" id="f5ff1dbe-9ecf-970e-f7f1-0fc82b946980">
      <Execution id="54dd0cb0-2fe8-4843-ae5d-688f8f0e2a25" />
      <TestMethod codeBase="C:\Users\JoachimWagner\Documents\Projekte\Bundesbank\DataImport\GenericReadersAndWritersTests\bin\Debug\netcoreapp2.1\GenericReadersAndWritersTests.dll" adapterTypeName="executor://nunit3testexecutor/" className="BBk.Rc1.Ricis.SharedLibraries.GenericReadersAndWriters.File.Csv.LineTokenizer.Tests.FileSetTests" name="ReadBoolByName_ColumnValueIsValid_returnsColumnValue" />
    </UnitTest>
    <UnitTest name="ReadFloatByPosition_IllegalPosition_throwsIndexOutOfRangeException" storage="c:\users\joachimwagner\documents\projekte\bundesbank\dataimport\genericreadersandwriterstests\bin\debug\netcoreapp2.1\genericreadersandwriterstests.dll" id="c46c21f8-1be4-8ae8-7ba8-bfe4926f3b94">
      <Execution id="c3815b8d-0a78-427c-9e52-35b979269ee4" />
      <TestMethod codeBase="C:\Users\JoachimWagner\Documents\Projekte\Bundesbank\DataImport\GenericReadersAndWritersTests\bin\Debug\netcoreapp2.1\GenericReadersAndWritersTests.dll" adapterTypeName="executor://nunit3testexecutor/" className="BBk.Rc1.Ricis.SharedLibraries.GenericReadersAndWriters.File.Csv.LineTokenizer.Tests.FileSetTests" name="ReadFloatByPosition_IllegalPosition_throwsIndexOutOfRangeException" />
    </UnitTest>
    <UnitTest name="ReadFloatByPosition_ColumnValueIsNull_returnsDefaultValue" storage="c:\users\joachimwagner\documents\projekte\bundesbank\dataimport\genericreadersandwriterstests\bin\debug\netcoreapp2.1\genericreadersandwriterstests.dll" id="12d07d2c-62a0-fd3c-3009-e13ab934a1b8">
      <Execution id="176e58f5-9a80-466c-95fd-316c74492c28" />
      <TestMethod codeBase="C:\Users\JoachimWagner\Documents\Projekte\Bundesbank\DataImport\GenericReadersAndWritersTests\bin\Debug\netcoreapp2.1\GenericReadersAndWritersTests.dll" adapterTypeName="executor://nunit3testexecutor/" className="BBk.Rc1.Ricis.SharedLibraries.GenericReadersAndWriters.File.Csv.LineTokenizer.Tests.FileSetTests" name="ReadFloatByPosition_ColumnValueIsNull_returnsDefaultValue" />
    </UnitTest>
    <UnitTest name="ReadTimeByPosition_ColumnValueIsNull_returnsDefaultValue" storage="c:\users\joachimwagner\documents\projekte\bundesbank\dataimport\genericreadersandwriterstests\bin\debug\netcoreapp2.1\genericreadersandwriterstests.dll" id="9ddbc878-c0f9-119a-a07f-af54dc2608dd">
      <Execution id="d12b89b7-d981-48cc-8a53-669fb6032f55" />
      <TestMethod codeBase="C:\Users\JoachimWagner\Documents\Projekte\Bundesbank\DataImport\GenericReadersAndWritersTests\bin\Debug\netcoreapp2.1\GenericReadersAndWritersTests.dll" adapterTypeName="executor://nunit3testexecutor/" className="BBk.Rc1.Ricis.SharedLibraries.GenericReadersAndWriters.File.Csv.LineTokenizer.Tests.FileSetTests" name="ReadTimeByPosition_ColumnValueIsNull_returnsDefaultValue" />
    </UnitTest>
    <UnitTest name="ReadIntByPosition_ColumnValueIsValid_returnsColumnValue" storage="c:\users\joachimwagner\documents\projekte\bundesbank\dataimport\genericreadersandwriterstests\bin\debug\netcoreapp2.1\genericreadersandwriterstests.dll" id="28f94242-c443-4b67-7478-774497100d62">
      <Execution id="eee372f6-7e42-4e28-bce5-beb68ca8fe5b" />
      <TestMethod codeBase="C:\Users\JoachimWagner\Documents\Projekte\Bundesbank\DataImport\GenericReadersAndWritersTests\bin\Debug\netcoreapp2.1\GenericReadersAndWritersTests.dll" adapterTypeName="executor://nunit3testexecutor/" className="BBk.Rc1.Ricis.SharedLibraries.GenericReadersAndWriters.File.Csv.LineTokenizer.Tests.FileSetTests" name="ReadIntByPosition_ColumnValueIsValid_returnsColumnValue" />
    </UnitTest>
    <UnitTest name="ReadBigIntegerByPosition_ColumnValueIsNull_returnsDefaultValue" storage="c:\users\joachimwagner\documents\projekte\bundesbank\dataimport\genericreadersandwriterstests\bin\debug\netcoreapp2.1\genericreadersandwriterstests.dll" id="01daa5ae-e724-dbb8-ef25-9fa7af4c1398">
      <Execution id="064f515d-9ae3-4681-803b-74af07e7a909" />
      <TestMethod codeBase="C:\Users\JoachimWagner\Documents\Projekte\Bundesbank\DataImport\GenericReadersAndWritersTests\bin\Debug\netcoreapp2.1\GenericReadersAndWritersTests.dll" adapterTypeName="executor://nunit3testexecutor/" className="BBk.Rc1.Ricis.SharedLibraries.GenericReadersAndWriters.File.Csv.LineTokenizer.Tests.FileSetTests" name="ReadBigIntegerByPosition_ColumnValueIsNull_returnsDefaultValue" />
    </UnitTest>
    <UnitTest name="ReadBoolByPosition_ColumnValueIsValid_returnsColumnValue" storage="c:\users\joachimwagner\documents\projekte\bundesbank\dataimport\genericreadersandwriterstests\bin\debug\netcoreapp2.1\genericreadersandwriterstests.dll" id="d23fe4d5-ce91-9c32-4d57-52ea4ff4f709">
      <Execution id="6e9d71c5-de82-4c4a-8957-a4b2af6db3b0" />
      <TestMethod codeBase="C:\Users\JoachimWagner\Documents\Projekte\Bundesbank\DataImport\GenericReadersAndWritersTests\bin\Debug\netcoreapp2.1\GenericReadersAndWritersTests.dll" adapterTypeName="executor://nunit3testexecutor/" className="BBk.Rc1.Ricis.SharedLibraries.GenericReadersAndWriters.File.Csv.LineTokenizer.Tests.FileSetTests" name="ReadBoolByPosition_ColumnValueIsValid_returnsColumnValue" />
    </UnitTest>
    <UnitTest name="ReadTimeByPosition_IllegalPosition_throwsIndexOutOfRangeException" storage="c:\users\joachimwagner\documents\projekte\bundesbank\dataimport\genericreadersandwriterstests\bin\debug\netcoreapp2.1\genericreadersandwriterstests.dll" id="ff3c2f34-d7a8-39c9-82f0-87dec3bd1bbb">
      <Execution id="03beb154-d364-43d2-adf5-bccdfda3b310" />
      <TestMethod codeBase="C:\Users\JoachimWagner\Documents\Projekte\Bundesbank\DataImport\GenericReadersAndWritersTests\bin\Debug\netcoreapp2.1\GenericReadersAndWritersTests.dll" adapterTypeName="executor://nunit3testexecutor/" className="BBk.Rc1.Ricis.SharedLibraries.GenericReadersAndWriters.File.Csv.LineTokenizer.Tests.FileSetTests" name="ReadTimeByPosition_IllegalPosition_throwsIndexOutOfRangeException" />
    </UnitTest>
    <UnitTest name="ReadLongByPosition_ColumnValueIsNull_returnsDefaultValue" storage="c:\users\joachimwagner\documents\projekte\bundesbank\dataimport\genericreadersandwriterstests\bin\debug\netcoreapp2.1\genericreadersandwriterstests.dll" id="5e167d49-ead9-fbbd-0f82-4f6b771ae84b">
      <Execution id="23d254e8-76fa-4e2c-8e45-b62f4e2c8e6b" />
      <TestMethod codeBase="C:\Users\JoachimWagner\Documents\Projekte\Bundesbank\DataImport\GenericReadersAndWritersTests\bin\Debug\netcoreapp2.1\GenericReadersAndWritersTests.dll" adapterTypeName="executor://nunit3testexecutor/" className="BBk.Rc1.Ricis.SharedLibraries.GenericReadersAndWriters.File.Csv.LineTokenizer.Tests.FileSetTests" name="ReadLongByPosition_ColumnValueIsNull_returnsDefaultValue" />
    </UnitTest>
    <UnitTest name="ReadDecimalByName_ColumnValueIsValid_returnsColumnValue" storage="c:\users\joachimwagner\documents\projekte\bundesbank\dataimport\genericreadersandwriterstests\bin\debug\netcoreapp2.1\genericreadersandwriterstests.dll" id="787bed18-d401-7a51-52b1-e3a0490d9e59">
      <Execution id="74ba7deb-5113-47f9-ad96-fd722b4880a4" />
      <TestMethod codeBase="C:\Users\JoachimWagner\Documents\Projekte\Bundesbank\DataImport\GenericReadersAndWritersTests\bin\Debug\netcoreapp2.1\GenericReadersAndWritersTests.dll" adapterTypeName="executor://nunit3testexecutor/" className="BBk.Rc1.Ricis.SharedLibraries.GenericReadersAndWriters.File.Csv.LineTokenizer.Tests.FileSetTests" name="ReadDecimalByName_ColumnValueIsValid_returnsColumnValue" />
    </UnitTest>
    <UnitTest name="ReadUIntByName_ColumnValueIsValid_returnsColumnValue" storage="c:\users\joachimwagner\documents\projekte\bundesbank\dataimport\genericreadersandwriterstests\bin\debug\netcoreapp2.1\genericreadersandwriterstests.dll" id="118aeade-357c-55b4-720c-7539d16abdc1">
      <Execution id="4ec3a070-873b-4520-819c-31a70e650944" />
      <TestMethod codeBase="C:\Users\JoachimWagner\Documents\Projekte\Bundesbank\DataImport\GenericReadersAndWritersTests\bin\Debug\netcoreapp2.1\GenericReadersAndWritersTests.dll" adapterTypeName="executor://nunit3testexecutor/" className="BBk.Rc1.Ricis.SharedLibraries.GenericReadersAndWriters.File.Csv.LineTokenizer.Tests.FileSetTests" name="ReadUIntByName_ColumnValueIsValid_returnsColumnValue" />
    </UnitTest>
    <UnitTest name="ReadUIntByPosition_ColumnValueIsValid_returnsColumnValue" storage="c:\users\joachimwagner\documents\projekte\bundesbank\dataimport\genericreadersandwriterstests\bin\debug\netcoreapp2.1\genericreadersandwriterstests.dll" id="f7c7320f-4f44-9339-2098-e403250c3578">
      <Execution id="ccab8605-135e-4fa9-8a2f-4512f17867ef" />
      <TestMethod codeBase="C:\Users\JoachimWagner\Documents\Projekte\Bundesbank\DataImport\GenericReadersAndWritersTests\bin\Debug\netcoreapp2.1\GenericReadersAndWritersTests.dll" adapterTypeName="executor://nunit3testexecutor/" className="BBk.Rc1.Ricis.SharedLibraries.GenericReadersAndWriters.File.Csv.LineTokenizer.Tests.FileSetTests" name="ReadUIntByPosition_ColumnValueIsValid_returnsColumnValue" />
    </UnitTest>
    <UnitTest name="ReadUShortByPosition_IllegalPosition_throwsIndexOutOfRangeException" storage="c:\users\joachimwagner\documents\projekte\bundesbank\dataimport\genericreadersandwriterstests\bin\debug\netcoreapp2.1\genericreadersandwriterstests.dll" id="792a67fb-ceeb-5801-6983-49a6d3502401">
      <Execution id="beed9999-b1d2-4590-b39b-24ff2ba7b834" />
      <TestMethod codeBase="C:\Users\JoachimWagner\Documents\Projekte\Bundesbank\DataImport\GenericReadersAndWritersTests\bin\Debug\netcoreapp2.1\GenericReadersAndWritersTests.dll" adapterTypeName="executor://nunit3testexecutor/" className="BBk.Rc1.Ricis.SharedLibraries.GenericReadersAndWriters.File.Csv.LineTokenizer.Tests.FileSetTests" name="ReadUShortByPosition_IllegalPosition_throwsIndexOutOfRangeException" />
    </UnitTest>
    <UnitTest name="ReadDoubleByPosition_ColumnValueIsValid_returnsColumnValue" storage="c:\users\joachimwagner\documents\projekte\bundesbank\dataimport\genericreadersandwriterstests\bin\debug\netcoreapp2.1\genericreadersandwriterstests.dll" id="f890ec51-2aa5-52e9-7ac3-82a09596ef12">
      <Execution id="77266030-cdcb-4092-86e2-2ba5b6bdedef" />
      <TestMethod codeBase="C:\Users\JoachimWagner\Documents\Projekte\Bundesbank\DataImport\GenericReadersAndWritersTests\bin\Debug\netcoreapp2.1\GenericReadersAndWritersTests.dll" adapterTypeName="executor://nunit3testexecutor/" className="BBk.Rc1.Ricis.SharedLibraries.GenericReadersAndWriters.File.Csv.LineTokenizer.Tests.FileSetTests" name="ReadDoubleByPosition_ColumnValueIsValid_returnsColumnValue" />
    </UnitTest>
    <UnitTest name="ReadULongByName_ColumnValueIsValid_returnsColumnValue" storage="c:\users\joachimwagner\documents\projekte\bundesbank\dataimport\genericreadersandwriterstests\bin\debug\netcoreapp2.1\genericreadersandwriterstests.dll" id="64462de1-2139-9fb7-a19a-c62ddd8d88cc">
      <Execution id="e3ee6753-2737-4504-ba34-246174483e26" />
      <TestMethod codeBase="C:\Users\JoachimWagner\Documents\Projekte\Bundesbank\DataImport\GenericReadersAndWritersTests\bin\Debug\netcoreapp2.1\GenericReadersAndWritersTests.dll" adapterTypeName="executor://nunit3testexecutor/" className="BBk.Rc1.Ricis.SharedLibraries.GenericReadersAndWriters.File.Csv.LineTokenizer.Tests.FileSetTests" name="ReadULongByName_ColumnValueIsValid_returnsColumnValue" />
    </UnitTest>
    <UnitTest name="ReadStringByPosition_ColumnValueIsValid_returnsColumnValue" storage="c:\users\joachimwagner\documents\projekte\bundesbank\dataimport\genericreadersandwriterstests\bin\debug\netcoreapp2.1\genericreadersandwriterstests.dll" id="8c3a39d5-6ca1-996c-a7c8-3ffdd0d198a8">
      <Execution id="331d0497-10c0-4f50-8e26-fcbd2c927330" />
      <TestMethod codeBase="C:\Users\JoachimWagner\Documents\Projekte\Bundesbank\DataImport\GenericReadersAndWritersTests\bin\Debug\netcoreapp2.1\GenericReadersAndWritersTests.dll" adapterTypeName="executor://nunit3testexecutor/" className="BBk.Rc1.Ricis.SharedLibraries.GenericReadersAndWriters.File.Csv.LineTokenizer.Tests.FileSetTests" name="ReadStringByPosition_ColumnValueIsValid_returnsColumnValue" />
    </UnitTest>
    <UnitTest name="ReadUShortByPosition_ColumnValueIsValid_returnsColumnValue" storage="c:\users\joachimwagner\documents\projekte\bundesbank\dataimport\genericreadersandwriterstests\bin\debug\netcoreapp2.1\genericreadersandwriterstests.dll" id="d8e89047-265f-ae8c-f72e-27a12a7e3e84">
      <Execution id="52a2222a-14a2-4e51-b029-9248934b50ed" />
      <TestMethod codeBase="C:\Users\JoachimWagner\Documents\Projekte\Bundesbank\DataImport\GenericReadersAndWritersTests\bin\Debug\netcoreapp2.1\GenericReadersAndWritersTests.dll" adapterTypeName="executor://nunit3testexecutor/" className="BBk.Rc1.Ricis.SharedLibraries.GenericReadersAndWriters.File.Csv.LineTokenizer.Tests.FileSetTests" name="ReadUShortByPosition_ColumnValueIsValid_returnsColumnValue" />
    </UnitTest>
    <UnitTest name="ReadUShortByPosition_ColumnValueIsNull_returnsDefaultValue" storage="c:\users\joachimwagner\documents\projekte\bundesbank\dataimport\genericreadersandwriterstests\bin\debug\netcoreapp2.1\genericreadersandwriterstests.dll" id="0c3e0dde-ca43-a1b4-68f3-f0bab7cb0817">
      <Execution id="346f3a92-2cf0-48d4-abc1-ea1ff659af58" />
      <TestMethod codeBase="C:\Users\JoachimWagner\Documents\Projekte\Bundesbank\DataImport\GenericReadersAndWritersTests\bin\Debug\netcoreapp2.1\GenericReadersAndWritersTests.dll" adapterTypeName="executor://nunit3testexecutor/" className="BBk.Rc1.Ricis.SharedLibraries.GenericReadersAndWriters.File.Csv.LineTokenizer.Tests.FileSetTests" name="ReadUShortByPosition_ColumnValueIsNull_returnsDefaultValue" />
    </UnitTest>
    <UnitTest name="ReadDecimalByPosition_IllegalPosition_throwsIndexOutOfRangeException" storage="c:\users\joachimwagner\documents\projekte\bundesbank\dataimport\genericreadersandwriterstests\bin\debug\netcoreapp2.1\genericreadersandwriterstests.dll" id="47dcd5e5-c495-3daf-20e4-fb6809725f3a">
      <Execution id="13e9a311-fdd7-4626-880c-da1eb7684b7f" />
      <TestMethod codeBase="C:\Users\JoachimWagner\Documents\Projekte\Bundesbank\DataImport\GenericReadersAndWritersTests\bin\Debug\netcoreapp2.1\GenericReadersAndWritersTests.dll" adapterTypeName="executor://nunit3testexecutor/" className="BBk.Rc1.Ricis.SharedLibraries.GenericReadersAndWriters.File.Csv.LineTokenizer.Tests.FileSetTests" name="ReadDecimalByPosition_IllegalPosition_throwsIndexOutOfRangeException" />
    </UnitTest>
    <UnitTest name="ReadUIntByPosition_ColumnValueIsNull_returnsDefaultValue" storage="c:\users\joachimwagner\documents\projekte\bundesbank\dataimport\genericreadersandwriterstests\bin\debug\netcoreapp2.1\genericreadersandwriterstests.dll" id="21f7e741-a675-dbbd-b35a-ec5b27351f62">
      <Execution id="c5992612-c52b-4828-a0b2-0d812e168993" />
      <TestMethod codeBase="C:\Users\JoachimWagner\Documents\Projekte\Bundesbank\DataImport\GenericReadersAndWritersTests\bin\Debug\netcoreapp2.1\GenericReadersAndWritersTests.dll" adapterTypeName="executor://nunit3testexecutor/" className="BBk.Rc1.Ricis.SharedLibraries.GenericReadersAndWriters.File.Csv.LineTokenizer.Tests.FileSetTests" name="ReadUIntByPosition_ColumnValueIsNull_returnsDefaultValue" />
    </UnitTest>
    <UnitTest name="ReadDecimalByPosition_ColumnValueIsNull_returnsDefaultValue" storage="c:\users\joachimwagner\documents\projekte\bundesbank\dataimport\genericreadersandwriterstests\bin\debug\netcoreapp2.1\genericreadersandwriterstests.dll" id="51ceddf9-9b63-35e7-1130-7d14d0dd6020">
      <Execution id="7faf93fc-0dc5-4657-a1e8-ff043c8fd0b2" />
      <TestMethod codeBase="C:\Users\JoachimWagner\Documents\Projekte\Bundesbank\DataImport\GenericReadersAndWritersTests\bin\Debug\netcoreapp2.1\GenericReadersAndWritersTests.dll" adapterTypeName="executor://nunit3testexecutor/" className="BBk.Rc1.Ricis.SharedLibraries.GenericReadersAndWriters.File.Csv.LineTokenizer.Tests.FileSetTests" name="ReadDecimalByPosition_ColumnValueIsNull_returnsDefaultValue" />
    </UnitTest>
    <UnitTest name="Read_NoHeadlines_Success" storage="c:\users\joachimwagner\documents\projekte\bundesbank\dataimport\genericreadersandwriterstests\bin\debug\netcoreapp2.1\genericreadersandwriterstests.dll" id="27b2d23f-2d93-b00e-67aa-18eff944a29a">
      <Execution id="1f614aa2-f3f3-41c9-88b7-0bb4011c8e2c" />
      <TestMethod codeBase="C:\Users\JoachimWagner\Documents\Projekte\Bundesbank\DataImport\GenericReadersAndWritersTests\bin\Debug\netcoreapp2.1\GenericReadersAndWritersTests.dll" adapterTypeName="executor://nunit3testexecutor/" className="BBk.Rc1.Ricis.SharedLibraries.GenericReadersAndWriters.File.Csv.Tests.AbstractCsvFileReaderTests" name="Read_NoHeadlines_Success" />
    </UnitTest>
    <UnitTest name="ReadLongByName_ColumnValueIsValid_returnsColumnValue" storage="c:\users\joachimwagner\documents\projekte\bundesbank\dataimport\genericreadersandwriterstests\bin\debug\netcoreapp2.1\genericreadersandwriterstests.dll" id="215c0f1c-cecf-9a95-6534-66edcf077cd7">
      <Execution id="907a75e6-1ef7-4ad4-ab79-cbab0a312fee" />
      <TestMethod codeBase="C:\Users\JoachimWagner\Documents\Projekte\Bundesbank\DataImport\GenericReadersAndWritersTests\bin\Debug\netcoreapp2.1\GenericReadersAndWritersTests.dll" adapterTypeName="executor://nunit3testexecutor/" className="BBk.Rc1.Ricis.SharedLibraries.GenericReadersAndWriters.File.Csv.LineTokenizer.Tests.FileSetTests" name="ReadLongByName_ColumnValueIsValid_returnsColumnValue" />
    </UnitTest>
    <UnitTest name="ReadShortByPosition_ColumnValueIsValid_returnsColumnValue" storage="c:\users\joachimwagner\documents\projekte\bundesbank\dataimport\genericreadersandwriterstests\bin\debug\netcoreapp2.1\genericreadersandwriterstests.dll" id="3e33229f-6b8c-902d-9c7f-f151f7662b5d">
      <Execution id="be52a48c-1f27-4675-ae91-efaddabf33c3" />
      <TestMethod codeBase="C:\Users\JoachimWagner\Documents\Projekte\Bundesbank\DataImport\GenericReadersAndWritersTests\bin\Debug\netcoreapp2.1\GenericReadersAndWritersTests.dll" adapterTypeName="executor://nunit3testexecutor/" className="BBk.Rc1.Ricis.SharedLibraries.GenericReadersAndWriters.File.Csv.LineTokenizer.Tests.FileSetTests" name="ReadShortByPosition_ColumnValueIsValid_returnsColumnValue" />
    </UnitTest>
    <UnitTest name="ReadSByteByPosition_ColumnValueIsValid_returnsColumnValue" storage="c:\users\joachimwagner\documents\projekte\bundesbank\dataimport\genericreadersandwriterstests\bin\debug\netcoreapp2.1\genericreadersandwriterstests.dll" id="cb603bea-42c1-efb6-0c3c-26cc88996c55">
      <Execution id="a7544c54-555b-421f-8a82-fe1e3e7c57ea" />
      <TestMethod codeBase="C:\Users\JoachimWagner\Documents\Projekte\Bundesbank\DataImport\GenericReadersAndWritersTests\bin\Debug\netcoreapp2.1\GenericReadersAndWritersTests.dll" adapterTypeName="executor://nunit3testexecutor/" className="BBk.Rc1.Ricis.SharedLibraries.GenericReadersAndWriters.File.Csv.LineTokenizer.Tests.FileSetTests" name="ReadSByteByPosition_ColumnValueIsValid_returnsColumnValue" />
    </UnitTest>
    <UnitTest name="ReadByteByName_ColumnValueIsValid_returnsColumnValue" storage="c:\users\joachimwagner\documents\projekte\bundesbank\dataimport\genericreadersandwriterstests\bin\debug\netcoreapp2.1\genericreadersandwriterstests.dll" id="b5ac5171-235e-65fa-c5c1-5f95389c35dd">
      <Execution id="02b5aa9d-28e7-4aad-8d93-f9fdd4ac12f9" />
      <TestMethod codeBase="C:\Users\JoachimWagner\Documents\Projekte\Bundesbank\DataImport\GenericReadersAndWritersTests\bin\Debug\netcoreapp2.1\GenericReadersAndWritersTests.dll" adapterTypeName="executor://nunit3testexecutor/" className="BBk.Rc1.Ricis.SharedLibraries.GenericReadersAndWriters.File.Csv.LineTokenizer.Tests.FileSetTests" name="ReadByteByName_ColumnValueIsValid_returnsColumnValue" />
    </UnitTest>
    <UnitTest name="ReadDecimalByPosition_ColumnValueIsValid_returnsColumnValue" storage="c:\users\joachimwagner\documents\projekte\bundesbank\dataimport\genericreadersandwriterstests\bin\debug\netcoreapp2.1\genericreadersandwriterstests.dll" id="04f8c6c1-b404-94ff-713a-c7a0934a0e84">
      <Execution id="41a5e199-fc5e-42fc-b1ee-50391ce32c0b" />
      <TestMethod codeBase="C:\Users\JoachimWagner\Documents\Projekte\Bundesbank\DataImport\GenericReadersAndWritersTests\bin\Debug\netcoreapp2.1\GenericReadersAndWritersTests.dll" adapterTypeName="executor://nunit3testexecutor/" className="BBk.Rc1.Ricis.SharedLibraries.GenericReadersAndWriters.File.Csv.LineTokenizer.Tests.FileSetTests" name="ReadDecimalByPosition_ColumnValueIsValid_returnsColumnValue" />
    </UnitTest>
    <UnitTest name="ReadStringByPosition_IllegalPosition_throwsIndexOutOfRangeException" storage="c:\users\joachimwagner\documents\projekte\bundesbank\dataimport\genericreadersandwriterstests\bin\debug\netcoreapp2.1\genericreadersandwriterstests.dll" id="1f14a07f-f083-d069-df52-f95d0ab32b2c">
      <Execution id="e4fce673-a1d9-4635-9a58-c3e51edffa2f" />
      <TestMethod codeBase="C:\Users\JoachimWagner\Documents\Projekte\Bundesbank\DataImport\GenericReadersAndWritersTests\bin\Debug\netcoreapp2.1\GenericReadersAndWritersTests.dll" adapterTypeName="executor://nunit3testexecutor/" className="BBk.Rc1.Ricis.SharedLibraries.GenericReadersAndWriters.File.Csv.LineTokenizer.Tests.FileSetTests" name="ReadStringByPosition_IllegalPosition_throwsIndexOutOfRangeException" />
    </UnitTest>
    <UnitTest name="ReadUIntByPosition_IllegalPosition_throwsIndexOutOfRangeException" storage="c:\users\joachimwagner\documents\projekte\bundesbank\dataimport\genericreadersandwriterstests\bin\debug\netcoreapp2.1\genericreadersandwriterstests.dll" id="a4d55b8e-1ad7-4aaf-f2db-a3881347b967">
      <Execution id="4ef82d47-a662-4ad0-93c8-a203384baa05" />
      <TestMethod codeBase="C:\Users\JoachimWagner\Documents\Projekte\Bundesbank\DataImport\GenericReadersAndWritersTests\bin\Debug\netcoreapp2.1\GenericReadersAndWritersTests.dll" adapterTypeName="executor://nunit3testexecutor/" className="BBk.Rc1.Ricis.SharedLibraries.GenericReadersAndWriters.File.Csv.LineTokenizer.Tests.FileSetTests" name="ReadUIntByPosition_IllegalPosition_throwsIndexOutOfRangeException" />
    </UnitTest>
    <UnitTest name="ReadByteByPosition_ColumnValueIsValid_returnsColumnValue" storage="c:\users\joachimwagner\documents\projekte\bundesbank\dataimport\genericreadersandwriterstests\bin\debug\netcoreapp2.1\genericreadersandwriterstests.dll" id="9d73e50a-a337-a010-d991-6206f99c208d">
      <Execution id="a379d1da-9d40-41df-9edc-ac6a99f9e3bc" />
      <TestMethod codeBase="C:\Users\JoachimWagner\Documents\Projekte\Bundesbank\DataImport\GenericReadersAndWritersTests\bin\Debug\netcoreapp2.1\GenericReadersAndWritersTests.dll" adapterTypeName="executor://nunit3testexecutor/" className="BBk.Rc1.Ricis.SharedLibraries.GenericReadersAndWriters.File.Csv.LineTokenizer.Tests.FileSetTests" name="ReadByteByPosition_ColumnValueIsValid_returnsColumnValue" />
    </UnitTest>
    <UnitTest name="ReadStringByPosition_ColumnValueIsNull_returnsDefaultValue" storage="c:\users\joachimwagner\documents\projekte\bundesbank\dataimport\genericreadersandwriterstests\bin\debug\netcoreapp2.1\genericreadersandwriterstests.dll" id="30cfd5cb-e202-5ca3-06d1-964df82948cd">
      <Execution id="ca0cc9b2-6713-456c-ba5d-80e9a0e29486" />
      <TestMethod codeBase="C:\Users\JoachimWagner\Documents\Projekte\Bundesbank\DataImport\GenericReadersAndWritersTests\bin\Debug\netcoreapp2.1\GenericReadersAndWritersTests.dll" adapterTypeName="executor://nunit3testexecutor/" className="BBk.Rc1.Ricis.SharedLibraries.GenericReadersAndWriters.File.Csv.LineTokenizer.Tests.FileSetTests" name="ReadStringByPosition_ColumnValueIsNull_returnsDefaultValue" />
    </UnitTest>
    <UnitTest name="ReadULongByPosition_IllegalPosition_throwsIndexOutOfRangeException" storage="c:\users\joachimwagner\documents\projekte\bundesbank\dataimport\genericreadersandwriterstests\bin\debug\netcoreapp2.1\genericreadersandwriterstests.dll" id="8692aa5b-a8d1-7857-e1fe-d9632999316f">
      <Execution id="ef6af5dd-eb5f-41a3-a651-eccafd5cc32e" />
      <TestMethod codeBase="C:\Users\JoachimWagner\Documents\Projekte\Bundesbank\DataImport\GenericReadersAndWritersTests\bin\Debug\netcoreapp2.1\GenericReadersAndWritersTests.dll" adapterTypeName="executor://nunit3testexecutor/" className="BBk.Rc1.Ricis.SharedLibraries.GenericReadersAndWriters.File.Csv.LineTokenizer.Tests.FileSetTests" name="ReadULongByPosition_IllegalPosition_throwsIndexOutOfRangeException" />
    </UnitTest>
    <UnitTest name="ReadSByteByPosition_IllegalPosition_throwsIndexOutOfRangeException" storage="c:\users\joachimwagner\documents\projekte\bundesbank\dataimport\genericreadersandwriterstests\bin\debug\netcoreapp2.1\genericreadersandwriterstests.dll" id="0cdaf4b3-edcf-efa9-84ca-dab367d01c8f">
      <Execution id="100c9104-7b5b-4d52-ade2-35bfda604ad5" />
      <TestMethod codeBase="C:\Users\JoachimWagner\Documents\Projekte\Bundesbank\DataImport\GenericReadersAndWritersTests\bin\Debug\netcoreapp2.1\GenericReadersAndWritersTests.dll" adapterTypeName="executor://nunit3testexecutor/" className="BBk.Rc1.Ricis.SharedLibraries.GenericReadersAndWriters.File.Csv.LineTokenizer.Tests.FileSetTests" name="ReadSByteByPosition_IllegalPosition_throwsIndexOutOfRangeException" />
    </UnitTest>
    <UnitTest name="ReadByteByPosition_ColumnValueIsNull_returnsDefaultValue" storage="c:\users\joachimwagner\documents\projekte\bundesbank\dataimport\genericreadersandwriterstests\bin\debug\netcoreapp2.1\genericreadersandwriterstests.dll" id="6146608c-899d-b53b-068b-d998c239ef5c">
      <Execution id="8d055f29-3434-45a8-8c77-0a448146af97" />
      <TestMethod codeBase="C:\Users\JoachimWagner\Documents\Projekte\Bundesbank\DataImport\GenericReadersAndWritersTests\bin\Debug\netcoreapp2.1\GenericReadersAndWritersTests.dll" adapterTypeName="executor://nunit3testexecutor/" className="BBk.Rc1.Ricis.SharedLibraries.GenericReadersAndWriters.File.Csv.LineTokenizer.Tests.FileSetTests" name="ReadByteByPosition_ColumnValueIsNull_returnsDefaultValue" />
    </UnitTest>
    <UnitTest name="ReadBigIntegerByName_ColumnValueIsValid_returnsColumnValue" storage="c:\users\joachimwagner\documents\projekte\bundesbank\dataimport\genericreadersandwriterstests\bin\debug\netcoreapp2.1\genericreadersandwriterstests.dll" id="b16cbc76-33c8-b693-998e-623beb9aa925">
      <Execution id="3db39326-52d0-4452-82ec-de8dfd61b834" />
      <TestMethod codeBase="C:\Users\JoachimWagner\Documents\Projekte\Bundesbank\DataImport\GenericReadersAndWritersTests\bin\Debug\netcoreapp2.1\GenericReadersAndWritersTests.dll" adapterTypeName="executor://nunit3testexecutor/" className="BBk.Rc1.Ricis.SharedLibraries.GenericReadersAndWriters.File.Csv.LineTokenizer.Tests.FileSetTests" name="ReadBigIntegerByName_ColumnValueIsValid_returnsColumnValue" />
    </UnitTest>
    <UnitTest name="ReadDoubleByPosition_IllegalPosition_throwsIndexOutOfRangeException" storage="c:\users\joachimwagner\documents\projekte\bundesbank\dataimport\genericreadersandwriterstests\bin\debug\netcoreapp2.1\genericreadersandwriterstests.dll" id="cbb8c242-7708-2b27-f875-82ad4bb5bf5c">
      <Execution id="a2692abb-d10f-4baa-b41d-6e949fa07a79" />
      <TestMethod codeBase="C:\Users\JoachimWagner\Documents\Projekte\Bundesbank\DataImport\GenericReadersAndWritersTests\bin\Debug\netcoreapp2.1\GenericReadersAndWritersTests.dll" adapterTypeName="executor://nunit3testexecutor/" className="BBk.Rc1.Ricis.SharedLibraries.GenericReadersAndWriters.File.Csv.LineTokenizer.Tests.FileSetTests" name="ReadDoubleByPosition_IllegalPosition_throwsIndexOutOfRangeException" />
    </UnitTest>
    <UnitTest name="Tokenize_HappyDay_Success" storage="c:\users\joachimwagner\documents\projekte\bundesbank\dataimport\genericreadersandwriterstests\bin\debug\netcoreapp2.1\genericreadersandwriterstests.dll" id="8eeddfa7-9ff2-9b4b-cc05-6c08cccd97be">
      <Execution id="a3d53866-9e02-4ea1-9efa-d60580781cb4" />
      <TestMethod codeBase="C:\Users\JoachimWagner\Documents\Projekte\Bundesbank\DataImport\GenericReadersAndWritersTests\bin\Debug\netcoreapp2.1\GenericReadersAndWritersTests.dll" adapterTypeName="executor://nunit3testexecutor/" className="BBk.Rc1.Ricis.SharedLibraries.GenericReadersAndWriters.File.Csv.LineTokenizer.Tests.DefaultCommaSeparatedLineTokenizerTests" name="Tokenize_HappyDay_Success" />
    </UnitTest>
    <UnitTest name="ReadTimeByName_ColumnValueIsValid_returnsColumnValue" storage="c:\users\joachimwagner\documents\projekte\bundesbank\dataimport\genericreadersandwriterstests\bin\debug\netcoreapp2.1\genericreadersandwriterstests.dll" id="178ccf5e-91bb-0524-a3fb-239a0647a9cd">
      <Execution id="77b328f3-ada3-4505-933e-cf0f2c908d29" />
      <TestMethod codeBase="C:\Users\JoachimWagner\Documents\Projekte\Bundesbank\DataImport\GenericReadersAndWritersTests\bin\Debug\netcoreapp2.1\GenericReadersAndWritersTests.dll" adapterTypeName="executor://nunit3testexecutor/" className="BBk.Rc1.Ricis.SharedLibraries.GenericReadersAndWriters.File.Csv.LineTokenizer.Tests.FileSetTests" name="ReadTimeByName_ColumnValueIsValid_returnsColumnValue" />
    </UnitTest>
    <UnitTest name="ReadShortByPosition_ColumnValueIsNull_returnsDefaultValue" storage="c:\users\joachimwagner\documents\projekte\bundesbank\dataimport\genericreadersandwriterstests\bin\debug\netcoreapp2.1\genericreadersandwriterstests.dll" id="29ad57ce-fe8b-6876-9d1e-e06ac53ff752">
      <Execution id="b29d5c2f-0208-4e2c-8f49-0d9c6070e564" />
      <TestMethod codeBase="C:\Users\JoachimWagner\Documents\Projekte\Bundesbank\DataImport\GenericReadersAndWritersTests\bin\Debug\netcoreapp2.1\GenericReadersAndWritersTests.dll" adapterTypeName="executor://nunit3testexecutor/" className="BBk.Rc1.Ricis.SharedLibraries.GenericReadersAndWriters.File.Csv.LineTokenizer.Tests.FileSetTests" name="ReadShortByPosition_ColumnValueIsNull_returnsDefaultValue" />
    </UnitTest>
    <UnitTest name="ReadULongByPosition_ColumnValueIsNull_returnsDefaultValue" storage="c:\users\joachimwagner\documents\projekte\bundesbank\dataimport\genericreadersandwriterstests\bin\debug\netcoreapp2.1\genericreadersandwriterstests.dll" id="d5462450-f0d0-a45d-7257-bee2d85016db">
      <Execution id="5bb1649d-10d5-4c79-87f4-4fee883c49df" />
      <TestMethod codeBase="C:\Users\JoachimWagner\Documents\Projekte\Bundesbank\DataImport\GenericReadersAndWritersTests\bin\Debug\netcoreapp2.1\GenericReadersAndWritersTests.dll" adapterTypeName="executor://nunit3testexecutor/" className="BBk.Rc1.Ricis.SharedLibraries.GenericReadersAndWriters.File.Csv.LineTokenizer.Tests.FileSetTests" name="ReadULongByPosition_ColumnValueIsNull_returnsDefaultValue" />
    </UnitTest>
    <UnitTest name="ReadStringByName_ColumnValueIsValid_returnsColumnValue" storage="c:\users\joachimwagner\documents\projekte\bundesbank\dataimport\genericreadersandwriterstests\bin\debug\netcoreapp2.1\genericreadersandwriterstests.dll" id="e4caea33-045d-b991-edb0-f1f3c3f2a0d2">
      <Execution id="f6df63d1-c95f-4d3c-a138-ff865bd09b2f" />
      <TestMethod codeBase="C:\Users\JoachimWagner\Documents\Projekte\Bundesbank\DataImport\GenericReadersAndWritersTests\bin\Debug\netcoreapp2.1\GenericReadersAndWritersTests.dll" adapterTypeName="executor://nunit3testexecutor/" className="BBk.Rc1.Ricis.SharedLibraries.GenericReadersAndWriters.File.Csv.LineTokenizer.Tests.FileSetTests" name="ReadStringByName_ColumnValueIsValid_returnsColumnValue" />
    </UnitTest>
    <UnitTest name="ReadBigIntegerByPosition_ColumnValueIsValid_returnsColumnValue" storage="c:\users\joachimwagner\documents\projekte\bundesbank\dataimport\genericreadersandwriterstests\bin\debug\netcoreapp2.1\genericreadersandwriterstests.dll" id="fa8745ff-fec0-572e-6afc-59f36ad1c077">
      <Execution id="1ff1320c-4d49-49ac-94ab-b8a47e2e12c3" />
      <TestMethod codeBase="C:\Users\JoachimWagner\Documents\Projekte\Bundesbank\DataImport\GenericReadersAndWritersTests\bin\Debug\netcoreapp2.1\GenericReadersAndWritersTests.dll" adapterTypeName="executor://nunit3testexecutor/" className="BBk.Rc1.Ricis.SharedLibraries.GenericReadersAndWriters.File.Csv.LineTokenizer.Tests.FileSetTests" name="ReadBigIntegerByPosition_ColumnValueIsValid_returnsColumnValue" />
    </UnitTest>
    <UnitTest name="ReadTimeByPosition_ColumnValueIsValid_returnsColumnValue" storage="c:\users\joachimwagner\documents\projekte\bundesbank\dataimport\genericreadersandwriterstests\bin\debug\netcoreapp2.1\genericreadersandwriterstests.dll" id="47c99baa-41af-a01a-4df8-ec2e75b4ec6a">
      <Execution id="bdeebae9-20b9-4e39-9cb7-2117dfd0dd69" />
      <TestMethod codeBase="C:\Users\JoachimWagner\Documents\Projekte\Bundesbank\DataImport\GenericReadersAndWritersTests\bin\Debug\netcoreapp2.1\GenericReadersAndWritersTests.dll" adapterTypeName="executor://nunit3testexecutor/" className="BBk.Rc1.Ricis.SharedLibraries.GenericReadersAndWriters.File.Csv.LineTokenizer.Tests.FileSetTests" name="ReadTimeByPosition_ColumnValueIsValid_returnsColumnValue" />
    </UnitTest>
    <UnitTest name="ReadBoolByPosition_ColumnValueIsNull_returnsDefaultValue" storage="c:\users\joachimwagner\documents\projekte\bundesbank\dataimport\genericreadersandwriterstests\bin\debug\netcoreapp2.1\genericreadersandwriterstests.dll" id="33d850d1-573c-00d7-7747-054cd77f8fbe">
      <Execution id="ae5c14f6-4cee-4d5b-80cf-9a1f6bbf2aa7" />
      <TestMethod codeBase="C:\Users\JoachimWagner\Documents\Projekte\Bundesbank\DataImport\GenericReadersAndWritersTests\bin\Debug\netcoreapp2.1\GenericReadersAndWritersTests.dll" adapterTypeName="executor://nunit3testexecutor/" className="BBk.Rc1.Ricis.SharedLibraries.GenericReadersAndWriters.File.Csv.LineTokenizer.Tests.FileSetTests" name="ReadBoolByPosition_ColumnValueIsNull_returnsDefaultValue" />
    </UnitTest>
    <UnitTest name="ReadUShortByName_ColumnValueIsValid_returnsColumnValue" storage="c:\users\joachimwagner\documents\projekte\bundesbank\dataimport\genericreadersandwriterstests\bin\debug\netcoreapp2.1\genericreadersandwriterstests.dll" id="1fb2762f-e34c-78c8-f13c-b47daa480826">
      <Execution id="0181f4a6-5b0d-4887-9cb4-3fe5b75003fb" />
      <TestMethod codeBase="C:\Users\JoachimWagner\Documents\Projekte\Bundesbank\DataImport\GenericReadersAndWritersTests\bin\Debug\netcoreapp2.1\GenericReadersAndWritersTests.dll" adapterTypeName="executor://nunit3testexecutor/" className="BBk.Rc1.Ricis.SharedLibraries.GenericReadersAndWriters.File.Csv.LineTokenizer.Tests.FileSetTests" name="ReadUShortByName_ColumnValueIsValid_returnsColumnValue" />
    </UnitTest>
    <UnitTest name="ReadULongByPosition_ColumnValueIsValid_returnsColumnValue" storage="c:\users\joachimwagner\documents\projekte\bundesbank\dataimport\genericreadersandwriterstests\bin\debug\netcoreapp2.1\genericreadersandwriterstests.dll" id="dc996df5-fcaf-c4b6-c7fd-779d925f1c81">
      <Execution id="51113268-d350-452d-ac2b-8e6f8d5737d1" />
      <TestMethod codeBase="C:\Users\JoachimWagner\Documents\Projekte\Bundesbank\DataImport\GenericReadersAndWritersTests\bin\Debug\netcoreapp2.1\GenericReadersAndWritersTests.dll" adapterTypeName="executor://nunit3testexecutor/" className="BBk.Rc1.Ricis.SharedLibraries.GenericReadersAndWriters.File.Csv.LineTokenizer.Tests.FileSetTests" name="ReadULongByPosition_ColumnValueIsValid_returnsColumnValue" />
    </UnitTest>
    <UnitTest name="ReadIntByPosition_IllegalPosition_throwsIndexOutOfRangeException" storage="c:\users\joachimwagner\documents\projekte\bundesbank\dataimport\genericreadersandwriterstests\bin\debug\netcoreapp2.1\genericreadersandwriterstests.dll" id="d2741692-cada-6e12-c5f4-d996ef483003">
      <Execution id="25aa9da3-59f4-4001-819a-efe3049639f1" />
      <TestMethod codeBase="C:\Users\JoachimWagner\Documents\Projekte\Bundesbank\DataImport\GenericReadersAndWritersTests\bin\Debug\netcoreapp2.1\GenericReadersAndWritersTests.dll" adapterTypeName="executor://nunit3testexecutor/" className="BBk.Rc1.Ricis.SharedLibraries.GenericReadersAndWriters.File.Csv.LineTokenizer.Tests.FileSetTests" name="ReadIntByPosition_IllegalPosition_throwsIndexOutOfRangeException" />
    </UnitTest>
    <UnitTest name="ReadSByteByName_ColumnValueIsValid_returnsColumnValue" storage="c:\users\joachimwagner\documents\projekte\bundesbank\dataimport\genericreadersandwriterstests\bin\debug\netcoreapp2.1\genericreadersandwriterstests.dll" id="a61db63c-409a-c69d-4251-a4fce715ef24">
      <Execution id="9ea5f223-031a-4f34-9b6b-07f040012b6a" />
      <TestMethod codeBase="C:\Users\JoachimWagner\Documents\Projekte\Bundesbank\DataImport\GenericReadersAndWritersTests\bin\Debug\netcoreapp2.1\GenericReadersAndWritersTests.dll" adapterTypeName="executor://nunit3testexecutor/" className="BBk.Rc1.Ricis.SharedLibraries.GenericReadersAndWriters.File.Csv.LineTokenizer.Tests.FileSetTests" name="ReadSByteByName_ColumnValueIsValid_returnsColumnValue" />
    </UnitTest>
    <UnitTest name="ReadByteByPosition_IllegalPosition_throwsIndexOutOfRangeException" storage="c:\users\joachimwagner\documents\projekte\bundesbank\dataimport\genericreadersandwriterstests\bin\debug\netcoreapp2.1\genericreadersandwriterstests.dll" id="f019755f-e0a8-8666-3273-046e81d5d5a1">
      <Execution id="c844ef20-2e8a-4e83-9a5f-bea18e377e77" />
      <TestMethod codeBase="C:\Users\JoachimWagner\Documents\Projekte\Bundesbank\DataImport\GenericReadersAndWritersTests\bin\Debug\netcoreapp2.1\GenericReadersAndWritersTests.dll" adapterTypeName="executor://nunit3testexecutor/" className="BBk.Rc1.Ricis.SharedLibraries.GenericReadersAndWriters.File.Csv.LineTokenizer.Tests.FileSetTests" name="ReadByteByPosition_IllegalPosition_throwsIndexOutOfRangeException" />
    </UnitTest>
    <UnitTest name="ReadDoubleByName_ColumnValueIsValid_returnsColumnValue" storage="c:\users\joachimwagner\documents\projekte\bundesbank\dataimport\genericreadersandwriterstests\bin\debug\netcoreapp2.1\genericreadersandwriterstests.dll" id="c3c88055-1e45-edb8-1589-dc337bccb041">
      <Execution id="a9f285db-2ff1-4283-a5f6-6497a2568e75" />
      <TestMethod codeBase="C:\Users\JoachimWagner\Documents\Projekte\Bundesbank\DataImport\GenericReadersAndWritersTests\bin\Debug\netcoreapp2.1\GenericReadersAndWritersTests.dll" adapterTypeName="executor://nunit3testexecutor/" className="BBk.Rc1.Ricis.SharedLibraries.GenericReadersAndWriters.File.Csv.LineTokenizer.Tests.FileSetTests" name="ReadDoubleByName_ColumnValueIsValid_returnsColumnValue" />
    </UnitTest>
    <UnitTest name="ReadIntByName_ColumnValueIsValid_returnsColumnValue" storage="c:\users\joachimwagner\documents\projekte\bundesbank\dataimport\genericreadersandwriterstests\bin\debug\netcoreapp2.1\genericreadersandwriterstests.dll" id="72b4b17d-9389-e3a5-908d-e1d916fd9d4d">
      <Execution id="af5a34d9-6ab6-455a-a907-77f85c1ad839" />
      <TestMethod codeBase="C:\Users\JoachimWagner\Documents\Projekte\Bundesbank\DataImport\GenericReadersAndWritersTests\bin\Debug\netcoreapp2.1\GenericReadersAndWritersTests.dll" adapterTypeName="executor://nunit3testexecutor/" className="BBk.Rc1.Ricis.SharedLibraries.GenericReadersAndWriters.File.Csv.LineTokenizer.Tests.FileSetTests" name="ReadIntByName_ColumnValueIsValid_returnsColumnValue" />
    </UnitTest>
  </TestDefinitions>
  <TestEntries>
    <TestEntry testId="118aeade-357c-55b4-720c-7539d16abdc1" executionId="4ec3a070-873b-4520-819c-31a70e650944" testListId="8c84fa94-04c1-424b-9868-57a2d4851a1d" />
    <TestEntry testId="d2741692-cada-6e12-c5f4-d996ef483003" executionId="25aa9da3-59f4-4001-819a-efe3049639f1" testListId="8c84fa94-04c1-424b-9868-57a2d4851a1d" />
    <TestEntry testId="f890ec51-2aa5-52e9-7ac3-82a09596ef12" executionId="77266030-cdcb-4092-86e2-2ba5b6bdedef" testListId="8c84fa94-04c1-424b-9868-57a2d4851a1d" />
    <TestEntry testId="8eeddfa7-9ff2-9b4b-cc05-6c08cccd97be" executionId="a3d53866-9e02-4ea1-9efa-d60580781cb4" testListId="8c84fa94-04c1-424b-9868-57a2d4851a1d" />
    <TestEntry testId="29ad57ce-fe8b-6876-9d1e-e06ac53ff752" executionId="b29d5c2f-0208-4e2c-8f49-0d9c6070e564" testListId="8c84fa94-04c1-424b-9868-57a2d4851a1d" />
    <TestEntry testId="9936a135-d22a-4ca8-2234-30d61c580d3a" executionId="ef570932-bd78-463f-91da-cf1efb11148a" testListId="8c84fa94-04c1-424b-9868-57a2d4851a1d" />
    <TestEntry testId="cbb8c242-7708-2b27-f875-82ad4bb5bf5c" executionId="a2692abb-d10f-4baa-b41d-6e949fa07a79" testListId="8c84fa94-04c1-424b-9868-57a2d4851a1d" />
    <TestEntry testId="215c0f1c-cecf-9a95-6534-66edcf077cd7" executionId="907a75e6-1ef7-4ad4-ab79-cbab0a312fee" testListId="8c84fa94-04c1-424b-9868-57a2d4851a1d" />
    <TestEntry testId="f019755f-e0a8-8666-3273-046e81d5d5a1" executionId="c844ef20-2e8a-4e83-9a5f-bea18e377e77" testListId="8c84fa94-04c1-424b-9868-57a2d4851a1d" />
    <TestEntry testId="e4caea33-045d-b991-edb0-f1f3c3f2a0d2" executionId="f6df63d1-c95f-4d3c-a138-ff865bd09b2f" testListId="8c84fa94-04c1-424b-9868-57a2d4851a1d" />
    <TestEntry testId="a9ba31f4-5448-2bd8-cc17-6dde183f2c7e" executionId="cb96f1b3-3868-4446-b249-0d014077b51f" testListId="8c84fa94-04c1-424b-9868-57a2d4851a1d" />
    <TestEntry testId="3e33229f-6b8c-902d-9c7f-f151f7662b5d" executionId="be52a48c-1f27-4675-ae91-efaddabf33c3" testListId="8c84fa94-04c1-424b-9868-57a2d4851a1d" />
    <TestEntry testId="75e3471c-c567-b6f6-0af9-0f892fc17df2" executionId="94f2d88c-c5d8-49a5-9850-5584babf6bcb" testListId="8c84fa94-04c1-424b-9868-57a2d4851a1d" />
    <TestEntry testId="849f9b46-20fe-795e-71ab-a0cb84df38a3" executionId="4a9997d7-71fa-49d0-9ab1-4513c007d363" testListId="8c84fa94-04c1-424b-9868-57a2d4851a1d" />
    <TestEntry testId="04f8c6c1-b404-94ff-713a-c7a0934a0e84" executionId="41a5e199-fc5e-42fc-b1ee-50391ce32c0b" testListId="8c84fa94-04c1-424b-9868-57a2d4851a1d" />
    <TestEntry testId="1e1f9a61-418d-53ce-3670-83cfc0444d5d" executionId="5e1ffbf8-540d-4c46-a577-de5ffa41536d" testListId="8c84fa94-04c1-424b-9868-57a2d4851a1d" />
    <TestEntry testId="dc996df5-fcaf-c4b6-c7fd-779d925f1c81" executionId="51113268-d350-452d-ac2b-8e6f8d5737d1" testListId="8c84fa94-04c1-424b-9868-57a2d4851a1d" />
    <TestEntry testId="47c99baa-41af-a01a-4df8-ec2e75b4ec6a" executionId="bdeebae9-20b9-4e39-9cb7-2117dfd0dd69" testListId="8c84fa94-04c1-424b-9868-57a2d4851a1d" />
    <TestEntry testId="28f94242-c443-4b67-7478-774497100d62" executionId="eee372f6-7e42-4e28-bce5-beb68ca8fe5b" testListId="8c84fa94-04c1-424b-9868-57a2d4851a1d" />
    <TestEntry testId="9ddbc878-c0f9-119a-a07f-af54dc2608dd" executionId="d12b89b7-d981-48cc-8a53-669fb6032f55" testListId="8c84fa94-04c1-424b-9868-57a2d4851a1d" />
    <TestEntry testId="8c3a39d5-6ca1-996c-a7c8-3ffdd0d198a8" executionId="331d0497-10c0-4f50-8e26-fcbd2c927330" testListId="8c84fa94-04c1-424b-9868-57a2d4851a1d" />
    <TestEntry testId="0cdaf4b3-edcf-efa9-84ca-dab367d01c8f" executionId="100c9104-7b5b-4d52-ade2-35bfda604ad5" testListId="8c84fa94-04c1-424b-9868-57a2d4851a1d" />
    <TestEntry testId="d5462450-f0d0-a45d-7257-bee2d85016db" executionId="5bb1649d-10d5-4c79-87f4-4fee883c49df" testListId="8c84fa94-04c1-424b-9868-57a2d4851a1d" />
    <TestEntry testId="787bed18-d401-7a51-52b1-e3a0490d9e59" executionId="74ba7deb-5113-47f9-ad96-fd722b4880a4" testListId="8c84fa94-04c1-424b-9868-57a2d4851a1d" />
    <TestEntry testId="01daa5ae-e724-dbb8-ef25-9fa7af4c1398" executionId="064f515d-9ae3-4681-803b-74af07e7a909" testListId="8c84fa94-04c1-424b-9868-57a2d4851a1d" />
    <TestEntry testId="c46c21f8-1be4-8ae8-7ba8-bfe4926f3b94" executionId="c3815b8d-0a78-427c-9e52-35b979269ee4" testListId="8c84fa94-04c1-424b-9868-57a2d4851a1d" />
    <TestEntry testId="0b5c0338-d113-65c4-5059-a95aef619330" executionId="eb4f0d44-df4d-475e-8d4c-463fc08afe83" testListId="8c84fa94-04c1-424b-9868-57a2d4851a1d" />
    <TestEntry testId="0604f0e8-07f4-f648-573a-db0001508c3d" executionId="e74adb64-0df9-44eb-a687-9c90b9cb0d12" testListId="8c84fa94-04c1-424b-9868-57a2d4851a1d" />
    <TestEntry testId="c3c88055-1e45-edb8-1589-dc337bccb041" executionId="a9f285db-2ff1-4283-a5f6-6497a2568e75" testListId="8c84fa94-04c1-424b-9868-57a2d4851a1d" />
    <TestEntry testId="8344d006-b7c9-a2f5-b0bb-02b80f0fa7a7" executionId="01828e22-b2ee-4b35-960c-303a289502d9" testListId="8c84fa94-04c1-424b-9868-57a2d4851a1d" />
    <TestEntry testId="1f14a07f-f083-d069-df52-f95d0ab32b2c" executionId="e4fce673-a1d9-4635-9a58-c3e51edffa2f" testListId="8c84fa94-04c1-424b-9868-57a2d4851a1d" />
    <TestEntry testId="33d850d1-573c-00d7-7747-054cd77f8fbe" executionId="ae5c14f6-4cee-4d5b-80cf-9a1f6bbf2aa7" testListId="8c84fa94-04c1-424b-9868-57a2d4851a1d" />
    <TestEntry testId="a4d55b8e-1ad7-4aaf-f2db-a3881347b967" executionId="4ef82d47-a662-4ad0-93c8-a203384baa05" testListId="8c84fa94-04c1-424b-9868-57a2d4851a1d" />
    <TestEntry testId="51ceddf9-9b63-35e7-1130-7d14d0dd6020" executionId="7faf93fc-0dc5-4657-a1e8-ff043c8fd0b2" testListId="8c84fa94-04c1-424b-9868-57a2d4851a1d" />
    <TestEntry testId="a61db63c-409a-c69d-4251-a4fce715ef24" executionId="9ea5f223-031a-4f34-9b6b-07f040012b6a" testListId="8c84fa94-04c1-424b-9868-57a2d4851a1d" />
    <TestEntry testId="104751f4-fe8d-ab74-3936-029fe85cd861" executionId="969584bb-bcae-40e1-888d-d8f34914966d" testListId="8c84fa94-04c1-424b-9868-57a2d4851a1d" />
    <TestEntry testId="5e167d49-ead9-fbbd-0f82-4f6b771ae84b" executionId="23d254e8-76fa-4e2c-8e45-b62f4e2c8e6b" testListId="8c84fa94-04c1-424b-9868-57a2d4851a1d" />
    <TestEntry testId="ff3c2f34-d7a8-39c9-82f0-87dec3bd1bbb" executionId="03beb154-d364-43d2-adf5-bccdfda3b310" testListId="8c84fa94-04c1-424b-9868-57a2d4851a1d" />
    <TestEntry testId="07c6e8b0-6060-0fdb-e553-b910aa38d5a3" executionId="a0d2651a-8a5a-4433-b5f3-e43905e8c62c" testListId="8c84fa94-04c1-424b-9868-57a2d4851a1d" />
    <TestEntry testId="7068c8ce-4458-c8b0-db04-a6cc958810a6" executionId="deff0c72-2cd8-46f5-a9d8-1a7249e10a4d" testListId="8c84fa94-04c1-424b-9868-57a2d4851a1d" />
    <TestEntry testId="fa8745ff-fec0-572e-6afc-59f36ad1c077" executionId="1ff1320c-4d49-49ac-94ab-b8a47e2e12c3" testListId="8c84fa94-04c1-424b-9868-57a2d4851a1d" />
    <TestEntry testId="f7c7320f-4f44-9339-2098-e403250c3578" executionId="ccab8605-135e-4fa9-8a2f-4512f17867ef" testListId="8c84fa94-04c1-424b-9868-57a2d4851a1d" />
    <TestEntry testId="792a67fb-ceeb-5801-6983-49a6d3502401" executionId="beed9999-b1d2-4590-b39b-24ff2ba7b834" testListId="8c84fa94-04c1-424b-9868-57a2d4851a1d" />
    <TestEntry testId="72b4b17d-9389-e3a5-908d-e1d916fd9d4d" executionId="af5a34d9-6ab6-455a-a907-77f85c1ad839" testListId="8c84fa94-04c1-424b-9868-57a2d4851a1d" />
    <TestEntry testId="1fb2762f-e34c-78c8-f13c-b47daa480826" executionId="0181f4a6-5b0d-4887-9cb4-3fe5b75003fb" testListId="8c84fa94-04c1-424b-9868-57a2d4851a1d" />
    <TestEntry testId="178ccf5e-91bb-0524-a3fb-239a0647a9cd" executionId="77b328f3-ada3-4505-933e-cf0f2c908d29" testListId="8c84fa94-04c1-424b-9868-57a2d4851a1d" />
    <TestEntry testId="3b0f93ac-123f-48d2-4664-f6d15b48060d" executionId="f0080b47-0f13-4d14-a1b8-edeb05ad08f9" testListId="8c84fa94-04c1-424b-9868-57a2d4851a1d" />
    <TestEntry testId="d8e89047-265f-ae8c-f72e-27a12a7e3e84" executionId="52a2222a-14a2-4e51-b029-9248934b50ed" testListId="8c84fa94-04c1-424b-9868-57a2d4851a1d" />
    <TestEntry testId="731bca5c-9d61-806b-524d-2614ec58be0a" executionId="a4dbc75d-6035-4505-84e7-ad92b4a91f6b" testListId="8c84fa94-04c1-424b-9868-57a2d4851a1d" />
    <TestEntry testId="9d73e50a-a337-a010-d991-6206f99c208d" executionId="a379d1da-9d40-41df-9edc-ac6a99f9e3bc" testListId="8c84fa94-04c1-424b-9868-57a2d4851a1d" />
    <TestEntry testId="cb603bea-42c1-efb6-0c3c-26cc88996c55" executionId="a7544c54-555b-421f-8a82-fe1e3e7c57ea" testListId="8c84fa94-04c1-424b-9868-57a2d4851a1d" />
    <TestEntry testId="21f7e741-a675-dbbd-b35a-ec5b27351f62" executionId="c5992612-c52b-4828-a0b2-0d812e168993" testListId="8c84fa94-04c1-424b-9868-57a2d4851a1d" />
    <TestEntry testId="9d755510-df1c-55a1-19c7-bb204197f657" executionId="b5a5ca3a-0e97-40d6-8bb1-ec98a6967d94" testListId="8c84fa94-04c1-424b-9868-57a2d4851a1d" />
    <TestEntry testId="6146608c-899d-b53b-068b-d998c239ef5c" executionId="8d055f29-3434-45a8-8c77-0a448146af97" testListId="8c84fa94-04c1-424b-9868-57a2d4851a1d" />
    <TestEntry testId="b5ac5171-235e-65fa-c5c1-5f95389c35dd" executionId="02b5aa9d-28e7-4aad-8d93-f9fdd4ac12f9" testListId="8c84fa94-04c1-424b-9868-57a2d4851a1d" />
    <TestEntry testId="f5ff1dbe-9ecf-970e-f7f1-0fc82b946980" executionId="54dd0cb0-2fe8-4843-ae5d-688f8f0e2a25" testListId="8c84fa94-04c1-424b-9868-57a2d4851a1d" />
    <TestEntry testId="64462de1-2139-9fb7-a19a-c62ddd8d88cc" executionId="e3ee6753-2737-4504-ba34-246174483e26" testListId="8c84fa94-04c1-424b-9868-57a2d4851a1d" />
    <TestEntry testId="8692aa5b-a8d1-7857-e1fe-d9632999316f" executionId="ef6af5dd-eb5f-41a3-a651-eccafd5cc32e" testListId="8c84fa94-04c1-424b-9868-57a2d4851a1d" />
    <TestEntry testId="47dcd5e5-c495-3daf-20e4-fb6809725f3a" executionId="13e9a311-fdd7-4626-880c-da1eb7684b7f" testListId="8c84fa94-04c1-424b-9868-57a2d4851a1d" />
    <TestEntry testId="27b2d23f-2d93-b00e-67aa-18eff944a29a" executionId="1f614aa2-f3f3-41c9-88b7-0bb4011c8e2c" testListId="8c84fa94-04c1-424b-9868-57a2d4851a1d" />
    <TestEntry testId="0c3e0dde-ca43-a1b4-68f3-f0bab7cb0817" executionId="346f3a92-2cf0-48d4-abc1-ea1ff659af58" testListId="8c84fa94-04c1-424b-9868-57a2d4851a1d" />
    <TestEntry testId="30cfd5cb-e202-5ca3-06d1-964df82948cd" executionId="ca0cc9b2-6713-456c-ba5d-80e9a0e29486" testListId="8c84fa94-04c1-424b-9868-57a2d4851a1d" />
    <TestEntry testId="12d07d2c-62a0-fd3c-3009-e13ab934a1b8" executionId="176e58f5-9a80-466c-95fd-316c74492c28" testListId="8c84fa94-04c1-424b-9868-57a2d4851a1d" />
    <TestEntry testId="1811d5b1-17d8-b70d-ad75-6e8df3b977d3" executionId="7ae6a02b-c8b8-4f09-b5a4-cfbecb063095" testListId="8c84fa94-04c1-424b-9868-57a2d4851a1d" />
    <TestEntry testId="b16cbc76-33c8-b693-998e-623beb9aa925" executionId="3db39326-52d0-4452-82ec-de8dfd61b834" testListId="8c84fa94-04c1-424b-9868-57a2d4851a1d" />
    <TestEntry testId="d23fe4d5-ce91-9c32-4d57-52ea4ff4f709" executionId="6e9d71c5-de82-4c4a-8957-a4b2af6db3b0" testListId="8c84fa94-04c1-424b-9868-57a2d4851a1d" />
  </TestEntries>
  <TestLists>
    <TestList name="Ergebnisse nicht in einer Liste" id="8c84fa94-04c1-424b-9868-57a2d4851a1d" />
    <TestList name="Alle geladenen Ergebnisse" id="19431567-8539-422a-85d7-44ee4e166bda" />
  </TestLists>
  <ResultSummary outcome="Completed">
    <Counters total="66" executed="66" passed="66" failed="0" error="0" timeout="0" aborted="0" inconclusive="0" passedButRunAborted="0" notRunnable="0" notExecuted="0" disconnected="0" warning="0" completed="0" inProgress="0" pending="0" />
    <Output>
      <StdOut>NUnit Adapter 3.16.1.0: Test execution started&#xD;
Running all tests in C:\Users\JoachimWagner\Documents\Projekte\Bundesbank\DataImport\GenericReadersAndWritersTests\bin\Debug\netcoreapp2.1\GenericReadersAndWritersTests.dll&#xD;
   NUnit3TestExecutor converted 66 of 66 NUnit test cases&#xD;
NUnit Adapter 3.16.1.0: Test execution complete&#xD;
</StdOut>
    </Output>
    <CollectorDataEntries>
      <Collector agentName="KEPLER" uri="datacollector://microsoft/CodeCoverage/2.0" collectorDisplayName="Code Coverage">
        <UriAttachments>
          <UriAttachment>
            <A href="KEPLER\JoachimWagner_KEPLER_2021-07-20.10_55_51.coverage"></A>
          </UriAttachment>
        </UriAttachments>
      </Collector>
    </CollectorDataEntries>
  </ResultSummary>
</TestRun>