<?xml version="1.0" encoding="utf-8"?>
<TestRun id="bf0da837-6363-4066-b0e1-fc7d8b7b35d5" name="JoachimWagner@KEPLER 2021-07-20 10:49:31" runUser="AzureAD\JoachimWagner" xmlns="http://microsoft.com/schemas/VisualStudio/TeamTest/2010">
  <Times creation="2021-07-20T10:49:31.0092659+02:00" queuing="2021-07-20T10:49:31.0092665+02:00" start="2021-07-20T10:49:28.2377091+02:00" finish="2021-07-20T10:49:31.1839698+02:00" />
  <TestSettings name="default" id="6b4a7fbd-499c-4a47-afb9-c5edaecaa29c">
    <Deployment runDeploymentRoot="JoachimWagner_KEPLER_2021-07-20_10_49_31" />
  </TestSettings>
  <Results>
    <UnitTestResult executionId="7dde57dd-f27c-4db5-bffc-ca1873bcd6d7" testId="8eeddfa7-9ff2-9b4b-cc05-6c08cccd97be" testName="Tokenize_HappyDay_Success" computerName="KEPLER" duration="00:00:00.0320000" startTime="2021-07-20T10:49:30.0000000+02:00" endTime="2021-07-20T10:49:30.0000000+02:00" testType="13cdc9d9-ddb5-4fa4-a97d-d965ccfc6d4b" outcome="Passed" testListId="8c84fa94-04c1-424b-9868-57a2d4851a1d" relativeResultsDirectory="7dde57dd-f27c-4db5-bffc-ca1873bcd6d7" />
    <UnitTestResult executionId="65b89a76-3aca-4a71-a099-6a2311a7b9d6" testId="47dcd5e5-c495-3daf-20e4-fb6809725f3a" testName="ReadDecimalByPosition_IllegalPosition_throwsIndexOutOfRangeException" computerName="KEPLER" duration="00:00:00.0000001" startTime="2021-07-20T10:49:30.0000000+02:00" endTime="2021-07-20T10:49:30.0000000+02:00" testType="13cdc9d9-ddb5-4fa4-a97d-d965ccfc6d4b" outcome="Passed" testListId="8c84fa94-04c1-424b-9868-57a2d4851a1d" relativeResultsDirectory="65b89a76-3aca-4a71-a099-6a2311a7b9d6" />
    <UnitTestResult executionId="08e6e27e-0069-44d7-9bcd-a630444fcc5d" testId="6146608c-899d-b53b-068b-d998c239ef5c" testName="ReadByteByPosition_ColumnValueIsNull_returnsDefaultValue" computerName="KEPLER" duration="00:00:00.0000001" startTime="2021-07-20T10:49:30.0000000+02:00" endTime="2021-07-20T10:49:30.0000000+02:00" testType="13cdc9d9-ddb5-4fa4-a97d-d965ccfc6d4b" outcome="Passed" testListId="8c84fa94-04c1-424b-9868-57a2d4851a1d" relativeResultsDirectory="08e6e27e-0069-44d7-9bcd-a630444fcc5d" />
    <UnitTestResult executionId="18d494a6-d5a8-4eee-8900-274de64f199e" testId="8344d006-b7c9-a2f5-b0bb-02b80f0fa7a7" testName="ReadBoolByPosition_IllegalPosition_throwsIndexOutOfRangeException" computerName="KEPLER" duration="00:00:00.0000001" startTime="2021-07-20T10:49:30.0000000+02:00" endTime="2021-07-20T10:49:30.0000000+02:00" testType="13cdc9d9-ddb5-4fa4-a97d-d965ccfc6d4b" outcome="Passed" testListId="8c84fa94-04c1-424b-9868-57a2d4851a1d" relativeResultsDirectory="18d494a6-d5a8-4eee-8900-274de64f199e" />
    <UnitTestResult executionId="d42100b2-362f-4c9d-973e-8cd2af5b2650" testId="a61db63c-409a-c69d-4251-a4fce715ef24" testName="ReadSByteByName_ColumnValueIsValid_returnsColumnValue" computerName="KEPLER" duration="00:00:00.0020000" startTime="2021-07-20T10:49:30.0000000+02:00" endTime="2021-07-20T10:49:30.0000000+02:00" testType="13cdc9d9-ddb5-4fa4-a97d-d965ccfc6d4b" outcome="Passed" testListId="8c84fa94-04c1-424b-9868-57a2d4851a1d" relativeResultsDirectory="d42100b2-362f-4c9d-973e-8cd2af5b2650" />
    <UnitTestResult executionId="c08ef2aa-1ce9-48f6-bc0b-ede545cf70bf" testId="7068c8ce-4458-c8b0-db04-a6cc958810a6" testName="ReadSByteByPosition_ColumnValueIsNull_returnsDefaultValue" computerName="KEPLER" duration="00:00:00.0000001" startTime="2021-07-20T10:49:30.0000000+02:00" endTime="2021-07-20T10:49:30.0000000+02:00" testType="13cdc9d9-ddb5-4fa4-a97d-d965ccfc6d4b" outcome="Passed" testListId="8c84fa94-04c1-424b-9868-57a2d4851a1d" relativeResultsDirectory="c08ef2aa-1ce9-48f6-bc0b-ede545cf70bf" />
    <UnitTestResult executionId="0d456033-7664-4923-8cb9-92c7cb97825b" testId="9936a135-d22a-4ca8-2234-30d61c580d3a" testName="ReadDoubleByPosition_ColumnValueIsNull_returnsDefaultValue" computerName="KEPLER" duration="00:00:00.0000001" startTime="2021-07-20T10:49:30.0000000+02:00" endTime="2021-07-20T10:49:30.0000000+02:00" testType="13cdc9d9-ddb5-4fa4-a97d-d965ccfc6d4b" outcome="Passed" testListId="8c84fa94-04c1-424b-9868-57a2d4851a1d" relativeResultsDirectory="0d456033-7664-4923-8cb9-92c7cb97825b" />
    <UnitTestResult executionId="10f36e7c-4d97-430c-9d75-d25d0d31b21a" testId="215c0f1c-cecf-9a95-6534-66edcf077cd7" testName="ReadLongByName_ColumnValueIsValid_returnsColumnValue" computerName="KEPLER" duration="00:00:00.0030000" startTime="2021-07-20T10:49:30.0000000+02:00" endTime="2021-07-20T10:49:30.0000000+02:00" testType="13cdc9d9-ddb5-4fa4-a97d-d965ccfc6d4b" outcome="Passed" testListId="8c84fa94-04c1-424b-9868-57a2d4851a1d" relativeResultsDirectory="10f36e7c-4d97-430c-9d75-d25d0d31b21a" />
    <UnitTestResult executionId="2d095819-252b-4df0-b5aa-f6e211c1abbc" testId="07c6e8b0-6060-0fdb-e553-b910aa38d5a3" testName="ReadDateTimeByPosition_IllegalPosition_throwsIndexOutOfRangeException" computerName="KEPLER" duration="00:00:00.0000001" startTime="2021-07-20T10:49:30.0000000+02:00" endTime="2021-07-20T10:49:30.0000000+02:00" testType="13cdc9d9-ddb5-4fa4-a97d-d965ccfc6d4b" outcome="Passed" testListId="8c84fa94-04c1-424b-9868-57a2d4851a1d" relativeResultsDirectory="2d095819-252b-4df0-b5aa-f6e211c1abbc" />
    <UnitTestResult executionId="9575fc44-3f34-4392-a9f8-d0c4055b0798" testId="29ad57ce-fe8b-6876-9d1e-e06ac53ff752" testName="ReadShortByPosition_ColumnValueIsNull_returnsDefaultValue" computerName="KEPLER" duration="00:00:00.0000001" startTime="2021-07-20T10:49:30.0000000+02:00" endTime="2021-07-20T10:49:30.0000000+02:00" testType="13cdc9d9-ddb5-4fa4-a97d-d965ccfc6d4b" outcome="Passed" testListId="8c84fa94-04c1-424b-9868-57a2d4851a1d" relativeResultsDirectory="9575fc44-3f34-4392-a9f8-d0c4055b0798" />
    <UnitTestResult executionId="b6d1ce2c-cc98-4766-94f4-c09b2e26c6ae" testId="d8e89047-265f-ae8c-f72e-27a12a7e3e84" testName="ReadUShortByPosition_ColumnValueIsValid_returnsColumnValue" computerName="KEPLER" duration="00:00:00.0000001" startTime="2021-07-20T10:49:30.0000000+02:00" endTime="2021-07-20T10:49:30.0000000+02:00" testType="13cdc9d9-ddb5-4fa4-a97d-d965ccfc6d4b" outcome="Passed" testListId="8c84fa94-04c1-424b-9868-57a2d4851a1d" relativeResultsDirectory="b6d1ce2c-cc98-4766-94f4-c09b2e26c6ae" />
    <UnitTestResult executionId="66bbed19-2257-435c-b17e-9e06f39be359" testId="dc996df5-fcaf-c4b6-c7fd-779d925f1c81" testName="ReadULongByPosition_ColumnValueIsValid_returnsColumnValue" computerName="KEPLER" duration="00:00:00.0000001" startTime="2021-07-20T10:49:30.0000000+02:00" endTime="2021-07-20T10:49:30.0000000+02:00" testType="13cdc9d9-ddb5-4fa4-a97d-d965ccfc6d4b" outcome="Passed" testListId="8c84fa94-04c1-424b-9868-57a2d4851a1d" relativeResultsDirectory="66bbed19-2257-435c-b17e-9e06f39be359" />
    <UnitTestResult executionId="a6c427a9-fc4c-47ef-a83e-1a634e15a97f" testId="75e3471c-c567-b6f6-0af9-0f892fc17df2" testName="ReadLongByPosition_ColumnValueIsValid_returnsColumnValue" computerName="KEPLER" duration="00:00:00.0000001" startTime="2021-07-20T10:49:30.0000000+02:00" endTime="2021-07-20T10:49:30.0000000+02:00" testType="13cdc9d9-ddb5-4fa4-a97d-d965ccfc6d4b" outcome="Passed" testListId="8c84fa94-04c1-424b-9868-57a2d4851a1d" relativeResultsDirectory="a6c427a9-fc4c-47ef-a83e-1a634e15a97f" />
    <UnitTestResult executionId="0a4d4b2e-51b0-4623-9c07-6b07895ded05" testId="9d73e50a-a337-a010-d991-6206f99c208d" testName="ReadByteByPosition_ColumnValueIsValid_returnsColumnValue" computerName="KEPLER" duration="00:00:00.0000001" startTime="2021-07-20T10:49:30.0000000+02:00" endTime="2021-07-20T10:49:30.0000000+02:00" testType="13cdc9d9-ddb5-4fa4-a97d-d965ccfc6d4b" outcome="Passed" testListId="8c84fa94-04c1-424b-9868-57a2d4851a1d" relativeResultsDirectory="0a4d4b2e-51b0-4623-9c07-6b07895ded05" />
    <UnitTestResult executionId="1996f697-e5a1-4710-b279-bda9453ded4d" testId="64462de1-2139-9fb7-a19a-c62ddd8d88cc" testName="ReadULongByName_ColumnValueIsValid_returnsColumnValue" computerName="KEPLER" duration="00:00:00.0020000" startTime="2021-07-20T10:49:30.0000000+02:00" endTime="2021-07-20T10:49:30.0000000+02:00" testType="13cdc9d9-ddb5-4fa4-a97d-d965ccfc6d4b" outcome="Passed" testListId="8c84fa94-04c1-424b-9868-57a2d4851a1d" relativeResultsDirectory="1996f697-e5a1-4710-b279-bda9453ded4d" />
    <UnitTestResult executionId="865bba5e-e78d-431f-bbfd-ac681d48a974" testId="0b5c0338-d113-65c4-5059-a95aef619330" testName="ReadShortByName_ColumnValueIsValid_returnsColumnValue" computerName="KEPLER" duration="00:00:00.0020000" startTime="2021-07-20T10:49:30.0000000+02:00" endTime="2021-07-20T10:49:30.0000000+02:00" testType="13cdc9d9-ddb5-4fa4-a97d-d965ccfc6d4b" outcome="Passed" testListId="8c84fa94-04c1-424b-9868-57a2d4851a1d" relativeResultsDirectory="865bba5e-e78d-431f-bbfd-ac681d48a974" />
    <UnitTestResult executionId="c6179a24-1917-46cd-ab45-4c9bec67ee94" testId="28f94242-c443-4b67-7478-774497100d62" testName="ReadIntByPosition_ColumnValueIsValid_returnsColumnValue" computerName="KEPLER" duration="00:00:00.0000001" startTime="2021-07-20T10:49:30.0000000+02:00" endTime="2021-07-20T10:49:30.0000000+02:00" testType="13cdc9d9-ddb5-4fa4-a97d-d965ccfc6d4b" outcome="Passed" testListId="8c84fa94-04c1-424b-9868-57a2d4851a1d" relativeResultsDirectory="c6179a24-1917-46cd-ab45-4c9bec67ee94" />
    <UnitTestResult executionId="a2fc230a-3c10-4d0b-91af-34e309d08b03" testId="d23fe4d5-ce91-9c32-4d57-52ea4ff4f709" testName="ReadBoolByPosition_ColumnValueIsValid_returnsColumnValue" computerName="KEPLER" duration="00:00:00.0000001" startTime="2021-07-20T10:49:30.0000000+02:00" endTime="2021-07-20T10:49:30.0000000+02:00" testType="13cdc9d9-ddb5-4fa4-a97d-d965ccfc6d4b" outcome="Passed" testListId="8c84fa94-04c1-424b-9868-57a2d4851a1d" relativeResultsDirectory="a2fc230a-3c10-4d0b-91af-34e309d08b03" />
    <UnitTestResult executionId="69e09761-d222-4341-a50d-fe3c4af3874c" testId="04f8c6c1-b404-94ff-713a-c7a0934a0e84" testName="ReadDecimalByPosition_ColumnValueIsValid_returnsColumnValue" computerName="KEPLER" duration="00:00:00.0000001" startTime="2021-07-20T10:49:30.0000000+02:00" endTime="2021-07-20T10:49:30.0000000+02:00" testType="13cdc9d9-ddb5-4fa4-a97d-d965ccfc6d4b" outcome="Passed" testListId="8c84fa94-04c1-424b-9868-57a2d4851a1d" relativeResultsDirectory="69e09761-d222-4341-a50d-fe3c4af3874c" />
    <UnitTestResult executionId="2b8257f1-92d1-4442-a3cb-60983057c787" testId="72b4b17d-9389-e3a5-908d-e1d916fd9d4d" testName="ReadIntByName_ColumnValueIsValid_returnsColumnValue" computerName="KEPLER" duration="00:00:00.0000001" startTime="2021-07-20T10:49:30.0000000+02:00" endTime="2021-07-20T10:49:30.0000000+02:00" testType="13cdc9d9-ddb5-4fa4-a97d-d965ccfc6d4b" outcome="Passed" testListId="8c84fa94-04c1-424b-9868-57a2d4851a1d" relativeResultsDirectory="2b8257f1-92d1-4442-a3cb-60983057c787" />
    <UnitTestResult executionId="39ad74cf-9a62-4352-abbd-c2fe43106086" testId="30cfd5cb-e202-5ca3-06d1-964df82948cd" testName="ReadStringByPosition_ColumnValueIsNull_returnsDefaultValue" computerName="KEPLER" duration="00:00:00.0000001" startTime="2021-07-20T10:49:30.0000000+02:00" endTime="2021-07-20T10:49:30.0000000+02:00" testType="13cdc9d9-ddb5-4fa4-a97d-d965ccfc6d4b" outcome="Passed" testListId="8c84fa94-04c1-424b-9868-57a2d4851a1d" relativeResultsDirectory="39ad74cf-9a62-4352-abbd-c2fe43106086" />
    <UnitTestResult executionId="2af189ba-86f7-4629-b049-e9831986eb06" testId="f890ec51-2aa5-52e9-7ac3-82a09596ef12" testName="ReadDoubleByPosition_ColumnValueIsValid_returnsColumnValue" computerName="KEPLER" duration="00:00:00.0000001" startTime="2021-07-20T10:49:30.0000000+02:00" endTime="2021-07-20T10:49:30.0000000+02:00" testType="13cdc9d9-ddb5-4fa4-a97d-d965ccfc6d4b" outcome="Passed" testListId="8c84fa94-04c1-424b-9868-57a2d4851a1d" relativeResultsDirectory="2af189ba-86f7-4629-b049-e9831986eb06" />
    <UnitTestResult executionId="2d3dce31-eecf-4859-a2a8-22a5ef634f87" testId="f7c7320f-4f44-9339-2098-e403250c3578" testName="ReadUIntByPosition_ColumnValueIsValid_returnsColumnValue" computerName="KEPLER" duration="00:00:00.0000001" startTime="2021-07-20T10:49:30.0000000+02:00" endTime="2021-07-20T10:49:30.0000000+02:00" testType="13cdc9d9-ddb5-4fa4-a97d-d965ccfc6d4b" outcome="Passed" testListId="8c84fa94-04c1-424b-9868-57a2d4851a1d" relativeResultsDirectory="2d3dce31-eecf-4859-a2a8-22a5ef634f87" />
    <UnitTestResult executionId="fa27e3ac-7300-450e-96c2-931d94a67a0c" testId="47c99baa-41af-a01a-4df8-ec2e75b4ec6a" testName="ReadTimeByPosition_ColumnValueIsValid_returnsColumnValue" computerName="KEPLER" duration="00:00:00.0000001" startTime="2021-07-20T10:49:30.0000000+02:00" endTime="2021-07-20T10:49:30.0000000+02:00" testType="13cdc9d9-ddb5-4fa4-a97d-d965ccfc6d4b" outcome="Passed" testListId="8c84fa94-04c1-424b-9868-57a2d4851a1d" relativeResultsDirectory="fa27e3ac-7300-450e-96c2-931d94a67a0c" />
    <UnitTestResult executionId="53e04e11-2354-4ba0-8c8f-7459d8ea1231" testId="e4caea33-045d-b991-edb0-f1f3c3f2a0d2" testName="ReadStringByName_ColumnValueIsValid_returnsColumnValue" computerName="KEPLER" duration="00:00:00.0000001" startTime="2021-07-20T10:49:30.0000000+02:00" endTime="2021-07-20T10:49:30.0000000+02:00" testType="13cdc9d9-ddb5-4fa4-a97d-d965ccfc6d4b" outcome="Passed" testListId="8c84fa94-04c1-424b-9868-57a2d4851a1d" relativeResultsDirectory="53e04e11-2354-4ba0-8c8f-7459d8ea1231" />
    <UnitTestResult executionId="d8502a40-9a7c-4952-98df-7cfd0cebd090" testId="792a67fb-ceeb-5801-6983-49a6d3502401" testName="ReadUShortByPosition_IllegalPosition_throwsIndexOutOfRangeException" computerName="KEPLER" duration="00:00:00.0000001" startTime="2021-07-20T10:49:30.0000000+02:00" endTime="2021-07-20T10:49:30.0000000+02:00" testType="13cdc9d9-ddb5-4fa4-a97d-d965ccfc6d4b" outcome="Passed" testListId="8c84fa94-04c1-424b-9868-57a2d4851a1d" relativeResultsDirectory="d8502a40-9a7c-4952-98df-7cfd0cebd090" />
    <UnitTestResult executionId="6c9fa896-84ee-4f35-9195-2fa1e3cf3c5c" testId="787bed18-d401-7a51-52b1-e3a0490d9e59" testName="ReadDecimalByName_ColumnValueIsValid_returnsColumnValue" computerName="KEPLER" duration="00:00:00.0030000" startTime="2021-07-20T10:49:30.0000000+02:00" endTime="2021-07-20T10:49:30.0000000+02:00" testType="13cdc9d9-ddb5-4fa4-a97d-d965ccfc6d4b" outcome="Passed" testListId="8c84fa94-04c1-424b-9868-57a2d4851a1d" relativeResultsDirectory="6c9fa896-84ee-4f35-9195-2fa1e3cf3c5c" />
    <UnitTestResult executionId="7e4517ce-6cf0-447a-b888-d6ddb8103d4c" testId="1fb2762f-e34c-78c8-f13c-b47daa480826" testName="ReadUShortByName_ColumnValueIsValid_returnsColumnValue" computerName="KEPLER" duration="00:00:00.0020000" startTime="2021-07-20T10:49:30.0000000+02:00" endTime="2021-07-20T10:49:30.0000000+02:00" testType="13cdc9d9-ddb5-4fa4-a97d-d965ccfc6d4b" outcome="Passed" testListId="8c84fa94-04c1-424b-9868-57a2d4851a1d" relativeResultsDirectory="7e4517ce-6cf0-447a-b888-d6ddb8103d4c" />
    <UnitTestResult executionId="7fdc6314-631f-4a9d-acfb-860b35f18b45" testId="b5ac5171-235e-65fa-c5c1-5f95389c35dd" testName="ReadByteByName_ColumnValueIsValid_returnsColumnValue" computerName="KEPLER" duration="00:00:00.0020000" startTime="2021-07-20T10:49:30.0000000+02:00" endTime="2021-07-20T10:49:30.0000000+02:00" testType="13cdc9d9-ddb5-4fa4-a97d-d965ccfc6d4b" outcome="Passed" testListId="8c84fa94-04c1-424b-9868-57a2d4851a1d" relativeResultsDirectory="7fdc6314-631f-4a9d-acfb-860b35f18b45" />
    <UnitTestResult executionId="55f7ff25-86f3-4fcc-b86d-4a5a800107cc" testId="01daa5ae-e724-dbb8-ef25-9fa7af4c1398" testName="ReadBigIntegerByPosition_ColumnValueIsNull_returnsDefaultValue" computerName="KEPLER" duration="00:00:00.0000001" startTime="2021-07-20T10:49:30.0000000+02:00" endTime="2021-07-20T10:49:30.0000000+02:00" testType="13cdc9d9-ddb5-4fa4-a97d-d965ccfc6d4b" outcome="Passed" testListId="8c84fa94-04c1-424b-9868-57a2d4851a1d" relativeResultsDirectory="55f7ff25-86f3-4fcc-b86d-4a5a800107cc" />
    <UnitTestResult executionId="cd5f7a1e-5792-4dda-860f-2149bd483e69" testId="1f14a07f-f083-d069-df52-f95d0ab32b2c" testName="ReadStringByPosition_IllegalPosition_throwsIndexOutOfRangeException" computerName="KEPLER" duration="00:00:00.0000001" startTime="2021-07-20T10:49:30.0000000+02:00" endTime="2021-07-20T10:49:30.0000000+02:00" testType="13cdc9d9-ddb5-4fa4-a97d-d965ccfc6d4b" outcome="Passed" testListId="8c84fa94-04c1-424b-9868-57a2d4851a1d" relativeResultsDirectory="cd5f7a1e-5792-4dda-860f-2149bd483e69" />
    <UnitTestResult executionId="ef39d1c0-2755-4cd8-b995-01b5953a4498" testId="3b0f93ac-123f-48d2-4664-f6d15b48060d" testName="ReadBigIntegerByPosition_IllegalPosition_throwsIndexOutOfRangeException" computerName="KEPLER" duration="00:00:00.0090000" startTime="2021-07-20T10:49:30.0000000+02:00" endTime="2021-07-20T10:49:30.0000000+02:00" testType="13cdc9d9-ddb5-4fa4-a97d-d965ccfc6d4b" outcome="Passed" testListId="8c84fa94-04c1-424b-9868-57a2d4851a1d" relativeResultsDirectory="ef39d1c0-2755-4cd8-b995-01b5953a4498" />
    <UnitTestResult executionId="295c1f59-9e7b-4576-a503-4c4e016ca5b2" testId="a4d55b8e-1ad7-4aaf-f2db-a3881347b967" testName="ReadUIntByPosition_IllegalPosition_throwsIndexOutOfRangeException" computerName="KEPLER" duration="00:00:00.0000001" startTime="2021-07-20T10:49:30.0000000+02:00" endTime="2021-07-20T10:49:30.0000000+02:00" testType="13cdc9d9-ddb5-4fa4-a97d-d965ccfc6d4b" outcome="Passed" testListId="8c84fa94-04c1-424b-9868-57a2d4851a1d" relativeResultsDirectory="295c1f59-9e7b-4576-a503-4c4e016ca5b2" />
    <UnitTestResult executionId="3779044a-c455-4c3f-b905-f5bc3f8b746a" testId="f5ff1dbe-9ecf-970e-f7f1-0fc82b946980" testName="ReadBoolByName_ColumnValueIsValid_returnsColumnValue" computerName="KEPLER" duration="00:00:00.0020000" startTime="2021-07-20T10:49:30.0000000+02:00" endTime="2021-07-20T10:49:30.0000000+02:00" testType="13cdc9d9-ddb5-4fa4-a97d-d965ccfc6d4b" outcome="Passed" testListId="8c84fa94-04c1-424b-9868-57a2d4851a1d" relativeResultsDirectory="3779044a-c455-4c3f-b905-f5bc3f8b746a" />
    <UnitTestResult executionId="fcab5bff-38d8-4226-82ac-ef7159336a74" testId="33d850d1-573c-00d7-7747-054cd77f8fbe" testName="ReadBoolByPosition_ColumnValueIsNull_returnsDefaultValue" computerName="KEPLER" duration="00:00:00.0000001" startTime="2021-07-20T10:49:30.0000000+02:00" endTime="2021-07-20T10:49:30.0000000+02:00" testType="13cdc9d9-ddb5-4fa4-a97d-d965ccfc6d4b" outcome="Passed" testListId="8c84fa94-04c1-424b-9868-57a2d4851a1d" relativeResultsDirectory="fcab5bff-38d8-4226-82ac-ef7159336a74" />
    <UnitTestResult executionId="680f44f7-c548-4714-a2de-8d189aa5b158" testId="a9ba31f4-5448-2bd8-cc17-6dde183f2c7e" testName="ReadFloatByPosition_ColumnValueIsValid_returnsColumnValue" computerName="KEPLER" duration="00:00:00.0000001" startTime="2021-07-20T10:49:30.0000000+02:00" endTime="2021-07-20T10:49:30.0000000+02:00" testType="13cdc9d9-ddb5-4fa4-a97d-d965ccfc6d4b" outcome="Passed" testListId="8c84fa94-04c1-424b-9868-57a2d4851a1d" relativeResultsDirectory="680f44f7-c548-4714-a2de-8d189aa5b158" />
    <UnitTestResult executionId="0c2c1597-c203-4ac7-948e-4eb147dce830" testId="b16cbc76-33c8-b693-998e-623beb9aa925" testName="ReadBigIntegerByName_ColumnValueIsValid_returnsColumnValue" computerName="KEPLER" duration="00:00:00.0090000" startTime="2021-07-20T10:49:30.0000000+02:00" endTime="2021-07-20T10:49:30.0000000+02:00" testType="13cdc9d9-ddb5-4fa4-a97d-d965ccfc6d4b" outcome="Passed" testListId="8c84fa94-04c1-424b-9868-57a2d4851a1d" relativeResultsDirectory="0c2c1597-c203-4ac7-948e-4eb147dce830" />
    <UnitTestResult executionId="3133bf3c-d915-413d-8484-36780dd6de5e" testId="c46c21f8-1be4-8ae8-7ba8-bfe4926f3b94" testName="ReadFloatByPosition_IllegalPosition_throwsIndexOutOfRangeException" computerName="KEPLER" duration="00:00:00.0000001" startTime="2021-07-20T10:49:30.0000000+02:00" endTime="2021-07-20T10:49:30.0000000+02:00" testType="13cdc9d9-ddb5-4fa4-a97d-d965ccfc6d4b" outcome="Passed" testListId="8c84fa94-04c1-424b-9868-57a2d4851a1d" relativeResultsDirectory="3133bf3c-d915-413d-8484-36780dd6de5e" />
    <UnitTestResult executionId="79b46bc8-8c6f-4217-8a8d-74918df8ba2d" testId="8692aa5b-a8d1-7857-e1fe-d9632999316f" testName="ReadULongByPosition_IllegalPosition_throwsIndexOutOfRangeException" computerName="KEPLER" duration="00:00:00.0000001" startTime="2021-07-20T10:49:30.0000000+02:00" endTime="2021-07-20T10:49:30.0000000+02:00" testType="13cdc9d9-ddb5-4fa4-a97d-d965ccfc6d4b" outcome="Passed" testListId="8c84fa94-04c1-424b-9868-57a2d4851a1d" relativeResultsDirectory="79b46bc8-8c6f-4217-8a8d-74918df8ba2d" />
    <UnitTestResult executionId="f6c54e42-5ff3-4a6d-8714-b92c21c67c8a" testId="ff3c2f34-d7a8-39c9-82f0-87dec3bd1bbb" testName="ReadTimeByPosition_IllegalPosition_throwsIndexOutOfRangeException" computerName="KEPLER" duration="00:00:00.0000001" startTime="2021-07-20T10:49:30.0000000+02:00" endTime="2021-07-20T10:49:30.0000000+02:00" testType="13cdc9d9-ddb5-4fa4-a97d-d965ccfc6d4b" outcome="Passed" testListId="8c84fa94-04c1-424b-9868-57a2d4851a1d" relativeResultsDirectory="f6c54e42-5ff3-4a6d-8714-b92c21c67c8a" />
    <UnitTestResult executionId="4a3e15f0-fcce-47ff-afdd-795a44fbad79" testId="0604f0e8-07f4-f648-573a-db0001508c3d" testName="ReadDateTimeByPosition_ColumnValueIsNull_returnsDefaultValue" computerName="KEPLER" duration="00:00:00.0010000" startTime="2021-07-20T10:49:30.0000000+02:00" endTime="2021-07-20T10:49:30.0000000+02:00" testType="13cdc9d9-ddb5-4fa4-a97d-d965ccfc6d4b" outcome="Passed" testListId="8c84fa94-04c1-424b-9868-57a2d4851a1d" relativeResultsDirectory="4a3e15f0-fcce-47ff-afdd-795a44fbad79" />
    <UnitTestResult executionId="0789ecf5-ce1f-444b-83e7-c1b590ff112e" testId="1811d5b1-17d8-b70d-ad75-6e8df3b977d3" testName="ReadDateTimeByPosition_ColumnValueIsValid_returnsColumnValue" computerName="KEPLER" duration="00:00:00.0000001" startTime="2021-07-20T10:49:30.0000000+02:00" endTime="2021-07-20T10:49:30.0000000+02:00" testType="13cdc9d9-ddb5-4fa4-a97d-d965ccfc6d4b" outcome="Passed" testListId="8c84fa94-04c1-424b-9868-57a2d4851a1d" relativeResultsDirectory="0789ecf5-ce1f-444b-83e7-c1b590ff112e" />
    <UnitTestResult executionId="f6956b6d-060e-4bd0-985a-6afbb15a2fd1" testId="849f9b46-20fe-795e-71ab-a0cb84df38a3" testName="Read_WithHeadlines_Success" computerName="KEPLER" duration="00:00:00.0010000" startTime="2021-07-20T10:49:30.0000000+02:00" endTime="2021-07-20T10:49:30.0000000+02:00" testType="13cdc9d9-ddb5-4fa4-a97d-d965ccfc6d4b" outcome="Passed" testListId="8c84fa94-04c1-424b-9868-57a2d4851a1d" relativeResultsDirectory="f6956b6d-060e-4bd0-985a-6afbb15a2fd1" />
    <UnitTestResult executionId="8cbcdb06-15b7-4ca8-9f04-25dd78242a4d" testId="8c3a39d5-6ca1-996c-a7c8-3ffdd0d198a8" testName="ReadStringByPosition_ColumnValueIsValid_returnsColumnValue" computerName="KEPLER" duration="00:00:00.0000001" startTime="2021-07-20T10:49:30.0000000+02:00" endTime="2021-07-20T10:49:30.0000000+02:00" testType="13cdc9d9-ddb5-4fa4-a97d-d965ccfc6d4b" outcome="Passed" testListId="8c84fa94-04c1-424b-9868-57a2d4851a1d" relativeResultsDirectory="8cbcdb06-15b7-4ca8-9f04-25dd78242a4d" />
    <UnitTestResult executionId="6c221431-427e-4a04-adc1-eb6567e68f75" testId="cbb8c242-7708-2b27-f875-82ad4bb5bf5c" testName="ReadDoubleByPosition_IllegalPosition_throwsIndexOutOfRangeException" computerName="KEPLER" duration="00:00:00.0000001" startTime="2021-07-20T10:49:30.0000000+02:00" endTime="2021-07-20T10:49:30.0000000+02:00" testType="13cdc9d9-ddb5-4fa4-a97d-d965ccfc6d4b" outcome="Passed" testListId="8c84fa94-04c1-424b-9868-57a2d4851a1d" relativeResultsDirectory="6c221431-427e-4a04-adc1-eb6567e68f75" />
    <UnitTestResult executionId="812b149d-7cbf-471b-9f35-2fbd43e97716" testId="731bca5c-9d61-806b-524d-2614ec58be0a" testName="ReadIntByPosition_ColumnValueIsNull_returnsDefaultValue" computerName="KEPLER" duration="00:00:00.0000001" startTime="2021-07-20T10:49:30.0000000+02:00" endTime="2021-07-20T10:49:30.0000000+02:00" testType="13cdc9d9-ddb5-4fa4-a97d-d965ccfc6d4b" outcome="Passed" testListId="8c84fa94-04c1-424b-9868-57a2d4851a1d" relativeResultsDirectory="812b149d-7cbf-471b-9f35-2fbd43e97716" />
    <UnitTestResult executionId="13196bc5-c818-4c73-a714-af2a5526e2b4" testId="1e1f9a61-418d-53ce-3670-83cfc0444d5d" testName="ReadFloatByName_ColumnValueIsValid_returnsColumnValue" computerName="KEPLER" duration="00:00:00.0030000" startTime="2021-07-20T10:49:30.0000000+02:00" endTime="2021-07-20T10:49:30.0000000+02:00" testType="13cdc9d9-ddb5-4fa4-a97d-d965ccfc6d4b" outcome="Passed" testListId="8c84fa94-04c1-424b-9868-57a2d4851a1d" relativeResultsDirectory="13196bc5-c818-4c73-a714-af2a5526e2b4" />
    <UnitTestResult executionId="691f1322-e4e8-4041-bbfe-13cb24543d7d" testId="51ceddf9-9b63-35e7-1130-7d14d0dd6020" testName="ReadDecimalByPosition_ColumnValueIsNull_returnsDefaultValue" computerName="KEPLER" duration="00:00:00.0020000" startTime="2021-07-20T10:49:30.0000000+02:00" endTime="2021-07-20T10:49:30.0000000+02:00" testType="13cdc9d9-ddb5-4fa4-a97d-d965ccfc6d4b" outcome="Passed" testListId="8c84fa94-04c1-424b-9868-57a2d4851a1d" relativeResultsDirectory="691f1322-e4e8-4041-bbfe-13cb24543d7d" />
    <UnitTestResult executionId="ca2637b4-52be-4357-bc9b-33644af1e242" testId="3e33229f-6b8c-902d-9c7f-f151f7662b5d" testName="ReadShortByPosition_ColumnValueIsValid_returnsColumnValue" computerName="KEPLER" duration="00:00:00.0000001" startTime="2021-07-20T10:49:30.0000000+02:00" endTime="2021-07-20T10:49:30.0000000+02:00" testType="13cdc9d9-ddb5-4fa4-a97d-d965ccfc6d4b" outcome="Passed" testListId="8c84fa94-04c1-424b-9868-57a2d4851a1d" relativeResultsDirectory="ca2637b4-52be-4357-bc9b-33644af1e242" />
    <UnitTestResult executionId="5b796de8-21de-4c4b-998f-553847a4a632" testId="0cdaf4b3-edcf-efa9-84ca-dab367d01c8f" testName="ReadSByteByPosition_IllegalPosition_throwsIndexOutOfRangeException" computerName="KEPLER" duration="00:00:00.0000001" startTime="2021-07-20T10:49:30.0000000+02:00" endTime="2021-07-20T10:49:30.0000000+02:00" testType="13cdc9d9-ddb5-4fa4-a97d-d965ccfc6d4b" outcome="Passed" testListId="8c84fa94-04c1-424b-9868-57a2d4851a1d" relativeResultsDirectory="5b796de8-21de-4c4b-998f-553847a4a632" />
    <UnitTestResult executionId="442f6bf1-9a12-49a1-91cd-c07adc30f778" testId="d5462450-f0d0-a45d-7257-bee2d85016db" testName="ReadULongByPosition_ColumnValueIsNull_returnsDefaultValue" computerName="KEPLER" duration="00:00:00.0000001" startTime="2021-07-20T10:49:30.0000000+02:00" endTime="2021-07-20T10:49:30.0000000+02:00" testType="13cdc9d9-ddb5-4fa4-a97d-d965ccfc6d4b" outcome="Passed" testListId="8c84fa94-04c1-424b-9868-57a2d4851a1d" relativeResultsDirectory="442f6bf1-9a12-49a1-91cd-c07adc30f778" />
    <UnitTestResult executionId="40a910de-5d10-4938-bfdc-62f080cc21e1" testId="104751f4-fe8d-ab74-3936-029fe85cd861" testName="ReadShortByPosition_IllegalPosition_throwsIndexOutOfRangeException" computerName="KEPLER" duration="00:00:00.0000001" startTime="2021-07-20T10:49:30.0000000+02:00" endTime="2021-07-20T10:49:30.0000000+02:00" testType="13cdc9d9-ddb5-4fa4-a97d-d965ccfc6d4b" outcome="Passed" testListId="8c84fa94-04c1-424b-9868-57a2d4851a1d" relativeResultsDirectory="40a910de-5d10-4938-bfdc-62f080cc21e1" />
    <UnitTestResult executionId="bc72860c-0f72-4a87-aae5-b6e15536cac5" testId="118aeade-357c-55b4-720c-7539d16abdc1" testName="ReadUIntByName_ColumnValueIsValid_returnsColumnValue" computerName="KEPLER" duration="00:00:00.0020000" startTime="2021-07-20T10:49:30.0000000+02:00" endTime="2021-07-20T10:49:30.0000000+02:00" testType="13cdc9d9-ddb5-4fa4-a97d-d965ccfc6d4b" outcome="Passed" testListId="8c84fa94-04c1-424b-9868-57a2d4851a1d" relativeResultsDirectory="bc72860c-0f72-4a87-aae5-b6e15536cac5" />
    <UnitTestResult executionId="1adb9c7d-2bd9-41c8-8bab-7b4a3f7f0618" testId="12d07d2c-62a0-fd3c-3009-e13ab934a1b8" testName="ReadFloatByPosition_ColumnValueIsNull_returnsDefaultValue" computerName="KEPLER" duration="00:00:00.0000001" startTime="2021-07-20T10:49:30.0000000+02:00" endTime="2021-07-20T10:49:30.0000000+02:00" testType="13cdc9d9-ddb5-4fa4-a97d-d965ccfc6d4b" outcome="Passed" testListId="8c84fa94-04c1-424b-9868-57a2d4851a1d" relativeResultsDirectory="1adb9c7d-2bd9-41c8-8bab-7b4a3f7f0618" />
    <UnitTestResult executionId="7e9c23ef-e772-4742-a824-abc6126e1a23" testId="9ddbc878-c0f9-119a-a07f-af54dc2608dd" testName="ReadTimeByPosition_ColumnValueIsNull_returnsDefaultValue" computerName="KEPLER" duration="00:00:00.0010000" startTime="2021-07-20T10:49:30.0000000+02:00" endTime="2021-07-20T10:49:30.0000000+02:00" testType="13cdc9d9-ddb5-4fa4-a97d-d965ccfc6d4b" outcome="Passed" testListId="8c84fa94-04c1-424b-9868-57a2d4851a1d" relativeResultsDirectory="7e9c23ef-e772-4742-a824-abc6126e1a23" />
    <UnitTestResult executionId="9f7126f0-50c1-4a69-9208-69824605a0c9" testId="f019755f-e0a8-8666-3273-046e81d5d5a1" testName="ReadByteByPosition_IllegalPosition_throwsIndexOutOfRangeException" computerName="KEPLER" duration="00:00:00.0000001" startTime="2021-07-20T10:49:30.0000000+02:00" endTime="2021-07-20T10:49:30.0000000+02:00" testType="13cdc9d9-ddb5-4fa4-a97d-d965ccfc6d4b" outcome="Passed" testListId="8c84fa94-04c1-424b-9868-57a2d4851a1d" relativeResultsDirectory="9f7126f0-50c1-4a69-9208-69824605a0c9" />
    <UnitTestResult executionId="775c442a-6a10-4d24-a2ee-ab47e3ce446a" testId="9d755510-df1c-55a1-19c7-bb204197f657" testName="ReadDateTimeByName_ColumnValueIsValid_returnsColumnValue" computerName="KEPLER" duration="00:00:00.0000001" startTime="2021-07-20T10:49:30.0000000+02:00" endTime="2021-07-20T10:49:30.0000000+02:00" testType="13cdc9d9-ddb5-4fa4-a97d-d965ccfc6d4b" outcome="Passed" testListId="8c84fa94-04c1-424b-9868-57a2d4851a1d" relativeResultsDirectory="775c442a-6a10-4d24-a2ee-ab47e3ce446a" />
    <UnitTestResult executionId="e31fa1ef-1b07-4b54-9427-472f54af4a90" testId="cb603bea-42c1-efb6-0c3c-26cc88996c55" testName="ReadSByteByPosition_ColumnValueIsValid_returnsColumnValue" computerName="KEPLER" duration="00:00:00.0000001" startTime="2021-07-20T10:49:30.0000000+02:00" endTime="2021-07-20T10:49:30.0000000+02:00" testType="13cdc9d9-ddb5-4fa4-a97d-d965ccfc6d4b" outcome="Passed" testListId="8c84fa94-04c1-424b-9868-57a2d4851a1d" relativeResultsDirectory="e31fa1ef-1b07-4b54-9427-472f54af4a90" />
    <UnitTestResult executionId="0e5b6fc5-73ad-4756-847b-9d8ee1037cac" testId="0c3e0dde-ca43-a1b4-68f3-f0bab7cb0817" testName="ReadUShortByPosition_ColumnValueIsNull_returnsDefaultValue" computerName="KEPLER" duration="00:00:00.0000001" startTime="2021-07-20T10:49:30.0000000+02:00" endTime="2021-07-20T10:49:30.0000000+02:00" testType="13cdc9d9-ddb5-4fa4-a97d-d965ccfc6d4b" outcome="Passed" testListId="8c84fa94-04c1-424b-9868-57a2d4851a1d" relativeResultsDirectory="0e5b6fc5-73ad-4756-847b-9d8ee1037cac" />
    <UnitTestResult executionId="192b7ade-95b7-44c7-8110-286bb10dd1e7" testId="5e167d49-ead9-fbbd-0f82-4f6b771ae84b" testName="ReadLongByPosition_ColumnValueIsNull_returnsDefaultValue" computerName="KEPLER" duration="00:00:00.0000001" startTime="2021-07-20T10:49:30.0000000+02:00" endTime="2021-07-20T10:49:30.0000000+02:00" testType="13cdc9d9-ddb5-4fa4-a97d-d965ccfc6d4b" outcome="Passed" testListId="8c84fa94-04c1-424b-9868-57a2d4851a1d" relativeResultsDirectory="192b7ade-95b7-44c7-8110-286bb10dd1e7" />
    <UnitTestResult executionId="344b459a-91d8-41da-8ac5-285e517bc8be" testId="fa8745ff-fec0-572e-6afc-59f36ad1c077" testName="ReadBigIntegerByPosition_ColumnValueIsValid_returnsColumnValue" computerName="KEPLER" duration="00:00:00.0000001" startTime="2021-07-20T10:49:30.0000000+02:00" endTime="2021-07-20T10:49:30.0000000+02:00" testType="13cdc9d9-ddb5-4fa4-a97d-d965ccfc6d4b" outcome="Passed" testListId="8c84fa94-04c1-424b-9868-57a2d4851a1d" relativeResultsDirectory="344b459a-91d8-41da-8ac5-285e517bc8be" />
    <UnitTestResult executionId="c888743d-774c-47d5-96d9-6966eea211fe" testId="c3c88055-1e45-edb8-1589-dc337bccb041" testName="ReadDoubleByName_ColumnValueIsValid_returnsColumnValue" computerName="KEPLER" duration="00:00:00.0000001" startTime="2021-07-20T10:49:30.0000000+02:00" endTime="2021-07-20T10:49:30.0000000+02:00" testType="13cdc9d9-ddb5-4fa4-a97d-d965ccfc6d4b" outcome="Passed" testListId="8c84fa94-04c1-424b-9868-57a2d4851a1d" relativeResultsDirectory="c888743d-774c-47d5-96d9-6966eea211fe" />
    <UnitTestResult executionId="6a2c5ab9-4b6a-4d0b-8b72-ea4083734c87" testId="27b2d23f-2d93-b00e-67aa-18eff944a29a" testName="Read_NoHeadlines_Success" computerName="KEPLER" duration="00:00:00.0070000" startTime="2021-07-20T10:49:30.0000000+02:00" endTime="2021-07-20T10:49:30.0000000+02:00" testType="13cdc9d9-ddb5-4fa4-a97d-d965ccfc6d4b" outcome="Passed" testListId="8c84fa94-04c1-424b-9868-57a2d4851a1d" relativeResultsDirectory="6a2c5ab9-4b6a-4d0b-8b72-ea4083734c87" />
    <UnitTestResult executionId="58a665aa-0542-46a1-8dcf-cecbf2991d35" testId="178ccf5e-91bb-0524-a3fb-239a0647a9cd" testName="ReadTimeByName_ColumnValueIsValid_returnsColumnValue" computerName="KEPLER" duration="00:00:00.0010000" startTime="2021-07-20T10:49:30.0000000+02:00" endTime="2021-07-20T10:49:30.0000000+02:00" testType="13cdc9d9-ddb5-4fa4-a97d-d965ccfc6d4b" outcome="Passed" testListId="8c84fa94-04c1-424b-9868-57a2d4851a1d" relativeResultsDirectory="58a665aa-0542-46a1-8dcf-cecbf2991d35" />
    <UnitTestResult executionId="6757a676-966c-4122-aa55-0de8e3c17587" testId="21f7e741-a675-dbbd-b35a-ec5b27351f62" testName="ReadUIntByPosition_ColumnValueIsNull_returnsDefaultValue" computerName="KEPLER" duration="00:00:00.0000001" startTime="2021-07-20T10:49:30.0000000+02:00" endTime="2021-07-20T10:49:30.0000000+02:00" testType="13cdc9d9-ddb5-4fa4-a97d-d965ccfc6d4b" outcome="Passed" testListId="8c84fa94-04c1-424b-9868-57a2d4851a1d" relativeResultsDirectory="6757a676-966c-4122-aa55-0de8e3c17587" />
    <UnitTestResult executionId="07a2faa6-58a5-432a-b7d1-15874d39b3d5" testId="d2741692-cada-6e12-c5f4-d996ef483003" testName="ReadIntByPosition_IllegalPosition_throwsIndexOutOfRangeException" computerName="KEPLER" duration="00:00:00.0000001" startTime="2021-07-20T10:49:30.0000000+02:00" endTime="2021-07-20T10:49:30.0000000+02:00" testType="13cdc9d9-ddb5-4fa4-a97d-d965ccfc6d4b" outcome="Passed" testListId="8c84fa94-04c1-424b-9868-57a2d4851a1d" relativeResultsDirectory="07a2faa6-58a5-432a-b7d1-15874d39b3d5" />
  </Results>
  <TestDefinitions>
    <UnitTest name="Read_WithHeadlines_Success" storage="c:\users\joachimwagner\documents\projekte\bundesbank\dataimport\genericreadersandwriterstests\bin\debug\netcoreapp2.1\genericreadersandwriterstests.dll" id="849f9b46-20fe-795e-71ab-a0cb84df38a3">
      <Execution id="f6956b6d-060e-4bd0-985a-6afbb15a2fd1" />
      <TestMethod codeBase="C:\Users\JoachimWagner\Documents\Projekte\Bundesbank\DataImport\GenericReadersAndWritersTests\bin\Debug\netcoreapp2.1\GenericReadersAndWritersTests.dll" adapterTypeName="executor://nunit3testexecutor/" className="BBk.Rc1.Ricis.SharedLibraries.GenericReadersAndWriters.File.Csv.Tests.AbstractCsvFileReaderTests" name="Read_WithHeadlines_Success" />
    </UnitTest>
    <UnitTest name="ReadIntByPosition_ColumnValueIsNull_returnsDefaultValue" storage="c:\users\joachimwagner\documents\projekte\bundesbank\dataimport\genericreadersandwriterstests\bin\debug\netcoreapp2.1\genericreadersandwriterstests.dll" id="731bca5c-9d61-806b-524d-2614ec58be0a">
      <Execution id="812b149d-7cbf-471b-9f35-2fbd43e97716" />
      <TestMethod codeBase="C:\Users\JoachimWagner\Documents\Projekte\Bundesbank\DataImport\GenericReadersAndWritersTests\bin\Debug\netcoreapp2.1\GenericReadersAndWritersTests.dll" adapterTypeName="executor://nunit3testexecutor/" className="BBk.Rc1.Ricis.SharedLibraries.GenericReadersAndWriters.File.Csv.LineTokenizer.Tests.FileSetTests" name="ReadIntByPosition_ColumnValueIsNull_returnsDefaultValue" />
    </UnitTest>
    <UnitTest name="ReadDateTimeByPosition_ColumnValueIsNull_returnsDefaultValue" storage="c:\users\joachimwagner\documents\projekte\bundesbank\dataimport\genericreadersandwriterstests\bin\debug\netcoreapp2.1\genericreadersandwriterstests.dll" id="0604f0e8-07f4-f648-573a-db0001508c3d">
      <Execution id="4a3e15f0-fcce-47ff-afdd-795a44fbad79" />
      <TestMethod codeBase="C:\Users\JoachimWagner\Documents\Projekte\Bundesbank\DataImport\GenericReadersAndWritersTests\bin\Debug\netcoreapp2.1\GenericReadersAndWritersTests.dll" adapterTypeName="executor://nunit3testexecutor/" className="BBk.Rc1.Ricis.SharedLibraries.GenericReadersAndWriters.File.Csv.LineTokenizer.Tests.FileSetTests" name="ReadDateTimeByPosition_ColumnValueIsNull_returnsDefaultValue" />
    </UnitTest>
    <UnitTest name="ReadFloatByPosition_ColumnValueIsValid_returnsColumnValue" storage="c:\users\joachimwagner\documents\projekte\bundesbank\dataimport\genericreadersandwriterstests\bin\debug\netcoreapp2.1\genericreadersandwriterstests.dll" id="a9ba31f4-5448-2bd8-cc17-6dde183f2c7e">
      <Execution id="680f44f7-c548-4714-a2de-8d189aa5b158" />
      <TestMethod codeBase="C:\Users\JoachimWagner\Documents\Projekte\Bundesbank\DataImport\GenericReadersAndWritersTests\bin\Debug\netcoreapp2.1\GenericReadersAndWritersTests.dll" adapterTypeName="executor://nunit3testexecutor/" className="BBk.Rc1.Ricis.SharedLibraries.GenericReadersAndWriters.File.Csv.LineTokenizer.Tests.FileSetTests" name="ReadFloatByPosition_ColumnValueIsValid_returnsColumnValue" />
    </UnitTest>
    <UnitTest name="ReadDateTimeByName_ColumnValueIsValid_returnsColumnValue" storage="c:\users\joachimwagner\documents\projekte\bundesbank\dataimport\genericreadersandwriterstests\bin\debug\netcoreapp2.1\genericreadersandwriterstests.dll" id="9d755510-df1c-55a1-19c7-bb204197f657">
      <Execution id="775c442a-6a10-4d24-a2ee-ab47e3ce446a" />
      <TestMethod codeBase="C:\Users\JoachimWagner\Documents\Projekte\Bundesbank\DataImport\GenericReadersAndWritersTests\bin\Debug\netcoreapp2.1\GenericReadersAndWritersTests.dll" adapterTypeName="executor://nunit3testexecutor/" className="BBk.Rc1.Ricis.SharedLibraries.GenericReadersAndWriters.File.Csv.LineTokenizer.Tests.FileSetTests" name="ReadDateTimeByName_ColumnValueIsValid_returnsColumnValue" />
    </UnitTest>
    <UnitTest name="ReadLongByPosition_ColumnValueIsValid_returnsColumnValue" storage="c:\users\joachimwagner\documents\projekte\bundesbank\dataimport\genericreadersandwriterstests\bin\debug\netcoreapp2.1\genericreadersandwriterstests.dll" id="75e3471c-c567-b6f6-0af9-0f892fc17df2">
      <Execution id="a6c427a9-fc4c-47ef-a83e-1a634e15a97f" />
      <TestMethod codeBase="C:\Users\JoachimWagner\Documents\Projekte\Bundesbank\DataImport\GenericReadersAndWritersTests\bin\Debug\netcoreapp2.1\GenericReadersAndWritersTests.dll" adapterTypeName="executor://nunit3testexecutor/" className="BBk.Rc1.Ricis.SharedLibraries.GenericReadersAndWriters.File.Csv.LineTokenizer.Tests.FileSetTests" name="ReadLongByPosition_ColumnValueIsValid_returnsColumnValue" />
    </UnitTest>
    <UnitTest name="ReadShortByPosition_IllegalPosition_throwsIndexOutOfRangeException" storage="c:\users\joachimwagner\documents\projekte\bundesbank\dataimport\genericreadersandwriterstests\bin\debug\netcoreapp2.1\genericreadersandwriterstests.dll" id="104751f4-fe8d-ab74-3936-029fe85cd861">
      <Execution id="40a910de-5d10-4938-bfdc-62f080cc21e1" />
      <TestMethod codeBase="C:\Users\JoachimWagner\Documents\Projekte\Bundesbank\DataImport\GenericReadersAndWritersTests\bin\Debug\netcoreapp2.1\GenericReadersAndWritersTests.dll" adapterTypeName="executor://nunit3testexecutor/" className="BBk.Rc1.Ricis.SharedLibraries.GenericReadersAndWriters.File.Csv.LineTokenizer.Tests.FileSetTests" name="ReadShortByPosition_IllegalPosition_throwsIndexOutOfRangeException" />
    </UnitTest>
    <UnitTest name="ReadBoolByPosition_IllegalPosition_throwsIndexOutOfRangeException" storage="c:\users\joachimwagner\documents\projekte\bundesbank\dataimport\genericreadersandwriterstests\bin\debug\netcoreapp2.1\genericreadersandwriterstests.dll" id="8344d006-b7c9-a2f5-b0bb-02b80f0fa7a7">
      <Execution id="18d494a6-d5a8-4eee-8900-274de64f199e" />
      <TestMethod codeBase="C:\Users\JoachimWagner\Documents\Projekte\Bundesbank\DataImport\GenericReadersAndWritersTests\bin\Debug\netcoreapp2.1\GenericReadersAndWritersTests.dll" adapterTypeName="executor://nunit3testexecutor/" className="BBk.Rc1.Ricis.SharedLibraries.GenericReadersAndWriters.File.Csv.LineTokenizer.Tests.FileSetTests" name="ReadBoolByPosition_IllegalPosition_throwsIndexOutOfRangeException" />
    </UnitTest>
    <UnitTest name="ReadBigIntegerByPosition_IllegalPosition_throwsIndexOutOfRangeException" storage="c:\users\joachimwagner\documents\projekte\bundesbank\dataimport\genericreadersandwriterstests\bin\debug\netcoreapp2.1\genericreadersandwriterstests.dll" id="3b0f93ac-123f-48d2-4664-f6d15b48060d">
      <Execution id="ef39d1c0-2755-4cd8-b995-01b5953a4498" />
      <TestMethod codeBase="C:\Users\JoachimWagner\Documents\Projekte\Bundesbank\DataImport\GenericReadersAndWritersTests\bin\Debug\netcoreapp2.1\GenericReadersAndWritersTests.dll" adapterTypeName="executor://nunit3testexecutor/" className="BBk.Rc1.Ricis.SharedLibraries.GenericReadersAndWriters.File.Csv.LineTokenizer.Tests.FileSetTests" name="ReadBigIntegerByPosition_IllegalPosition_throwsIndexOutOfRangeException" />
    </UnitTest>
    <UnitTest name="ReadDateTimeByPosition_IllegalPosition_throwsIndexOutOfRangeException" storage="c:\users\joachimwagner\documents\projekte\bundesbank\dataimport\genericreadersandwriterstests\bin\debug\netcoreapp2.1\genericreadersandwriterstests.dll" id="07c6e8b0-6060-0fdb-e553-b910aa38d5a3">
      <Execution id="2d095819-252b-4df0-b5aa-f6e211c1abbc" />
      <TestMethod codeBase="C:\Users\JoachimWagner\Documents\Projekte\Bundesbank\DataImport\GenericReadersAndWritersTests\bin\Debug\netcoreapp2.1\GenericReadersAndWritersTests.dll" adapterTypeName="executor://nunit3testexecutor/" className="BBk.Rc1.Ricis.SharedLibraries.GenericReadersAndWriters.File.Csv.LineTokenizer.Tests.FileSetTests" name="ReadDateTimeByPosition_IllegalPosition_throwsIndexOutOfRangeException" />
    </UnitTest>
    <UnitTest name="ReadFloatByName_ColumnValueIsValid_returnsColumnValue" storage="c:\users\joachimwagner\documents\projekte\bundesbank\dataimport\genericreadersandwriterstests\bin\debug\netcoreapp2.1\genericreadersandwriterstests.dll" id="1e1f9a61-418d-53ce-3670-83cfc0444d5d">
      <Execution id="13196bc5-c818-4c73-a714-af2a5526e2b4" />
      <TestMethod codeBase="C:\Users\JoachimWagner\Documents\Projekte\Bundesbank\DataImport\GenericReadersAndWritersTests\bin\Debug\netcoreapp2.1\GenericReadersAndWritersTests.dll" adapterTypeName="executor://nunit3testexecutor/" className="BBk.Rc1.Ricis.SharedLibraries.GenericReadersAndWriters.File.Csv.LineTokenizer.Tests.FileSetTests" name="ReadFloatByName_ColumnValueIsValid_returnsColumnValue" />
    </UnitTest>
    <UnitTest name="ReadSByteByPosition_ColumnValueIsNull_returnsDefaultValue" storage="c:\users\joachimwagner\documents\projekte\bundesbank\dataimport\genericreadersandwriterstests\bin\debug\netcoreapp2.1\genericreadersandwriterstests.dll" id="7068c8ce-4458-c8b0-db04-a6cc958810a6">
      <Execution id="c08ef2aa-1ce9-48f6-bc0b-ede545cf70bf" />
      <TestMethod codeBase="C:\Users\JoachimWagner\Documents\Projekte\Bundesbank\DataImport\GenericReadersAndWritersTests\bin\Debug\netcoreapp2.1\GenericReadersAndWritersTests.dll" adapterTypeName="executor://nunit3testexecutor/" className="BBk.Rc1.Ricis.SharedLibraries.GenericReadersAndWriters.File.Csv.LineTokenizer.Tests.FileSetTests" name="ReadSByteByPosition_ColumnValueIsNull_returnsDefaultValue" />
    </UnitTest>
    <UnitTest name="ReadDateTimeByPosition_ColumnValueIsValid_returnsColumnValue" storage="c:\users\joachimwagner\documents\projekte\bundesbank\dataimport\genericreadersandwriterstests\bin\debug\netcoreapp2.1\genericreadersandwriterstests.dll" id="1811d5b1-17d8-b70d-ad75-6e8df3b977d3">
      <Execution id="0789ecf5-ce1f-444b-83e7-c1b590ff112e" />
      <TestMethod codeBase="C:\Users\JoachimWagner\Documents\Projekte\Bundesbank\DataImport\GenericReadersAndWritersTests\bin\Debug\netcoreapp2.1\GenericReadersAndWritersTests.dll" adapterTypeName="executor://nunit3testexecutor/" className="BBk.Rc1.Ricis.SharedLibraries.GenericReadersAndWriters.File.Csv.LineTokenizer.Tests.FileSetTests" name="ReadDateTimeByPosition_ColumnValueIsValid_returnsColumnValue" />
    </UnitTest>
    <UnitTest name="ReadShortByName_ColumnValueIsValid_returnsColumnValue" storage="c:\users\joachimwagner\documents\projekte\bundesbank\dataimport\genericreadersandwriterstests\bin\debug\netcoreapp2.1\genericreadersandwriterstests.dll" id="0b5c0338-d113-65c4-5059-a95aef619330">
      <Execution id="865bba5e-e78d-431f-bbfd-ac681d48a974" />
      <TestMethod codeBase="C:\Users\JoachimWagner\Documents\Projekte\Bundesbank\DataImport\GenericReadersAndWritersTests\bin\Debug\netcoreapp2.1\GenericReadersAndWritersTests.dll" adapterTypeName="executor://nunit3testexecutor/" className="BBk.Rc1.Ricis.SharedLibraries.GenericReadersAndWriters.File.Csv.LineTokenizer.Tests.FileSetTests" name="ReadShortByName_ColumnValueIsValid_returnsColumnValue" />
    </UnitTest>
    <UnitTest name="ReadDoubleByPosition_ColumnValueIsNull_returnsDefaultValue" storage="c:\users\joachimwagner\documents\projekte\bundesbank\dataimport\genericreadersandwriterstests\bin\debug\netcoreapp2.1\genericreadersandwriterstests.dll" id="9936a135-d22a-4ca8-2234-30d61c580d3a">
      <Execution id="0d456033-7664-4923-8cb9-92c7cb97825b" />
      <TestMethod codeBase="C:\Users\JoachimWagner\Documents\Projekte\Bundesbank\DataImport\GenericReadersAndWritersTests\bin\Debug\netcoreapp2.1\GenericReadersAndWritersTests.dll" adapterTypeName="executor://nunit3testexecutor/" className="BBk.Rc1.Ricis.SharedLibraries.GenericReadersAndWriters.File.Csv.LineTokenizer.Tests.FileSetTests" name="ReadDoubleByPosition_ColumnValueIsNull_returnsDefaultValue" />
    </UnitTest>
    <UnitTest name="ReadBoolByName_ColumnValueIsValid_returnsColumnValue" storage="c:\users\joachimwagner\documents\projekte\bundesbank\dataimport\genericreadersandwriterstests\bin\debug\netcoreapp2.1\genericreadersandwriterstests.dll" id="f5ff1dbe-9ecf-970e-f7f1-0fc82b946980">
      <Execution id="3779044a-c455-4c3f-b905-f5bc3f8b746a" />
      <TestMethod codeBase="C:\Users\JoachimWagner\Documents\Projekte\Bundesbank\DataImport\GenericReadersAndWritersTests\bin\Debug\netcoreapp2.1\GenericReadersAndWritersTests.dll" adapterTypeName="executor://nunit3testexecutor/" className="BBk.Rc1.Ricis.SharedLibraries.GenericReadersAndWriters.File.Csv.LineTokenizer.Tests.FileSetTests" name="ReadBoolByName_ColumnValueIsValid_returnsColumnValue" />
    </UnitTest>
    <UnitTest name="ReadFloatByPosition_IllegalPosition_throwsIndexOutOfRangeException" storage="c:\users\joachimwagner\documents\projekte\bundesbank\dataimport\genericreadersandwriterstests\bin\debug\netcoreapp2.1\genericreadersandwriterstests.dll" id="c46c21f8-1be4-8ae8-7ba8-bfe4926f3b94">
      <Execution id="3133bf3c-d915-413d-8484-36780dd6de5e" />
      <TestMethod codeBase="C:\Users\JoachimWagner\Documents\Projekte\Bundesbank\DataImport\GenericReadersAndWritersTests\bin\Debug\netcoreapp2.1\GenericReadersAndWritersTests.dll" adapterTypeName="executor://nunit3testexecutor/" className="BBk.Rc1.Ricis.SharedLibraries.GenericReadersAndWriters.File.Csv.LineTokenizer.Tests.FileSetTests" name="ReadFloatByPosition_IllegalPosition_throwsIndexOutOfRangeException" />
    </UnitTest>
    <UnitTest name="ReadFloatByPosition_ColumnValueIsNull_returnsDefaultValue" storage="c:\users\joachimwagner\documents\projekte\bundesbank\dataimport\genericreadersandwriterstests\bin\debug\netcoreapp2.1\genericreadersandwriterstests.dll" id="12d07d2c-62a0-fd3c-3009-e13ab934a1b8">
      <Execution id="1adb9c7d-2bd9-41c8-8bab-7b4a3f7f0618" />
      <TestMethod codeBase="C:\Users\JoachimWagner\Documents\Projekte\Bundesbank\DataImport\GenericReadersAndWritersTests\bin\Debug\netcoreapp2.1\GenericReadersAndWritersTests.dll" adapterTypeName="executor://nunit3testexecutor/" className="BBk.Rc1.Ricis.SharedLibraries.GenericReadersAndWriters.File.Csv.LineTokenizer.Tests.FileSetTests" name="ReadFloatByPosition_ColumnValueIsNull_returnsDefaultValue" />
    </UnitTest>
    <UnitTest name="ReadTimeByPosition_ColumnValueIsNull_returnsDefaultValue" storage="c:\users\joachimwagner\documents\projekte\bundesbank\dataimport\genericreadersandwriterstests\bin\debug\netcoreapp2.1\genericreadersandwriterstests.dll" id="9ddbc878-c0f9-119a-a07f-af54dc2608dd">
      <Execution id="7e9c23ef-e772-4742-a824-abc6126e1a23" />
      <TestMethod codeBase="C:\Users\JoachimWagner\Documents\Projekte\Bundesbank\DataImport\GenericReadersAndWritersTests\bin\Debug\netcoreapp2.1\GenericReadersAndWritersTests.dll" adapterTypeName="executor://nunit3testexecutor/" className="BBk.Rc1.Ricis.SharedLibraries.GenericReadersAndWriters.File.Csv.LineTokenizer.Tests.FileSetTests" name="ReadTimeByPosition_ColumnValueIsNull_returnsDefaultValue" />
    </UnitTest>
    <UnitTest name="ReadIntByPosition_ColumnValueIsValid_returnsColumnValue" storage="c:\users\joachimwagner\documents\projekte\bundesbank\dataimport\genericreadersandwriterstests\bin\debug\netcoreapp2.1\genericreadersandwriterstests.dll" id="28f94242-c443-4b67-7478-774497100d62">
      <Execution id="c6179a24-1917-46cd-ab45-4c9bec67ee94" />
      <TestMethod codeBase="C:\Users\JoachimWagner\Documents\Projekte\Bundesbank\DataImport\GenericReadersAndWritersTests\bin\Debug\netcoreapp2.1\GenericReadersAndWritersTests.dll" adapterTypeName="executor://nunit3testexecutor/" className="BBk.Rc1.Ricis.SharedLibraries.GenericReadersAndWriters.File.Csv.LineTokenizer.Tests.FileSetTests" name="ReadIntByPosition_ColumnValueIsValid_returnsColumnValue" />
    </UnitTest>
    <UnitTest name="ReadBigIntegerByPosition_ColumnValueIsNull_returnsDefaultValue" storage="c:\users\joachimwagner\documents\projekte\bundesbank\dataimport\genericreadersandwriterstests\bin\debug\netcoreapp2.1\genericreadersandwriterstests.dll" id="01daa5ae-e724-dbb8-ef25-9fa7af4c1398">
      <Execution id="55f7ff25-86f3-4fcc-b86d-4a5a800107cc" />
      <TestMethod codeBase="C:\Users\JoachimWagner\Documents\Projekte\Bundesbank\DataImport\GenericReadersAndWritersTests\bin\Debug\netcoreapp2.1\GenericReadersAndWritersTests.dll" adapterTypeName="executor://nunit3testexecutor/" className="BBk.Rc1.Ricis.SharedLibraries.GenericReadersAndWriters.File.Csv.LineTokenizer.Tests.FileSetTests" name="ReadBigIntegerByPosition_ColumnValueIsNull_returnsDefaultValue" />
    </UnitTest>
    <UnitTest name="ReadBoolByPosition_ColumnValueIsValid_returnsColumnValue" storage="c:\users\joachimwagner\documents\projekte\bundesbank\dataimport\genericreadersandwriterstests\bin\debug\netcoreapp2.1\genericreadersandwriterstests.dll" id="d23fe4d5-ce91-9c32-4d57-52ea4ff4f709">
      <Execution id="a2fc230a-3c10-4d0b-91af-34e309d08b03" />
      <TestMethod codeBase="C:\Users\JoachimWagner\Documents\Projekte\Bundesbank\DataImport\GenericReadersAndWritersTests\bin\Debug\netcoreapp2.1\GenericReadersAndWritersTests.dll" adapterTypeName="executor://nunit3testexecutor/" className="BBk.Rc1.Ricis.SharedLibraries.GenericReadersAndWriters.File.Csv.LineTokenizer.Tests.FileSetTests" name="ReadBoolByPosition_ColumnValueIsValid_returnsColumnValue" />
    </UnitTest>
    <UnitTest name="ReadTimeByPosition_IllegalPosition_throwsIndexOutOfRangeException" storage="c:\users\joachimwagner\documents\projekte\bundesbank\dataimport\genericreadersandwriterstests\bin\debug\netcoreapp2.1\genericreadersandwriterstests.dll" id="ff3c2f34-d7a8-39c9-82f0-87dec3bd1bbb">
      <Execution id="f6c54e42-5ff3-4a6d-8714-b92c21c67c8a" />
      <TestMethod codeBase="C:\Users\JoachimWagner\Documents\Projekte\Bundesbank\DataImport\GenericReadersAndWritersTests\bin\Debug\netcoreapp2.1\GenericReadersAndWritersTests.dll" adapterTypeName="executor://nunit3testexecutor/" className="BBk.Rc1.Ricis.SharedLibraries.GenericReadersAndWriters.File.Csv.LineTokenizer.Tests.FileSetTests" name="ReadTimeByPosition_IllegalPosition_throwsIndexOutOfRangeException" />
    </UnitTest>
    <UnitTest name="ReadLongByPosition_ColumnValueIsNull_returnsDefaultValue" storage="c:\users\joachimwagner\documents\projekte\bundesbank\dataimport\genericreadersandwriterstests\bin\debug\netcoreapp2.1\genericreadersandwriterstests.dll" id="5e167d49-ead9-fbbd-0f82-4f6b771ae84b">
      <Execution id="192b7ade-95b7-44c7-8110-286bb10dd1e7" />
      <TestMethod codeBase="C:\Users\JoachimWagner\Documents\Projekte\Bundesbank\DataImport\GenericReadersAndWritersTests\bin\Debug\netcoreapp2.1\GenericReadersAndWritersTests.dll" adapterTypeName="executor://nunit3testexecutor/" className="BBk.Rc1.Ricis.SharedLibraries.GenericReadersAndWriters.File.Csv.LineTokenizer.Tests.FileSetTests" name="ReadLongByPosition_ColumnValueIsNull_returnsDefaultValue" />
    </UnitTest>
    <UnitTest name="ReadDecimalByName_ColumnValueIsValid_returnsColumnValue" storage="c:\users\joachimwagner\documents\projekte\bundesbank\dataimport\genericreadersandwriterstests\bin\debug\netcoreapp2.1\genericreadersandwriterstests.dll" id="787bed18-d401-7a51-52b1-e3a0490d9e59">
      <Execution id="6c9fa896-84ee-4f35-9195-2fa1e3cf3c5c" />
      <TestMethod codeBase="C:\Users\JoachimWagner\Documents\Projekte\Bundesbank\DataImport\GenericReadersAndWritersTests\bin\Debug\netcoreapp2.1\GenericReadersAndWritersTests.dll" adapterTypeName="executor://nunit3testexecutor/" className="BBk.Rc1.Ricis.SharedLibraries.GenericReadersAndWriters.File.Csv.LineTokenizer.Tests.FileSetTests" name="ReadDecimalByName_ColumnValueIsValid_returnsColumnValue" />
    </UnitTest>
    <UnitTest name="ReadUIntByName_ColumnValueIsValid_returnsColumnValue" storage="c:\users\joachimwagner\documents\projekte\bundesbank\dataimport\genericreadersandwriterstests\bin\debug\netcoreapp2.1\genericreadersandwriterstests.dll" id="118aeade-357c-55b4-720c-7539d16abdc1">
      <Execution id="bc72860c-0f72-4a87-aae5-b6e15536cac5" />
      <TestMethod codeBase="C:\Users\JoachimWagner\Documents\Projekte\Bundesbank\DataImport\GenericReadersAndWritersTests\bin\Debug\netcoreapp2.1\GenericReadersAndWritersTests.dll" adapterTypeName="executor://nunit3testexecutor/" className="BBk.Rc1.Ricis.SharedLibraries.GenericReadersAndWriters.File.Csv.LineTokenizer.Tests.FileSetTests" name="ReadUIntByName_ColumnValueIsValid_returnsColumnValue" />
    </UnitTest>
    <UnitTest name="ReadUIntByPosition_ColumnValueIsValid_returnsColumnValue" storage="c:\users\joachimwagner\documents\projekte\bundesbank\dataimport\genericreadersandwriterstests\bin\debug\netcoreapp2.1\genericreadersandwriterstests.dll" id="f7c7320f-4f44-9339-2098-e403250c3578">
      <Execution id="2d3dce31-eecf-4859-a2a8-22a5ef634f87" />
      <TestMethod codeBase="C:\Users\JoachimWagner\Documents\Projekte\Bundesbank\DataImport\GenericReadersAndWritersTests\bin\Debug\netcoreapp2.1\GenericReadersAndWritersTests.dll" adapterTypeName="executor://nunit3testexecutor/" className="BBk.Rc1.Ricis.SharedLibraries.GenericReadersAndWriters.File.Csv.LineTokenizer.Tests.FileSetTests" name="ReadUIntByPosition_ColumnValueIsValid_returnsColumnValue" />
    </UnitTest>
    <UnitTest name="ReadUShortByPosition_IllegalPosition_throwsIndexOutOfRangeException" storage="c:\users\joachimwagner\documents\projekte\bundesbank\dataimport\genericreadersandwriterstests\bin\debug\netcoreapp2.1\genericreadersandwriterstests.dll" id="792a67fb-ceeb-5801-6983-49a6d3502401">
      <Execution id="d8502a40-9a7c-4952-98df-7cfd0cebd090" />
      <TestMethod codeBase="C:\Users\JoachimWagner\Documents\Projekte\Bundesbank\DataImport\GenericReadersAndWritersTests\bin\Debug\netcoreapp2.1\GenericReadersAndWritersTests.dll" adapterTypeName="executor://nunit3testexecutor/" className="BBk.Rc1.Ricis.SharedLibraries.GenericReadersAndWriters.File.Csv.LineTokenizer.Tests.FileSetTests" name="ReadUShortByPosition_IllegalPosition_throwsIndexOutOfRangeException" />
    </UnitTest>
    <UnitTest name="ReadDoubleByPosition_ColumnValueIsValid_returnsColumnValue" storage="c:\users\joachimwagner\documents\projekte\bundesbank\dataimport\genericreadersandwriterstests\bin\debug\netcoreapp2.1\genericreadersandwriterstests.dll" id="f890ec51-2aa5-52e9-7ac3-82a09596ef12">
      <Execution id="2af189ba-86f7-4629-b049-e9831986eb06" />
      <TestMethod codeBase="C:\Users\JoachimWagner\Documents\Projekte\Bundesbank\DataImport\GenericReadersAndWritersTests\bin\Debug\netcoreapp2.1\GenericReadersAndWritersTests.dll" adapterTypeName="executor://nunit3testexecutor/" className="BBk.Rc1.Ricis.SharedLibraries.GenericReadersAndWriters.File.Csv.LineTokenizer.Tests.FileSetTests" name="ReadDoubleByPosition_ColumnValueIsValid_returnsColumnValue" />
    </UnitTest>
    <UnitTest name="ReadULongByName_ColumnValueIsValid_returnsColumnValue" storage="c:\users\joachimwagner\documents\projekte\bundesbank\dataimport\genericreadersandwriterstests\bin\debug\netcoreapp2.1\genericreadersandwriterstests.dll" id="64462de1-2139-9fb7-a19a-c62ddd8d88cc">
      <Execution id="1996f697-e5a1-4710-b279-bda9453ded4d" />
      <TestMethod codeBase="C:\Users\JoachimWagner\Documents\Projekte\Bundesbank\DataImport\GenericReadersAndWritersTests\bin\Debug\netcoreapp2.1\GenericReadersAndWritersTests.dll" adapterTypeName="executor://nunit3testexecutor/" className="BBk.Rc1.Ricis.SharedLibraries.GenericReadersAndWriters.File.Csv.LineTokenizer.Tests.FileSetTests" name="ReadULongByName_ColumnValueIsValid_returnsColumnValue" />
    </UnitTest>
    <UnitTest name="ReadStringByPosition_ColumnValueIsValid_returnsColumnValue" storage="c:\users\joachimwagner\documents\projekte\bundesbank\dataimport\genericreadersandwriterstests\bin\debug\netcoreapp2.1\genericreadersandwriterstests.dll" id="8c3a39d5-6ca1-996c-a7c8-3ffdd0d198a8">
      <Execution id="8cbcdb06-15b7-4ca8-9f04-25dd78242a4d" />
      <TestMethod codeBase="C:\Users\JoachimWagner\Documents\Projekte\Bundesbank\DataImport\GenericReadersAndWritersTests\bin\Debug\netcoreapp2.1\GenericReadersAndWritersTests.dll" adapterTypeName="executor://nunit3testexecutor/" className="BBk.Rc1.Ricis.SharedLibraries.GenericReadersAndWriters.File.Csv.LineTokenizer.Tests.FileSetTests" name="ReadStringByPosition_ColumnValueIsValid_returnsColumnValue" />
    </UnitTest>
    <UnitTest name="ReadUShortByPosition_ColumnValueIsValid_returnsColumnValue" storage="c:\users\joachimwagner\documents\projekte\bundesbank\dataimport\genericreadersandwriterstests\bin\debug\netcoreapp2.1\genericreadersandwriterstests.dll" id="d8e89047-265f-ae8c-f72e-27a12a7e3e84">
      <Execution id="b6d1ce2c-cc98-4766-94f4-c09b2e26c6ae" />
      <TestMethod codeBase="C:\Users\JoachimWagner\Documents\Projekte\Bundesbank\DataImport\GenericReadersAndWritersTests\bin\Debug\netcoreapp2.1\GenericReadersAndWritersTests.dll" adapterTypeName="executor://nunit3testexecutor/" className="BBk.Rc1.Ricis.SharedLibraries.GenericReadersAndWriters.File.Csv.LineTokenizer.Tests.FileSetTests" name="ReadUShortByPosition_ColumnValueIsValid_returnsColumnValue" />
    </UnitTest>
    <UnitTest name="ReadUShortByPosition_ColumnValueIsNull_returnsDefaultValue" storage="c:\users\joachimwagner\documents\projekte\bundesbank\dataimport\genericreadersandwriterstests\bin\debug\netcoreapp2.1\genericreadersandwriterstests.dll" id="0c3e0dde-ca43-a1b4-68f3-f0bab7cb0817">
      <Execution id="0e5b6fc5-73ad-4756-847b-9d8ee1037cac" />
      <TestMethod codeBase="C:\Users\JoachimWagner\Documents\Projekte\Bundesbank\DataImport\GenericReadersAndWritersTests\bin\Debug\netcoreapp2.1\GenericReadersAndWritersTests.dll" adapterTypeName="executor://nunit3testexecutor/" className="BBk.Rc1.Ricis.SharedLibraries.GenericReadersAndWriters.File.Csv.LineTokenizer.Tests.FileSetTests" name="ReadUShortByPosition_ColumnValueIsNull_returnsDefaultValue" />
    </UnitTest>
    <UnitTest name="ReadDecimalByPosition_IllegalPosition_throwsIndexOutOfRangeException" storage="c:\users\joachimwagner\documents\projekte\bundesbank\dataimport\genericreadersandwriterstests\bin\debug\netcoreapp2.1\genericreadersandwriterstests.dll" id="47dcd5e5-c495-3daf-20e4-fb6809725f3a">
      <Execution id="65b89a76-3aca-4a71-a099-6a2311a7b9d6" />
      <TestMethod codeBase="C:\Users\JoachimWagner\Documents\Projekte\Bundesbank\DataImport\GenericReadersAndWritersTests\bin\Debug\netcoreapp2.1\GenericReadersAndWritersTests.dll" adapterTypeName="executor://nunit3testexecutor/" className="BBk.Rc1.Ricis.SharedLibraries.GenericReadersAndWriters.File.Csv.LineTokenizer.Tests.FileSetTests" name="ReadDecimalByPosition_IllegalPosition_throwsIndexOutOfRangeException" />
    </UnitTest>
    <UnitTest name="ReadUIntByPosition_ColumnValueIsNull_returnsDefaultValue" storage="c:\users\joachimwagner\documents\projekte\bundesbank\dataimport\genericreadersandwriterstests\bin\debug\netcoreapp2.1\genericreadersandwriterstests.dll" id="21f7e741-a675-dbbd-b35a-ec5b27351f62">
      <Execution id="6757a676-966c-4122-aa55-0de8e3c17587" />
      <TestMethod codeBase="C:\Users\JoachimWagner\Documents\Projekte\Bundesbank\DataImport\GenericReadersAndWritersTests\bin\Debug\netcoreapp2.1\GenericReadersAndWritersTests.dll" adapterTypeName="executor://nunit3testexecutor/" className="BBk.Rc1.Ricis.SharedLibraries.GenericReadersAndWriters.File.Csv.LineTokenizer.Tests.FileSetTests" name="ReadUIntByPosition_ColumnValueIsNull_returnsDefaultValue" />
    </UnitTest>
    <UnitTest name="ReadDecimalByPosition_ColumnValueIsNull_returnsDefaultValue" storage="c:\users\joachimwagner\documents\projekte\bundesbank\dataimport\genericreadersandwriterstests\bin\debug\netcoreapp2.1\genericreadersandwriterstests.dll" id="51ceddf9-9b63-35e7-1130-7d14d0dd6020">
      <Execution id="691f1322-e4e8-4041-bbfe-13cb24543d7d" />
      <TestMethod codeBase="C:\Users\JoachimWagner\Documents\Projekte\Bundesbank\DataImport\GenericReadersAndWritersTests\bin\Debug\netcoreapp2.1\GenericReadersAndWritersTests.dll" adapterTypeName="executor://nunit3testexecutor/" className="BBk.Rc1.Ricis.SharedLibraries.GenericReadersAndWriters.File.Csv.LineTokenizer.Tests.FileSetTests" name="ReadDecimalByPosition_ColumnValueIsNull_returnsDefaultValue" />
    </UnitTest>
    <UnitTest name="Read_NoHeadlines_Success" storage="c:\users\joachimwagner\documents\projekte\bundesbank\dataimport\genericreadersandwriterstests\bin\debug\netcoreapp2.1\genericreadersandwriterstests.dll" id="27b2d23f-2d93-b00e-67aa-18eff944a29a">
      <Execution id="6a2c5ab9-4b6a-4d0b-8b72-ea4083734c87" />
      <TestMethod codeBase="C:\Users\JoachimWagner\Documents\Projekte\Bundesbank\DataImport\GenericReadersAndWritersTests\bin\Debug\netcoreapp2.1\GenericReadersAndWritersTests.dll" adapterTypeName="executor://nunit3testexecutor/" className="BBk.Rc1.Ricis.SharedLibraries.GenericReadersAndWriters.File.Csv.Tests.AbstractCsvFileReaderTests" name="Read_NoHeadlines_Success" />
    </UnitTest>
    <UnitTest name="ReadLongByName_ColumnValueIsValid_returnsColumnValue" storage="c:\users\joachimwagner\documents\projekte\bundesbank\dataimport\genericreadersandwriterstests\bin\debug\netcoreapp2.1\genericreadersandwriterstests.dll" id="215c0f1c-cecf-9a95-6534-66edcf077cd7">
      <Execution id="10f36e7c-4d97-430c-9d75-d25d0d31b21a" />
      <TestMethod codeBase="C:\Users\JoachimWagner\Documents\Projekte\Bundesbank\DataImport\GenericReadersAndWritersTests\bin\Debug\netcoreapp2.1\GenericReadersAndWritersTests.dll" adapterTypeName="executor://nunit3testexecutor/" className="BBk.Rc1.Ricis.SharedLibraries.GenericReadersAndWriters.File.Csv.LineTokenizer.Tests.FileSetTests" name="ReadLongByName_ColumnValueIsValid_returnsColumnValue" />
    </UnitTest>
    <UnitTest name="ReadShortByPosition_ColumnValueIsValid_returnsColumnValue" storage="c:\users\joachimwagner\documents\projekte\bundesbank\dataimport\genericreadersandwriterstests\bin\debug\netcoreapp2.1\genericreadersandwriterstests.dll" id="3e33229f-6b8c-902d-9c7f-f151f7662b5d">
      <Execution id="ca2637b4-52be-4357-bc9b-33644af1e242" />
      <TestMethod codeBase="C:\Users\JoachimWagner\Documents\Projekte\Bundesbank\DataImport\GenericReadersAndWritersTests\bin\Debug\netcoreapp2.1\GenericReadersAndWritersTests.dll" adapterTypeName="executor://nunit3testexecutor/" className="BBk.Rc1.Ricis.SharedLibraries.GenericReadersAndWriters.File.Csv.LineTokenizer.Tests.FileSetTests" name="ReadShortByPosition_ColumnValueIsValid_returnsColumnValue" />
    </UnitTest>
    <UnitTest name="ReadSByteByPosition_ColumnValueIsValid_returnsColumnValue" storage="c:\users\joachimwagner\documents\projekte\bundesbank\dataimport\genericreadersandwriterstests\bin\debug\netcoreapp2.1\genericreadersandwriterstests.dll" id="cb603bea-42c1-efb6-0c3c-26cc88996c55">
      <Execution id="e31fa1ef-1b07-4b54-9427-472f54af4a90" />
      <TestMethod codeBase="C:\Users\JoachimWagner\Documents\Projekte\Bundesbank\DataImport\GenericReadersAndWritersTests\bin\Debug\netcoreapp2.1\GenericReadersAndWritersTests.dll" adapterTypeName="executor://nunit3testexecutor/" className="BBk.Rc1.Ricis.SharedLibraries.GenericReadersAndWriters.File.Csv.LineTokenizer.Tests.FileSetTests" name="ReadSByteByPosition_ColumnValueIsValid_returnsColumnValue" />
    </UnitTest>
    <UnitTest name="ReadByteByName_ColumnValueIsValid_returnsColumnValue" storage="c:\users\joachimwagner\documents\projekte\bundesbank\dataimport\genericreadersandwriterstests\bin\debug\netcoreapp2.1\genericreadersandwriterstests.dll" id="b5ac5171-235e-65fa-c5c1-5f95389c35dd">
      <Execution id="7fdc6314-631f-4a9d-acfb-860b35f18b45" />
      <TestMethod codeBase="C:\Users\JoachimWagner\Documents\Projekte\Bundesbank\DataImport\GenericReadersAndWritersTests\bin\Debug\netcoreapp2.1\GenericReadersAndWritersTests.dll" adapterTypeName="executor://nunit3testexecutor/" className="BBk.Rc1.Ricis.SharedLibraries.GenericReadersAndWriters.File.Csv.LineTokenizer.Tests.FileSetTests" name="ReadByteByName_ColumnValueIsValid_returnsColumnValue" />
    </UnitTest>
    <UnitTest name="ReadDecimalByPosition_ColumnValueIsValid_returnsColumnValue" storage="c:\users\joachimwagner\documents\projekte\bundesbank\dataimport\genericreadersandwriterstests\bin\debug\netcoreapp2.1\genericreadersandwriterstests.dll" id="04f8c6c1-b404-94ff-713a-c7a0934a0e84">
      <Execution id="69e09761-d222-4341-a50d-fe3c4af3874c" />
      <TestMethod codeBase="C:\Users\JoachimWagner\Documents\Projekte\Bundesbank\DataImport\GenericReadersAndWritersTests\bin\Debug\netcoreapp2.1\GenericReadersAndWritersTests.dll" adapterTypeName="executor://nunit3testexecutor/" className="BBk.Rc1.Ricis.SharedLibraries.GenericReadersAndWriters.File.Csv.LineTokenizer.Tests.FileSetTests" name="ReadDecimalByPosition_ColumnValueIsValid_returnsColumnValue" />
    </UnitTest>
    <UnitTest name="ReadStringByPosition_IllegalPosition_throwsIndexOutOfRangeException" storage="c:\users\joachimwagner\documents\projekte\bundesbank\dataimport\genericreadersandwriterstests\bin\debug\netcoreapp2.1\genericreadersandwriterstests.dll" id="1f14a07f-f083-d069-df52-f95d0ab32b2c">
      <Execution id="cd5f7a1e-5792-4dda-860f-2149bd483e69" />
      <TestMethod codeBase="C:\Users\JoachimWagner\Documents\Projekte\Bundesbank\DataImport\GenericReadersAndWritersTests\bin\Debug\netcoreapp2.1\GenericReadersAndWritersTests.dll" adapterTypeName="executor://nunit3testexecutor/" className="BBk.Rc1.Ricis.SharedLibraries.GenericReadersAndWriters.File.Csv.LineTokenizer.Tests.FileSetTests" name="ReadStringByPosition_IllegalPosition_throwsIndexOutOfRangeException" />
    </UnitTest>
    <UnitTest name="ReadUIntByPosition_IllegalPosition_throwsIndexOutOfRangeException" storage="c:\users\joachimwagner\documents\projekte\bundesbank\dataimport\genericreadersandwriterstests\bin\debug\netcoreapp2.1\genericreadersandwriterstests.dll" id="a4d55b8e-1ad7-4aaf-f2db-a3881347b967">
      <Execution id="295c1f59-9e7b-4576-a503-4c4e016ca5b2" />
      <TestMethod codeBase="C:\Users\JoachimWagner\Documents\Projekte\Bundesbank\DataImport\GenericReadersAndWritersTests\bin\Debug\netcoreapp2.1\GenericReadersAndWritersTests.dll" adapterTypeName="executor://nunit3testexecutor/" className="BBk.Rc1.Ricis.SharedLibraries.GenericReadersAndWriters.File.Csv.LineTokenizer.Tests.FileSetTests" name="ReadUIntByPosition_IllegalPosition_throwsIndexOutOfRangeException" />
    </UnitTest>
    <UnitTest name="ReadByteByPosition_ColumnValueIsValid_returnsColumnValue" storage="c:\users\joachimwagner\documents\projekte\bundesbank\dataimport\genericreadersandwriterstests\bin\debug\netcoreapp2.1\genericreadersandwriterstests.dll" id="9d73e50a-a337-a010-d991-6206f99c208d">
      <Execution id="0a4d4b2e-51b0-4623-9c07-6b07895ded05" />
      <TestMethod codeBase="C:\Users\JoachimWagner\Documents\Projekte\Bundesbank\DataImport\GenericReadersAndWritersTests\bin\Debug\netcoreapp2.1\GenericReadersAndWritersTests.dll" adapterTypeName="executor://nunit3testexecutor/" className="BBk.Rc1.Ricis.SharedLibraries.GenericReadersAndWriters.File.Csv.LineTokenizer.Tests.FileSetTests" name="ReadByteByPosition_ColumnValueIsValid_returnsColumnValue" />
    </UnitTest>
    <UnitTest name="ReadStringByPosition_ColumnValueIsNull_returnsDefaultValue" storage="c:\users\joachimwagner\documents\projekte\bundesbank\dataimport\genericreadersandwriterstests\bin\debug\netcoreapp2.1\genericreadersandwriterstests.dll" id="30cfd5cb-e202-5ca3-06d1-964df82948cd">
      <Execution id="39ad74cf-9a62-4352-abbd-c2fe43106086" />
      <TestMethod codeBase="C:\Users\JoachimWagner\Documents\Projekte\Bundesbank\DataImport\GenericReadersAndWritersTests\bin\Debug\netcoreapp2.1\GenericReadersAndWritersTests.dll" adapterTypeName="executor://nunit3testexecutor/" className="BBk.Rc1.Ricis.SharedLibraries.GenericReadersAndWriters.File.Csv.LineTokenizer.Tests.FileSetTests" name="ReadStringByPosition_ColumnValueIsNull_returnsDefaultValue" />
    </UnitTest>
    <UnitTest name="ReadULongByPosition_IllegalPosition_throwsIndexOutOfRangeException" storage="c:\users\joachimwagner\documents\projekte\bundesbank\dataimport\genericreadersandwriterstests\bin\debug\netcoreapp2.1\genericreadersandwriterstests.dll" id="8692aa5b-a8d1-7857-e1fe-d9632999316f">
      <Execution id="79b46bc8-8c6f-4217-8a8d-74918df8ba2d" />
      <TestMethod codeBase="C:\Users\JoachimWagner\Documents\Projekte\Bundesbank\DataImport\GenericReadersAndWritersTests\bin\Debug\netcoreapp2.1\GenericReadersAndWritersTests.dll" adapterTypeName="executor://nunit3testexecutor/" className="BBk.Rc1.Ricis.SharedLibraries.GenericReadersAndWriters.File.Csv.LineTokenizer.Tests.FileSetTests" name="ReadULongByPosition_IllegalPosition_throwsIndexOutOfRangeException" />
    </UnitTest>
    <UnitTest name="ReadSByteByPosition_IllegalPosition_throwsIndexOutOfRangeException" storage="c:\users\joachimwagner\documents\projekte\bundesbank\dataimport\genericreadersandwriterstests\bin\debug\netcoreapp2.1\genericreadersandwriterstests.dll" id="0cdaf4b3-edcf-efa9-84ca-dab367d01c8f">
      <Execution id="5b796de8-21de-4c4b-998f-553847a4a632" />
      <TestMethod codeBase="C:\Users\JoachimWagner\Documents\Projekte\Bundesbank\DataImport\GenericReadersAndWritersTests\bin\Debug\netcoreapp2.1\GenericReadersAndWritersTests.dll" adapterTypeName="executor://nunit3testexecutor/" className="BBk.Rc1.Ricis.SharedLibraries.GenericReadersAndWriters.File.Csv.LineTokenizer.Tests.FileSetTests" name="ReadSByteByPosition_IllegalPosition_throwsIndexOutOfRangeException" />
    </UnitTest>
    <UnitTest name="ReadByteByPosition_ColumnValueIsNull_returnsDefaultValue" storage="c:\users\joachimwagner\documents\projekte\bundesbank\dataimport\genericreadersandwriterstests\bin\debug\netcoreapp2.1\genericreadersandwriterstests.dll" id="6146608c-899d-b53b-068b-d998c239ef5c">
      <Execution id="08e6e27e-0069-44d7-9bcd-a630444fcc5d" />
      <TestMethod codeBase="C:\Users\JoachimWagner\Documents\Projekte\Bundesbank\DataImport\GenericReadersAndWritersTests\bin\Debug\netcoreapp2.1\GenericReadersAndWritersTests.dll" adapterTypeName="executor://nunit3testexecutor/" className="BBk.Rc1.Ricis.SharedLibraries.GenericReadersAndWriters.File.Csv.LineTokenizer.Tests.FileSetTests" name="ReadByteByPosition_ColumnValueIsNull_returnsDefaultValue" />
    </UnitTest>
    <UnitTest name="ReadBigIntegerByName_ColumnValueIsValid_returnsColumnValue" storage="c:\users\joachimwagner\documents\projekte\bundesbank\dataimport\genericreadersandwriterstests\bin\debug\netcoreapp2.1\genericreadersandwriterstests.dll" id="b16cbc76-33c8-b693-998e-623beb9aa925">
      <Execution id="0c2c1597-c203-4ac7-948e-4eb147dce830" />
      <TestMethod codeBase="C:\Users\JoachimWagner\Documents\Projekte\Bundesbank\DataImport\GenericReadersAndWritersTests\bin\Debug\netcoreapp2.1\GenericReadersAndWritersTests.dll" adapterTypeName="executor://nunit3testexecutor/" className="BBk.Rc1.Ricis.SharedLibraries.GenericReadersAndWriters.File.Csv.LineTokenizer.Tests.FileSetTests" name="ReadBigIntegerByName_ColumnValueIsValid_returnsColumnValue" />
    </UnitTest>
    <UnitTest name="ReadDoubleByPosition_IllegalPosition_throwsIndexOutOfRangeException" storage="c:\users\joachimwagner\documents\projekte\bundesbank\dataimport\genericreadersandwriterstests\bin\debug\netcoreapp2.1\genericreadersandwriterstests.dll" id="cbb8c242-7708-2b27-f875-82ad4bb5bf5c">
      <Execution id="6c221431-427e-4a04-adc1-eb6567e68f75" />
      <TestMethod codeBase="C:\Users\JoachimWagner\Documents\Projekte\Bundesbank\DataImport\GenericReadersAndWritersTests\bin\Debug\netcoreapp2.1\GenericReadersAndWritersTests.dll" adapterTypeName="executor://nunit3testexecutor/" className="BBk.Rc1.Ricis.SharedLibraries.GenericReadersAndWriters.File.Csv.LineTokenizer.Tests.FileSetTests" name="ReadDoubleByPosition_IllegalPosition_throwsIndexOutOfRangeException" />
    </UnitTest>
    <UnitTest name="Tokenize_HappyDay_Success" storage="c:\users\joachimwagner\documents\projekte\bundesbank\dataimport\genericreadersandwriterstests\bin\debug\netcoreapp2.1\genericreadersandwriterstests.dll" id="8eeddfa7-9ff2-9b4b-cc05-6c08cccd97be">
      <Execution id="7dde57dd-f27c-4db5-bffc-ca1873bcd6d7" />
      <TestMethod codeBase="C:\Users\JoachimWagner\Documents\Projekte\Bundesbank\DataImport\GenericReadersAndWritersTests\bin\Debug\netcoreapp2.1\GenericReadersAndWritersTests.dll" adapterTypeName="executor://nunit3testexecutor/" className="BBk.Rc1.Ricis.SharedLibraries.GenericReadersAndWriters.File.Csv.LineTokenizer.Tests.DefaultCommaSeparatedLineTokenizerTests" name="Tokenize_HappyDay_Success" />
    </UnitTest>
    <UnitTest name="ReadTimeByName_ColumnValueIsValid_returnsColumnValue" storage="c:\users\joachimwagner\documents\projekte\bundesbank\dataimport\genericreadersandwriterstests\bin\debug\netcoreapp2.1\genericreadersandwriterstests.dll" id="178ccf5e-91bb-0524-a3fb-239a0647a9cd">
      <Execution id="58a665aa-0542-46a1-8dcf-cecbf2991d35" />
      <TestMethod codeBase="C:\Users\JoachimWagner\Documents\Projekte\Bundesbank\DataImport\GenericReadersAndWritersTests\bin\Debug\netcoreapp2.1\GenericReadersAndWritersTests.dll" adapterTypeName="executor://nunit3testexecutor/" className="BBk.Rc1.Ricis.SharedLibraries.GenericReadersAndWriters.File.Csv.LineTokenizer.Tests.FileSetTests" name="ReadTimeByName_ColumnValueIsValid_returnsColumnValue" />
    </UnitTest>
    <UnitTest name="ReadShortByPosition_ColumnValueIsNull_returnsDefaultValue" storage="c:\users\joachimwagner\documents\projekte\bundesbank\dataimport\genericreadersandwriterstests\bin\debug\netcoreapp2.1\genericreadersandwriterstests.dll" id="29ad57ce-fe8b-6876-9d1e-e06ac53ff752">
      <Execution id="9575fc44-3f34-4392-a9f8-d0c4055b0798" />
      <TestMethod codeBase="C:\Users\JoachimWagner\Documents\Projekte\Bundesbank\DataImport\GenericReadersAndWritersTests\bin\Debug\netcoreapp2.1\GenericReadersAndWritersTests.dll" adapterTypeName="executor://nunit3testexecutor/" className="BBk.Rc1.Ricis.SharedLibraries.GenericReadersAndWriters.File.Csv.LineTokenizer.Tests.FileSetTests" name="ReadShortByPosition_ColumnValueIsNull_returnsDefaultValue" />
    </UnitTest>
    <UnitTest name="ReadULongByPosition_ColumnValueIsNull_returnsDefaultValue" storage="c:\users\joachimwagner\documents\projekte\bundesbank\dataimport\genericreadersandwriterstests\bin\debug\netcoreapp2.1\genericreadersandwriterstests.dll" id="d5462450-f0d0-a45d-7257-bee2d85016db">
      <Execution id="442f6bf1-9a12-49a1-91cd-c07adc30f778" />
      <TestMethod codeBase="C:\Users\JoachimWagner\Documents\Projekte\Bundesbank\DataImport\GenericReadersAndWritersTests\bin\Debug\netcoreapp2.1\GenericReadersAndWritersTests.dll" adapterTypeName="executor://nunit3testexecutor/" className="BBk.Rc1.Ricis.SharedLibraries.GenericReadersAndWriters.File.Csv.LineTokenizer.Tests.FileSetTests" name="ReadULongByPosition_ColumnValueIsNull_returnsDefaultValue" />
    </UnitTest>
    <UnitTest name="ReadStringByName_ColumnValueIsValid_returnsColumnValue" storage="c:\users\joachimwagner\documents\projekte\bundesbank\dataimport\genericreadersandwriterstests\bin\debug\netcoreapp2.1\genericreadersandwriterstests.dll" id="e4caea33-045d-b991-edb0-f1f3c3f2a0d2">
      <Execution id="53e04e11-2354-4ba0-8c8f-7459d8ea1231" />
      <TestMethod codeBase="C:\Users\JoachimWagner\Documents\Projekte\Bundesbank\DataImport\GenericReadersAndWritersTests\bin\Debug\netcoreapp2.1\GenericReadersAndWritersTests.dll" adapterTypeName="executor://nunit3testexecutor/" className="BBk.Rc1.Ricis.SharedLibraries.GenericReadersAndWriters.File.Csv.LineTokenizer.Tests.FileSetTests" name="ReadStringByName_ColumnValueIsValid_returnsColumnValue" />
    </UnitTest>
    <UnitTest name="ReadBigIntegerByPosition_ColumnValueIsValid_returnsColumnValue" storage="c:\users\joachimwagner\documents\projekte\bundesbank\dataimport\genericreadersandwriterstests\bin\debug\netcoreapp2.1\genericreadersandwriterstests.dll" id="fa8745ff-fec0-572e-6afc-59f36ad1c077">
      <Execution id="344b459a-91d8-41da-8ac5-285e517bc8be" />
      <TestMethod codeBase="C:\Users\JoachimWagner\Documents\Projekte\Bundesbank\DataImport\GenericReadersAndWritersTests\bin\Debug\netcoreapp2.1\GenericReadersAndWritersTests.dll" adapterTypeName="executor://nunit3testexecutor/" className="BBk.Rc1.Ricis.SharedLibraries.GenericReadersAndWriters.File.Csv.LineTokenizer.Tests.FileSetTests" name="ReadBigIntegerByPosition_ColumnValueIsValid_returnsColumnValue" />
    </UnitTest>
    <UnitTest name="ReadTimeByPosition_ColumnValueIsValid_returnsColumnValue" storage="c:\users\joachimwagner\documents\projekte\bundesbank\dataimport\genericreadersandwriterstests\bin\debug\netcoreapp2.1\genericreadersandwriterstests.dll" id="47c99baa-41af-a01a-4df8-ec2e75b4ec6a">
      <Execution id="fa27e3ac-7300-450e-96c2-931d94a67a0c" />
      <TestMethod codeBase="C:\Users\JoachimWagner\Documents\Projekte\Bundesbank\DataImport\GenericReadersAndWritersTests\bin\Debug\netcoreapp2.1\GenericReadersAndWritersTests.dll" adapterTypeName="executor://nunit3testexecutor/" className="BBk.Rc1.Ricis.SharedLibraries.GenericReadersAndWriters.File.Csv.LineTokenizer.Tests.FileSetTests" name="ReadTimeByPosition_ColumnValueIsValid_returnsColumnValue" />
    </UnitTest>
    <UnitTest name="ReadBoolByPosition_ColumnValueIsNull_returnsDefaultValue" storage="c:\users\joachimwagner\documents\projekte\bundesbank\dataimport\genericreadersandwriterstests\bin\debug\netcoreapp2.1\genericreadersandwriterstests.dll" id="33d850d1-573c-00d7-7747-054cd77f8fbe">
      <Execution id="fcab5bff-38d8-4226-82ac-ef7159336a74" />
      <TestMethod codeBase="C:\Users\JoachimWagner\Documents\Projekte\Bundesbank\DataImport\GenericReadersAndWritersTests\bin\Debug\netcoreapp2.1\GenericReadersAndWritersTests.dll" adapterTypeName="executor://nunit3testexecutor/" className="BBk.Rc1.Ricis.SharedLibraries.GenericReadersAndWriters.File.Csv.LineTokenizer.Tests.FileSetTests" name="ReadBoolByPosition_ColumnValueIsNull_returnsDefaultValue" />
    </UnitTest>
    <UnitTest name="ReadUShortByName_ColumnValueIsValid_returnsColumnValue" storage="c:\users\joachimwagner\documents\projekte\bundesbank\dataimport\genericreadersandwriterstests\bin\debug\netcoreapp2.1\genericreadersandwriterstests.dll" id="1fb2762f-e34c-78c8-f13c-b47daa480826">
      <Execution id="7e4517ce-6cf0-447a-b888-d6ddb8103d4c" />
      <TestMethod codeBase="C:\Users\JoachimWagner\Documents\Projekte\Bundesbank\DataImport\GenericReadersAndWritersTests\bin\Debug\netcoreapp2.1\GenericReadersAndWritersTests.dll" adapterTypeName="executor://nunit3testexecutor/" className="BBk.Rc1.Ricis.SharedLibraries.GenericReadersAndWriters.File.Csv.LineTokenizer.Tests.FileSetTests" name="ReadUShortByName_ColumnValueIsValid_returnsColumnValue" />
    </UnitTest>
    <UnitTest name="ReadULongByPosition_ColumnValueIsValid_returnsColumnValue" storage="c:\users\joachimwagner\documents\projekte\bundesbank\dataimport\genericreadersandwriterstests\bin\debug\netcoreapp2.1\genericreadersandwriterstests.dll" id="dc996df5-fcaf-c4b6-c7fd-779d925f1c81">
      <Execution id="66bbed19-2257-435c-b17e-9e06f39be359" />
      <TestMethod codeBase="C:\Users\JoachimWagner\Documents\Projekte\Bundesbank\DataImport\GenericReadersAndWritersTests\bin\Debug\netcoreapp2.1\GenericReadersAndWritersTests.dll" adapterTypeName="executor://nunit3testexecutor/" className="BBk.Rc1.Ricis.SharedLibraries.GenericReadersAndWriters.File.Csv.LineTokenizer.Tests.FileSetTests" name="ReadULongByPosition_ColumnValueIsValid_returnsColumnValue" />
    </UnitTest>
    <UnitTest name="ReadIntByPosition_IllegalPosition_throwsIndexOutOfRangeException" storage="c:\users\joachimwagner\documents\projekte\bundesbank\dataimport\genericreadersandwriterstests\bin\debug\netcoreapp2.1\genericreadersandwriterstests.dll" id="d2741692-cada-6e12-c5f4-d996ef483003">
      <Execution id="07a2faa6-58a5-432a-b7d1-15874d39b3d5" />
      <TestMethod codeBase="C:\Users\JoachimWagner\Documents\Projekte\Bundesbank\DataImport\GenericReadersAndWritersTests\bin\Debug\netcoreapp2.1\GenericReadersAndWritersTests.dll" adapterTypeName="executor://nunit3testexecutor/" className="BBk.Rc1.Ricis.SharedLibraries.GenericReadersAndWriters.File.Csv.LineTokenizer.Tests.FileSetTests" name="ReadIntByPosition_IllegalPosition_throwsIndexOutOfRangeException" />
    </UnitTest>
    <UnitTest name="ReadSByteByName_ColumnValueIsValid_returnsColumnValue" storage="c:\users\joachimwagner\documents\projekte\bundesbank\dataimport\genericreadersandwriterstests\bin\debug\netcoreapp2.1\genericreadersandwriterstests.dll" id="a61db63c-409a-c69d-4251-a4fce715ef24">
      <Execution id="d42100b2-362f-4c9d-973e-8cd2af5b2650" />
      <TestMethod codeBase="C:\Users\JoachimWagner\Documents\Projekte\Bundesbank\DataImport\GenericReadersAndWritersTests\bin\Debug\netcoreapp2.1\GenericReadersAndWritersTests.dll" adapterTypeName="executor://nunit3testexecutor/" className="BBk.Rc1.Ricis.SharedLibraries.GenericReadersAndWriters.File.Csv.LineTokenizer.Tests.FileSetTests" name="ReadSByteByName_ColumnValueIsValid_returnsColumnValue" />
    </UnitTest>
    <UnitTest name="ReadByteByPosition_IllegalPosition_throwsIndexOutOfRangeException" storage="c:\users\joachimwagner\documents\projekte\bundesbank\dataimport\genericreadersandwriterstests\bin\debug\netcoreapp2.1\genericreadersandwriterstests.dll" id="f019755f-e0a8-8666-3273-046e81d5d5a1">
      <Execution id="9f7126f0-50c1-4a69-9208-69824605a0c9" />
      <TestMethod codeBase="C:\Users\JoachimWagner\Documents\Projekte\Bundesbank\DataImport\GenericReadersAndWritersTests\bin\Debug\netcoreapp2.1\GenericReadersAndWritersTests.dll" adapterTypeName="executor://nunit3testexecutor/" className="BBk.Rc1.Ricis.SharedLibraries.GenericReadersAndWriters.File.Csv.LineTokenizer.Tests.FileSetTests" name="ReadByteByPosition_IllegalPosition_throwsIndexOutOfRangeException" />
    </UnitTest>
    <UnitTest name="ReadDoubleByName_ColumnValueIsValid_returnsColumnValue" storage="c:\users\joachimwagner\documents\projekte\bundesbank\dataimport\genericreadersandwriterstests\bin\debug\netcoreapp2.1\genericreadersandwriterstests.dll" id="c3c88055-1e45-edb8-1589-dc337bccb041">
      <Execution id="c888743d-774c-47d5-96d9-6966eea211fe" />
      <TestMethod codeBase="C:\Users\JoachimWagner\Documents\Projekte\Bundesbank\DataImport\GenericReadersAndWritersTests\bin\Debug\netcoreapp2.1\GenericReadersAndWritersTests.dll" adapterTypeName="executor://nunit3testexecutor/" className="BBk.Rc1.Ricis.SharedLibraries.GenericReadersAndWriters.File.Csv.LineTokenizer.Tests.FileSetTests" name="ReadDoubleByName_ColumnValueIsValid_returnsColumnValue" />
    </UnitTest>
    <UnitTest name="ReadIntByName_ColumnValueIsValid_returnsColumnValue" storage="c:\users\joachimwagner\documents\projekte\bundesbank\dataimport\genericreadersandwriterstests\bin\debug\netcoreapp2.1\genericreadersandwriterstests.dll" id="72b4b17d-9389-e3a5-908d-e1d916fd9d4d">
      <Execution id="2b8257f1-92d1-4442-a3cb-60983057c787" />
      <TestMethod codeBase="C:\Users\JoachimWagner\Documents\Projekte\Bundesbank\DataImport\GenericReadersAndWritersTests\bin\Debug\netcoreapp2.1\GenericReadersAndWritersTests.dll" adapterTypeName="executor://nunit3testexecutor/" className="BBk.Rc1.Ricis.SharedLibraries.GenericReadersAndWriters.File.Csv.LineTokenizer.Tests.FileSetTests" name="ReadIntByName_ColumnValueIsValid_returnsColumnValue" />
    </UnitTest>
  </TestDefinitions>
  <TestEntries>
    <TestEntry testId="8eeddfa7-9ff2-9b4b-cc05-6c08cccd97be" executionId="7dde57dd-f27c-4db5-bffc-ca1873bcd6d7" testListId="8c84fa94-04c1-424b-9868-57a2d4851a1d" />
    <TestEntry testId="47dcd5e5-c495-3daf-20e4-fb6809725f3a" executionId="65b89a76-3aca-4a71-a099-6a2311a7b9d6" testListId="8c84fa94-04c1-424b-9868-57a2d4851a1d" />
    <TestEntry testId="6146608c-899d-b53b-068b-d998c239ef5c" executionId="08e6e27e-0069-44d7-9bcd-a630444fcc5d" testListId="8c84fa94-04c1-424b-9868-57a2d4851a1d" />
    <TestEntry testId="8344d006-b7c9-a2f5-b0bb-02b80f0fa7a7" executionId="18d494a6-d5a8-4eee-8900-274de64f199e" testListId="8c84fa94-04c1-424b-9868-57a2d4851a1d" />
    <TestEntry testId="a61db63c-409a-c69d-4251-a4fce715ef24" executionId="d42100b2-362f-4c9d-973e-8cd2af5b2650" testListId="8c84fa94-04c1-424b-9868-57a2d4851a1d" />
    <TestEntry testId="7068c8ce-4458-c8b0-db04-a6cc958810a6" executionId="c08ef2aa-1ce9-48f6-bc0b-ede545cf70bf" testListId="8c84fa94-04c1-424b-9868-57a2d4851a1d" />
    <TestEntry testId="9936a135-d22a-4ca8-2234-30d61c580d3a" executionId="0d456033-7664-4923-8cb9-92c7cb97825b" testListId="8c84fa94-04c1-424b-9868-57a2d4851a1d" />
    <TestEntry testId="215c0f1c-cecf-9a95-6534-66edcf077cd7" executionId="10f36e7c-4d97-430c-9d75-d25d0d31b21a" testListId="8c84fa94-04c1-424b-9868-57a2d4851a1d" />
    <TestEntry testId="07c6e8b0-6060-0fdb-e553-b910aa38d5a3" executionId="2d095819-252b-4df0-b5aa-f6e211c1abbc" testListId="8c84fa94-04c1-424b-9868-57a2d4851a1d" />
    <TestEntry testId="29ad57ce-fe8b-6876-9d1e-e06ac53ff752" executionId="9575fc44-3f34-4392-a9f8-d0c4055b0798" testListId="8c84fa94-04c1-424b-9868-57a2d4851a1d" />
    <TestEntry testId="d8e89047-265f-ae8c-f72e-27a12a7e3e84" executionId="b6d1ce2c-cc98-4766-94f4-c09b2e26c6ae" testListId="8c84fa94-04c1-424b-9868-57a2d4851a1d" />
    <TestEntry testId="dc996df5-fcaf-c4b6-c7fd-779d925f1c81" executionId="66bbed19-2257-435c-b17e-9e06f39be359" testListId="8c84fa94-04c1-424b-9868-57a2d4851a1d" />
    <TestEntry testId="75e3471c-c567-b6f6-0af9-0f892fc17df2" executionId="a6c427a9-fc4c-47ef-a83e-1a634e15a97f" testListId="8c84fa94-04c1-424b-9868-57a2d4851a1d" />
    <TestEntry testId="9d73e50a-a337-a010-d991-6206f99c208d" executionId="0a4d4b2e-51b0-4623-9c07-6b07895ded05" testListId="8c84fa94-04c1-424b-9868-57a2d4851a1d" />
    <TestEntry testId="64462de1-2139-9fb7-a19a-c62ddd8d88cc" executionId="1996f697-e5a1-4710-b279-bda9453ded4d" testListId="8c84fa94-04c1-424b-9868-57a2d4851a1d" />
    <TestEntry testId="0b5c0338-d113-65c4-5059-a95aef619330" executionId="865bba5e-e78d-431f-bbfd-ac681d48a974" testListId="8c84fa94-04c1-424b-9868-57a2d4851a1d" />
    <TestEntry testId="28f94242-c443-4b67-7478-774497100d62" executionId="c6179a24-1917-46cd-ab45-4c9bec67ee94" testListId="8c84fa94-04c1-424b-9868-57a2d4851a1d" />
    <TestEntry testId="d23fe4d5-ce91-9c32-4d57-52ea4ff4f709" executionId="a2fc230a-3c10-4d0b-91af-34e309d08b03" testListId="8c84fa94-04c1-424b-9868-57a2d4851a1d" />
    <TestEntry testId="04f8c6c1-b404-94ff-713a-c7a0934a0e84" executionId="69e09761-d222-4341-a50d-fe3c4af3874c" testListId="8c84fa94-04c1-424b-9868-57a2d4851a1d" />
    <TestEntry testId="72b4b17d-9389-e3a5-908d-e1d916fd9d4d" executionId="2b8257f1-92d1-4442-a3cb-60983057c787" testListId="8c84fa94-04c1-424b-9868-57a2d4851a1d" />
    <TestEntry testId="30cfd5cb-e202-5ca3-06d1-964df82948cd" executionId="39ad74cf-9a62-4352-abbd-c2fe43106086" testListId="8c84fa94-04c1-424b-9868-57a2d4851a1d" />
    <TestEntry testId="f890ec51-2aa5-52e9-7ac3-82a09596ef12" executionId="2af189ba-86f7-4629-b049-e9831986eb06" testListId="8c84fa94-04c1-424b-9868-57a2d4851a1d" />
    <TestEntry testId="f7c7320f-4f44-9339-2098-e403250c3578" executionId="2d3dce31-eecf-4859-a2a8-22a5ef634f87" testListId="8c84fa94-04c1-424b-9868-57a2d4851a1d" />
    <TestEntry testId="47c99baa-41af-a01a-4df8-ec2e75b4ec6a" executionId="fa27e3ac-7300-450e-96c2-931d94a67a0c" testListId="8c84fa94-04c1-424b-9868-57a2d4851a1d" />
    <TestEntry testId="e4caea33-045d-b991-edb0-f1f3c3f2a0d2" executionId="53e04e11-2354-4ba0-8c8f-7459d8ea1231" testListId="8c84fa94-04c1-424b-9868-57a2d4851a1d" />
    <TestEntry testId="792a67fb-ceeb-5801-6983-49a6d3502401" executionId="d8502a40-9a7c-4952-98df-7cfd0cebd090" testListId="8c84fa94-04c1-424b-9868-57a2d4851a1d" />
    <TestEntry testId="787bed18-d401-7a51-52b1-e3a0490d9e59" executionId="6c9fa896-84ee-4f35-9195-2fa1e3cf3c5c" testListId="8c84fa94-04c1-424b-9868-57a2d4851a1d" />
    <TestEntry testId="1fb2762f-e34c-78c8-f13c-b47daa480826" executionId="7e4517ce-6cf0-447a-b888-d6ddb8103d4c" testListId="8c84fa94-04c1-424b-9868-57a2d4851a1d" />
    <TestEntry testId="b5ac5171-235e-65fa-c5c1-5f95389c35dd" executionId="7fdc6314-631f-4a9d-acfb-860b35f18b45" testListId="8c84fa94-04c1-424b-9868-57a2d4851a1d" />
    <TestEntry testId="01daa5ae-e724-dbb8-ef25-9fa7af4c1398" executionId="55f7ff25-86f3-4fcc-b86d-4a5a800107cc" testListId="8c84fa94-04c1-424b-9868-57a2d4851a1d" />
    <TestEntry testId="1f14a07f-f083-d069-df52-f95d0ab32b2c" executionId="cd5f7a1e-5792-4dda-860f-2149bd483e69" testListId="8c84fa94-04c1-424b-9868-57a2d4851a1d" />
    <TestEntry testId="3b0f93ac-123f-48d2-4664-f6d15b48060d" executionId="ef39d1c0-2755-4cd8-b995-01b5953a4498" testListId="8c84fa94-04c1-424b-9868-57a2d4851a1d" />
    <TestEntry testId="a4d55b8e-1ad7-4aaf-f2db-a3881347b967" executionId="295c1f59-9e7b-4576-a503-4c4e016ca5b2" testListId="8c84fa94-04c1-424b-9868-57a2d4851a1d" />
    <TestEntry testId="f5ff1dbe-9ecf-970e-f7f1-0fc82b946980" executionId="3779044a-c455-4c3f-b905-f5bc3f8b746a" testListId="8c84fa94-04c1-424b-9868-57a2d4851a1d" />
    <TestEntry testId="33d850d1-573c-00d7-7747-054cd77f8fbe" executionId="fcab5bff-38d8-4226-82ac-ef7159336a74" testListId="8c84fa94-04c1-424b-9868-57a2d4851a1d" />
    <TestEntry testId="a9ba31f4-5448-2bd8-cc17-6dde183f2c7e" executionId="680f44f7-c548-4714-a2de-8d189aa5b158" testListId="8c84fa94-04c1-424b-9868-57a2d4851a1d" />
    <TestEntry testId="b16cbc76-33c8-b693-998e-623beb9aa925" executionId="0c2c1597-c203-4ac7-948e-4eb147dce830" testListId="8c84fa94-04c1-424b-9868-57a2d4851a1d" />
    <TestEntry testId="c46c21f8-1be4-8ae8-7ba8-bfe4926f3b94" executionId="3133bf3c-d915-413d-8484-36780dd6de5e" testListId="8c84fa94-04c1-424b-9868-57a2d4851a1d" />
    <TestEntry testId="8692aa5b-a8d1-7857-e1fe-d9632999316f" executionId="79b46bc8-8c6f-4217-8a8d-74918df8ba2d" testListId="8c84fa94-04c1-424b-9868-57a2d4851a1d" />
    <TestEntry testId="ff3c2f34-d7a8-39c9-82f0-87dec3bd1bbb" executionId="f6c54e42-5ff3-4a6d-8714-b92c21c67c8a" testListId="8c84fa94-04c1-424b-9868-57a2d4851a1d" />
    <TestEntry testId="0604f0e8-07f4-f648-573a-db0001508c3d" executionId="4a3e15f0-fcce-47ff-afdd-795a44fbad79" testListId="8c84fa94-04c1-424b-9868-57a2d4851a1d" />
    <TestEntry testId="1811d5b1-17d8-b70d-ad75-6e8df3b977d3" executionId="0789ecf5-ce1f-444b-83e7-c1b590ff112e" testListId="8c84fa94-04c1-424b-9868-57a2d4851a1d" />
    <TestEntry testId="849f9b46-20fe-795e-71ab-a0cb84df38a3" executionId="f6956b6d-060e-4bd0-985a-6afbb15a2fd1" testListId="8c84fa94-04c1-424b-9868-57a2d4851a1d" />
    <TestEntry testId="8c3a39d5-6ca1-996c-a7c8-3ffdd0d198a8" executionId="8cbcdb06-15b7-4ca8-9f04-25dd78242a4d" testListId="8c84fa94-04c1-424b-9868-57a2d4851a1d" />
    <TestEntry testId="cbb8c242-7708-2b27-f875-82ad4bb5bf5c" executionId="6c221431-427e-4a04-adc1-eb6567e68f75" testListId="8c84fa94-04c1-424b-9868-57a2d4851a1d" />
    <TestEntry testId="731bca5c-9d61-806b-524d-2614ec58be0a" executionId="812b149d-7cbf-471b-9f35-2fbd43e97716" testListId="8c84fa94-04c1-424b-9868-57a2d4851a1d" />
    <TestEntry testId="1e1f9a61-418d-53ce-3670-83cfc0444d5d" executionId="13196bc5-c818-4c73-a714-af2a5526e2b4" testListId="8c84fa94-04c1-424b-9868-57a2d4851a1d" />
    <TestEntry testId="51ceddf9-9b63-35e7-1130-7d14d0dd6020" executionId="691f1322-e4e8-4041-bbfe-13cb24543d7d" testListId="8c84fa94-04c1-424b-9868-57a2d4851a1d" />
    <TestEntry testId="3e33229f-6b8c-902d-9c7f-f151f7662b5d" executionId="ca2637b4-52be-4357-bc9b-33644af1e242" testListId="8c84fa94-04c1-424b-9868-57a2d4851a1d" />
    <TestEntry testId="0cdaf4b3-edcf-efa9-84ca-dab367d01c8f" executionId="5b796de8-21de-4c4b-998f-553847a4a632" testListId="8c84fa94-04c1-424b-9868-57a2d4851a1d" />
    <TestEntry testId="d5462450-f0d0-a45d-7257-bee2d85016db" executionId="442f6bf1-9a12-49a1-91cd-c07adc30f778" testListId="8c84fa94-04c1-424b-9868-57a2d4851a1d" />
    <TestEntry testId="104751f4-fe8d-ab74-3936-029fe85cd861" executionId="40a910de-5d10-4938-bfdc-62f080cc21e1" testListId="8c84fa94-04c1-424b-9868-57a2d4851a1d" />
    <TestEntry testId="118aeade-357c-55b4-720c-7539d16abdc1" executionId="bc72860c-0f72-4a87-aae5-b6e15536cac5" testListId="8c84fa94-04c1-424b-9868-57a2d4851a1d" />
    <TestEntry testId="12d07d2c-62a0-fd3c-3009-e13ab934a1b8" executionId="1adb9c7d-2bd9-41c8-8bab-7b4a3f7f0618" testListId="8c84fa94-04c1-424b-9868-57a2d4851a1d" />
    <TestEntry testId="9ddbc878-c0f9-119a-a07f-af54dc2608dd" executionId="7e9c23ef-e772-4742-a824-abc6126e1a23" testListId="8c84fa94-04c1-424b-9868-57a2d4851a1d" />
    <TestEntry testId="f019755f-e0a8-8666-3273-046e81d5d5a1" executionId="9f7126f0-50c1-4a69-9208-69824605a0c9" testListId="8c84fa94-04c1-424b-9868-57a2d4851a1d" />
    <TestEntry testId="9d755510-df1c-55a1-19c7-bb204197f657" executionId="775c442a-6a10-4d24-a2ee-ab47e3ce446a" testListId="8c84fa94-04c1-424b-9868-57a2d4851a1d" />
    <TestEntry testId="cb603bea-42c1-efb6-0c3c-26cc88996c55" executionId="e31fa1ef-1b07-4b54-9427-472f54af4a90" testListId="8c84fa94-04c1-424b-9868-57a2d4851a1d" />
    <TestEntry testId="0c3e0dde-ca43-a1b4-68f3-f0bab7cb0817" executionId="0e5b6fc5-73ad-4756-847b-9d8ee1037cac" testListId="8c84fa94-04c1-424b-9868-57a2d4851a1d" />
    <TestEntry testId="5e167d49-ead9-fbbd-0f82-4f6b771ae84b" executionId="192b7ade-95b7-44c7-8110-286bb10dd1e7" testListId="8c84fa94-04c1-424b-9868-57a2d4851a1d" />
    <TestEntry testId="fa8745ff-fec0-572e-6afc-59f36ad1c077" executionId="344b459a-91d8-41da-8ac5-285e517bc8be" testListId="8c84fa94-04c1-424b-9868-57a2d4851a1d" />
    <TestEntry testId="c3c88055-1e45-edb8-1589-dc337bccb041" executionId="c888743d-774c-47d5-96d9-6966eea211fe" testListId="8c84fa94-04c1-424b-9868-57a2d4851a1d" />
    <TestEntry testId="27b2d23f-2d93-b00e-67aa-18eff944a29a" executionId="6a2c5ab9-4b6a-4d0b-8b72-ea4083734c87" testListId="8c84fa94-04c1-424b-9868-57a2d4851a1d" />
    <TestEntry testId="178ccf5e-91bb-0524-a3fb-239a0647a9cd" executionId="58a665aa-0542-46a1-8dcf-cecbf2991d35" testListId="8c84fa94-04c1-424b-9868-57a2d4851a1d" />
    <TestEntry testId="21f7e741-a675-dbbd-b35a-ec5b27351f62" executionId="6757a676-966c-4122-aa55-0de8e3c17587" testListId="8c84fa94-04c1-424b-9868-57a2d4851a1d" />
    <TestEntry testId="d2741692-cada-6e12-c5f4-d996ef483003" executionId="07a2faa6-58a5-432a-b7d1-15874d39b3d5" testListId="8c84fa94-04c1-424b-9868-57a2d4851a1d" />
  </TestEntries>
  <TestLists>
    <TestList name="Ergebnisse nicht in einer Liste" id="8c84fa94-04c1-424b-9868-57a2d4851a1d" />
    <TestList name="Alle geladenen Ergebnisse" id="19431567-8539-422a-85d7-44ee4e166bda" />
  </TestLists>
  <ResultSummary outcome="Completed">
    <Counters total="66" executed="66" passed="66" failed="0" error="0" timeout="0" aborted="0" inconclusive="0" passedButRunAborted="0" notRunnable="0" notExecuted="0" disconnected="0" warning="0" completed="0" inProgress="0" pending="0" />
    <Output>
      <StdOut>NUnit Adapter 3.16.1.0: Test execution started&#xD;
Running all tests in C:\Users\JoachimWagner\Documents\Projekte\Bundesbank\DataImport\GenericReadersAndWritersTests\bin\Debug\netcoreapp2.1\GenericReadersAndWritersTests.dll&#xD;
   NUnit3TestExecutor converted 66 of 66 NUnit test cases&#xD;
NUnit Adapter 3.16.1.0: Test execution complete&#xD;
</StdOut>
    </Output>
    <CollectorDataEntries>
      <Collector agentName="KEPLER" uri="datacollector://microsoft/CodeCoverage/2.0" collectorDisplayName="Code Coverage">
        <UriAttachments>
          <UriAttachment>
            <A href="KEPLER\JoachimWagner_KEPLER_2021-07-20.10_49_28.coverage"></A>
          </UriAttachment>
        </UriAttachments>
      </Collector>
    </CollectorDataEntries>
  </ResultSummary>
</TestRun>