<?xml version="1.0" encoding="utf-8"?>
<TestRun id="10cb601d-6b87-4f9d-8c72-7ecbfaeed2b4" name="JoachimWagner@KEPLER 2021-07-20 10:25:03" runUser="AzureAD\JoachimWagner" xmlns="http://microsoft.com/schemas/VisualStudio/TeamTest/2010">
  <Times creation="2021-07-20T10:25:03.0664674+02:00" queuing="2021-07-20T10:25:03.0664684+02:00" start="2021-07-20T10:24:59.6357459+02:00" finish="2021-07-20T10:25:03.3284274+02:00" />
  <TestSettings name="default" id="8cab983d-5411-4ea0-90cc-2e770357f1e3">
    <Deployment runDeploymentRoot="JoachimWagner_KEPLER_2021-07-20_10_25_03" />
  </TestSettings>
  <Results>
    <UnitTestResult executionId="db738889-ea28-42d5-bfa9-b008609149a7" testId="fcd05b96-b92e-d7f2-527b-b5f44df1b089" testName="Check_ValutaGleichFaelligkeit_ReturnsCorrectAlert" computerName="KEPLER" duration="00:00:00.0020000" startTime="2021-07-20T10:25:03.0000000+02:00" endTime="2021-07-20T10:25:03.0000000+02:00" testType="13cdc9d9-ddb5-4fa4-a97d-d965ccfc6d4b" outcome="Passed" testListId="8c84fa94-04c1-424b-9868-57a2d4851a1d" relativeResultsDirectory="db738889-ea28-42d5-bfa9-b008609149a7" />
    <UnitTestResult executionId="4ac4d5e7-b429-40b4-94b3-a3492fbf4b27" testId="ef52c77d-2fcb-6515-62cc-56e4527cd05d" testName="Transform_InputDtoAb1IsPositive_ReturnsCorrectResult" computerName="KEPLER" duration="00:00:00.0150000" startTime="2021-07-20T10:25:03.0000000+02:00" endTime="2021-07-20T10:25:03.0000000+02:00" testType="13cdc9d9-ddb5-4fa4-a97d-d965ccfc6d4b" outcome="Passed" testListId="8c84fa94-04c1-424b-9868-57a2d4851a1d" relativeResultsDirectory="4ac4d5e7-b429-40b4-94b3-a3492fbf4b27" />
    <UnitTestResult executionId="c8cd2a2f-758c-41b6-9046-739dc02a587b" testId="a8dc66c6-cdab-ae91-8ff5-81412196dfbe" testName="Check_ReartIsNotValid_ReturnsCorrectAlert" computerName="KEPLER" duration="00:00:00.0000001" startTime="2021-07-20T10:25:03.0000000+02:00" endTime="2021-07-20T10:25:03.0000000+02:00" testType="13cdc9d9-ddb5-4fa4-a97d-d965ccfc6d4b" outcome="Passed" testListId="8c84fa94-04c1-424b-9868-57a2d4851a1d" relativeResultsDirectory="c8cd2a2f-758c-41b6-9046-739dc02a587b" />
    <UnitTestResult executionId="fb194bb2-1433-491a-ac76-096a2bf25f1d" testId="ef3be56c-94ed-c047-8d3c-6f8977bd21d2" testName="Check_Ab1AndAb2AndInterestAreNotConsistent_ReturnsCorrectAlert" computerName="KEPLER" duration="00:00:00.0390000" startTime="2021-07-20T10:25:03.0000000+02:00" endTime="2021-07-20T10:25:03.0000000+02:00" testType="13cdc9d9-ddb5-4fa4-a97d-d965ccfc6d4b" outcome="Passed" testListId="8c84fa94-04c1-424b-9868-57a2d4851a1d" relativeResultsDirectory="fb194bb2-1433-491a-ac76-096a2bf25f1d" />
    <UnitTestResult executionId="e5506657-28fd-4c0b-b72c-992c56b8f32d" testId="e7fbf797-1c8b-40a8-5802-94e1c2247ec4" testName="Check_Storno1UndStatbFreigegeben_ReturnsCorrectAlert" computerName="KEPLER" duration="00:00:00.0010000" startTime="2021-07-20T10:25:03.0000000+02:00" endTime="2021-07-20T10:25:03.0000000+02:00" testType="13cdc9d9-ddb5-4fa4-a97d-d965ccfc6d4b" outcome="Passed" testListId="8c84fa94-04c1-424b-9868-57a2d4851a1d" relativeResultsDirectory="e5506657-28fd-4c0b-b72c-992c56b8f32d" />
    <UnitTestResult executionId="11b3611f-36cb-4976-8fe4-21face0c91ad" testId="e40343f3-991e-f446-62f6-1a9ecc3c632f" testName="Check_ReartIsRpevAndIntrefrcWithDifferentLfzb_ReturnsCorrectAlert" computerName="KEPLER" duration="00:00:00.0010000" startTime="2021-07-20T10:25:03.0000000+02:00" endTime="2021-07-20T10:25:03.0000000+02:00" testType="13cdc9d9-ddb5-4fa4-a97d-d965ccfc6d4b" outcome="Passed" testListId="8c84fa94-04c1-424b-9868-57a2d4851a1d" relativeResultsDirectory="11b3611f-36cb-4976-8fe4-21face0c91ad" />
    <UnitTestResult executionId="6136a29f-8c9a-4291-a4d0-f5b1348f5cae" testId="945b037d-189c-6619-8847-76eb2abc73f5" testName="Check_ReartIsRpevAndIntrefrcWithDifferentSnrk_ReturnsCorrectAlert" computerName="KEPLER" duration="00:00:00.0010000" startTime="2021-07-20T10:25:03.0000000+02:00" endTime="2021-07-20T10:25:03.0000000+02:00" testType="13cdc9d9-ddb5-4fa4-a97d-d965ccfc6d4b" outcome="Passed" testListId="8c84fa94-04c1-424b-9868-57a2d4851a1d" relativeResultsDirectory="6136a29f-8c9a-4291-a4d0-f5b1348f5cae" />
    <UnitTestResult executionId="5a4b662b-b585-4b2e-9f36-3738366441a7" testId="14acd5c3-e908-3aec-2946-f44f99f17826" testName="Check_BelegIsMissing_ReturnsCorrectAlert" computerName="KEPLER" duration="00:00:00.0320000" startTime="2021-07-20T10:25:02.0000000+02:00" endTime="2021-07-20T10:25:03.0000000+02:00" testType="13cdc9d9-ddb5-4fa4-a97d-d965ccfc6d4b" outcome="Passed" testListId="8c84fa94-04c1-424b-9868-57a2d4851a1d" relativeResultsDirectory="5a4b662b-b585-4b2e-9f36-3738366441a7" />
    <UnitTestResult executionId="9f38eaf2-7658-4f5f-8910-458c03ef2e51" testId="f5242c50-e4a6-e1c1-3b1f-51f374c81842" testName="Check_StornoLeerUndStatbStorniert_ReturnsCorrectAlert" computerName="KEPLER" duration="00:00:00.0010000" startTime="2021-07-20T10:25:03.0000000+02:00" endTime="2021-07-20T10:25:03.0000000+02:00" testType="13cdc9d9-ddb5-4fa4-a97d-d965ccfc6d4b" outcome="Passed" testListId="8c84fa94-04c1-424b-9868-57a2d4851a1d" relativeResultsDirectory="9f38eaf2-7658-4f5f-8910-458c03ef2e51" />
    <UnitTestResult executionId="d9ba4132-f955-4cbf-81f6-02e46b39248a" testId="80a0bac5-c07c-3780-702d-6f55aac8baf4" testName="Check_ReartIsRpevAndIntrefrcWithDifferentDatumab_ReturnsCorrectAlert" computerName="KEPLER" duration="00:00:00.0010000" startTime="2021-07-20T10:25:03.0000000+02:00" endTime="2021-07-20T10:25:03.0000000+02:00" testType="13cdc9d9-ddb5-4fa4-a97d-d965ccfc6d4b" outcome="Passed" testListId="8c84fa94-04c1-424b-9868-57a2d4851a1d" relativeResultsDirectory="d9ba4132-f955-4cbf-81f6-02e46b39248a" />
    <UnitTestResult executionId="7dcf4bd0-5b46-4feb-83c5-135c6488bd6d" testId="ed0b9e76-bae5-9f28-f58d-e69846871bb1" testName="Check_WhguIsNotValid_ReturnsCorrectAlert" computerName="KEPLER" duration="00:00:00.0000001" startTime="2021-07-20T10:25:03.0000000+02:00" endTime="2021-07-20T10:25:03.0000000+02:00" testType="13cdc9d9-ddb5-4fa4-a97d-d965ccfc6d4b" outcome="Passed" testListId="8c84fa94-04c1-424b-9868-57a2d4851a1d" relativeResultsDirectory="7dcf4bd0-5b46-4feb-83c5-135c6488bd6d" />
    <UnitTestResult executionId="e4cdbbe5-827c-44c3-a935-909809250110" testId="f3e52058-e095-79d5-875e-98a9d8638798" testName="Check_BelegIsDuplicate_ReturnsCorrectAlert" computerName="KEPLER" duration="00:00:00.0070000" startTime="2021-07-20T10:25:03.0000000+02:00" endTime="2021-07-20T10:25:03.0000000+02:00" testType="13cdc9d9-ddb5-4fa4-a97d-d965ccfc6d4b" outcome="Passed" testListId="8c84fa94-04c1-424b-9868-57a2d4851a1d" relativeResultsDirectory="e4cdbbe5-827c-44c3-a935-909809250110" />
    <UnitTestResult executionId="0770dd59-0814-40c8-8a7d-78385368423e" testId="92a9a05b-7751-0b61-9bce-ef21ab6515d7" testName="Check_SomePropertyCombinationsInvalid_ReturnsCorrectAlerts" computerName="KEPLER" duration="00:00:00.0040000" startTime="2021-07-20T10:25:03.0000000+02:00" endTime="2021-07-20T10:25:03.0000000+02:00" testType="13cdc9d9-ddb5-4fa4-a97d-d965ccfc6d4b" outcome="Passed" testListId="8c84fa94-04c1-424b-9868-57a2d4851a1d" relativeResultsDirectory="0770dd59-0814-40c8-8a7d-78385368423e" />
    <UnitTestResult executionId="c941ec77-de13-4f33-a2e5-e7fa49ad2430" testId="7cb44998-806a-76bb-2cac-16f4158a9a76" testName="Check_LaufzeitUngleichZinstage_ReturnsCorrectAlert" computerName="KEPLER" duration="00:00:00.0010000" startTime="2021-07-20T10:25:03.0000000+02:00" endTime="2021-07-20T10:25:03.0000000+02:00" testType="13cdc9d9-ddb5-4fa4-a97d-d965ccfc6d4b" outcome="Passed" testListId="8c84fa94-04c1-424b-9868-57a2d4851a1d" relativeResultsDirectory="c941ec77-de13-4f33-a2e5-e7fa49ad2430" />
    <UnitTestResult executionId="58f14e46-7f41-4ff1-aa7f-f8c2324bfb4e" testId="369efccc-352a-528b-d8f5-764e67be203c" testName="Transform_InterestCalculationCallsService_ReturnsCorrectResult" computerName="KEPLER" duration="00:00:00.0040000" startTime="2021-07-20T10:25:03.0000000+02:00" endTime="2021-07-20T10:25:03.0000000+02:00" testType="13cdc9d9-ddb5-4fa4-a97d-d965ccfc6d4b" outcome="Passed" testListId="8c84fa94-04c1-424b-9868-57a2d4851a1d" relativeResultsDirectory="58f14e46-7f41-4ff1-aa7f-f8c2324bfb4e" />
    <UnitTestResult executionId="fd19700b-3fa9-497f-b1b9-cefe27077103" testId="d779a0a0-02ae-d767-2d29-0670c263b2a4" testName="Check_IntrefrcIsNotValid_ReturnsCorrectAlert" computerName="KEPLER" duration="00:00:00.0000001" startTime="2021-07-20T10:25:03.0000000+02:00" endTime="2021-07-20T10:25:03.0000000+02:00" testType="13cdc9d9-ddb5-4fa4-a97d-d965ccfc6d4b" outcome="Passed" testListId="8c84fa94-04c1-424b-9868-57a2d4851a1d" relativeResultsDirectory="fd19700b-3fa9-497f-b1b9-cefe27077103" />
    <UnitTestResult executionId="3b3e0242-cc56-46be-b224-8165f47be99f" testId="d53cf83b-8142-2338-f6e6-0bc959756026" testName="Check_LfzbIsBeforeBetrachtungstag_ReturnsCorrectAlert" computerName="KEPLER" duration="00:00:00.0010000" startTime="2021-07-20T10:25:03.0000000+02:00" endTime="2021-07-20T10:25:03.0000000+02:00" testType="13cdc9d9-ddb5-4fa4-a97d-d965ccfc6d4b" outcome="Passed" testListId="8c84fa94-04c1-424b-9868-57a2d4851a1d" relativeResultsDirectory="3b3e0242-cc56-46be-b224-8165f47be99f" />
    <UnitTestResult executionId="ef6a2534-2e15-45b9-9cc8-cba8496fa0dd" testId="4df513fa-06da-d378-51b3-9b3f4db836e9" testName="Check_RepoLendNoFoundInTblRepoLend_ReturnsCorrectAlert" computerName="KEPLER" duration="00:00:01.0050000" startTime="2021-07-20T10:25:01.0000000+02:00" endTime="2021-07-20T10:25:02.0000000+02:00" testType="13cdc9d9-ddb5-4fa4-a97d-d965ccfc6d4b" outcome="Passed" testListId="8c84fa94-04c1-424b-9868-57a2d4851a1d" relativeResultsDirectory="ef6a2534-2e15-45b9-9cc8-cba8496fa0dd" />
    <UnitTestResult executionId="a751e212-1827-4d4f-a908-ad0c41361f4f" testId="32db0390-2895-05b5-b4db-a03bafd5e412" testName="Check_ValutaNachFaelligkeit_ReturnsCorrectAlert" computerName="KEPLER" duration="00:00:00.0020000" startTime="2021-07-20T10:25:03.0000000+02:00" endTime="2021-07-20T10:25:03.0000000+02:00" testType="13cdc9d9-ddb5-4fa4-a97d-d965ccfc6d4b" outcome="Passed" testListId="8c84fa94-04c1-424b-9868-57a2d4851a1d" relativeResultsDirectory="a751e212-1827-4d4f-a908-ad0c41361f4f" />
    <UnitTestResult executionId="5d5a73d1-cb0c-460a-994a-3c45be6a213b" testId="f9541ca4-60fe-9ed3-8824-372402ffc4db" testName="Check_SnrIsMissing_ReturnsCorrectAlert" computerName="KEPLER" duration="00:00:00.0000001" startTime="2021-07-20T10:25:03.0000000+02:00" endTime="2021-07-20T10:25:03.0000000+02:00" testType="13cdc9d9-ddb5-4fa4-a97d-d965ccfc6d4b" outcome="Passed" testListId="8c84fa94-04c1-424b-9868-57a2d4851a1d" relativeResultsDirectory="5d5a73d1-cb0c-460a-994a-3c45be6a213b" />
    <UnitTestResult executionId="3261f67d-357d-4706-ba09-183b4d971924" testId="8c92c515-c14b-8438-cbe0-b1712098df6f" testName="Check_DtosAreValid_ReturnsNoAlerts" computerName="KEPLER" duration="00:00:00.0010000" startTime="2021-07-20T10:25:03.0000000+02:00" endTime="2021-07-20T10:25:03.0000000+02:00" testType="13cdc9d9-ddb5-4fa4-a97d-d965ccfc6d4b" outcome="Passed" testListId="8c84fa94-04c1-424b-9868-57a2d4851a1d" relativeResultsDirectory="3261f67d-357d-4706-ba09-183b4d971924" />
    <UnitTestResult executionId="1e1538bf-63f2-48cf-bf18-367a5dbe5d6f" testId="fc97e396-9155-71bb-2cf0-89d5d718587d" testName="Check_SnrkIsMissing_ReturnsCorrectAlert" computerName="KEPLER" duration="00:00:00.0000001" startTime="2021-07-20T10:25:03.0000000+02:00" endTime="2021-07-20T10:25:03.0000000+02:00" testType="13cdc9d9-ddb5-4fa4-a97d-d965ccfc6d4b" outcome="Passed" testListId="8c84fa94-04c1-424b-9868-57a2d4851a1d" relativeResultsDirectory="1e1538bf-63f2-48cf-bf18-367a5dbe5d6f" />
    <UnitTestResult executionId="c082a3d2-ba14-4d1b-896e-c7663b0933ea" testId="580f99e5-0fcb-fb17-664d-7ea4cb69fa9b" testName="Check_RepoLendNoNotFoundInTblRepoLend_ReturnsNoAlert" computerName="KEPLER" duration="00:00:00.0020000" startTime="2021-07-20T10:25:02.0000000+02:00" endTime="2021-07-20T10:25:02.0000000+02:00" testType="13cdc9d9-ddb5-4fa4-a97d-d965ccfc6d4b" outcome="Passed" testListId="8c84fa94-04c1-424b-9868-57a2d4851a1d" relativeResultsDirectory="c082a3d2-ba14-4d1b-896e-c7663b0933ea" />
    <UnitTestResult executionId="ed311704-1376-419f-b997-06b1568e61e2" testId="3fe7d41a-0ab3-5bab-4efc-570bf9375b6e" testName="Check_WpnrIsNotValid_ReturnsCorrectAlert" computerName="KEPLER" duration="00:00:00.0000001" startTime="2021-07-20T10:25:03.0000000+02:00" endTime="2021-07-20T10:25:03.0000000+02:00" testType="13cdc9d9-ddb5-4fa4-a97d-d965ccfc6d4b" outcome="Passed" testListId="8c84fa94-04c1-424b-9868-57a2d4851a1d" relativeResultsDirectory="ed311704-1376-419f-b997-06b1568e61e2" />
    <UnitTestResult executionId="782d315f-b5e6-454b-986b-8f58835bb5bc" testId="3b46335a-f906-0dba-67c3-44e854aa58e8" testName="Transform_ReturnsEqualPortfolioNosForRelatedTrades" computerName="KEPLER" duration="00:00:00.0040000" startTime="2021-07-20T10:25:03.0000000+02:00" endTime="2021-07-20T10:25:03.0000000+02:00" testType="13cdc9d9-ddb5-4fa4-a97d-d965ccfc6d4b" outcome="Passed" testListId="8c84fa94-04c1-424b-9868-57a2d4851a1d" relativeResultsDirectory="782d315f-b5e6-454b-986b-8f58835bb5bc" />
    <UnitTestResult executionId="b7abc739-3fe5-4c4b-88ec-d1da39009e61" testId="4c523ea7-ca8b-7b99-b7a9-cd9e014a6818" testName="Transform_InputDtoWithIntrefrcIsNotEmpty_ReturnsCorrectResult" computerName="KEPLER" duration="00:00:00.0020000" startTime="2021-07-20T10:25:03.0000000+02:00" endTime="2021-07-20T10:25:03.0000000+02:00" testType="13cdc9d9-ddb5-4fa4-a97d-d965ccfc6d4b" outcome="Passed" testListId="8c84fa94-04c1-424b-9868-57a2d4851a1d" relativeResultsDirectory="b7abc739-3fe5-4c4b-88ec-d1da39009e61" />
    <UnitTestResult executionId="0f75b196-d054-400d-94ac-8181b128e213" testId="8aa2ee32-518f-b5cd-f84a-61356cb78dc0" testName="Transform_InputDtoWithoutQueries_ReturnsCorrectResult" computerName="KEPLER" duration="00:00:00.0180000" startTime="2021-07-20T10:25:03.0000000+02:00" endTime="2021-07-20T10:25:03.0000000+02:00" testType="13cdc9d9-ddb5-4fa4-a97d-d965ccfc6d4b" outcome="Passed" testListId="8c84fa94-04c1-424b-9868-57a2d4851a1d" relativeResultsDirectory="0f75b196-d054-400d-94ac-8181b128e213" />
    <UnitTestResult executionId="1d1214ae-f2c0-40c0-b43c-0fad9b6090db" testId="753513be-283b-2faa-caf1-1aed025a0b31" testName="Check_ReartIsRpevAndIntrefrcNotFoundInBeleg_ReturnsCorrectAlert" computerName="KEPLER" duration="00:00:00.0010000" startTime="2021-07-20T10:25:03.0000000+02:00" endTime="2021-07-20T10:25:03.0000000+02:00" testType="13cdc9d9-ddb5-4fa4-a97d-d965ccfc6d4b" outcome="Passed" testListId="8c84fa94-04c1-424b-9868-57a2d4851a1d" relativeResultsDirectory="1d1214ae-f2c0-40c0-b43c-0fad9b6090db" />
    <UnitTestResult executionId="b31a5d9e-f218-4184-9d02-043464a5ee26" testId="ed2afc47-1f95-85e8-6276-04c75169d120" testName="Check_MarktKursIs0_ReturnsCorrectAlert" computerName="KEPLER" duration="00:00:00.0010000" startTime="2021-07-20T10:25:03.0000000+02:00" endTime="2021-07-20T10:25:03.0000000+02:00" testType="13cdc9d9-ddb5-4fa4-a97d-d965ccfc6d4b" outcome="Passed" testListId="8c84fa94-04c1-424b-9868-57a2d4851a1d" relativeResultsDirectory="b31a5d9e-f218-4184-9d02-043464a5ee26" />
    <UnitTestResult executionId="f4899c20-a71f-4dc0-a049-dbff38025fb6" testId="305b212d-3908-dc68-eb2b-8809c2122082" testName="Check_StatbIsNotValid_ReturnsCorrectAlert" computerName="KEPLER" duration="00:00:00.0000001" startTime="2021-07-20T10:25:03.0000000+02:00" endTime="2021-07-20T10:25:03.0000000+02:00" testType="13cdc9d9-ddb5-4fa4-a97d-d965ccfc6d4b" outcome="Passed" testListId="8c84fa94-04c1-424b-9868-57a2d4851a1d" relativeResultsDirectory="f4899c20-a71f-4dc0-a049-dbff38025fb6" />
    <UnitTestResult executionId="94e6fffd-cd9f-4ca5-a688-631d07121baa" testId="f0a394d4-4819-27b9-6bd6-c7b6d05ff9b1" testName="Check_ReartIsRpevAndIntrefrcWithWrongReart_ReturnsCorrectAlert" computerName="KEPLER" duration="00:00:00.0010000" startTime="2021-07-20T10:25:03.0000000+02:00" endTime="2021-07-20T10:25:03.0000000+02:00" testType="13cdc9d9-ddb5-4fa4-a97d-d965ccfc6d4b" outcome="Passed" testListId="8c84fa94-04c1-424b-9868-57a2d4851a1d" relativeResultsDirectory="94e6fffd-cd9f-4ca5-a688-631d07121baa" />
    <UnitTestResult executionId="06ca9b6b-0331-43f4-b226-f9066d94cb09" testId="2723b988-abc3-918f-3d4d-d4973a476265" testName="Check_DtosAreValid_ReturnsNoAlerts" computerName="KEPLER" duration="00:00:00.0000001" startTime="2021-07-20T10:25:03.0000000+02:00" endTime="2021-07-20T10:25:03.0000000+02:00" testType="13cdc9d9-ddb5-4fa4-a97d-d965ccfc6d4b" outcome="Passed" testListId="8c84fa94-04c1-424b-9868-57a2d4851a1d" relativeResultsDirectory="06ca9b6b-0331-43f4-b226-f9066d94cb09" />
    <UnitTestResult executionId="65d15cc9-524b-4c4b-83cb-2a7d7755779c" testId="3c76c4f8-b752-b5ae-7d11-1d18ad8f4efb" testName="Check_DenrIsMissing_ReturnsCorrectAlert" computerName="KEPLER" duration="00:00:00.0000001" startTime="2021-07-20T10:25:03.0000000+02:00" endTime="2021-07-20T10:25:03.0000000+02:00" testType="13cdc9d9-ddb5-4fa4-a97d-d965ccfc6d4b" outcome="Passed" testListId="8c84fa94-04c1-424b-9868-57a2d4851a1d" relativeResultsDirectory="65d15cc9-524b-4c4b-83cb-2a7d7755779c" />
    <UnitTestResult executionId="d6dd9796-7cc0-4ae9-8d3a-f61240c29fc8" testId="d43e622b-80b5-c9ac-a27e-f80418680e80" testName="Check_ReartIsRpekAndAb1IsNotSumOfAb1OfRpevs_ReturnsCorrectAlert" computerName="KEPLER" duration="00:00:00.0020000" startTime="2021-07-20T10:25:03.0000000+02:00" endTime="2021-07-20T10:25:03.0000000+02:00" testType="13cdc9d9-ddb5-4fa4-a97d-d965ccfc6d4b" outcome="Passed" testListId="8c84fa94-04c1-424b-9868-57a2d4851a1d" relativeResultsDirectory="d6dd9796-7cc0-4ae9-8d3a-f61240c29fc8" />
    <UnitTestResult executionId="f0e88bd7-ea31-44c9-aab4-804d29c711bf" testId="885a3641-4c76-1c22-9afb-f455f0d473ad" testName="Check_DtosAreValid_ReturnsNoAlerts" computerName="KEPLER" duration="00:00:00.0010000" startTime="2021-07-20T10:25:03.0000000+02:00" endTime="2021-07-20T10:25:03.0000000+02:00" testType="13cdc9d9-ddb5-4fa4-a97d-d965ccfc6d4b" outcome="Passed" testListId="8c84fa94-04c1-424b-9868-57a2d4851a1d" relativeResultsDirectory="f0e88bd7-ea31-44c9-aab4-804d29c711bf" />
    <UnitTestResult executionId="70a77406-2947-4499-9151-1b64c0ef1c79" testId="b5648cee-4bbf-b03b-bd60-3bbff58564a7" testName="Check_DatumabIsBeforeBetrachtungstagMinus21_ReturnsCorrectAlert" computerName="KEPLER" duration="00:00:00.0010000" startTime="2021-07-20T10:25:03.0000000+02:00" endTime="2021-07-20T10:25:03.0000000+02:00" testType="13cdc9d9-ddb5-4fa4-a97d-d965ccfc6d4b" outcome="Passed" testListId="8c84fa94-04c1-424b-9868-57a2d4851a1d" relativeResultsDirectory="70a77406-2947-4499-9151-1b64c0ef1c79" />
    <UnitTestResult executionId="74b07e03-c01b-435d-a7e8-f9f0a7e4216c" testId="74ca14a1-d085-28fe-fa5b-6ef7600c66df" testName="Check_ReartIsRpevAndIntrefrcWithDifferentLfzv_ReturnsCorrectAlert" computerName="KEPLER" duration="00:00:00.0010000" startTime="2021-07-20T10:25:03.0000000+02:00" endTime="2021-07-20T10:25:03.0000000+02:00" testType="13cdc9d9-ddb5-4fa4-a97d-d965ccfc6d4b" outcome="Passed" testListId="8c84fa94-04c1-424b-9868-57a2d4851a1d" relativeResultsDirectory="74b07e03-c01b-435d-a7e8-f9f0a7e4216c" />
    <UnitTestResult executionId="b5f95aec-8ee5-4772-ae3a-4da20b190fe2" testId="53b032d3-d2df-78a9-1eed-513c801f548d" testName="Transform_InputDtoWithGetPropertyValueByCounterpartyReturnsEmpty_ReturnsCorrectResult" computerName="KEPLER" duration="00:00:00.0030000" startTime="2021-07-20T10:25:03.0000000+02:00" endTime="2021-07-20T10:25:03.0000000+02:00" testType="13cdc9d9-ddb5-4fa4-a97d-d965ccfc6d4b" outcome="Passed" testListId="8c84fa94-04c1-424b-9868-57a2d4851a1d" relativeResultsDirectory="b5f95aec-8ee5-4772-ae3a-4da20b190fe2" />
    <UnitTestResult executionId="482a48e5-8e46-40db-8f80-5b8211ed16a5" testId="e5ae615b-ab6b-72cd-fa0e-190961277a90" testName="Check_ReartbezIsNotValid_ReturnsCorrectAlert" computerName="KEPLER" duration="00:00:00.0000001" startTime="2021-07-20T10:25:03.0000000+02:00" endTime="2021-07-20T10:25:03.0000000+02:00" testType="13cdc9d9-ddb5-4fa4-a97d-d965ccfc6d4b" outcome="Passed" testListId="8c84fa94-04c1-424b-9868-57a2d4851a1d" relativeResultsDirectory="482a48e5-8e46-40db-8f80-5b8211ed16a5" />
    <UnitTestResult executionId="bc3e4887-80ae-4bb2-8140-9f48e4566297" testId="46ac35e9-46fe-6e8e-53cf-d897e294fa7c" testName="Transform_InputDtoWithQueries_ReturnsCorrectResult" computerName="KEPLER" duration="00:00:00.0040000" startTime="2021-07-20T10:25:03.0000000+02:00" endTime="2021-07-20T10:25:03.0000000+02:00" testType="13cdc9d9-ddb5-4fa4-a97d-d965ccfc6d4b" outcome="Passed" testListId="8c84fa94-04c1-424b-9868-57a2d4851a1d" relativeResultsDirectory="bc3e4887-80ae-4bb2-8140-9f48e4566297" />
    <UnitTestResult executionId="8041b1f6-b0dc-4736-bfa0-9096ab5cd6f3" testId="343af390-b46b-ff46-9ce6-f669b4fa33c7" testName="Check_UnusualDayCount_ReturnsCorrectAlert" computerName="KEPLER" duration="00:00:00.0000001" startTime="2021-07-20T10:25:03.0000000+02:00" endTime="2021-07-20T10:25:03.0000000+02:00" testType="13cdc9d9-ddb5-4fa4-a97d-d965ccfc6d4b" outcome="Passed" testListId="8c84fa94-04c1-424b-9868-57a2d4851a1d" relativeResultsDirectory="8041b1f6-b0dc-4736-bfa0-9096ab5cd6f3" />
    <UnitTestResult executionId="8048aac0-e51b-4ecb-9fa1-80969773d3be" testId="cb6ce52b-7bea-1e6a-7d5e-d9535abaf226" testName="Check_TwoPropertiesAreNotValid_ReturnsTwoAlerts" computerName="KEPLER" duration="00:00:00.0010000" startTime="2021-07-20T10:25:03.0000000+02:00" endTime="2021-07-20T10:25:03.0000000+02:00" testType="13cdc9d9-ddb5-4fa4-a97d-d965ccfc6d4b" outcome="Passed" testListId="8c84fa94-04c1-424b-9868-57a2d4851a1d" relativeResultsDirectory="8048aac0-e51b-4ecb-9fa1-80969773d3be" />
    <UnitTestResult executionId="09f2d485-1585-4db5-976c-8e6af880cc22" testId="6b87a63b-553f-3360-3c21-0937d96624ab" testName="Check_BelegIsNotValid_ReturnsCorrectAlert" computerName="KEPLER" duration="00:00:00.0010000" startTime="2021-07-20T10:25:03.0000000+02:00" endTime="2021-07-20T10:25:03.0000000+02:00" testType="13cdc9d9-ddb5-4fa4-a97d-d965ccfc6d4b" outcome="Passed" testListId="8c84fa94-04c1-424b-9868-57a2d4851a1d" relativeResultsDirectory="09f2d485-1585-4db5-976c-8e6af880cc22" />
    <UnitTestResult executionId="f262cdea-0cb2-449f-8630-6f4146c68cd4" testId="310ca7f5-760e-bff5-2f81-a60db0a6099c" testName="Check_TwoDtosAreNotValid_ReturnsAllAlerts" computerName="KEPLER" duration="00:00:00.0010000" startTime="2021-07-20T10:25:03.0000000+02:00" endTime="2021-07-20T10:25:03.0000000+02:00" testType="13cdc9d9-ddb5-4fa4-a97d-d965ccfc6d4b" outcome="Passed" testListId="8c84fa94-04c1-424b-9868-57a2d4851a1d" relativeResultsDirectory="f262cdea-0cb2-449f-8630-6f4146c68cd4" />
    <UnitTestResult executionId="04f0082a-35e3-4a9f-8585-1ded0adf97cd" testId="4077de25-cbee-579a-4699-0ae692e85bd0" testName="Transform_InputDtoStornoIs1_ReturnsInstrumentTypeGLDLS" computerName="KEPLER" duration="00:00:00.0020000" startTime="2021-07-20T10:25:03.0000000+02:00" endTime="2021-07-20T10:25:03.0000000+02:00" testType="13cdc9d9-ddb5-4fa4-a97d-d965ccfc6d4b" outcome="Passed" testListId="8c84fa94-04c1-424b-9868-57a2d4851a1d" relativeResultsDirectory="04f0082a-35e3-4a9f-8585-1ded0adf97cd" />
    <UnitTestResult executionId="58f9e79c-bca0-425f-9ddd-86632d121454" testId="e8123387-a16c-4cda-6102-c2ca1aa32a55" testName="Check_Storno_ReturnsNoAlert" computerName="KEPLER" duration="00:00:00.0010000" startTime="2021-07-20T10:25:02.0000000+02:00" endTime="2021-07-20T10:25:02.0000000+02:00" testType="13cdc9d9-ddb5-4fa4-a97d-d965ccfc6d4b" outcome="Passed" testListId="8c84fa94-04c1-424b-9868-57a2d4851a1d" relativeResultsDirectory="58f9e79c-bca0-425f-9ddd-86632d121454" />
    <UnitTestResult executionId="218cf555-6405-4d8f-b6d1-09f4b0a2e0ba" testId="a89724b7-5a9d-8e74-640f-94619edcb3e6" testName="Check_StornoIsNotValid_ReturnsCorrectAlert" computerName="KEPLER" duration="00:00:00.0010000" startTime="2021-07-20T10:25:03.0000000+02:00" endTime="2021-07-20T10:25:03.0000000+02:00" testType="13cdc9d9-ddb5-4fa4-a97d-d965ccfc6d4b" outcome="Passed" testListId="8c84fa94-04c1-424b-9868-57a2d4851a1d" relativeResultsDirectory="218cf555-6405-4d8f-b6d1-09f4b0a2e0ba" />
    <UnitTestResult executionId="03fb9a81-e5ae-45b4-adf1-fcbc6e372733" testId="37f0fb93-41be-1b14-e0b2-a8e3a7ec50f4" testName="Check_ReartIsRpevAndIntrefrcIsEmpty_ReturnsCorrectAlert" computerName="KEPLER" duration="00:00:00.0020000" startTime="2021-07-20T10:25:03.0000000+02:00" endTime="2021-07-20T10:25:03.0000000+02:00" testType="13cdc9d9-ddb5-4fa4-a97d-d965ccfc6d4b" outcome="Passed" testListId="8c84fa94-04c1-424b-9868-57a2d4851a1d" relativeResultsDirectory="03fb9a81-e5ae-45b4-adf1-fcbc6e372733" />
  </Results>
  <TestDefinitions>
    <UnitTest name="Check_DtosAreValid_ReturnsNoAlerts" storage="c:\users\joachimwagner\documents\projekte\bundesbank\dataimport\repolendimporttests\bin\debug\netcoreapp2.1\repolendimporttests.dll" id="8c92c515-c14b-8438-cbe0-b1712098df6f">
      <Execution id="3261f67d-357d-4706-ba09-183b4d971924" />
      <TestMethod codeBase="C:\Users\JoachimWagner\Documents\Projekte\Bundesbank\DataImport\RepoLendImportTests\bin\Debug\netcoreapp2.1\RepoLendImportTests.dll" adapterTypeName="executor://nunit3testexecutor/" className="BBk.Rc1.Ricis.DataImport.RepoLendImport.Services.Tests.RepoLendMultiFieldCheckServiceTests" name="Check_DtosAreValid_ReturnsNoAlerts" />
    </UnitTest>
    <UnitTest name="Check_DtosAreValid_ReturnsNoAlerts" storage="c:\users\joachimwagner\documents\projekte\bundesbank\dataimport\repolendimporttests\bin\debug\netcoreapp2.1\repolendimporttests.dll" id="885a3641-4c76-1c22-9afb-f455f0d473ad">
      <Execution id="f0e88bd7-ea31-44c9-aab4-804d29c711bf" />
      <TestMethod codeBase="C:\Users\JoachimWagner\Documents\Projekte\Bundesbank\DataImport\RepoLendImportTests\bin\Debug\netcoreapp2.1\RepoLendImportTests.dll" adapterTypeName="executor://nunit3testexecutor/" className="BBk.Rc1.Ricis.DataImport.RepoLendImport.Services.Tests.RepoLendMultiRecordCheckServiceTests" name="Check_DtosAreValid_ReturnsNoAlerts" />
    </UnitTest>
    <UnitTest name="Check_LfzbIsBeforeBetrachtungstag_ReturnsCorrectAlert" storage="c:\users\joachimwagner\documents\projekte\bundesbank\dataimport\repolendimporttests\bin\debug\netcoreapp2.1\repolendimporttests.dll" id="d53cf83b-8142-2338-f6e6-0bc959756026">
      <Execution id="3b3e0242-cc56-46be-b224-8165f47be99f" />
      <TestMethod codeBase="C:\Users\JoachimWagner\Documents\Projekte\Bundesbank\DataImport\RepoLendImportTests\bin\Debug\netcoreapp2.1\RepoLendImportTests.dll" adapterTypeName="executor://nunit3testexecutor/" className="BBk.Rc1.Ricis.DataImport.RepoLendImport.Services.Tests.RepoLendFieldCheckServiceTests" name="Check_LfzbIsBeforeBetrachtungstag_ReturnsCorrectAlert" />
    </UnitTest>
    <UnitTest name="Check_StornoLeerUndStatbStorniert_ReturnsCorrectAlert" storage="c:\users\joachimwagner\documents\projekte\bundesbank\dataimport\repolendimporttests\bin\debug\netcoreapp2.1\repolendimporttests.dll" id="f5242c50-e4a6-e1c1-3b1f-51f374c81842">
      <Execution id="9f38eaf2-7658-4f5f-8910-458c03ef2e51" />
      <TestMethod codeBase="C:\Users\JoachimWagner\Documents\Projekte\Bundesbank\DataImport\RepoLendImportTests\bin\Debug\netcoreapp2.1\RepoLendImportTests.dll" adapterTypeName="executor://nunit3testexecutor/" className="BBk.Rc1.Ricis.DataImport.RepoLendImport.Services.Tests.RepoLendMultiFieldCheckServiceTests" name="Check_StornoLeerUndStatbStorniert_ReturnsCorrectAlert" />
    </UnitTest>
    <UnitTest name="Check_BelegIsNotValid_ReturnsCorrectAlert" storage="c:\users\joachimwagner\documents\projekte\bundesbank\dataimport\repolendimporttests\bin\debug\netcoreapp2.1\repolendimporttests.dll" id="6b87a63b-553f-3360-3c21-0937d96624ab">
      <Execution id="09f2d485-1585-4db5-976c-8e6af880cc22" />
      <TestMethod codeBase="C:\Users\JoachimWagner\Documents\Projekte\Bundesbank\DataImport\RepoLendImportTests\bin\Debug\netcoreapp2.1\RepoLendImportTests.dll" adapterTypeName="executor://nunit3testexecutor/" className="BBk.Rc1.Ricis.DataImport.RepoLendImport.Services.Tests.RepoLendFieldCheckServiceTests" name="Check_BelegIsNotValid_ReturnsCorrectAlert" />
    </UnitTest>
    <UnitTest name="Check_DenrIsMissing_ReturnsCorrectAlert" storage="c:\users\joachimwagner\documents\projekte\bundesbank\dataimport\repolendimporttests\bin\debug\netcoreapp2.1\repolendimporttests.dll" id="3c76c4f8-b752-b5ae-7d11-1d18ad8f4efb">
      <Execution id="65d15cc9-524b-4c4b-83cb-2a7d7755779c" />
      <TestMethod codeBase="C:\Users\JoachimWagner\Documents\Projekte\Bundesbank\DataImport\RepoLendImportTests\bin\Debug\netcoreapp2.1\RepoLendImportTests.dll" adapterTypeName="executor://nunit3testexecutor/" className="BBk.Rc1.Ricis.DataImport.RepoLendImport.Services.Tests.RepoLendFieldCheckServiceTests" name="Check_DenrIsMissing_ReturnsCorrectAlert" />
    </UnitTest>
    <UnitTest name="Check_TwoDtosAreNotValid_ReturnsAllAlerts" storage="c:\users\joachimwagner\documents\projekte\bundesbank\dataimport\repolendimporttests\bin\debug\netcoreapp2.1\repolendimporttests.dll" id="310ca7f5-760e-bff5-2f81-a60db0a6099c">
      <Execution id="f262cdea-0cb2-449f-8630-6f4146c68cd4" />
      <TestMethod codeBase="C:\Users\JoachimWagner\Documents\Projekte\Bundesbank\DataImport\RepoLendImportTests\bin\Debug\netcoreapp2.1\RepoLendImportTests.dll" adapterTypeName="executor://nunit3testexecutor/" className="BBk.Rc1.Ricis.DataImport.RepoLendImport.Services.Tests.RepoLendFieldCheckServiceTests" name="Check_TwoDtosAreNotValid_ReturnsAllAlerts" />
    </UnitTest>
    <UnitTest name="Check_ReartIsRpevAndIntrefrcNotFoundInBeleg_ReturnsCorrectAlert" storage="c:\users\joachimwagner\documents\projekte\bundesbank\dataimport\repolendimporttests\bin\debug\netcoreapp2.1\repolendimporttests.dll" id="753513be-283b-2faa-caf1-1aed025a0b31">
      <Execution id="1d1214ae-f2c0-40c0-b43c-0fad9b6090db" />
      <TestMethod codeBase="C:\Users\JoachimWagner\Documents\Projekte\Bundesbank\DataImport\RepoLendImportTests\bin\Debug\netcoreapp2.1\RepoLendImportTests.dll" adapterTypeName="executor://nunit3testexecutor/" className="BBk.Rc1.Ricis.DataImport.RepoLendImport.Services.Tests.RepoLendMultiRecordCheckServiceTests" name="Check_ReartIsRpevAndIntrefrcNotFoundInBeleg_ReturnsCorrectAlert" />
    </UnitTest>
    <UnitTest name="Check_DtosAreValid_ReturnsNoAlerts" storage="c:\users\joachimwagner\documents\projekte\bundesbank\dataimport\repolendimporttests\bin\debug\netcoreapp2.1\repolendimporttests.dll" id="2723b988-abc3-918f-3d4d-d4973a476265">
      <Execution id="06ca9b6b-0331-43f4-b226-f9066d94cb09" />
      <TestMethod codeBase="C:\Users\JoachimWagner\Documents\Projekte\Bundesbank\DataImport\RepoLendImportTests\bin\Debug\netcoreapp2.1\RepoLendImportTests.dll" adapterTypeName="executor://nunit3testexecutor/" className="BBk.Rc1.Ricis.DataImport.RepoLendImport.Services.Tests.RepoLendFieldCheckServiceTests" name="Check_DtosAreValid_ReturnsNoAlerts" />
    </UnitTest>
    <UnitTest name="Check_SomePropertyCombinationsInvalid_ReturnsCorrectAlerts" storage="c:\users\joachimwagner\documents\projekte\bundesbank\dataimport\repolendimporttests\bin\debug\netcoreapp2.1\repolendimporttests.dll" id="92a9a05b-7751-0b61-9bce-ef21ab6515d7">
      <Execution id="0770dd59-0814-40c8-8a7d-78385368423e" />
      <TestMethod codeBase="C:\Users\JoachimWagner\Documents\Projekte\Bundesbank\DataImport\RepoLendImportTests\bin\Debug\netcoreapp2.1\RepoLendImportTests.dll" adapterTypeName="executor://nunit3testexecutor/" className="BBk.Rc1.Ricis.DataImport.RepoLendImport.Services.Tests.RepoLendMultiFieldCheckServiceTests" name="Check_SomePropertyCombinationsInvalid_ReturnsCorrectAlerts" />
    </UnitTest>
    <UnitTest name="Check_RepoLendNoFoundInTblRepoLend_ReturnsCorrectAlert" storage="c:\users\joachimwagner\documents\projekte\bundesbank\dataimport\repolendimporttests\bin\debug\netcoreapp2.1\repolendimporttests.dll" id="4df513fa-06da-d378-51b3-9b3f4db836e9">
      <Execution id="ef6a2534-2e15-45b9-9cc8-cba8496fa0dd" />
      <TestMethod codeBase="C:\Users\JoachimWagner\Documents\Projekte\Bundesbank\DataImport\RepoLendImportTests\bin\Debug\netcoreapp2.1\RepoLendImportTests.dll" adapterTypeName="executor://nunit3testexecutor/" className="BBk.Rc1.Ricis.DataImport.RepoLendImport.Services.Tests.RepoLendConsistencyWithDatabaseCheckServiceTests" name="Check_RepoLendNoFoundInTblRepoLend_ReturnsCorrectAlert" />
    </UnitTest>
    <UnitTest name="Check_DatumabIsBeforeBetrachtungstagMinus21_ReturnsCorrectAlert" storage="c:\users\joachimwagner\documents\projekte\bundesbank\dataimport\repolendimporttests\bin\debug\netcoreapp2.1\repolendimporttests.dll" id="b5648cee-4bbf-b03b-bd60-3bbff58564a7">
      <Execution id="70a77406-2947-4499-9151-1b64c0ef1c79" />
      <TestMethod codeBase="C:\Users\JoachimWagner\Documents\Projekte\Bundesbank\DataImport\RepoLendImportTests\bin\Debug\netcoreapp2.1\RepoLendImportTests.dll" adapterTypeName="executor://nunit3testexecutor/" className="BBk.Rc1.Ricis.DataImport.RepoLendImport.Services.Tests.RepoLendFieldCheckServiceTests" name="Check_DatumabIsBeforeBetrachtungstagMinus21_ReturnsCorrectAlert" />
    </UnitTest>
    <UnitTest name="Transform_InputDtoWithGetPropertyValueByCounterpartyReturnsEmpty_ReturnsCorrectResult" storage="c:\users\joachimwagner\documents\projekte\bundesbank\dataimport\repolendimporttests\bin\debug\netcoreapp2.1\repolendimporttests.dll" id="53b032d3-d2df-78a9-1eed-513c801f548d">
      <Execution id="b5f95aec-8ee5-4772-ae3a-4da20b190fe2" />
      <TestMethod codeBase="C:\Users\JoachimWagner\Documents\Projekte\Bundesbank\DataImport\RepoLendImportTests\bin\Debug\netcoreapp2.1\RepoLendImportTests.dll" adapterTypeName="executor://nunit3testexecutor/" className="BBk.Rc1.Ricis.DataImport.RepoLendImport.Services.Tests.RepoLendTransformServiceTests" name="Transform_InputDtoWithGetPropertyValueByCounterpartyReturnsEmpty_ReturnsCorrectResult" />
    </UnitTest>
    <UnitTest name="Check_WpnrIsNotValid_ReturnsCorrectAlert" storage="c:\users\joachimwagner\documents\projekte\bundesbank\dataimport\repolendimporttests\bin\debug\netcoreapp2.1\repolendimporttests.dll" id="3fe7d41a-0ab3-5bab-4efc-570bf9375b6e">
      <Execution id="ed311704-1376-419f-b997-06b1568e61e2" />
      <TestMethod codeBase="C:\Users\JoachimWagner\Documents\Projekte\Bundesbank\DataImport\RepoLendImportTests\bin\Debug\netcoreapp2.1\RepoLendImportTests.dll" adapterTypeName="executor://nunit3testexecutor/" className="BBk.Rc1.Ricis.DataImport.RepoLendImport.Services.Tests.RepoLendFieldCheckServiceTests" name="Check_WpnrIsNotValid_ReturnsCorrectAlert" />
    </UnitTest>
    <UnitTest name="Check_ReartIsNotValid_ReturnsCorrectAlert" storage="c:\users\joachimwagner\documents\projekte\bundesbank\dataimport\repolendimporttests\bin\debug\netcoreapp2.1\repolendimporttests.dll" id="a8dc66c6-cdab-ae91-8ff5-81412196dfbe">
      <Execution id="c8cd2a2f-758c-41b6-9046-739dc02a587b" />
      <TestMethod codeBase="C:\Users\JoachimWagner\Documents\Projekte\Bundesbank\DataImport\RepoLendImportTests\bin\Debug\netcoreapp2.1\RepoLendImportTests.dll" adapterTypeName="executor://nunit3testexecutor/" className="BBk.Rc1.Ricis.DataImport.RepoLendImport.Services.Tests.RepoLendFieldCheckServiceTests" name="Check_ReartIsNotValid_ReturnsCorrectAlert" />
    </UnitTest>
    <UnitTest name="Check_SnrIsMissing_ReturnsCorrectAlert" storage="c:\users\joachimwagner\documents\projekte\bundesbank\dataimport\repolendimporttests\bin\debug\netcoreapp2.1\repolendimporttests.dll" id="f9541ca4-60fe-9ed3-8824-372402ffc4db">
      <Execution id="5d5a73d1-cb0c-460a-994a-3c45be6a213b" />
      <TestMethod codeBase="C:\Users\JoachimWagner\Documents\Projekte\Bundesbank\DataImport\RepoLendImportTests\bin\Debug\netcoreapp2.1\RepoLendImportTests.dll" adapterTypeName="executor://nunit3testexecutor/" className="BBk.Rc1.Ricis.DataImport.RepoLendImport.Services.Tests.RepoLendFieldCheckServiceTests" name="Check_SnrIsMissing_ReturnsCorrectAlert" />
    </UnitTest>
    <UnitTest name="Transform_ReturnsEqualPortfolioNosForRelatedTrades" storage="c:\users\joachimwagner\documents\projekte\bundesbank\dataimport\repolendimporttests\bin\debug\netcoreapp2.1\repolendimporttests.dll" id="3b46335a-f906-0dba-67c3-44e854aa58e8">
      <Execution id="782d315f-b5e6-454b-986b-8f58835bb5bc" />
      <TestMethod codeBase="C:\Users\JoachimWagner\Documents\Projekte\Bundesbank\DataImport\RepoLendImportTests\bin\Debug\netcoreapp2.1\RepoLendImportTests.dll" adapterTypeName="executor://nunit3testexecutor/" className="BBk.Rc1.Ricis.DataImport.RepoLendImport.Services.Tests.RepoLendTransformServiceTests" name="Transform_ReturnsEqualPortfolioNosForRelatedTrades" />
    </UnitTest>
    <UnitTest name="Check_WhguIsNotValid_ReturnsCorrectAlert" storage="c:\users\joachimwagner\documents\projekte\bundesbank\dataimport\repolendimporttests\bin\debug\netcoreapp2.1\repolendimporttests.dll" id="ed0b9e76-bae5-9f28-f58d-e69846871bb1">
      <Execution id="7dcf4bd0-5b46-4feb-83c5-135c6488bd6d" />
      <TestMethod codeBase="C:\Users\JoachimWagner\Documents\Projekte\Bundesbank\DataImport\RepoLendImportTests\bin\Debug\netcoreapp2.1\RepoLendImportTests.dll" adapterTypeName="executor://nunit3testexecutor/" className="BBk.Rc1.Ricis.DataImport.RepoLendImport.Services.Tests.RepoLendFieldCheckServiceTests" name="Check_WhguIsNotValid_ReturnsCorrectAlert" />
    </UnitTest>
    <UnitTest name="Check_ReartIsRpevAndIntrefrcWithWrongReart_ReturnsCorrectAlert" storage="c:\users\joachimwagner\documents\projekte\bundesbank\dataimport\repolendimporttests\bin\debug\netcoreapp2.1\repolendimporttests.dll" id="f0a394d4-4819-27b9-6bd6-c7b6d05ff9b1">
      <Execution id="94e6fffd-cd9f-4ca5-a688-631d07121baa" />
      <TestMethod codeBase="C:\Users\JoachimWagner\Documents\Projekte\Bundesbank\DataImport\RepoLendImportTests\bin\Debug\netcoreapp2.1\RepoLendImportTests.dll" adapterTypeName="executor://nunit3testexecutor/" className="BBk.Rc1.Ricis.DataImport.RepoLendImport.Services.Tests.RepoLendMultiRecordCheckServiceTests" name="Check_ReartIsRpevAndIntrefrcWithWrongReart_ReturnsCorrectAlert" />
    </UnitTest>
    <UnitTest name="Transform_InputDtoWithoutQueries_ReturnsCorrectResult" storage="c:\users\joachimwagner\documents\projekte\bundesbank\dataimport\repolendimporttests\bin\debug\netcoreapp2.1\repolendimporttests.dll" id="8aa2ee32-518f-b5cd-f84a-61356cb78dc0">
      <Execution id="0f75b196-d054-400d-94ac-8181b128e213" />
      <TestMethod codeBase="C:\Users\JoachimWagner\Documents\Projekte\Bundesbank\DataImport\RepoLendImportTests\bin\Debug\netcoreapp2.1\RepoLendImportTests.dll" adapterTypeName="executor://nunit3testexecutor/" className="BBk.Rc1.Ricis.DataImport.RepoLendImport.Services.Tests.RepoLendTransformServiceTests" name="Transform_InputDtoWithoutQueries_ReturnsCorrectResult" />
    </UnitTest>
    <UnitTest name="Check_Storno_ReturnsNoAlert" storage="c:\users\joachimwagner\documents\projekte\bundesbank\dataimport\repolendimporttests\bin\debug\netcoreapp2.1\repolendimporttests.dll" id="e8123387-a16c-4cda-6102-c2ca1aa32a55">
      <Execution id="58f9e79c-bca0-425f-9ddd-86632d121454" />
      <TestMethod codeBase="C:\Users\JoachimWagner\Documents\Projekte\Bundesbank\DataImport\RepoLendImportTests\bin\Debug\netcoreapp2.1\RepoLendImportTests.dll" adapterTypeName="executor://nunit3testexecutor/" className="BBk.Rc1.Ricis.DataImport.RepoLendImport.Services.Tests.RepoLendConsistencyWithDatabaseCheckServiceTests" name="Check_Storno_ReturnsNoAlert" />
    </UnitTest>
    <UnitTest name="Check_ReartIsRpevAndIntrefrcIsEmpty_ReturnsCorrectAlert" storage="c:\users\joachimwagner\documents\projekte\bundesbank\dataimport\repolendimporttests\bin\debug\netcoreapp2.1\repolendimporttests.dll" id="37f0fb93-41be-1b14-e0b2-a8e3a7ec50f4">
      <Execution id="03fb9a81-e5ae-45b4-adf1-fcbc6e372733" />
      <TestMethod codeBase="C:\Users\JoachimWagner\Documents\Projekte\Bundesbank\DataImport\RepoLendImportTests\bin\Debug\netcoreapp2.1\RepoLendImportTests.dll" adapterTypeName="executor://nunit3testexecutor/" className="BBk.Rc1.Ricis.DataImport.RepoLendImport.Services.Tests.RepoLendMultiFieldCheckServiceTests" name="Check_ReartIsRpevAndIntrefrcIsEmpty_ReturnsCorrectAlert" />
    </UnitTest>
    <UnitTest name="Check_SnrkIsMissing_ReturnsCorrectAlert" storage="c:\users\joachimwagner\documents\projekte\bundesbank\dataimport\repolendimporttests\bin\debug\netcoreapp2.1\repolendimporttests.dll" id="fc97e396-9155-71bb-2cf0-89d5d718587d">
      <Execution id="1e1538bf-63f2-48cf-bf18-367a5dbe5d6f" />
      <TestMethod codeBase="C:\Users\JoachimWagner\Documents\Projekte\Bundesbank\DataImport\RepoLendImportTests\bin\Debug\netcoreapp2.1\RepoLendImportTests.dll" adapterTypeName="executor://nunit3testexecutor/" className="BBk.Rc1.Ricis.DataImport.RepoLendImport.Services.Tests.RepoLendFieldCheckServiceTests" name="Check_SnrkIsMissing_ReturnsCorrectAlert" />
    </UnitTest>
    <UnitTest name="Check_ReartbezIsNotValid_ReturnsCorrectAlert" storage="c:\users\joachimwagner\documents\projekte\bundesbank\dataimport\repolendimporttests\bin\debug\netcoreapp2.1\repolendimporttests.dll" id="e5ae615b-ab6b-72cd-fa0e-190961277a90">
      <Execution id="482a48e5-8e46-40db-8f80-5b8211ed16a5" />
      <TestMethod codeBase="C:\Users\JoachimWagner\Documents\Projekte\Bundesbank\DataImport\RepoLendImportTests\bin\Debug\netcoreapp2.1\RepoLendImportTests.dll" adapterTypeName="executor://nunit3testexecutor/" className="BBk.Rc1.Ricis.DataImport.RepoLendImport.Services.Tests.RepoLendFieldCheckServiceTests" name="Check_ReartbezIsNotValid_ReturnsCorrectAlert" />
    </UnitTest>
    <UnitTest name="Check_LaufzeitUngleichZinstage_ReturnsCorrectAlert" storage="c:\users\joachimwagner\documents\projekte\bundesbank\dataimport\repolendimporttests\bin\debug\netcoreapp2.1\repolendimporttests.dll" id="7cb44998-806a-76bb-2cac-16f4158a9a76">
      <Execution id="c941ec77-de13-4f33-a2e5-e7fa49ad2430" />
      <TestMethod codeBase="C:\Users\JoachimWagner\Documents\Projekte\Bundesbank\DataImport\RepoLendImportTests\bin\Debug\netcoreapp2.1\RepoLendImportTests.dll" adapterTypeName="executor://nunit3testexecutor/" className="BBk.Rc1.Ricis.DataImport.RepoLendImport.Services.Tests.RepoLendMultiFieldCheckServiceTests" name="Check_LaufzeitUngleichZinstage_ReturnsCorrectAlert" />
    </UnitTest>
    <UnitTest name="Transform_InputDtoWithIntrefrcIsNotEmpty_ReturnsCorrectResult" storage="c:\users\joachimwagner\documents\projekte\bundesbank\dataimport\repolendimporttests\bin\debug\netcoreapp2.1\repolendimporttests.dll" id="4c523ea7-ca8b-7b99-b7a9-cd9e014a6818">
      <Execution id="b7abc739-3fe5-4c4b-88ec-d1da39009e61" />
      <TestMethod codeBase="C:\Users\JoachimWagner\Documents\Projekte\Bundesbank\DataImport\RepoLendImportTests\bin\Debug\netcoreapp2.1\RepoLendImportTests.dll" adapterTypeName="executor://nunit3testexecutor/" className="BBk.Rc1.Ricis.DataImport.RepoLendImport.Services.Tests.RepoLendTransformServiceTests" name="Transform_InputDtoWithIntrefrcIsNotEmpty_ReturnsCorrectResult" />
    </UnitTest>
    <UnitTest name="Transform_InterestCalculationCallsService_ReturnsCorrectResult" storage="c:\users\joachimwagner\documents\projekte\bundesbank\dataimport\repolendimporttests\bin\debug\netcoreapp2.1\repolendimporttests.dll" id="369efccc-352a-528b-d8f5-764e67be203c">
      <Execution id="58f14e46-7f41-4ff1-aa7f-f8c2324bfb4e" />
      <TestMethod codeBase="C:\Users\JoachimWagner\Documents\Projekte\Bundesbank\DataImport\RepoLendImportTests\bin\Debug\netcoreapp2.1\RepoLendImportTests.dll" adapterTypeName="executor://nunit3testexecutor/" className="BBk.Rc1.Ricis.DataImport.RepoLendImport.Services.Tests.RepoLendTransformServiceTests" name="Transform_InterestCalculationCallsService_ReturnsCorrectResult" />
    </UnitTest>
    <UnitTest name="Check_IntrefrcIsNotValid_ReturnsCorrectAlert" storage="c:\users\joachimwagner\documents\projekte\bundesbank\dataimport\repolendimporttests\bin\debug\netcoreapp2.1\repolendimporttests.dll" id="d779a0a0-02ae-d767-2d29-0670c263b2a4">
      <Execution id="fd19700b-3fa9-497f-b1b9-cefe27077103" />
      <TestMethod codeBase="C:\Users\JoachimWagner\Documents\Projekte\Bundesbank\DataImport\RepoLendImportTests\bin\Debug\netcoreapp2.1\RepoLendImportTests.dll" adapterTypeName="executor://nunit3testexecutor/" className="BBk.Rc1.Ricis.DataImport.RepoLendImport.Services.Tests.RepoLendFieldCheckServiceTests" name="Check_IntrefrcIsNotValid_ReturnsCorrectAlert" />
    </UnitTest>
    <UnitTest name="Check_BelegIsDuplicate_ReturnsCorrectAlert" storage="c:\users\joachimwagner\documents\projekte\bundesbank\dataimport\repolendimporttests\bin\debug\netcoreapp2.1\repolendimporttests.dll" id="f3e52058-e095-79d5-875e-98a9d8638798">
      <Execution id="e4cdbbe5-827c-44c3-a935-909809250110" />
      <TestMethod codeBase="C:\Users\JoachimWagner\Documents\Projekte\Bundesbank\DataImport\RepoLendImportTests\bin\Debug\netcoreapp2.1\RepoLendImportTests.dll" adapterTypeName="executor://nunit3testexecutor/" className="BBk.Rc1.Ricis.DataImport.RepoLendImport.Services.Tests.RepoLendMultiRecordCheckServiceTests" name="Check_BelegIsDuplicate_ReturnsCorrectAlert" />
    </UnitTest>
    <UnitTest name="Check_MarktKursIs0_ReturnsCorrectAlert" storage="c:\users\joachimwagner\documents\projekte\bundesbank\dataimport\repolendimporttests\bin\debug\netcoreapp2.1\repolendimporttests.dll" id="ed2afc47-1f95-85e8-6276-04c75169d120">
      <Execution id="b31a5d9e-f218-4184-9d02-043464a5ee26" />
      <TestMethod codeBase="C:\Users\JoachimWagner\Documents\Projekte\Bundesbank\DataImport\RepoLendImportTests\bin\Debug\netcoreapp2.1\RepoLendImportTests.dll" adapterTypeName="executor://nunit3testexecutor/" className="BBk.Rc1.Ricis.DataImport.RepoLendImport.Services.Tests.RepoLendFieldCheckServiceTests" name="Check_MarktKursIs0_ReturnsCorrectAlert" />
    </UnitTest>
    <UnitTest name="Check_Storno1UndStatbFreigegeben_ReturnsCorrectAlert" storage="c:\users\joachimwagner\documents\projekte\bundesbank\dataimport\repolendimporttests\bin\debug\netcoreapp2.1\repolendimporttests.dll" id="e7fbf797-1c8b-40a8-5802-94e1c2247ec4">
      <Execution id="e5506657-28fd-4c0b-b72c-992c56b8f32d" />
      <TestMethod codeBase="C:\Users\JoachimWagner\Documents\Projekte\Bundesbank\DataImport\RepoLendImportTests\bin\Debug\netcoreapp2.1\RepoLendImportTests.dll" adapterTypeName="executor://nunit3testexecutor/" className="BBk.Rc1.Ricis.DataImport.RepoLendImport.Services.Tests.RepoLendMultiFieldCheckServiceTests" name="Check_Storno1UndStatbFreigegeben_ReturnsCorrectAlert" />
    </UnitTest>
    <UnitTest name="Check_Ab1AndAb2AndInterestAreNotConsistent_ReturnsCorrectAlert" storage="c:\users\joachimwagner\documents\projekte\bundesbank\dataimport\repolendimporttests\bin\debug\netcoreapp2.1\repolendimporttests.dll" id="ef3be56c-94ed-c047-8d3c-6f8977bd21d2">
      <Execution id="fb194bb2-1433-491a-ac76-096a2bf25f1d" />
      <TestMethod codeBase="C:\Users\JoachimWagner\Documents\Projekte\Bundesbank\DataImport\RepoLendImportTests\bin\Debug\netcoreapp2.1\RepoLendImportTests.dll" adapterTypeName="executor://nunit3testexecutor/" className="BBk.Rc1.Ricis.DataImport.RepoLendImport.Services.Tests.RepoLendMultiFieldCheckServiceTests" name="Check_Ab1AndAb2AndInterestAreNotConsistent_ReturnsCorrectAlert" />
    </UnitTest>
    <UnitTest name="Check_ReartIsRpekAndAb1IsNotSumOfAb1OfRpevs_ReturnsCorrectAlert" storage="c:\users\joachimwagner\documents\projekte\bundesbank\dataimport\repolendimporttests\bin\debug\netcoreapp2.1\repolendimporttests.dll" id="d43e622b-80b5-c9ac-a27e-f80418680e80">
      <Execution id="d6dd9796-7cc0-4ae9-8d3a-f61240c29fc8" />
      <TestMethod codeBase="C:\Users\JoachimWagner\Documents\Projekte\Bundesbank\DataImport\RepoLendImportTests\bin\Debug\netcoreapp2.1\RepoLendImportTests.dll" adapterTypeName="executor://nunit3testexecutor/" className="BBk.Rc1.Ricis.DataImport.RepoLendImport.Services.Tests.RepoLendMultiRecordCheckServiceTests" name="Check_ReartIsRpekAndAb1IsNotSumOfAb1OfRpevs_ReturnsCorrectAlert" />
    </UnitTest>
    <UnitTest name="Check_UnusualDayCount_ReturnsCorrectAlert" storage="c:\users\joachimwagner\documents\projekte\bundesbank\dataimport\repolendimporttests\bin\debug\netcoreapp2.1\repolendimporttests.dll" id="343af390-b46b-ff46-9ce6-f669b4fa33c7">
      <Execution id="8041b1f6-b0dc-4736-bfa0-9096ab5cd6f3" />
      <TestMethod codeBase="C:\Users\JoachimWagner\Documents\Projekte\Bundesbank\DataImport\RepoLendImportTests\bin\Debug\netcoreapp2.1\RepoLendImportTests.dll" adapterTypeName="executor://nunit3testexecutor/" className="BBk.Rc1.Ricis.DataImport.RepoLendImport.Services.Tests.RepoLendFieldCheckServiceTests" name="Check_UnusualDayCount_ReturnsCorrectAlert" />
    </UnitTest>
    <UnitTest name="Check_ReartIsRpevAndIntrefrcWithDifferentSnrk_ReturnsCorrectAlert" storage="c:\users\joachimwagner\documents\projekte\bundesbank\dataimport\repolendimporttests\bin\debug\netcoreapp2.1\repolendimporttests.dll" id="945b037d-189c-6619-8847-76eb2abc73f5">
      <Execution id="6136a29f-8c9a-4291-a4d0-f5b1348f5cae" />
      <TestMethod codeBase="C:\Users\JoachimWagner\Documents\Projekte\Bundesbank\DataImport\RepoLendImportTests\bin\Debug\netcoreapp2.1\RepoLendImportTests.dll" adapterTypeName="executor://nunit3testexecutor/" className="BBk.Rc1.Ricis.DataImport.RepoLendImport.Services.Tests.RepoLendMultiRecordCheckServiceTests" name="Check_ReartIsRpevAndIntrefrcWithDifferentSnrk_ReturnsCorrectAlert" />
    </UnitTest>
    <UnitTest name="Check_ValutaNachFaelligkeit_ReturnsCorrectAlert" storage="c:\users\joachimwagner\documents\projekte\bundesbank\dataimport\repolendimporttests\bin\debug\netcoreapp2.1\repolendimporttests.dll" id="32db0390-2895-05b5-b4db-a03bafd5e412">
      <Execution id="a751e212-1827-4d4f-a908-ad0c41361f4f" />
      <TestMethod codeBase="C:\Users\JoachimWagner\Documents\Projekte\Bundesbank\DataImport\RepoLendImportTests\bin\Debug\netcoreapp2.1\RepoLendImportTests.dll" adapterTypeName="executor://nunit3testexecutor/" className="BBk.Rc1.Ricis.DataImport.RepoLendImport.Services.Tests.RepoLendMultiFieldCheckServiceTests" name="Check_ValutaNachFaelligkeit_ReturnsCorrectAlert" />
    </UnitTest>
    <UnitTest name="Check_ReartIsRpevAndIntrefrcWithDifferentLfzb_ReturnsCorrectAlert" storage="c:\users\joachimwagner\documents\projekte\bundesbank\dataimport\repolendimporttests\bin\debug\netcoreapp2.1\repolendimporttests.dll" id="e40343f3-991e-f446-62f6-1a9ecc3c632f">
      <Execution id="11b3611f-36cb-4976-8fe4-21face0c91ad" />
      <TestMethod codeBase="C:\Users\JoachimWagner\Documents\Projekte\Bundesbank\DataImport\RepoLendImportTests\bin\Debug\netcoreapp2.1\RepoLendImportTests.dll" adapterTypeName="executor://nunit3testexecutor/" className="BBk.Rc1.Ricis.DataImport.RepoLendImport.Services.Tests.RepoLendMultiRecordCheckServiceTests" name="Check_ReartIsRpevAndIntrefrcWithDifferentLfzb_ReturnsCorrectAlert" />
    </UnitTest>
    <UnitTest name="Check_StornoIsNotValid_ReturnsCorrectAlert" storage="c:\users\joachimwagner\documents\projekte\bundesbank\dataimport\repolendimporttests\bin\debug\netcoreapp2.1\repolendimporttests.dll" id="a89724b7-5a9d-8e74-640f-94619edcb3e6">
      <Execution id="218cf555-6405-4d8f-b6d1-09f4b0a2e0ba" />
      <TestMethod codeBase="C:\Users\JoachimWagner\Documents\Projekte\Bundesbank\DataImport\RepoLendImportTests\bin\Debug\netcoreapp2.1\RepoLendImportTests.dll" adapterTypeName="executor://nunit3testexecutor/" className="BBk.Rc1.Ricis.DataImport.RepoLendImport.Services.Tests.RepoLendFieldCheckServiceTests" name="Check_StornoIsNotValid_ReturnsCorrectAlert" />
    </UnitTest>
    <UnitTest name="Check_BelegIsMissing_ReturnsCorrectAlert" storage="c:\users\joachimwagner\documents\projekte\bundesbank\dataimport\repolendimporttests\bin\debug\netcoreapp2.1\repolendimporttests.dll" id="14acd5c3-e908-3aec-2946-f44f99f17826">
      <Execution id="5a4b662b-b585-4b2e-9f36-3738366441a7" />
      <TestMethod codeBase="C:\Users\JoachimWagner\Documents\Projekte\Bundesbank\DataImport\RepoLendImportTests\bin\Debug\netcoreapp2.1\RepoLendImportTests.dll" adapterTypeName="executor://nunit3testexecutor/" className="BBk.Rc1.Ricis.DataImport.RepoLendImport.Services.Tests.RepoLendFieldCheckServiceTests" name="Check_BelegIsMissing_ReturnsCorrectAlert" />
    </UnitTest>
    <UnitTest name="Check_StatbIsNotValid_ReturnsCorrectAlert" storage="c:\users\joachimwagner\documents\projekte\bundesbank\dataimport\repolendimporttests\bin\debug\netcoreapp2.1\repolendimporttests.dll" id="305b212d-3908-dc68-eb2b-8809c2122082">
      <Execution id="f4899c20-a71f-4dc0-a049-dbff38025fb6" />
      <TestMethod codeBase="C:\Users\JoachimWagner\Documents\Projekte\Bundesbank\DataImport\RepoLendImportTests\bin\Debug\netcoreapp2.1\RepoLendImportTests.dll" adapterTypeName="executor://nunit3testexecutor/" className="BBk.Rc1.Ricis.DataImport.RepoLendImport.Services.Tests.RepoLendFieldCheckServiceTests" name="Check_StatbIsNotValid_ReturnsCorrectAlert" />
    </UnitTest>
    <UnitTest name="Check_RepoLendNoNotFoundInTblRepoLend_ReturnsNoAlert" storage="c:\users\joachimwagner\documents\projekte\bundesbank\dataimport\repolendimporttests\bin\debug\netcoreapp2.1\repolendimporttests.dll" id="580f99e5-0fcb-fb17-664d-7ea4cb69fa9b">
      <Execution id="c082a3d2-ba14-4d1b-896e-c7663b0933ea" />
      <TestMethod codeBase="C:\Users\JoachimWagner\Documents\Projekte\Bundesbank\DataImport\RepoLendImportTests\bin\Debug\netcoreapp2.1\RepoLendImportTests.dll" adapterTypeName="executor://nunit3testexecutor/" className="BBk.Rc1.Ricis.DataImport.RepoLendImport.Services.Tests.RepoLendConsistencyWithDatabaseCheckServiceTests" name="Check_RepoLendNoNotFoundInTblRepoLend_ReturnsNoAlert" />
    </UnitTest>
    <UnitTest name="Check_ReartIsRpevAndIntrefrcWithDifferentDatumab_ReturnsCorrectAlert" storage="c:\users\joachimwagner\documents\projekte\bundesbank\dataimport\repolendimporttests\bin\debug\netcoreapp2.1\repolendimporttests.dll" id="80a0bac5-c07c-3780-702d-6f55aac8baf4">
      <Execution id="d9ba4132-f955-4cbf-81f6-02e46b39248a" />
      <TestMethod codeBase="C:\Users\JoachimWagner\Documents\Projekte\Bundesbank\DataImport\RepoLendImportTests\bin\Debug\netcoreapp2.1\RepoLendImportTests.dll" adapterTypeName="executor://nunit3testexecutor/" className="BBk.Rc1.Ricis.DataImport.RepoLendImport.Services.Tests.RepoLendMultiRecordCheckServiceTests" name="Check_ReartIsRpevAndIntrefrcWithDifferentDatumab_ReturnsCorrectAlert" />
    </UnitTest>
    <UnitTest name="Transform_InputDtoAb1IsPositive_ReturnsCorrectResult" storage="c:\users\joachimwagner\documents\projekte\bundesbank\dataimport\repolendimporttests\bin\debug\netcoreapp2.1\repolendimporttests.dll" id="ef52c77d-2fcb-6515-62cc-56e4527cd05d">
      <Execution id="4ac4d5e7-b429-40b4-94b3-a3492fbf4b27" />
      <TestMethod codeBase="C:\Users\JoachimWagner\Documents\Projekte\Bundesbank\DataImport\RepoLendImportTests\bin\Debug\netcoreapp2.1\RepoLendImportTests.dll" adapterTypeName="executor://nunit3testexecutor/" className="BBk.Rc1.Ricis.DataImport.RepoLendImport.Services.Tests.RepoLendTransformServiceTests" name="Transform_InputDtoAb1IsPositive_ReturnsCorrectResult" />
    </UnitTest>
    <UnitTest name="Check_ValutaGleichFaelligkeit_ReturnsCorrectAlert" storage="c:\users\joachimwagner\documents\projekte\bundesbank\dataimport\repolendimporttests\bin\debug\netcoreapp2.1\repolendimporttests.dll" id="fcd05b96-b92e-d7f2-527b-b5f44df1b089">
      <Execution id="db738889-ea28-42d5-bfa9-b008609149a7" />
      <TestMethod codeBase="C:\Users\JoachimWagner\Documents\Projekte\Bundesbank\DataImport\RepoLendImportTests\bin\Debug\netcoreapp2.1\RepoLendImportTests.dll" adapterTypeName="executor://nunit3testexecutor/" className="BBk.Rc1.Ricis.DataImport.RepoLendImport.Services.Tests.RepoLendMultiFieldCheckServiceTests" name="Check_ValutaGleichFaelligkeit_ReturnsCorrectAlert" />
    </UnitTest>
    <UnitTest name="Transform_InputDtoStornoIs1_ReturnsInstrumentTypeGLDLS" storage="c:\users\joachimwagner\documents\projekte\bundesbank\dataimport\repolendimporttests\bin\debug\netcoreapp2.1\repolendimporttests.dll" id="4077de25-cbee-579a-4699-0ae692e85bd0">
      <Execution id="04f0082a-35e3-4a9f-8585-1ded0adf97cd" />
      <TestMethod codeBase="C:\Users\JoachimWagner\Documents\Projekte\Bundesbank\DataImport\RepoLendImportTests\bin\Debug\netcoreapp2.1\RepoLendImportTests.dll" adapterTypeName="executor://nunit3testexecutor/" className="BBk.Rc1.Ricis.DataImport.RepoLendImport.Services.Tests.RepoLendTransformServiceTests" name="Transform_InputDtoStornoIs1_ReturnsInstrumentTypeGLDLS" />
    </UnitTest>
    <UnitTest name="Check_ReartIsRpevAndIntrefrcWithDifferentLfzv_ReturnsCorrectAlert" storage="c:\users\joachimwagner\documents\projekte\bundesbank\dataimport\repolendimporttests\bin\debug\netcoreapp2.1\repolendimporttests.dll" id="74ca14a1-d085-28fe-fa5b-6ef7600c66df">
      <Execution id="74b07e03-c01b-435d-a7e8-f9f0a7e4216c" />
      <TestMethod codeBase="C:\Users\JoachimWagner\Documents\Projekte\Bundesbank\DataImport\RepoLendImportTests\bin\Debug\netcoreapp2.1\RepoLendImportTests.dll" adapterTypeName="executor://nunit3testexecutor/" className="BBk.Rc1.Ricis.DataImport.RepoLendImport.Services.Tests.RepoLendMultiRecordCheckServiceTests" name="Check_ReartIsRpevAndIntrefrcWithDifferentLfzv_ReturnsCorrectAlert" />
    </UnitTest>
    <UnitTest name="Transform_InputDtoWithQueries_ReturnsCorrectResult" storage="c:\users\joachimwagner\documents\projekte\bundesbank\dataimport\repolendimporttests\bin\debug\netcoreapp2.1\repolendimporttests.dll" id="46ac35e9-46fe-6e8e-53cf-d897e294fa7c">
      <Execution id="bc3e4887-80ae-4bb2-8140-9f48e4566297" />
      <TestMethod codeBase="C:\Users\JoachimWagner\Documents\Projekte\Bundesbank\DataImport\RepoLendImportTests\bin\Debug\netcoreapp2.1\RepoLendImportTests.dll" adapterTypeName="executor://nunit3testexecutor/" className="BBk.Rc1.Ricis.DataImport.RepoLendImport.Services.Tests.RepoLendTransformServiceTests" name="Transform_InputDtoWithQueries_ReturnsCorrectResult" />
    </UnitTest>
    <UnitTest name="Check_TwoPropertiesAreNotValid_ReturnsTwoAlerts" storage="c:\users\joachimwagner\documents\projekte\bundesbank\dataimport\repolendimporttests\bin\debug\netcoreapp2.1\repolendimporttests.dll" id="cb6ce52b-7bea-1e6a-7d5e-d9535abaf226">
      <Execution id="8048aac0-e51b-4ecb-9fa1-80969773d3be" />
      <TestMethod codeBase="C:\Users\JoachimWagner\Documents\Projekte\Bundesbank\DataImport\RepoLendImportTests\bin\Debug\netcoreapp2.1\RepoLendImportTests.dll" adapterTypeName="executor://nunit3testexecutor/" className="BBk.Rc1.Ricis.DataImport.RepoLendImport.Services.Tests.RepoLendFieldCheckServiceTests" name="Check_TwoPropertiesAreNotValid_ReturnsTwoAlerts" />
    </UnitTest>
  </TestDefinitions>
  <TestEntries>
    <TestEntry testId="fcd05b96-b92e-d7f2-527b-b5f44df1b089" executionId="db738889-ea28-42d5-bfa9-b008609149a7" testListId="8c84fa94-04c1-424b-9868-57a2d4851a1d" />
    <TestEntry testId="ef52c77d-2fcb-6515-62cc-56e4527cd05d" executionId="4ac4d5e7-b429-40b4-94b3-a3492fbf4b27" testListId="8c84fa94-04c1-424b-9868-57a2d4851a1d" />
    <TestEntry testId="a8dc66c6-cdab-ae91-8ff5-81412196dfbe" executionId="c8cd2a2f-758c-41b6-9046-739dc02a587b" testListId="8c84fa94-04c1-424b-9868-57a2d4851a1d" />
    <TestEntry testId="ef3be56c-94ed-c047-8d3c-6f8977bd21d2" executionId="fb194bb2-1433-491a-ac76-096a2bf25f1d" testListId="8c84fa94-04c1-424b-9868-57a2d4851a1d" />
    <TestEntry testId="e7fbf797-1c8b-40a8-5802-94e1c2247ec4" executionId="e5506657-28fd-4c0b-b72c-992c56b8f32d" testListId="8c84fa94-04c1-424b-9868-57a2d4851a1d" />
    <TestEntry testId="e40343f3-991e-f446-62f6-1a9ecc3c632f" executionId="11b3611f-36cb-4976-8fe4-21face0c91ad" testListId="8c84fa94-04c1-424b-9868-57a2d4851a1d" />
    <TestEntry testId="945b037d-189c-6619-8847-76eb2abc73f5" executionId="6136a29f-8c9a-4291-a4d0-f5b1348f5cae" testListId="8c84fa94-04c1-424b-9868-57a2d4851a1d" />
    <TestEntry testId="14acd5c3-e908-3aec-2946-f44f99f17826" executionId="5a4b662b-b585-4b2e-9f36-3738366441a7" testListId="8c84fa94-04c1-424b-9868-57a2d4851a1d" />
    <TestEntry testId="f5242c50-e4a6-e1c1-3b1f-51f374c81842" executionId="9f38eaf2-7658-4f5f-8910-458c03ef2e51" testListId="8c84fa94-04c1-424b-9868-57a2d4851a1d" />
    <TestEntry testId="80a0bac5-c07c-3780-702d-6f55aac8baf4" executionId="d9ba4132-f955-4cbf-81f6-02e46b39248a" testListId="8c84fa94-04c1-424b-9868-57a2d4851a1d" />
    <TestEntry testId="ed0b9e76-bae5-9f28-f58d-e69846871bb1" executionId="7dcf4bd0-5b46-4feb-83c5-135c6488bd6d" testListId="8c84fa94-04c1-424b-9868-57a2d4851a1d" />
    <TestEntry testId="f3e52058-e095-79d5-875e-98a9d8638798" executionId="e4cdbbe5-827c-44c3-a935-909809250110" testListId="8c84fa94-04c1-424b-9868-57a2d4851a1d" />
    <TestEntry testId="92a9a05b-7751-0b61-9bce-ef21ab6515d7" executionId="0770dd59-0814-40c8-8a7d-78385368423e" testListId="8c84fa94-04c1-424b-9868-57a2d4851a1d" />
    <TestEntry testId="7cb44998-806a-76bb-2cac-16f4158a9a76" executionId="c941ec77-de13-4f33-a2e5-e7fa49ad2430" testListId="8c84fa94-04c1-424b-9868-57a2d4851a1d" />
    <TestEntry testId="369efccc-352a-528b-d8f5-764e67be203c" executionId="58f14e46-7f41-4ff1-aa7f-f8c2324bfb4e" testListId="8c84fa94-04c1-424b-9868-57a2d4851a1d" />
    <TestEntry testId="d779a0a0-02ae-d767-2d29-0670c263b2a4" executionId="fd19700b-3fa9-497f-b1b9-cefe27077103" testListId="8c84fa94-04c1-424b-9868-57a2d4851a1d" />
    <TestEntry testId="d53cf83b-8142-2338-f6e6-0bc959756026" executionId="3b3e0242-cc56-46be-b224-8165f47be99f" testListId="8c84fa94-04c1-424b-9868-57a2d4851a1d" />
    <TestEntry testId="4df513fa-06da-d378-51b3-9b3f4db836e9" executionId="ef6a2534-2e15-45b9-9cc8-cba8496fa0dd" testListId="8c84fa94-04c1-424b-9868-57a2d4851a1d" />
    <TestEntry testId="32db0390-2895-05b5-b4db-a03bafd5e412" executionId="a751e212-1827-4d4f-a908-ad0c41361f4f" testListId="8c84fa94-04c1-424b-9868-57a2d4851a1d" />
    <TestEntry testId="f9541ca4-60fe-9ed3-8824-372402ffc4db" executionId="5d5a73d1-cb0c-460a-994a-3c45be6a213b" testListId="8c84fa94-04c1-424b-9868-57a2d4851a1d" />
    <TestEntry testId="8c92c515-c14b-8438-cbe0-b1712098df6f" executionId="3261f67d-357d-4706-ba09-183b4d971924" testListId="8c84fa94-04c1-424b-9868-57a2d4851a1d" />
    <TestEntry testId="fc97e396-9155-71bb-2cf0-89d5d718587d" executionId="1e1538bf-63f2-48cf-bf18-367a5dbe5d6f" testListId="8c84fa94-04c1-424b-9868-57a2d4851a1d" />
    <TestEntry testId="580f99e5-0fcb-fb17-664d-7ea4cb69fa9b" executionId="c082a3d2-ba14-4d1b-896e-c7663b0933ea" testListId="8c84fa94-04c1-424b-9868-57a2d4851a1d" />
    <TestEntry testId="3fe7d41a-0ab3-5bab-4efc-570bf9375b6e" executionId="ed311704-1376-419f-b997-06b1568e61e2" testListId="8c84fa94-04c1-424b-9868-57a2d4851a1d" />
    <TestEntry testId="3b46335a-f906-0dba-67c3-44e854aa58e8" executionId="782d315f-b5e6-454b-986b-8f58835bb5bc" testListId="8c84fa94-04c1-424b-9868-57a2d4851a1d" />
    <TestEntry testId="4c523ea7-ca8b-7b99-b7a9-cd9e014a6818" executionId="b7abc739-3fe5-4c4b-88ec-d1da39009e61" testListId="8c84fa94-04c1-424b-9868-57a2d4851a1d" />
    <TestEntry testId="8aa2ee32-518f-b5cd-f84a-61356cb78dc0" executionId="0f75b196-d054-400d-94ac-8181b128e213" testListId="8c84fa94-04c1-424b-9868-57a2d4851a1d" />
    <TestEntry testId="753513be-283b-2faa-caf1-1aed025a0b31" executionId="1d1214ae-f2c0-40c0-b43c-0fad9b6090db" testListId="8c84fa94-04c1-424b-9868-57a2d4851a1d" />
    <TestEntry testId="ed2afc47-1f95-85e8-6276-04c75169d120" executionId="b31a5d9e-f218-4184-9d02-043464a5ee26" testListId="8c84fa94-04c1-424b-9868-57a2d4851a1d" />
    <TestEntry testId="305b212d-3908-dc68-eb2b-8809c2122082" executionId="f4899c20-a71f-4dc0-a049-dbff38025fb6" testListId="8c84fa94-04c1-424b-9868-57a2d4851a1d" />
    <TestEntry testId="f0a394d4-4819-27b9-6bd6-c7b6d05ff9b1" executionId="94e6fffd-cd9f-4ca5-a688-631d07121baa" testListId="8c84fa94-04c1-424b-9868-57a2d4851a1d" />
    <TestEntry testId="2723b988-abc3-918f-3d4d-d4973a476265" executionId="06ca9b6b-0331-43f4-b226-f9066d94cb09" testListId="8c84fa94-04c1-424b-9868-57a2d4851a1d" />
    <TestEntry testId="3c76c4f8-b752-b5ae-7d11-1d18ad8f4efb" executionId="65d15cc9-524b-4c4b-83cb-2a7d7755779c" testListId="8c84fa94-04c1-424b-9868-57a2d4851a1d" />
    <TestEntry testId="d43e622b-80b5-c9ac-a27e-f80418680e80" executionId="d6dd9796-7cc0-4ae9-8d3a-f61240c29fc8" testListId="8c84fa94-04c1-424b-9868-57a2d4851a1d" />
    <TestEntry testId="885a3641-4c76-1c22-9afb-f455f0d473ad" executionId="f0e88bd7-ea31-44c9-aab4-804d29c711bf" testListId="8c84fa94-04c1-424b-9868-57a2d4851a1d" />
    <TestEntry testId="b5648cee-4bbf-b03b-bd60-3bbff58564a7" executionId="70a77406-2947-4499-9151-1b64c0ef1c79" testListId="8c84fa94-04c1-424b-9868-57a2d4851a1d" />
    <TestEntry testId="74ca14a1-d085-28fe-fa5b-6ef7600c66df" executionId="74b07e03-c01b-435d-a7e8-f9f0a7e4216c" testListId="8c84fa94-04c1-424b-9868-57a2d4851a1d" />
    <TestEntry testId="53b032d3-d2df-78a9-1eed-513c801f548d" executionId="b5f95aec-8ee5-4772-ae3a-4da20b190fe2" testListId="8c84fa94-04c1-424b-9868-57a2d4851a1d" />
    <TestEntry testId="e5ae615b-ab6b-72cd-fa0e-190961277a90" executionId="482a48e5-8e46-40db-8f80-5b8211ed16a5" testListId="8c84fa94-04c1-424b-9868-57a2d4851a1d" />
    <TestEntry testId="46ac35e9-46fe-6e8e-53cf-d897e294fa7c" executionId="bc3e4887-80ae-4bb2-8140-9f48e4566297" testListId="8c84fa94-04c1-424b-9868-57a2d4851a1d" />
    <TestEntry testId="343af390-b46b-ff46-9ce6-f669b4fa33c7" executionId="8041b1f6-b0dc-4736-bfa0-9096ab5cd6f3" testListId="8c84fa94-04c1-424b-9868-57a2d4851a1d" />
    <TestEntry testId="cb6ce52b-7bea-1e6a-7d5e-d9535abaf226" executionId="8048aac0-e51b-4ecb-9fa1-80969773d3be" testListId="8c84fa94-04c1-424b-9868-57a2d4851a1d" />
    <TestEntry testId="6b87a63b-553f-3360-3c21-0937d96624ab" executionId="09f2d485-1585-4db5-976c-8e6af880cc22" testListId="8c84fa94-04c1-424b-9868-57a2d4851a1d" />
    <TestEntry testId="310ca7f5-760e-bff5-2f81-a60db0a6099c" executionId="f262cdea-0cb2-449f-8630-6f4146c68cd4" testListId="8c84fa94-04c1-424b-9868-57a2d4851a1d" />
    <TestEntry testId="4077de25-cbee-579a-4699-0ae692e85bd0" executionId="04f0082a-35e3-4a9f-8585-1ded0adf97cd" testListId="8c84fa94-04c1-424b-9868-57a2d4851a1d" />
    <TestEntry testId="e8123387-a16c-4cda-6102-c2ca1aa32a55" executionId="58f9e79c-bca0-425f-9ddd-86632d121454" testListId="8c84fa94-04c1-424b-9868-57a2d4851a1d" />
    <TestEntry testId="a89724b7-5a9d-8e74-640f-94619edcb3e6" executionId="218cf555-6405-4d8f-b6d1-09f4b0a2e0ba" testListId="8c84fa94-04c1-424b-9868-57a2d4851a1d" />
    <TestEntry testId="37f0fb93-41be-1b14-e0b2-a8e3a7ec50f4" executionId="03fb9a81-e5ae-45b4-adf1-fcbc6e372733" testListId="8c84fa94-04c1-424b-9868-57a2d4851a1d" />
  </TestEntries>
  <TestLists>
    <TestList name="Ergebnisse nicht in einer Liste" id="8c84fa94-04c1-424b-9868-57a2d4851a1d" />
    <TestList name="Alle geladenen Ergebnisse" id="19431567-8539-422a-85d7-44ee4e166bda" />
  </TestLists>
  <ResultSummary outcome="Completed">
    <Counters total="48" executed="48" passed="48" failed="0" error="0" timeout="0" aborted="0" inconclusive="0" passedButRunAborted="0" notRunnable="0" notExecuted="0" disconnected="0" warning="0" completed="0" inProgress="0" pending="0" />
    <Output>
      <StdOut>NUnit Adapter 3.16.1.0: Test execution started&#xD;
Running all tests in C:\Users\JoachimWagner\Documents\Projekte\Bundesbank\DataImport\RepoLendImportTests\bin\Debug\netcoreapp2.1\RepoLendImportTests.dll&#xD;
   NUnit3TestExecutor converted 48 of 48 NUnit test cases&#xD;
NUnit Adapter 3.16.1.0: Test execution complete&#xD;
</StdOut>
    </Output>
    <CollectorDataEntries>
      <Collector agentName="KEPLER" uri="datacollector://microsoft/CodeCoverage/2.0" collectorDisplayName="Code Coverage">
        <UriAttachments>
          <UriAttachment>
            <A href="KEPLER\JoachimWagner_KEPLER_2021-07-20.10_24_59.coverage"></A>
          </UriAttachment>
        </UriAttachments>
      </Collector>
    </CollectorDataEntries>
  </ResultSummary>
</TestRun>