<?xml version="1.0" encoding="utf-8"?>
<TestRun id="f9b7b99f-62bb-46f2-9d9f-82b3775f409f" name="JoachimWagner@KEPLER 2021-07-20 10:25:10" runUser="AzureAD\JoachimWagner" xmlns="http://microsoft.com/schemas/VisualStudio/TeamTest/2010">
  <Times creation="2021-07-20T10:25:10.1893766+02:00" queuing="2021-07-20T10:25:10.1893772+02:00" start="2021-07-20T10:25:07.6839606+02:00" finish="2021-07-20T10:25:10.3708598+02:00" />
  <TestSettings name="default" id="ed58d286-b2cf-4cb0-abbb-4263be0ec268">
    <Deployment runDeploymentRoot="JoachimWagner_KEPLER_2021-07-20_10_25_10" />
  </TestSettings>
  <Results>
    <UnitTestResult executionId="6428fb3a-31ee-4ea4-84c6-5b83dcae3015" testId="0c3e0dde-ca43-a1b4-68f3-f0bab7cb0817" testName="ReadUShortByPosition_ColumnValueIsNull_returnsDefaultValue" computerName="KEPLER" duration="00:00:00.0000001" startTime="2021-07-20T10:25:10.0000000+02:00" endTime="2021-07-20T10:25:10.0000000+02:00" testType="13cdc9d9-ddb5-4fa4-a97d-d965ccfc6d4b" outcome="Passed" testListId="8c84fa94-04c1-424b-9868-57a2d4851a1d" relativeResultsDirectory="6428fb3a-31ee-4ea4-84c6-5b83dcae3015" />
    <UnitTestResult executionId="06df0fc5-33ae-426d-b8d9-fffcf852968d" testId="1f14a07f-f083-d069-df52-f95d0ab32b2c" testName="ReadStringByPosition_IllegalPosition_throwsIndexOutOfRangeException" computerName="KEPLER" duration="00:00:00.0000001" startTime="2021-07-20T10:25:10.0000000+02:00" endTime="2021-07-20T10:25:10.0000000+02:00" testType="13cdc9d9-ddb5-4fa4-a97d-d965ccfc6d4b" outcome="Passed" testListId="8c84fa94-04c1-424b-9868-57a2d4851a1d" relativeResultsDirectory="06df0fc5-33ae-426d-b8d9-fffcf852968d" />
    <UnitTestResult executionId="84deea13-5cf1-43c1-a4ba-ec0da85e8512" testId="cbb8c242-7708-2b27-f875-82ad4bb5bf5c" testName="ReadDoubleByPosition_IllegalPosition_throwsIndexOutOfRangeException" computerName="KEPLER" duration="00:00:00.0000001" startTime="2021-07-20T10:25:10.0000000+02:00" endTime="2021-07-20T10:25:10.0000000+02:00" testType="13cdc9d9-ddb5-4fa4-a97d-d965ccfc6d4b" outcome="Passed" testListId="8c84fa94-04c1-424b-9868-57a2d4851a1d" relativeResultsDirectory="84deea13-5cf1-43c1-a4ba-ec0da85e8512" />
    <UnitTestResult executionId="06b99ec9-5d14-44ce-8744-2b877a81c812" testId="787bed18-d401-7a51-52b1-e3a0490d9e59" testName="ReadDecimalByName_ColumnValueIsValid_returnsColumnValue" computerName="KEPLER" duration="00:00:00.0020000" startTime="2021-07-20T10:25:10.0000000+02:00" endTime="2021-07-20T10:25:10.0000000+02:00" testType="13cdc9d9-ddb5-4fa4-a97d-d965ccfc6d4b" outcome="Passed" testListId="8c84fa94-04c1-424b-9868-57a2d4851a1d" relativeResultsDirectory="06b99ec9-5d14-44ce-8744-2b877a81c812" />
    <UnitTestResult executionId="74f8dd60-4984-485f-82a7-ec39336a4fbc" testId="d5462450-f0d0-a45d-7257-bee2d85016db" testName="ReadULongByPosition_ColumnValueIsNull_returnsDefaultValue" computerName="KEPLER" duration="00:00:00.0000001" startTime="2021-07-20T10:25:10.0000000+02:00" endTime="2021-07-20T10:25:10.0000000+02:00" testType="13cdc9d9-ddb5-4fa4-a97d-d965ccfc6d4b" outcome="Passed" testListId="8c84fa94-04c1-424b-9868-57a2d4851a1d" relativeResultsDirectory="74f8dd60-4984-485f-82a7-ec39336a4fbc" />
    <UnitTestResult executionId="ab974627-39e4-4b57-b5c4-3bb9d737ea7a" testId="b5ac5171-235e-65fa-c5c1-5f95389c35dd" testName="ReadByteByName_ColumnValueIsValid_returnsColumnValue" computerName="KEPLER" duration="00:00:00.0020000" startTime="2021-07-20T10:25:10.0000000+02:00" endTime="2021-07-20T10:25:10.0000000+02:00" testType="13cdc9d9-ddb5-4fa4-a97d-d965ccfc6d4b" outcome="Passed" testListId="8c84fa94-04c1-424b-9868-57a2d4851a1d" relativeResultsDirectory="ab974627-39e4-4b57-b5c4-3bb9d737ea7a" />
    <UnitTestResult executionId="0a2e0e45-514f-4e5e-b71d-a2f94b16ba12" testId="f7c7320f-4f44-9339-2098-e403250c3578" testName="ReadUIntByPosition_ColumnValueIsValid_returnsColumnValue" computerName="KEPLER" duration="00:00:00.0000001" startTime="2021-07-20T10:25:10.0000000+02:00" endTime="2021-07-20T10:25:10.0000000+02:00" testType="13cdc9d9-ddb5-4fa4-a97d-d965ccfc6d4b" outcome="Passed" testListId="8c84fa94-04c1-424b-9868-57a2d4851a1d" relativeResultsDirectory="0a2e0e45-514f-4e5e-b71d-a2f94b16ba12" />
    <UnitTestResult executionId="c3babda3-9029-4cdb-b440-98d529a8b332" testId="ff3c2f34-d7a8-39c9-82f0-87dec3bd1bbb" testName="ReadTimeByPosition_IllegalPosition_throwsIndexOutOfRangeException" computerName="KEPLER" duration="00:00:00.0000001" startTime="2021-07-20T10:25:10.0000000+02:00" endTime="2021-07-20T10:25:10.0000000+02:00" testType="13cdc9d9-ddb5-4fa4-a97d-d965ccfc6d4b" outcome="Passed" testListId="8c84fa94-04c1-424b-9868-57a2d4851a1d" relativeResultsDirectory="c3babda3-9029-4cdb-b440-98d529a8b332" />
    <UnitTestResult executionId="3b83bd5d-9ece-4ff0-a23b-618bb29820c1" testId="849f9b46-20fe-795e-71ab-a0cb84df38a3" testName="Read_WithHeadlines_Success" computerName="KEPLER" duration="00:00:00.0010000" startTime="2021-07-20T10:25:10.0000000+02:00" endTime="2021-07-20T10:25:10.0000000+02:00" testType="13cdc9d9-ddb5-4fa4-a97d-d965ccfc6d4b" outcome="Passed" testListId="8c84fa94-04c1-424b-9868-57a2d4851a1d" relativeResultsDirectory="3b83bd5d-9ece-4ff0-a23b-618bb29820c1" />
    <UnitTestResult executionId="8d6328bb-0066-42a2-8e15-d2f74a1218d5" testId="3e33229f-6b8c-902d-9c7f-f151f7662b5d" testName="ReadShortByPosition_ColumnValueIsValid_returnsColumnValue" computerName="KEPLER" duration="00:00:00.0000001" startTime="2021-07-20T10:25:10.0000000+02:00" endTime="2021-07-20T10:25:10.0000000+02:00" testType="13cdc9d9-ddb5-4fa4-a97d-d965ccfc6d4b" outcome="Passed" testListId="8c84fa94-04c1-424b-9868-57a2d4851a1d" relativeResultsDirectory="8d6328bb-0066-42a2-8e15-d2f74a1218d5" />
    <UnitTestResult executionId="98d2467b-6f58-4081-a8f0-49d2957c5978" testId="a9ba31f4-5448-2bd8-cc17-6dde183f2c7e" testName="ReadFloatByPosition_ColumnValueIsValid_returnsColumnValue" computerName="KEPLER" duration="00:00:00.0000001" startTime="2021-07-20T10:25:10.0000000+02:00" endTime="2021-07-20T10:25:10.0000000+02:00" testType="13cdc9d9-ddb5-4fa4-a97d-d965ccfc6d4b" outcome="Passed" testListId="8c84fa94-04c1-424b-9868-57a2d4851a1d" relativeResultsDirectory="98d2467b-6f58-4081-a8f0-49d2957c5978" />
    <UnitTestResult executionId="6bb8d308-cbcd-429a-9aec-de0bcd2f3691" testId="a4d55b8e-1ad7-4aaf-f2db-a3881347b967" testName="ReadUIntByPosition_IllegalPosition_throwsIndexOutOfRangeException" computerName="KEPLER" duration="00:00:00.0000001" startTime="2021-07-20T10:25:10.0000000+02:00" endTime="2021-07-20T10:25:10.0000000+02:00" testType="13cdc9d9-ddb5-4fa4-a97d-d965ccfc6d4b" outcome="Passed" testListId="8c84fa94-04c1-424b-9868-57a2d4851a1d" relativeResultsDirectory="6bb8d308-cbcd-429a-9aec-de0bcd2f3691" />
    <UnitTestResult executionId="12830ad6-68e9-450b-8ed3-ec40ac22da15" testId="3b0f93ac-123f-48d2-4664-f6d15b48060d" testName="ReadBigIntegerByPosition_IllegalPosition_throwsIndexOutOfRangeException" computerName="KEPLER" duration="00:00:00.0090000" startTime="2021-07-20T10:25:10.0000000+02:00" endTime="2021-07-20T10:25:10.0000000+02:00" testType="13cdc9d9-ddb5-4fa4-a97d-d965ccfc6d4b" outcome="Passed" testListId="8c84fa94-04c1-424b-9868-57a2d4851a1d" relativeResultsDirectory="12830ad6-68e9-450b-8ed3-ec40ac22da15" />
    <UnitTestResult executionId="10703141-c609-467e-b60c-ea57f96fc4bf" testId="27b2d23f-2d93-b00e-67aa-18eff944a29a" testName="Read_NoHeadlines_Success" computerName="KEPLER" duration="00:00:00.0030000" startTime="2021-07-20T10:25:10.0000000+02:00" endTime="2021-07-20T10:25:10.0000000+02:00" testType="13cdc9d9-ddb5-4fa4-a97d-d965ccfc6d4b" outcome="Passed" testListId="8c84fa94-04c1-424b-9868-57a2d4851a1d" relativeResultsDirectory="10703141-c609-467e-b60c-ea57f96fc4bf" />
    <UnitTestResult executionId="f9233a4f-7a27-4bdb-9689-c61350f9c5e1" testId="731bca5c-9d61-806b-524d-2614ec58be0a" testName="ReadIntByPosition_ColumnValueIsNull_returnsDefaultValue" computerName="KEPLER" duration="00:00:00.0000001" startTime="2021-07-20T10:25:10.0000000+02:00" endTime="2021-07-20T10:25:10.0000000+02:00" testType="13cdc9d9-ddb5-4fa4-a97d-d965ccfc6d4b" outcome="Passed" testListId="8c84fa94-04c1-424b-9868-57a2d4851a1d" relativeResultsDirectory="f9233a4f-7a27-4bdb-9689-c61350f9c5e1" />
    <UnitTestResult executionId="1859a740-8914-4ada-844d-87750cb45e53" testId="30cfd5cb-e202-5ca3-06d1-964df82948cd" testName="ReadStringByPosition_ColumnValueIsNull_returnsDefaultValue" computerName="KEPLER" duration="00:00:00.0000001" startTime="2021-07-20T10:25:10.0000000+02:00" endTime="2021-07-20T10:25:10.0000000+02:00" testType="13cdc9d9-ddb5-4fa4-a97d-d965ccfc6d4b" outcome="Passed" testListId="8c84fa94-04c1-424b-9868-57a2d4851a1d" relativeResultsDirectory="1859a740-8914-4ada-844d-87750cb45e53" />
    <UnitTestResult executionId="3183316e-fbd9-42f4-8c55-91d54424e693" testId="f019755f-e0a8-8666-3273-046e81d5d5a1" testName="ReadByteByPosition_IllegalPosition_throwsIndexOutOfRangeException" computerName="KEPLER" duration="00:00:00.0000001" startTime="2021-07-20T10:25:10.0000000+02:00" endTime="2021-07-20T10:25:10.0000000+02:00" testType="13cdc9d9-ddb5-4fa4-a97d-d965ccfc6d4b" outcome="Passed" testListId="8c84fa94-04c1-424b-9868-57a2d4851a1d" relativeResultsDirectory="3183316e-fbd9-42f4-8c55-91d54424e693" />
    <UnitTestResult executionId="7de353a7-9a1b-477f-84dd-7a1236414a35" testId="1811d5b1-17d8-b70d-ad75-6e8df3b977d3" testName="ReadDateTimeByPosition_ColumnValueIsValid_returnsColumnValue" computerName="KEPLER" duration="00:00:00.0000001" startTime="2021-07-20T10:25:10.0000000+02:00" endTime="2021-07-20T10:25:10.0000000+02:00" testType="13cdc9d9-ddb5-4fa4-a97d-d965ccfc6d4b" outcome="Passed" testListId="8c84fa94-04c1-424b-9868-57a2d4851a1d" relativeResultsDirectory="7de353a7-9a1b-477f-84dd-7a1236414a35" />
    <UnitTestResult executionId="a2389917-eadb-4095-8a40-5ba9350a051f" testId="72b4b17d-9389-e3a5-908d-e1d916fd9d4d" testName="ReadIntByName_ColumnValueIsValid_returnsColumnValue" computerName="KEPLER" duration="00:00:00.0000001" startTime="2021-07-20T10:25:10.0000000+02:00" endTime="2021-07-20T10:25:10.0000000+02:00" testType="13cdc9d9-ddb5-4fa4-a97d-d965ccfc6d4b" outcome="Passed" testListId="8c84fa94-04c1-424b-9868-57a2d4851a1d" relativeResultsDirectory="a2389917-eadb-4095-8a40-5ba9350a051f" />
    <UnitTestResult executionId="99bd1d5f-8bf2-48c8-83bc-6b84dee3cf82" testId="fa8745ff-fec0-572e-6afc-59f36ad1c077" testName="ReadBigIntegerByPosition_ColumnValueIsValid_returnsColumnValue" computerName="KEPLER" duration="00:00:00.0000001" startTime="2021-07-20T10:25:10.0000000+02:00" endTime="2021-07-20T10:25:10.0000000+02:00" testType="13cdc9d9-ddb5-4fa4-a97d-d965ccfc6d4b" outcome="Passed" testListId="8c84fa94-04c1-424b-9868-57a2d4851a1d" relativeResultsDirectory="99bd1d5f-8bf2-48c8-83bc-6b84dee3cf82" />
    <UnitTestResult executionId="ed3eb9ad-a414-4a15-b593-bcaac7309e02" testId="0cdaf4b3-edcf-efa9-84ca-dab367d01c8f" testName="ReadSByteByPosition_IllegalPosition_throwsIndexOutOfRangeException" computerName="KEPLER" duration="00:00:00.0000001" startTime="2021-07-20T10:25:10.0000000+02:00" endTime="2021-07-20T10:25:10.0000000+02:00" testType="13cdc9d9-ddb5-4fa4-a97d-d965ccfc6d4b" outcome="Passed" testListId="8c84fa94-04c1-424b-9868-57a2d4851a1d" relativeResultsDirectory="ed3eb9ad-a414-4a15-b593-bcaac7309e02" />
    <UnitTestResult executionId="3fd3a08b-85f7-4f7b-b815-a47b4cd6b05a" testId="e4caea33-045d-b991-edb0-f1f3c3f2a0d2" testName="ReadStringByName_ColumnValueIsValid_returnsColumnValue" computerName="KEPLER" duration="00:00:00.0000001" startTime="2021-07-20T10:25:10.0000000+02:00" endTime="2021-07-20T10:25:10.0000000+02:00" testType="13cdc9d9-ddb5-4fa4-a97d-d965ccfc6d4b" outcome="Passed" testListId="8c84fa94-04c1-424b-9868-57a2d4851a1d" relativeResultsDirectory="3fd3a08b-85f7-4f7b-b815-a47b4cd6b05a" />
    <UnitTestResult executionId="91ca7347-e5f3-453e-9231-b9a11af6a78e" testId="cb603bea-42c1-efb6-0c3c-26cc88996c55" testName="ReadSByteByPosition_ColumnValueIsValid_returnsColumnValue" computerName="KEPLER" duration="00:00:00.0000001" startTime="2021-07-20T10:25:10.0000000+02:00" endTime="2021-07-20T10:25:10.0000000+02:00" testType="13cdc9d9-ddb5-4fa4-a97d-d965ccfc6d4b" outcome="Passed" testListId="8c84fa94-04c1-424b-9868-57a2d4851a1d" relativeResultsDirectory="91ca7347-e5f3-453e-9231-b9a11af6a78e" />
    <UnitTestResult executionId="37a8fc73-5960-4459-8b6f-e8820c4d4835" testId="dc996df5-fcaf-c4b6-c7fd-779d925f1c81" testName="ReadULongByPosition_ColumnValueIsValid_returnsColumnValue" computerName="KEPLER" duration="00:00:00.0000001" startTime="2021-07-20T10:25:10.0000000+02:00" endTime="2021-07-20T10:25:10.0000000+02:00" testType="13cdc9d9-ddb5-4fa4-a97d-d965ccfc6d4b" outcome="Passed" testListId="8c84fa94-04c1-424b-9868-57a2d4851a1d" relativeResultsDirectory="37a8fc73-5960-4459-8b6f-e8820c4d4835" />
    <UnitTestResult executionId="e6cfd52f-36ba-4a64-9c96-78707cc47260" testId="9d755510-df1c-55a1-19c7-bb204197f657" testName="ReadDateTimeByName_ColumnValueIsValid_returnsColumnValue" computerName="KEPLER" duration="00:00:00.0000001" startTime="2021-07-20T10:25:10.0000000+02:00" endTime="2021-07-20T10:25:10.0000000+02:00" testType="13cdc9d9-ddb5-4fa4-a97d-d965ccfc6d4b" outcome="Passed" testListId="8c84fa94-04c1-424b-9868-57a2d4851a1d" relativeResultsDirectory="e6cfd52f-36ba-4a64-9c96-78707cc47260" />
    <UnitTestResult executionId="a57f4863-9913-40f0-affe-8b33fa309a36" testId="1e1f9a61-418d-53ce-3670-83cfc0444d5d" testName="ReadFloatByName_ColumnValueIsValid_returnsColumnValue" computerName="KEPLER" duration="00:00:00.0030000" startTime="2021-07-20T10:25:10.0000000+02:00" endTime="2021-07-20T10:25:10.0000000+02:00" testType="13cdc9d9-ddb5-4fa4-a97d-d965ccfc6d4b" outcome="Passed" testListId="8c84fa94-04c1-424b-9868-57a2d4851a1d" relativeResultsDirectory="a57f4863-9913-40f0-affe-8b33fa309a36" />
    <UnitTestResult executionId="b82d026d-7e24-4876-90f4-19919ae0fdd6" testId="1fb2762f-e34c-78c8-f13c-b47daa480826" testName="ReadUShortByName_ColumnValueIsValid_returnsColumnValue" computerName="KEPLER" duration="00:00:00.0020000" startTime="2021-07-20T10:25:10.0000000+02:00" endTime="2021-07-20T10:25:10.0000000+02:00" testType="13cdc9d9-ddb5-4fa4-a97d-d965ccfc6d4b" outcome="Passed" testListId="8c84fa94-04c1-424b-9868-57a2d4851a1d" relativeResultsDirectory="b82d026d-7e24-4876-90f4-19919ae0fdd6" />
    <UnitTestResult executionId="e67cfb80-7d56-4b72-83d8-e503b60083dc" testId="04f8c6c1-b404-94ff-713a-c7a0934a0e84" testName="ReadDecimalByPosition_ColumnValueIsValid_returnsColumnValue" computerName="KEPLER" duration="00:00:00.0000001" startTime="2021-07-20T10:25:10.0000000+02:00" endTime="2021-07-20T10:25:10.0000000+02:00" testType="13cdc9d9-ddb5-4fa4-a97d-d965ccfc6d4b" outcome="Passed" testListId="8c84fa94-04c1-424b-9868-57a2d4851a1d" relativeResultsDirectory="e67cfb80-7d56-4b72-83d8-e503b60083dc" />
    <UnitTestResult executionId="20b45014-2710-42f0-b2c8-cb65edc0aeaf" testId="0b5c0338-d113-65c4-5059-a95aef619330" testName="ReadShortByName_ColumnValueIsValid_returnsColumnValue" computerName="KEPLER" duration="00:00:00.0020000" startTime="2021-07-20T10:25:10.0000000+02:00" endTime="2021-07-20T10:25:10.0000000+02:00" testType="13cdc9d9-ddb5-4fa4-a97d-d965ccfc6d4b" outcome="Passed" testListId="8c84fa94-04c1-424b-9868-57a2d4851a1d" relativeResultsDirectory="20b45014-2710-42f0-b2c8-cb65edc0aeaf" />
    <UnitTestResult executionId="fd75e99e-8970-4364-8f89-441bac2fc466" testId="d23fe4d5-ce91-9c32-4d57-52ea4ff4f709" testName="ReadBoolByPosition_ColumnValueIsValid_returnsColumnValue" computerName="KEPLER" duration="00:00:00.0000001" startTime="2021-07-20T10:25:10.0000000+02:00" endTime="2021-07-20T10:25:10.0000000+02:00" testType="13cdc9d9-ddb5-4fa4-a97d-d965ccfc6d4b" outcome="Passed" testListId="8c84fa94-04c1-424b-9868-57a2d4851a1d" relativeResultsDirectory="fd75e99e-8970-4364-8f89-441bac2fc466" />
    <UnitTestResult executionId="f2ff3db9-6d59-4adb-aebc-12a2e3417002" testId="9ddbc878-c0f9-119a-a07f-af54dc2608dd" testName="ReadTimeByPosition_ColumnValueIsNull_returnsDefaultValue" computerName="KEPLER" duration="00:00:00.0010000" startTime="2021-07-20T10:25:10.0000000+02:00" endTime="2021-07-20T10:25:10.0000000+02:00" testType="13cdc9d9-ddb5-4fa4-a97d-d965ccfc6d4b" outcome="Passed" testListId="8c84fa94-04c1-424b-9868-57a2d4851a1d" relativeResultsDirectory="f2ff3db9-6d59-4adb-aebc-12a2e3417002" />
    <UnitTestResult executionId="99237ae7-f10e-476f-8e96-d8c4e1c92b1c" testId="33d850d1-573c-00d7-7747-054cd77f8fbe" testName="ReadBoolByPosition_ColumnValueIsNull_returnsDefaultValue" computerName="KEPLER" duration="00:00:00.0000001" startTime="2021-07-20T10:25:10.0000000+02:00" endTime="2021-07-20T10:25:10.0000000+02:00" testType="13cdc9d9-ddb5-4fa4-a97d-d965ccfc6d4b" outcome="Passed" testListId="8c84fa94-04c1-424b-9868-57a2d4851a1d" relativeResultsDirectory="99237ae7-f10e-476f-8e96-d8c4e1c92b1c" />
    <UnitTestResult executionId="93e858ea-7647-4e0f-94ba-f74c45decdfb" testId="21f7e741-a675-dbbd-b35a-ec5b27351f62" testName="ReadUIntByPosition_ColumnValueIsNull_returnsDefaultValue" computerName="KEPLER" duration="00:00:00.0000001" startTime="2021-07-20T10:25:10.0000000+02:00" endTime="2021-07-20T10:25:10.0000000+02:00" testType="13cdc9d9-ddb5-4fa4-a97d-d965ccfc6d4b" outcome="Passed" testListId="8c84fa94-04c1-424b-9868-57a2d4851a1d" relativeResultsDirectory="93e858ea-7647-4e0f-94ba-f74c45decdfb" />
    <UnitTestResult executionId="6efba93f-4f2f-4b4b-9457-613039adacb6" testId="792a67fb-ceeb-5801-6983-49a6d3502401" testName="ReadUShortByPosition_IllegalPosition_throwsIndexOutOfRangeException" computerName="KEPLER" duration="00:00:00.0000001" startTime="2021-07-20T10:25:10.0000000+02:00" endTime="2021-07-20T10:25:10.0000000+02:00" testType="13cdc9d9-ddb5-4fa4-a97d-d965ccfc6d4b" outcome="Passed" testListId="8c84fa94-04c1-424b-9868-57a2d4851a1d" relativeResultsDirectory="6efba93f-4f2f-4b4b-9457-613039adacb6" />
    <UnitTestResult executionId="3e78925c-d588-460d-91b2-a6d9725619a3" testId="215c0f1c-cecf-9a95-6534-66edcf077cd7" testName="ReadLongByName_ColumnValueIsValid_returnsColumnValue" computerName="KEPLER" duration="00:00:00.0020000" startTime="2021-07-20T10:25:10.0000000+02:00" endTime="2021-07-20T10:25:10.0000000+02:00" testType="13cdc9d9-ddb5-4fa4-a97d-d965ccfc6d4b" outcome="Passed" testListId="8c84fa94-04c1-424b-9868-57a2d4851a1d" relativeResultsDirectory="3e78925c-d588-460d-91b2-a6d9725619a3" />
    <UnitTestResult executionId="87e7c303-e1da-4952-9ad6-0103438847af" testId="12d07d2c-62a0-fd3c-3009-e13ab934a1b8" testName="ReadFloatByPosition_ColumnValueIsNull_returnsDefaultValue" computerName="KEPLER" duration="00:00:00.0000001" startTime="2021-07-20T10:25:10.0000000+02:00" endTime="2021-07-20T10:25:10.0000000+02:00" testType="13cdc9d9-ddb5-4fa4-a97d-d965ccfc6d4b" outcome="Passed" testListId="8c84fa94-04c1-424b-9868-57a2d4851a1d" relativeResultsDirectory="87e7c303-e1da-4952-9ad6-0103438847af" />
    <UnitTestResult executionId="8f311b1f-2503-4dac-b6aa-05b797d625f1" testId="f890ec51-2aa5-52e9-7ac3-82a09596ef12" testName="ReadDoubleByPosition_ColumnValueIsValid_returnsColumnValue" computerName="KEPLER" duration="00:00:00.0000001" startTime="2021-07-20T10:25:10.0000000+02:00" endTime="2021-07-20T10:25:10.0000000+02:00" testType="13cdc9d9-ddb5-4fa4-a97d-d965ccfc6d4b" outcome="Passed" testListId="8c84fa94-04c1-424b-9868-57a2d4851a1d" relativeResultsDirectory="8f311b1f-2503-4dac-b6aa-05b797d625f1" />
    <UnitTestResult executionId="5f1eae12-b7dd-460c-b39b-815804ef356a" testId="178ccf5e-91bb-0524-a3fb-239a0647a9cd" testName="ReadTimeByName_ColumnValueIsValid_returnsColumnValue" computerName="KEPLER" duration="00:00:00.0010000" startTime="2021-07-20T10:25:10.0000000+02:00" endTime="2021-07-20T10:25:10.0000000+02:00" testType="13cdc9d9-ddb5-4fa4-a97d-d965ccfc6d4b" outcome="Passed" testListId="8c84fa94-04c1-424b-9868-57a2d4851a1d" relativeResultsDirectory="5f1eae12-b7dd-460c-b39b-815804ef356a" />
    <UnitTestResult executionId="2a4c6ef8-165b-4653-a821-8cb56481e0a7" testId="8692aa5b-a8d1-7857-e1fe-d9632999316f" testName="ReadULongByPosition_IllegalPosition_throwsIndexOutOfRangeException" computerName="KEPLER" duration="00:00:00.0000001" startTime="2021-07-20T10:25:10.0000000+02:00" endTime="2021-07-20T10:25:10.0000000+02:00" testType="13cdc9d9-ddb5-4fa4-a97d-d965ccfc6d4b" outcome="Passed" testListId="8c84fa94-04c1-424b-9868-57a2d4851a1d" relativeResultsDirectory="2a4c6ef8-165b-4653-a821-8cb56481e0a7" />
    <UnitTestResult executionId="3808d05c-c090-43b7-b313-f91f148cf22c" testId="118aeade-357c-55b4-720c-7539d16abdc1" testName="ReadUIntByName_ColumnValueIsValid_returnsColumnValue" computerName="KEPLER" duration="00:00:00.0020000" startTime="2021-07-20T10:25:10.0000000+02:00" endTime="2021-07-20T10:25:10.0000000+02:00" testType="13cdc9d9-ddb5-4fa4-a97d-d965ccfc6d4b" outcome="Passed" testListId="8c84fa94-04c1-424b-9868-57a2d4851a1d" relativeResultsDirectory="3808d05c-c090-43b7-b313-f91f148cf22c" />
    <UnitTestResult executionId="9b0963d3-ee65-414b-9c20-cf44cb77bb9e" testId="8344d006-b7c9-a2f5-b0bb-02b80f0fa7a7" testName="ReadBoolByPosition_IllegalPosition_throwsIndexOutOfRangeException" computerName="KEPLER" duration="00:00:00.0000001" startTime="2021-07-20T10:25:10.0000000+02:00" endTime="2021-07-20T10:25:10.0000000+02:00" testType="13cdc9d9-ddb5-4fa4-a97d-d965ccfc6d4b" outcome="Passed" testListId="8c84fa94-04c1-424b-9868-57a2d4851a1d" relativeResultsDirectory="9b0963d3-ee65-414b-9c20-cf44cb77bb9e" />
    <UnitTestResult executionId="82f7bfc7-fd6a-40eb-a071-540a8d27b330" testId="d8e89047-265f-ae8c-f72e-27a12a7e3e84" testName="ReadUShortByPosition_ColumnValueIsValid_returnsColumnValue" computerName="KEPLER" duration="00:00:00.0000001" startTime="2021-07-20T10:25:10.0000000+02:00" endTime="2021-07-20T10:25:10.0000000+02:00" testType="13cdc9d9-ddb5-4fa4-a97d-d965ccfc6d4b" outcome="Passed" testListId="8c84fa94-04c1-424b-9868-57a2d4851a1d" relativeResultsDirectory="82f7bfc7-fd6a-40eb-a071-540a8d27b330" />
    <UnitTestResult executionId="592023e6-e378-439e-9662-175e00ecb4e5" testId="47dcd5e5-c495-3daf-20e4-fb6809725f3a" testName="ReadDecimalByPosition_IllegalPosition_throwsIndexOutOfRangeException" computerName="KEPLER" duration="00:00:00.0000001" startTime="2021-07-20T10:25:10.0000000+02:00" endTime="2021-07-20T10:25:10.0000000+02:00" testType="13cdc9d9-ddb5-4fa4-a97d-d965ccfc6d4b" outcome="Passed" testListId="8c84fa94-04c1-424b-9868-57a2d4851a1d" relativeResultsDirectory="592023e6-e378-439e-9662-175e00ecb4e5" />
    <UnitTestResult executionId="6116b8f1-4628-4a72-8371-0f7b263a22ec" testId="8eeddfa7-9ff2-9b4b-cc05-6c08cccd97be" testName="Tokenize_HappyDay_Success" computerName="KEPLER" duration="00:00:00.0440000" startTime="2021-07-20T10:25:10.0000000+02:00" endTime="2021-07-20T10:25:10.0000000+02:00" testType="13cdc9d9-ddb5-4fa4-a97d-d965ccfc6d4b" outcome="Passed" testListId="8c84fa94-04c1-424b-9868-57a2d4851a1d" relativeResultsDirectory="6116b8f1-4628-4a72-8371-0f7b263a22ec" />
    <UnitTestResult executionId="85175f40-9e7a-47f3-85c8-78f66c0d0135" testId="9936a135-d22a-4ca8-2234-30d61c580d3a" testName="ReadDoubleByPosition_ColumnValueIsNull_returnsDefaultValue" computerName="KEPLER" duration="00:00:00.0000001" startTime="2021-07-20T10:25:10.0000000+02:00" endTime="2021-07-20T10:25:10.0000000+02:00" testType="13cdc9d9-ddb5-4fa4-a97d-d965ccfc6d4b" outcome="Passed" testListId="8c84fa94-04c1-424b-9868-57a2d4851a1d" relativeResultsDirectory="85175f40-9e7a-47f3-85c8-78f66c0d0135" />
    <UnitTestResult executionId="06fb4aa9-1843-46ea-95d8-cc2921080233" testId="8c3a39d5-6ca1-996c-a7c8-3ffdd0d198a8" testName="ReadStringByPosition_ColumnValueIsValid_returnsColumnValue" computerName="KEPLER" duration="00:00:00.0000001" startTime="2021-07-20T10:25:10.0000000+02:00" endTime="2021-07-20T10:25:10.0000000+02:00" testType="13cdc9d9-ddb5-4fa4-a97d-d965ccfc6d4b" outcome="Passed" testListId="8c84fa94-04c1-424b-9868-57a2d4851a1d" relativeResultsDirectory="06fb4aa9-1843-46ea-95d8-cc2921080233" />
    <UnitTestResult executionId="e1a8db13-cd24-4b63-955d-565cb0000134" testId="29ad57ce-fe8b-6876-9d1e-e06ac53ff752" testName="ReadShortByPosition_ColumnValueIsNull_returnsDefaultValue" computerName="KEPLER" duration="00:00:00.0000001" startTime="2021-07-20T10:25:10.0000000+02:00" endTime="2021-07-20T10:25:10.0000000+02:00" testType="13cdc9d9-ddb5-4fa4-a97d-d965ccfc6d4b" outcome="Passed" testListId="8c84fa94-04c1-424b-9868-57a2d4851a1d" relativeResultsDirectory="e1a8db13-cd24-4b63-955d-565cb0000134" />
    <UnitTestResult executionId="f08e1f19-77ca-452e-a1b8-d98342df3358" testId="5e167d49-ead9-fbbd-0f82-4f6b771ae84b" testName="ReadLongByPosition_ColumnValueIsNull_returnsDefaultValue" computerName="KEPLER" duration="00:00:00.0000001" startTime="2021-07-20T10:25:10.0000000+02:00" endTime="2021-07-20T10:25:10.0000000+02:00" testType="13cdc9d9-ddb5-4fa4-a97d-d965ccfc6d4b" outcome="Passed" testListId="8c84fa94-04c1-424b-9868-57a2d4851a1d" relativeResultsDirectory="f08e1f19-77ca-452e-a1b8-d98342df3358" />
    <UnitTestResult executionId="7d218264-6d45-47fd-95ef-100c29ee38f3" testId="a61db63c-409a-c69d-4251-a4fce715ef24" testName="ReadSByteByName_ColumnValueIsValid_returnsColumnValue" computerName="KEPLER" duration="00:00:00.0020000" startTime="2021-07-20T10:25:10.0000000+02:00" endTime="2021-07-20T10:25:10.0000000+02:00" testType="13cdc9d9-ddb5-4fa4-a97d-d965ccfc6d4b" outcome="Passed" testListId="8c84fa94-04c1-424b-9868-57a2d4851a1d" relativeResultsDirectory="7d218264-6d45-47fd-95ef-100c29ee38f3" />
    <UnitTestResult executionId="65a310e4-4df6-4aa6-802d-8dcf4c6e347f" testId="0604f0e8-07f4-f648-573a-db0001508c3d" testName="ReadDateTimeByPosition_ColumnValueIsNull_returnsDefaultValue" computerName="KEPLER" duration="00:00:00.0010000" startTime="2021-07-20T10:25:10.0000000+02:00" endTime="2021-07-20T10:25:10.0000000+02:00" testType="13cdc9d9-ddb5-4fa4-a97d-d965ccfc6d4b" outcome="Passed" testListId="8c84fa94-04c1-424b-9868-57a2d4851a1d" relativeResultsDirectory="65a310e4-4df6-4aa6-802d-8dcf4c6e347f" />
    <UnitTestResult executionId="e2eb6891-0bd4-42cd-82db-87baf3014914" testId="47c99baa-41af-a01a-4df8-ec2e75b4ec6a" testName="ReadTimeByPosition_ColumnValueIsValid_returnsColumnValue" computerName="KEPLER" duration="00:00:00.0000001" startTime="2021-07-20T10:25:10.0000000+02:00" endTime="2021-07-20T10:25:10.0000000+02:00" testType="13cdc9d9-ddb5-4fa4-a97d-d965ccfc6d4b" outcome="Passed" testListId="8c84fa94-04c1-424b-9868-57a2d4851a1d" relativeResultsDirectory="e2eb6891-0bd4-42cd-82db-87baf3014914" />
    <UnitTestResult executionId="284c4b15-d471-4c35-8caa-7ef57d18f7de" testId="d2741692-cada-6e12-c5f4-d996ef483003" testName="ReadIntByPosition_IllegalPosition_throwsIndexOutOfRangeException" computerName="KEPLER" duration="00:00:00.0000001" startTime="2021-07-20T10:25:10.0000000+02:00" endTime="2021-07-20T10:25:10.0000000+02:00" testType="13cdc9d9-ddb5-4fa4-a97d-d965ccfc6d4b" outcome="Passed" testListId="8c84fa94-04c1-424b-9868-57a2d4851a1d" relativeResultsDirectory="284c4b15-d471-4c35-8caa-7ef57d18f7de" />
    <UnitTestResult executionId="43d6501a-4d62-4e20-98b6-4fee20c26f91" testId="75e3471c-c567-b6f6-0af9-0f892fc17df2" testName="ReadLongByPosition_ColumnValueIsValid_returnsColumnValue" computerName="KEPLER" duration="00:00:00.0000001" startTime="2021-07-20T10:25:10.0000000+02:00" endTime="2021-07-20T10:25:10.0000000+02:00" testType="13cdc9d9-ddb5-4fa4-a97d-d965ccfc6d4b" outcome="Passed" testListId="8c84fa94-04c1-424b-9868-57a2d4851a1d" relativeResultsDirectory="43d6501a-4d62-4e20-98b6-4fee20c26f91" />
    <UnitTestResult executionId="2b267a60-7db2-4753-8ed2-3339f5f4e67e" testId="7068c8ce-4458-c8b0-db04-a6cc958810a6" testName="ReadSByteByPosition_ColumnValueIsNull_returnsDefaultValue" computerName="KEPLER" duration="00:00:00.0000001" startTime="2021-07-20T10:25:10.0000000+02:00" endTime="2021-07-20T10:25:10.0000000+02:00" testType="13cdc9d9-ddb5-4fa4-a97d-d965ccfc6d4b" outcome="Passed" testListId="8c84fa94-04c1-424b-9868-57a2d4851a1d" relativeResultsDirectory="2b267a60-7db2-4753-8ed2-3339f5f4e67e" />
    <UnitTestResult executionId="4e8edbcd-1403-404a-bb87-c9c8935a5d8d" testId="c3c88055-1e45-edb8-1589-dc337bccb041" testName="ReadDoubleByName_ColumnValueIsValid_returnsColumnValue" computerName="KEPLER" duration="00:00:00.0000001" startTime="2021-07-20T10:25:10.0000000+02:00" endTime="2021-07-20T10:25:10.0000000+02:00" testType="13cdc9d9-ddb5-4fa4-a97d-d965ccfc6d4b" outcome="Passed" testListId="8c84fa94-04c1-424b-9868-57a2d4851a1d" relativeResultsDirectory="4e8edbcd-1403-404a-bb87-c9c8935a5d8d" />
    <UnitTestResult executionId="a01d645c-9ac7-41af-91d1-2487ad4cef2f" testId="07c6e8b0-6060-0fdb-e553-b910aa38d5a3" testName="ReadDateTimeByPosition_IllegalPosition_throwsIndexOutOfRangeException" computerName="KEPLER" duration="00:00:00.0000001" startTime="2021-07-20T10:25:10.0000000+02:00" endTime="2021-07-20T10:25:10.0000000+02:00" testType="13cdc9d9-ddb5-4fa4-a97d-d965ccfc6d4b" outcome="Passed" testListId="8c84fa94-04c1-424b-9868-57a2d4851a1d" relativeResultsDirectory="a01d645c-9ac7-41af-91d1-2487ad4cef2f" />
    <UnitTestResult executionId="3c69f02f-5198-4237-9595-116f1a1698d5" testId="9d73e50a-a337-a010-d991-6206f99c208d" testName="ReadByteByPosition_ColumnValueIsValid_returnsColumnValue" computerName="KEPLER" duration="00:00:00.0000001" startTime="2021-07-20T10:25:10.0000000+02:00" endTime="2021-07-20T10:25:10.0000000+02:00" testType="13cdc9d9-ddb5-4fa4-a97d-d965ccfc6d4b" outcome="Passed" testListId="8c84fa94-04c1-424b-9868-57a2d4851a1d" relativeResultsDirectory="3c69f02f-5198-4237-9595-116f1a1698d5" />
    <UnitTestResult executionId="846d8d07-ff70-463f-a190-a7fdfecb044b" testId="b16cbc76-33c8-b693-998e-623beb9aa925" testName="ReadBigIntegerByName_ColumnValueIsValid_returnsColumnValue" computerName="KEPLER" duration="00:00:00.0130000" startTime="2021-07-20T10:25:10.0000000+02:00" endTime="2021-07-20T10:25:10.0000000+02:00" testType="13cdc9d9-ddb5-4fa4-a97d-d965ccfc6d4b" outcome="Passed" testListId="8c84fa94-04c1-424b-9868-57a2d4851a1d" relativeResultsDirectory="846d8d07-ff70-463f-a190-a7fdfecb044b" />
    <UnitTestResult executionId="3c59da3c-51dd-4d16-b2fb-d226ed726be2" testId="6146608c-899d-b53b-068b-d998c239ef5c" testName="ReadByteByPosition_ColumnValueIsNull_returnsDefaultValue" computerName="KEPLER" duration="00:00:00.0000001" startTime="2021-07-20T10:25:10.0000000+02:00" endTime="2021-07-20T10:25:10.0000000+02:00" testType="13cdc9d9-ddb5-4fa4-a97d-d965ccfc6d4b" outcome="Passed" testListId="8c84fa94-04c1-424b-9868-57a2d4851a1d" relativeResultsDirectory="3c59da3c-51dd-4d16-b2fb-d226ed726be2" />
    <UnitTestResult executionId="ce15678e-7422-42fd-a353-109b79c52035" testId="51ceddf9-9b63-35e7-1130-7d14d0dd6020" testName="ReadDecimalByPosition_ColumnValueIsNull_returnsDefaultValue" computerName="KEPLER" duration="00:00:00.0020000" startTime="2021-07-20T10:25:10.0000000+02:00" endTime="2021-07-20T10:25:10.0000000+02:00" testType="13cdc9d9-ddb5-4fa4-a97d-d965ccfc6d4b" outcome="Passed" testListId="8c84fa94-04c1-424b-9868-57a2d4851a1d" relativeResultsDirectory="ce15678e-7422-42fd-a353-109b79c52035" />
    <UnitTestResult executionId="a7261bc0-c416-4d93-bd74-ea7e4759b69e" testId="01daa5ae-e724-dbb8-ef25-9fa7af4c1398" testName="ReadBigIntegerByPosition_ColumnValueIsNull_returnsDefaultValue" computerName="KEPLER" duration="00:00:00.0010000" startTime="2021-07-20T10:25:10.0000000+02:00" endTime="2021-07-20T10:25:10.0000000+02:00" testType="13cdc9d9-ddb5-4fa4-a97d-d965ccfc6d4b" outcome="Passed" testListId="8c84fa94-04c1-424b-9868-57a2d4851a1d" relativeResultsDirectory="a7261bc0-c416-4d93-bd74-ea7e4759b69e" />
    <UnitTestResult executionId="ffa0e651-2f1e-4c54-b17c-543d32050a60" testId="64462de1-2139-9fb7-a19a-c62ddd8d88cc" testName="ReadULongByName_ColumnValueIsValid_returnsColumnValue" computerName="KEPLER" duration="00:00:00.0020000" startTime="2021-07-20T10:25:10.0000000+02:00" endTime="2021-07-20T10:25:10.0000000+02:00" testType="13cdc9d9-ddb5-4fa4-a97d-d965ccfc6d4b" outcome="Passed" testListId="8c84fa94-04c1-424b-9868-57a2d4851a1d" relativeResultsDirectory="ffa0e651-2f1e-4c54-b17c-543d32050a60" />
    <UnitTestResult executionId="eec291d6-f98b-4158-b983-a3a4324d56f8" testId="28f94242-c443-4b67-7478-774497100d62" testName="ReadIntByPosition_ColumnValueIsValid_returnsColumnValue" computerName="KEPLER" duration="00:00:00.0000001" startTime="2021-07-20T10:25:10.0000000+02:00" endTime="2021-07-20T10:25:10.0000000+02:00" testType="13cdc9d9-ddb5-4fa4-a97d-d965ccfc6d4b" outcome="Passed" testListId="8c84fa94-04c1-424b-9868-57a2d4851a1d" relativeResultsDirectory="eec291d6-f98b-4158-b983-a3a4324d56f8" />
    <UnitTestResult executionId="9544326b-402f-4ab2-8418-2c49be98790c" testId="104751f4-fe8d-ab74-3936-029fe85cd861" testName="ReadShortByPosition_IllegalPosition_throwsIndexOutOfRangeException" computerName="KEPLER" duration="00:00:00.0000001" startTime="2021-07-20T10:25:10.0000000+02:00" endTime="2021-07-20T10:25:10.0000000+02:00" testType="13cdc9d9-ddb5-4fa4-a97d-d965ccfc6d4b" outcome="Passed" testListId="8c84fa94-04c1-424b-9868-57a2d4851a1d" relativeResultsDirectory="9544326b-402f-4ab2-8418-2c49be98790c" />
    <UnitTestResult executionId="55828442-52ec-44bf-b2ce-639c3b18d205" testId="f5ff1dbe-9ecf-970e-f7f1-0fc82b946980" testName="ReadBoolByName_ColumnValueIsValid_returnsColumnValue" computerName="KEPLER" duration="00:00:00.0020000" startTime="2021-07-20T10:25:10.0000000+02:00" endTime="2021-07-20T10:25:10.0000000+02:00" testType="13cdc9d9-ddb5-4fa4-a97d-d965ccfc6d4b" outcome="Passed" testListId="8c84fa94-04c1-424b-9868-57a2d4851a1d" relativeResultsDirectory="55828442-52ec-44bf-b2ce-639c3b18d205" />
    <UnitTestResult executionId="0c966fee-de80-4fb8-80ec-291e1395a9bc" testId="c46c21f8-1be4-8ae8-7ba8-bfe4926f3b94" testName="ReadFloatByPosition_IllegalPosition_throwsIndexOutOfRangeException" computerName="KEPLER" duration="00:00:00.0000001" startTime="2021-07-20T10:25:10.0000000+02:00" endTime="2021-07-20T10:25:10.0000000+02:00" testType="13cdc9d9-ddb5-4fa4-a97d-d965ccfc6d4b" outcome="Passed" testListId="8c84fa94-04c1-424b-9868-57a2d4851a1d" relativeResultsDirectory="0c966fee-de80-4fb8-80ec-291e1395a9bc" />
  </Results>
  <TestDefinitions>
    <UnitTest name="Read_WithHeadlines_Success" storage="c:\users\joachimwagner\documents\projekte\bundesbank\dataimport\genericreadersandwriterstests\bin\debug\netcoreapp2.1\genericreadersandwriterstests.dll" id="849f9b46-20fe-795e-71ab-a0cb84df38a3">
      <Execution id="3b83bd5d-9ece-4ff0-a23b-618bb29820c1" />
      <TestMethod codeBase="C:\Users\JoachimWagner\Documents\Projekte\Bundesbank\DataImport\GenericReadersAndWritersTests\bin\Debug\netcoreapp2.1\GenericReadersAndWritersTests.dll" adapterTypeName="executor://nunit3testexecutor/" className="BBk.Rc1.Ricis.SharedLibraries.GenericReadersAndWriters.File.Csv.Tests.AbstractCsvFileReaderTests" name="Read_WithHeadlines_Success" />
    </UnitTest>
    <UnitTest name="ReadIntByPosition_ColumnValueIsNull_returnsDefaultValue" storage="c:\users\joachimwagner\documents\projekte\bundesbank\dataimport\genericreadersandwriterstests\bin\debug\netcoreapp2.1\genericreadersandwriterstests.dll" id="731bca5c-9d61-806b-524d-2614ec58be0a">
      <Execution id="f9233a4f-7a27-4bdb-9689-c61350f9c5e1" />
      <TestMethod codeBase="C:\Users\JoachimWagner\Documents\Projekte\Bundesbank\DataImport\GenericReadersAndWritersTests\bin\Debug\netcoreapp2.1\GenericReadersAndWritersTests.dll" adapterTypeName="executor://nunit3testexecutor/" className="BBk.Rc1.Ricis.SharedLibraries.GenericReadersAndWriters.File.Csv.LineTokenizer.Tests.FileSetTests" name="ReadIntByPosition_ColumnValueIsNull_returnsDefaultValue" />
    </UnitTest>
    <UnitTest name="ReadDateTimeByPosition_ColumnValueIsNull_returnsDefaultValue" storage="c:\users\joachimwagner\documents\projekte\bundesbank\dataimport\genericreadersandwriterstests\bin\debug\netcoreapp2.1\genericreadersandwriterstests.dll" id="0604f0e8-07f4-f648-573a-db0001508c3d">
      <Execution id="65a310e4-4df6-4aa6-802d-8dcf4c6e347f" />
      <TestMethod codeBase="C:\Users\JoachimWagner\Documents\Projekte\Bundesbank\DataImport\GenericReadersAndWritersTests\bin\Debug\netcoreapp2.1\GenericReadersAndWritersTests.dll" adapterTypeName="executor://nunit3testexecutor/" className="BBk.Rc1.Ricis.SharedLibraries.GenericReadersAndWriters.File.Csv.LineTokenizer.Tests.FileSetTests" name="ReadDateTimeByPosition_ColumnValueIsNull_returnsDefaultValue" />
    </UnitTest>
    <UnitTest name="ReadFloatByPosition_ColumnValueIsValid_returnsColumnValue" storage="c:\users\joachimwagner\documents\projekte\bundesbank\dataimport\genericreadersandwriterstests\bin\debug\netcoreapp2.1\genericreadersandwriterstests.dll" id="a9ba31f4-5448-2bd8-cc17-6dde183f2c7e">
      <Execution id="98d2467b-6f58-4081-a8f0-49d2957c5978" />
      <TestMethod codeBase="C:\Users\JoachimWagner\Documents\Projekte\Bundesbank\DataImport\GenericReadersAndWritersTests\bin\Debug\netcoreapp2.1\GenericReadersAndWritersTests.dll" adapterTypeName="executor://nunit3testexecutor/" className="BBk.Rc1.Ricis.SharedLibraries.GenericReadersAndWriters.File.Csv.LineTokenizer.Tests.FileSetTests" name="ReadFloatByPosition_ColumnValueIsValid_returnsColumnValue" />
    </UnitTest>
    <UnitTest name="ReadDateTimeByName_ColumnValueIsValid_returnsColumnValue" storage="c:\users\joachimwagner\documents\projekte\bundesbank\dataimport\genericreadersandwriterstests\bin\debug\netcoreapp2.1\genericreadersandwriterstests.dll" id="9d755510-df1c-55a1-19c7-bb204197f657">
      <Execution id="e6cfd52f-36ba-4a64-9c96-78707cc47260" />
      <TestMethod codeBase="C:\Users\JoachimWagner\Documents\Projekte\Bundesbank\DataImport\GenericReadersAndWritersTests\bin\Debug\netcoreapp2.1\GenericReadersAndWritersTests.dll" adapterTypeName="executor://nunit3testexecutor/" className="BBk.Rc1.Ricis.SharedLibraries.GenericReadersAndWriters.File.Csv.LineTokenizer.Tests.FileSetTests" name="ReadDateTimeByName_ColumnValueIsValid_returnsColumnValue" />
    </UnitTest>
    <UnitTest name="ReadLongByPosition_ColumnValueIsValid_returnsColumnValue" storage="c:\users\joachimwagner\documents\projekte\bundesbank\dataimport\genericreadersandwriterstests\bin\debug\netcoreapp2.1\genericreadersandwriterstests.dll" id="75e3471c-c567-b6f6-0af9-0f892fc17df2">
      <Execution id="43d6501a-4d62-4e20-98b6-4fee20c26f91" />
      <TestMethod codeBase="C:\Users\JoachimWagner\Documents\Projekte\Bundesbank\DataImport\GenericReadersAndWritersTests\bin\Debug\netcoreapp2.1\GenericReadersAndWritersTests.dll" adapterTypeName="executor://nunit3testexecutor/" className="BBk.Rc1.Ricis.SharedLibraries.GenericReadersAndWriters.File.Csv.LineTokenizer.Tests.FileSetTests" name="ReadLongByPosition_ColumnValueIsValid_returnsColumnValue" />
    </UnitTest>
    <UnitTest name="ReadShortByPosition_IllegalPosition_throwsIndexOutOfRangeException" storage="c:\users\joachimwagner\documents\projekte\bundesbank\dataimport\genericreadersandwriterstests\bin\debug\netcoreapp2.1\genericreadersandwriterstests.dll" id="104751f4-fe8d-ab74-3936-029fe85cd861">
      <Execution id="9544326b-402f-4ab2-8418-2c49be98790c" />
      <TestMethod codeBase="C:\Users\JoachimWagner\Documents\Projekte\Bundesbank\DataImport\GenericReadersAndWritersTests\bin\Debug\netcoreapp2.1\GenericReadersAndWritersTests.dll" adapterTypeName="executor://nunit3testexecutor/" className="BBk.Rc1.Ricis.SharedLibraries.GenericReadersAndWriters.File.Csv.LineTokenizer.Tests.FileSetTests" name="ReadShortByPosition_IllegalPosition_throwsIndexOutOfRangeException" />
    </UnitTest>
    <UnitTest name="ReadBoolByPosition_IllegalPosition_throwsIndexOutOfRangeException" storage="c:\users\joachimwagner\documents\projekte\bundesbank\dataimport\genericreadersandwriterstests\bin\debug\netcoreapp2.1\genericreadersandwriterstests.dll" id="8344d006-b7c9-a2f5-b0bb-02b80f0fa7a7">
      <Execution id="9b0963d3-ee65-414b-9c20-cf44cb77bb9e" />
      <TestMethod codeBase="C:\Users\JoachimWagner\Documents\Projekte\Bundesbank\DataImport\GenericReadersAndWritersTests\bin\Debug\netcoreapp2.1\GenericReadersAndWritersTests.dll" adapterTypeName="executor://nunit3testexecutor/" className="BBk.Rc1.Ricis.SharedLibraries.GenericReadersAndWriters.File.Csv.LineTokenizer.Tests.FileSetTests" name="ReadBoolByPosition_IllegalPosition_throwsIndexOutOfRangeException" />
    </UnitTest>
    <UnitTest name="ReadBigIntegerByPosition_IllegalPosition_throwsIndexOutOfRangeException" storage="c:\users\joachimwagner\documents\projekte\bundesbank\dataimport\genericreadersandwriterstests\bin\debug\netcoreapp2.1\genericreadersandwriterstests.dll" id="3b0f93ac-123f-48d2-4664-f6d15b48060d">
      <Execution id="12830ad6-68e9-450b-8ed3-ec40ac22da15" />
      <TestMethod codeBase="C:\Users\JoachimWagner\Documents\Projekte\Bundesbank\DataImport\GenericReadersAndWritersTests\bin\Debug\netcoreapp2.1\GenericReadersAndWritersTests.dll" adapterTypeName="executor://nunit3testexecutor/" className="BBk.Rc1.Ricis.SharedLibraries.GenericReadersAndWriters.File.Csv.LineTokenizer.Tests.FileSetTests" name="ReadBigIntegerByPosition_IllegalPosition_throwsIndexOutOfRangeException" />
    </UnitTest>
    <UnitTest name="ReadDateTimeByPosition_IllegalPosition_throwsIndexOutOfRangeException" storage="c:\users\joachimwagner\documents\projekte\bundesbank\dataimport\genericreadersandwriterstests\bin\debug\netcoreapp2.1\genericreadersandwriterstests.dll" id="07c6e8b0-6060-0fdb-e553-b910aa38d5a3">
      <Execution id="a01d645c-9ac7-41af-91d1-2487ad4cef2f" />
      <TestMethod codeBase="C:\Users\JoachimWagner\Documents\Projekte\Bundesbank\DataImport\GenericReadersAndWritersTests\bin\Debug\netcoreapp2.1\GenericReadersAndWritersTests.dll" adapterTypeName="executor://nunit3testexecutor/" className="BBk.Rc1.Ricis.SharedLibraries.GenericReadersAndWriters.File.Csv.LineTokenizer.Tests.FileSetTests" name="ReadDateTimeByPosition_IllegalPosition_throwsIndexOutOfRangeException" />
    </UnitTest>
    <UnitTest name="ReadFloatByName_ColumnValueIsValid_returnsColumnValue" storage="c:\users\joachimwagner\documents\projekte\bundesbank\dataimport\genericreadersandwriterstests\bin\debug\netcoreapp2.1\genericreadersandwriterstests.dll" id="1e1f9a61-418d-53ce-3670-83cfc0444d5d">
      <Execution id="a57f4863-9913-40f0-affe-8b33fa309a36" />
      <TestMethod codeBase="C:\Users\JoachimWagner\Documents\Projekte\Bundesbank\DataImport\GenericReadersAndWritersTests\bin\Debug\netcoreapp2.1\GenericReadersAndWritersTests.dll" adapterTypeName="executor://nunit3testexecutor/" className="BBk.Rc1.Ricis.SharedLibraries.GenericReadersAndWriters.File.Csv.LineTokenizer.Tests.FileSetTests" name="ReadFloatByName_ColumnValueIsValid_returnsColumnValue" />
    </UnitTest>
    <UnitTest name="ReadSByteByPosition_ColumnValueIsNull_returnsDefaultValue" storage="c:\users\joachimwagner\documents\projekte\bundesbank\dataimport\genericreadersandwriterstests\bin\debug\netcoreapp2.1\genericreadersandwriterstests.dll" id="7068c8ce-4458-c8b0-db04-a6cc958810a6">
      <Execution id="2b267a60-7db2-4753-8ed2-3339f5f4e67e" />
      <TestMethod codeBase="C:\Users\JoachimWagner\Documents\Projekte\Bundesbank\DataImport\GenericReadersAndWritersTests\bin\Debug\netcoreapp2.1\GenericReadersAndWritersTests.dll" adapterTypeName="executor://nunit3testexecutor/" className="BBk.Rc1.Ricis.SharedLibraries.GenericReadersAndWriters.File.Csv.LineTokenizer.Tests.FileSetTests" name="ReadSByteByPosition_ColumnValueIsNull_returnsDefaultValue" />
    </UnitTest>
    <UnitTest name="ReadDateTimeByPosition_ColumnValueIsValid_returnsColumnValue" storage="c:\users\joachimwagner\documents\projekte\bundesbank\dataimport\genericreadersandwriterstests\bin\debug\netcoreapp2.1\genericreadersandwriterstests.dll" id="1811d5b1-17d8-b70d-ad75-6e8df3b977d3">
      <Execution id="7de353a7-9a1b-477f-84dd-7a1236414a35" />
      <TestMethod codeBase="C:\Users\JoachimWagner\Documents\Projekte\Bundesbank\DataImport\GenericReadersAndWritersTests\bin\Debug\netcoreapp2.1\GenericReadersAndWritersTests.dll" adapterTypeName="executor://nunit3testexecutor/" className="BBk.Rc1.Ricis.SharedLibraries.GenericReadersAndWriters.File.Csv.LineTokenizer.Tests.FileSetTests" name="ReadDateTimeByPosition_ColumnValueIsValid_returnsColumnValue" />
    </UnitTest>
    <UnitTest name="ReadShortByName_ColumnValueIsValid_returnsColumnValue" storage="c:\users\joachimwagner\documents\projekte\bundesbank\dataimport\genericreadersandwriterstests\bin\debug\netcoreapp2.1\genericreadersandwriterstests.dll" id="0b5c0338-d113-65c4-5059-a95aef619330">
      <Execution id="20b45014-2710-42f0-b2c8-cb65edc0aeaf" />
      <TestMethod codeBase="C:\Users\JoachimWagner\Documents\Projekte\Bundesbank\DataImport\GenericReadersAndWritersTests\bin\Debug\netcoreapp2.1\GenericReadersAndWritersTests.dll" adapterTypeName="executor://nunit3testexecutor/" className="BBk.Rc1.Ricis.SharedLibraries.GenericReadersAndWriters.File.Csv.LineTokenizer.Tests.FileSetTests" name="ReadShortByName_ColumnValueIsValid_returnsColumnValue" />
    </UnitTest>
    <UnitTest name="ReadDoubleByPosition_ColumnValueIsNull_returnsDefaultValue" storage="c:\users\joachimwagner\documents\projekte\bundesbank\dataimport\genericreadersandwriterstests\bin\debug\netcoreapp2.1\genericreadersandwriterstests.dll" id="9936a135-d22a-4ca8-2234-30d61c580d3a">
      <Execution id="85175f40-9e7a-47f3-85c8-78f66c0d0135" />
      <TestMethod codeBase="C:\Users\JoachimWagner\Documents\Projekte\Bundesbank\DataImport\GenericReadersAndWritersTests\bin\Debug\netcoreapp2.1\GenericReadersAndWritersTests.dll" adapterTypeName="executor://nunit3testexecutor/" className="BBk.Rc1.Ricis.SharedLibraries.GenericReadersAndWriters.File.Csv.LineTokenizer.Tests.FileSetTests" name="ReadDoubleByPosition_ColumnValueIsNull_returnsDefaultValue" />
    </UnitTest>
    <UnitTest name="ReadBoolByName_ColumnValueIsValid_returnsColumnValue" storage="c:\users\joachimwagner\documents\projekte\bundesbank\dataimport\genericreadersandwriterstests\bin\debug\netcoreapp2.1\genericreadersandwriterstests.dll" id="f5ff1dbe-9ecf-970e-f7f1-0fc82b946980">
      <Execution id="55828442-52ec-44bf-b2ce-639c3b18d205" />
      <TestMethod codeBase="C:\Users\JoachimWagner\Documents\Projekte\Bundesbank\DataImport\GenericReadersAndWritersTests\bin\Debug\netcoreapp2.1\GenericReadersAndWritersTests.dll" adapterTypeName="executor://nunit3testexecutor/" className="BBk.Rc1.Ricis.SharedLibraries.GenericReadersAndWriters.File.Csv.LineTokenizer.Tests.FileSetTests" name="ReadBoolByName_ColumnValueIsValid_returnsColumnValue" />
    </UnitTest>
    <UnitTest name="ReadFloatByPosition_IllegalPosition_throwsIndexOutOfRangeException" storage="c:\users\joachimwagner\documents\projekte\bundesbank\dataimport\genericreadersandwriterstests\bin\debug\netcoreapp2.1\genericreadersandwriterstests.dll" id="c46c21f8-1be4-8ae8-7ba8-bfe4926f3b94">
      <Execution id="0c966fee-de80-4fb8-80ec-291e1395a9bc" />
      <TestMethod codeBase="C:\Users\JoachimWagner\Documents\Projekte\Bundesbank\DataImport\GenericReadersAndWritersTests\bin\Debug\netcoreapp2.1\GenericReadersAndWritersTests.dll" adapterTypeName="executor://nunit3testexecutor/" className="BBk.Rc1.Ricis.SharedLibraries.GenericReadersAndWriters.File.Csv.LineTokenizer.Tests.FileSetTests" name="ReadFloatByPosition_IllegalPosition_throwsIndexOutOfRangeException" />
    </UnitTest>
    <UnitTest name="ReadFloatByPosition_ColumnValueIsNull_returnsDefaultValue" storage="c:\users\joachimwagner\documents\projekte\bundesbank\dataimport\genericreadersandwriterstests\bin\debug\netcoreapp2.1\genericreadersandwriterstests.dll" id="12d07d2c-62a0-fd3c-3009-e13ab934a1b8">
      <Execution id="87e7c303-e1da-4952-9ad6-0103438847af" />
      <TestMethod codeBase="C:\Users\JoachimWagner\Documents\Projekte\Bundesbank\DataImport\GenericReadersAndWritersTests\bin\Debug\netcoreapp2.1\GenericReadersAndWritersTests.dll" adapterTypeName="executor://nunit3testexecutor/" className="BBk.Rc1.Ricis.SharedLibraries.GenericReadersAndWriters.File.Csv.LineTokenizer.Tests.FileSetTests" name="ReadFloatByPosition_ColumnValueIsNull_returnsDefaultValue" />
    </UnitTest>
    <UnitTest name="ReadTimeByPosition_ColumnValueIsNull_returnsDefaultValue" storage="c:\users\joachimwagner\documents\projekte\bundesbank\dataimport\genericreadersandwriterstests\bin\debug\netcoreapp2.1\genericreadersandwriterstests.dll" id="9ddbc878-c0f9-119a-a07f-af54dc2608dd">
      <Execution id="f2ff3db9-6d59-4adb-aebc-12a2e3417002" />
      <TestMethod codeBase="C:\Users\JoachimWagner\Documents\Projekte\Bundesbank\DataImport\GenericReadersAndWritersTests\bin\Debug\netcoreapp2.1\GenericReadersAndWritersTests.dll" adapterTypeName="executor://nunit3testexecutor/" className="BBk.Rc1.Ricis.SharedLibraries.GenericReadersAndWriters.File.Csv.LineTokenizer.Tests.FileSetTests" name="ReadTimeByPosition_ColumnValueIsNull_returnsDefaultValue" />
    </UnitTest>
    <UnitTest name="ReadIntByPosition_ColumnValueIsValid_returnsColumnValue" storage="c:\users\joachimwagner\documents\projekte\bundesbank\dataimport\genericreadersandwriterstests\bin\debug\netcoreapp2.1\genericreadersandwriterstests.dll" id="28f94242-c443-4b67-7478-774497100d62">
      <Execution id="eec291d6-f98b-4158-b983-a3a4324d56f8" />
      <TestMethod codeBase="C:\Users\JoachimWagner\Documents\Projekte\Bundesbank\DataImport\GenericReadersAndWritersTests\bin\Debug\netcoreapp2.1\GenericReadersAndWritersTests.dll" adapterTypeName="executor://nunit3testexecutor/" className="BBk.Rc1.Ricis.SharedLibraries.GenericReadersAndWriters.File.Csv.LineTokenizer.Tests.FileSetTests" name="ReadIntByPosition_ColumnValueIsValid_returnsColumnValue" />
    </UnitTest>
    <UnitTest name="ReadBigIntegerByPosition_ColumnValueIsNull_returnsDefaultValue" storage="c:\users\joachimwagner\documents\projekte\bundesbank\dataimport\genericreadersandwriterstests\bin\debug\netcoreapp2.1\genericreadersandwriterstests.dll" id="01daa5ae-e724-dbb8-ef25-9fa7af4c1398">
      <Execution id="a7261bc0-c416-4d93-bd74-ea7e4759b69e" />
      <TestMethod codeBase="C:\Users\JoachimWagner\Documents\Projekte\Bundesbank\DataImport\GenericReadersAndWritersTests\bin\Debug\netcoreapp2.1\GenericReadersAndWritersTests.dll" adapterTypeName="executor://nunit3testexecutor/" className="BBk.Rc1.Ricis.SharedLibraries.GenericReadersAndWriters.File.Csv.LineTokenizer.Tests.FileSetTests" name="ReadBigIntegerByPosition_ColumnValueIsNull_returnsDefaultValue" />
    </UnitTest>
    <UnitTest name="ReadBoolByPosition_ColumnValueIsValid_returnsColumnValue" storage="c:\users\joachimwagner\documents\projekte\bundesbank\dataimport\genericreadersandwriterstests\bin\debug\netcoreapp2.1\genericreadersandwriterstests.dll" id="d23fe4d5-ce91-9c32-4d57-52ea4ff4f709">
      <Execution id="fd75e99e-8970-4364-8f89-441bac2fc466" />
      <TestMethod codeBase="C:\Users\JoachimWagner\Documents\Projekte\Bundesbank\DataImport\GenericReadersAndWritersTests\bin\Debug\netcoreapp2.1\GenericReadersAndWritersTests.dll" adapterTypeName="executor://nunit3testexecutor/" className="BBk.Rc1.Ricis.SharedLibraries.GenericReadersAndWriters.File.Csv.LineTokenizer.Tests.FileSetTests" name="ReadBoolByPosition_ColumnValueIsValid_returnsColumnValue" />
    </UnitTest>
    <UnitTest name="ReadTimeByPosition_IllegalPosition_throwsIndexOutOfRangeException" storage="c:\users\joachimwagner\documents\projekte\bundesbank\dataimport\genericreadersandwriterstests\bin\debug\netcoreapp2.1\genericreadersandwriterstests.dll" id="ff3c2f34-d7a8-39c9-82f0-87dec3bd1bbb">
      <Execution id="c3babda3-9029-4cdb-b440-98d529a8b332" />
      <TestMethod codeBase="C:\Users\JoachimWagner\Documents\Projekte\Bundesbank\DataImport\GenericReadersAndWritersTests\bin\Debug\netcoreapp2.1\GenericReadersAndWritersTests.dll" adapterTypeName="executor://nunit3testexecutor/" className="BBk.Rc1.Ricis.SharedLibraries.GenericReadersAndWriters.File.Csv.LineTokenizer.Tests.FileSetTests" name="ReadTimeByPosition_IllegalPosition_throwsIndexOutOfRangeException" />
    </UnitTest>
    <UnitTest name="ReadLongByPosition_ColumnValueIsNull_returnsDefaultValue" storage="c:\users\joachimwagner\documents\projekte\bundesbank\dataimport\genericreadersandwriterstests\bin\debug\netcoreapp2.1\genericreadersandwriterstests.dll" id="5e167d49-ead9-fbbd-0f82-4f6b771ae84b">
      <Execution id="f08e1f19-77ca-452e-a1b8-d98342df3358" />
      <TestMethod codeBase="C:\Users\JoachimWagner\Documents\Projekte\Bundesbank\DataImport\GenericReadersAndWritersTests\bin\Debug\netcoreapp2.1\GenericReadersAndWritersTests.dll" adapterTypeName="executor://nunit3testexecutor/" className="BBk.Rc1.Ricis.SharedLibraries.GenericReadersAndWriters.File.Csv.LineTokenizer.Tests.FileSetTests" name="ReadLongByPosition_ColumnValueIsNull_returnsDefaultValue" />
    </UnitTest>
    <UnitTest name="ReadDecimalByName_ColumnValueIsValid_returnsColumnValue" storage="c:\users\joachimwagner\documents\projekte\bundesbank\dataimport\genericreadersandwriterstests\bin\debug\netcoreapp2.1\genericreadersandwriterstests.dll" id="787bed18-d401-7a51-52b1-e3a0490d9e59">
      <Execution id="06b99ec9-5d14-44ce-8744-2b877a81c812" />
      <TestMethod codeBase="C:\Users\JoachimWagner\Documents\Projekte\Bundesbank\DataImport\GenericReadersAndWritersTests\bin\Debug\netcoreapp2.1\GenericReadersAndWritersTests.dll" adapterTypeName="executor://nunit3testexecutor/" className="BBk.Rc1.Ricis.SharedLibraries.GenericReadersAndWriters.File.Csv.LineTokenizer.Tests.FileSetTests" name="ReadDecimalByName_ColumnValueIsValid_returnsColumnValue" />
    </UnitTest>
    <UnitTest name="ReadUIntByName_ColumnValueIsValid_returnsColumnValue" storage="c:\users\joachimwagner\documents\projekte\bundesbank\dataimport\genericreadersandwriterstests\bin\debug\netcoreapp2.1\genericreadersandwriterstests.dll" id="118aeade-357c-55b4-720c-7539d16abdc1">
      <Execution id="3808d05c-c090-43b7-b313-f91f148cf22c" />
      <TestMethod codeBase="C:\Users\JoachimWagner\Documents\Projekte\Bundesbank\DataImport\GenericReadersAndWritersTests\bin\Debug\netcoreapp2.1\GenericReadersAndWritersTests.dll" adapterTypeName="executor://nunit3testexecutor/" className="BBk.Rc1.Ricis.SharedLibraries.GenericReadersAndWriters.File.Csv.LineTokenizer.Tests.FileSetTests" name="ReadUIntByName_ColumnValueIsValid_returnsColumnValue" />
    </UnitTest>
    <UnitTest name="ReadUIntByPosition_ColumnValueIsValid_returnsColumnValue" storage="c:\users\joachimwagner\documents\projekte\bundesbank\dataimport\genericreadersandwriterstests\bin\debug\netcoreapp2.1\genericreadersandwriterstests.dll" id="f7c7320f-4f44-9339-2098-e403250c3578">
      <Execution id="0a2e0e45-514f-4e5e-b71d-a2f94b16ba12" />
      <TestMethod codeBase="C:\Users\JoachimWagner\Documents\Projekte\Bundesbank\DataImport\GenericReadersAndWritersTests\bin\Debug\netcoreapp2.1\GenericReadersAndWritersTests.dll" adapterTypeName="executor://nunit3testexecutor/" className="BBk.Rc1.Ricis.SharedLibraries.GenericReadersAndWriters.File.Csv.LineTokenizer.Tests.FileSetTests" name="ReadUIntByPosition_ColumnValueIsValid_returnsColumnValue" />
    </UnitTest>
    <UnitTest name="ReadUShortByPosition_IllegalPosition_throwsIndexOutOfRangeException" storage="c:\users\joachimwagner\documents\projekte\bundesbank\dataimport\genericreadersandwriterstests\bin\debug\netcoreapp2.1\genericreadersandwriterstests.dll" id="792a67fb-ceeb-5801-6983-49a6d3502401">
      <Execution id="6efba93f-4f2f-4b4b-9457-613039adacb6" />
      <TestMethod codeBase="C:\Users\JoachimWagner\Documents\Projekte\Bundesbank\DataImport\GenericReadersAndWritersTests\bin\Debug\netcoreapp2.1\GenericReadersAndWritersTests.dll" adapterTypeName="executor://nunit3testexecutor/" className="BBk.Rc1.Ricis.SharedLibraries.GenericReadersAndWriters.File.Csv.LineTokenizer.Tests.FileSetTests" name="ReadUShortByPosition_IllegalPosition_throwsIndexOutOfRangeException" />
    </UnitTest>
    <UnitTest name="ReadDoubleByPosition_ColumnValueIsValid_returnsColumnValue" storage="c:\users\joachimwagner\documents\projekte\bundesbank\dataimport\genericreadersandwriterstests\bin\debug\netcoreapp2.1\genericreadersandwriterstests.dll" id="f890ec51-2aa5-52e9-7ac3-82a09596ef12">
      <Execution id="8f311b1f-2503-4dac-b6aa-05b797d625f1" />
      <TestMethod codeBase="C:\Users\JoachimWagner\Documents\Projekte\Bundesbank\DataImport\GenericReadersAndWritersTests\bin\Debug\netcoreapp2.1\GenericReadersAndWritersTests.dll" adapterTypeName="executor://nunit3testexecutor/" className="BBk.Rc1.Ricis.SharedLibraries.GenericReadersAndWriters.File.Csv.LineTokenizer.Tests.FileSetTests" name="ReadDoubleByPosition_ColumnValueIsValid_returnsColumnValue" />
    </UnitTest>
    <UnitTest name="ReadULongByName_ColumnValueIsValid_returnsColumnValue" storage="c:\users\joachimwagner\documents\projekte\bundesbank\dataimport\genericreadersandwriterstests\bin\debug\netcoreapp2.1\genericreadersandwriterstests.dll" id="64462de1-2139-9fb7-a19a-c62ddd8d88cc">
      <Execution id="ffa0e651-2f1e-4c54-b17c-543d32050a60" />
      <TestMethod codeBase="C:\Users\JoachimWagner\Documents\Projekte\Bundesbank\DataImport\GenericReadersAndWritersTests\bin\Debug\netcoreapp2.1\GenericReadersAndWritersTests.dll" adapterTypeName="executor://nunit3testexecutor/" className="BBk.Rc1.Ricis.SharedLibraries.GenericReadersAndWriters.File.Csv.LineTokenizer.Tests.FileSetTests" name="ReadULongByName_ColumnValueIsValid_returnsColumnValue" />
    </UnitTest>
    <UnitTest name="ReadStringByPosition_ColumnValueIsValid_returnsColumnValue" storage="c:\users\joachimwagner\documents\projekte\bundesbank\dataimport\genericreadersandwriterstests\bin\debug\netcoreapp2.1\genericreadersandwriterstests.dll" id="8c3a39d5-6ca1-996c-a7c8-3ffdd0d198a8">
      <Execution id="06fb4aa9-1843-46ea-95d8-cc2921080233" />
      <TestMethod codeBase="C:\Users\JoachimWagner\Documents\Projekte\Bundesbank\DataImport\GenericReadersAndWritersTests\bin\Debug\netcoreapp2.1\GenericReadersAndWritersTests.dll" adapterTypeName="executor://nunit3testexecutor/" className="BBk.Rc1.Ricis.SharedLibraries.GenericReadersAndWriters.File.Csv.LineTokenizer.Tests.FileSetTests" name="ReadStringByPosition_ColumnValueIsValid_returnsColumnValue" />
    </UnitTest>
    <UnitTest name="ReadUShortByPosition_ColumnValueIsValid_returnsColumnValue" storage="c:\users\joachimwagner\documents\projekte\bundesbank\dataimport\genericreadersandwriterstests\bin\debug\netcoreapp2.1\genericreadersandwriterstests.dll" id="d8e89047-265f-ae8c-f72e-27a12a7e3e84">
      <Execution id="82f7bfc7-fd6a-40eb-a071-540a8d27b330" />
      <TestMethod codeBase="C:\Users\JoachimWagner\Documents\Projekte\Bundesbank\DataImport\GenericReadersAndWritersTests\bin\Debug\netcoreapp2.1\GenericReadersAndWritersTests.dll" adapterTypeName="executor://nunit3testexecutor/" className="BBk.Rc1.Ricis.SharedLibraries.GenericReadersAndWriters.File.Csv.LineTokenizer.Tests.FileSetTests" name="ReadUShortByPosition_ColumnValueIsValid_returnsColumnValue" />
    </UnitTest>
    <UnitTest name="ReadUShortByPosition_ColumnValueIsNull_returnsDefaultValue" storage="c:\users\joachimwagner\documents\projekte\bundesbank\dataimport\genericreadersandwriterstests\bin\debug\netcoreapp2.1\genericreadersandwriterstests.dll" id="0c3e0dde-ca43-a1b4-68f3-f0bab7cb0817">
      <Execution id="6428fb3a-31ee-4ea4-84c6-5b83dcae3015" />
      <TestMethod codeBase="C:\Users\JoachimWagner\Documents\Projekte\Bundesbank\DataImport\GenericReadersAndWritersTests\bin\Debug\netcoreapp2.1\GenericReadersAndWritersTests.dll" adapterTypeName="executor://nunit3testexecutor/" className="BBk.Rc1.Ricis.SharedLibraries.GenericReadersAndWriters.File.Csv.LineTokenizer.Tests.FileSetTests" name="ReadUShortByPosition_ColumnValueIsNull_returnsDefaultValue" />
    </UnitTest>
    <UnitTest name="ReadDecimalByPosition_IllegalPosition_throwsIndexOutOfRangeException" storage="c:\users\joachimwagner\documents\projekte\bundesbank\dataimport\genericreadersandwriterstests\bin\debug\netcoreapp2.1\genericreadersandwriterstests.dll" id="47dcd5e5-c495-3daf-20e4-fb6809725f3a">
      <Execution id="592023e6-e378-439e-9662-175e00ecb4e5" />
      <TestMethod codeBase="C:\Users\JoachimWagner\Documents\Projekte\Bundesbank\DataImport\GenericReadersAndWritersTests\bin\Debug\netcoreapp2.1\GenericReadersAndWritersTests.dll" adapterTypeName="executor://nunit3testexecutor/" className="BBk.Rc1.Ricis.SharedLibraries.GenericReadersAndWriters.File.Csv.LineTokenizer.Tests.FileSetTests" name="ReadDecimalByPosition_IllegalPosition_throwsIndexOutOfRangeException" />
    </UnitTest>
    <UnitTest name="ReadUIntByPosition_ColumnValueIsNull_returnsDefaultValue" storage="c:\users\joachimwagner\documents\projekte\bundesbank\dataimport\genericreadersandwriterstests\bin\debug\netcoreapp2.1\genericreadersandwriterstests.dll" id="21f7e741-a675-dbbd-b35a-ec5b27351f62">
      <Execution id="93e858ea-7647-4e0f-94ba-f74c45decdfb" />
      <TestMethod codeBase="C:\Users\JoachimWagner\Documents\Projekte\Bundesbank\DataImport\GenericReadersAndWritersTests\bin\Debug\netcoreapp2.1\GenericReadersAndWritersTests.dll" adapterTypeName="executor://nunit3testexecutor/" className="BBk.Rc1.Ricis.SharedLibraries.GenericReadersAndWriters.File.Csv.LineTokenizer.Tests.FileSetTests" name="ReadUIntByPosition_ColumnValueIsNull_returnsDefaultValue" />
    </UnitTest>
    <UnitTest name="ReadDecimalByPosition_ColumnValueIsNull_returnsDefaultValue" storage="c:\users\joachimwagner\documents\projekte\bundesbank\dataimport\genericreadersandwriterstests\bin\debug\netcoreapp2.1\genericreadersandwriterstests.dll" id="51ceddf9-9b63-35e7-1130-7d14d0dd6020">
      <Execution id="ce15678e-7422-42fd-a353-109b79c52035" />
      <TestMethod codeBase="C:\Users\JoachimWagner\Documents\Projekte\Bundesbank\DataImport\GenericReadersAndWritersTests\bin\Debug\netcoreapp2.1\GenericReadersAndWritersTests.dll" adapterTypeName="executor://nunit3testexecutor/" className="BBk.Rc1.Ricis.SharedLibraries.GenericReadersAndWriters.File.Csv.LineTokenizer.Tests.FileSetTests" name="ReadDecimalByPosition_ColumnValueIsNull_returnsDefaultValue" />
    </UnitTest>
    <UnitTest name="Read_NoHeadlines_Success" storage="c:\users\joachimwagner\documents\projekte\bundesbank\dataimport\genericreadersandwriterstests\bin\debug\netcoreapp2.1\genericreadersandwriterstests.dll" id="27b2d23f-2d93-b00e-67aa-18eff944a29a">
      <Execution id="10703141-c609-467e-b60c-ea57f96fc4bf" />
      <TestMethod codeBase="C:\Users\JoachimWagner\Documents\Projekte\Bundesbank\DataImport\GenericReadersAndWritersTests\bin\Debug\netcoreapp2.1\GenericReadersAndWritersTests.dll" adapterTypeName="executor://nunit3testexecutor/" className="BBk.Rc1.Ricis.SharedLibraries.GenericReadersAndWriters.File.Csv.Tests.AbstractCsvFileReaderTests" name="Read_NoHeadlines_Success" />
    </UnitTest>
    <UnitTest name="ReadLongByName_ColumnValueIsValid_returnsColumnValue" storage="c:\users\joachimwagner\documents\projekte\bundesbank\dataimport\genericreadersandwriterstests\bin\debug\netcoreapp2.1\genericreadersandwriterstests.dll" id="215c0f1c-cecf-9a95-6534-66edcf077cd7">
      <Execution id="3e78925c-d588-460d-91b2-a6d9725619a3" />
      <TestMethod codeBase="C:\Users\JoachimWagner\Documents\Projekte\Bundesbank\DataImport\GenericReadersAndWritersTests\bin\Debug\netcoreapp2.1\GenericReadersAndWritersTests.dll" adapterTypeName="executor://nunit3testexecutor/" className="BBk.Rc1.Ricis.SharedLibraries.GenericReadersAndWriters.File.Csv.LineTokenizer.Tests.FileSetTests" name="ReadLongByName_ColumnValueIsValid_returnsColumnValue" />
    </UnitTest>
    <UnitTest name="ReadShortByPosition_ColumnValueIsValid_returnsColumnValue" storage="c:\users\joachimwagner\documents\projekte\bundesbank\dataimport\genericreadersandwriterstests\bin\debug\netcoreapp2.1\genericreadersandwriterstests.dll" id="3e33229f-6b8c-902d-9c7f-f151f7662b5d">
      <Execution id="8d6328bb-0066-42a2-8e15-d2f74a1218d5" />
      <TestMethod codeBase="C:\Users\JoachimWagner\Documents\Projekte\Bundesbank\DataImport\GenericReadersAndWritersTests\bin\Debug\netcoreapp2.1\GenericReadersAndWritersTests.dll" adapterTypeName="executor://nunit3testexecutor/" className="BBk.Rc1.Ricis.SharedLibraries.GenericReadersAndWriters.File.Csv.LineTokenizer.Tests.FileSetTests" name="ReadShortByPosition_ColumnValueIsValid_returnsColumnValue" />
    </UnitTest>
    <UnitTest name="ReadSByteByPosition_ColumnValueIsValid_returnsColumnValue" storage="c:\users\joachimwagner\documents\projekte\bundesbank\dataimport\genericreadersandwriterstests\bin\debug\netcoreapp2.1\genericreadersandwriterstests.dll" id="cb603bea-42c1-efb6-0c3c-26cc88996c55">
      <Execution id="91ca7347-e5f3-453e-9231-b9a11af6a78e" />
      <TestMethod codeBase="C:\Users\JoachimWagner\Documents\Projekte\Bundesbank\DataImport\GenericReadersAndWritersTests\bin\Debug\netcoreapp2.1\GenericReadersAndWritersTests.dll" adapterTypeName="executor://nunit3testexecutor/" className="BBk.Rc1.Ricis.SharedLibraries.GenericReadersAndWriters.File.Csv.LineTokenizer.Tests.FileSetTests" name="ReadSByteByPosition_ColumnValueIsValid_returnsColumnValue" />
    </UnitTest>
    <UnitTest name="ReadByteByName_ColumnValueIsValid_returnsColumnValue" storage="c:\users\joachimwagner\documents\projekte\bundesbank\dataimport\genericreadersandwriterstests\bin\debug\netcoreapp2.1\genericreadersandwriterstests.dll" id="b5ac5171-235e-65fa-c5c1-5f95389c35dd">
      <Execution id="ab974627-39e4-4b57-b5c4-3bb9d737ea7a" />
      <TestMethod codeBase="C:\Users\JoachimWagner\Documents\Projekte\Bundesbank\DataImport\GenericReadersAndWritersTests\bin\Debug\netcoreapp2.1\GenericReadersAndWritersTests.dll" adapterTypeName="executor://nunit3testexecutor/" className="BBk.Rc1.Ricis.SharedLibraries.GenericReadersAndWriters.File.Csv.LineTokenizer.Tests.FileSetTests" name="ReadByteByName_ColumnValueIsValid_returnsColumnValue" />
    </UnitTest>
    <UnitTest name="ReadDecimalByPosition_ColumnValueIsValid_returnsColumnValue" storage="c:\users\joachimwagner\documents\projekte\bundesbank\dataimport\genericreadersandwriterstests\bin\debug\netcoreapp2.1\genericreadersandwriterstests.dll" id="04f8c6c1-b404-94ff-713a-c7a0934a0e84">
      <Execution id="e67cfb80-7d56-4b72-83d8-e503b60083dc" />
      <TestMethod codeBase="C:\Users\JoachimWagner\Documents\Projekte\Bundesbank\DataImport\GenericReadersAndWritersTests\bin\Debug\netcoreapp2.1\GenericReadersAndWritersTests.dll" adapterTypeName="executor://nunit3testexecutor/" className="BBk.Rc1.Ricis.SharedLibraries.GenericReadersAndWriters.File.Csv.LineTokenizer.Tests.FileSetTests" name="ReadDecimalByPosition_ColumnValueIsValid_returnsColumnValue" />
    </UnitTest>
    <UnitTest name="ReadStringByPosition_IllegalPosition_throwsIndexOutOfRangeException" storage="c:\users\joachimwagner\documents\projekte\bundesbank\dataimport\genericreadersandwriterstests\bin\debug\netcoreapp2.1\genericreadersandwriterstests.dll" id="1f14a07f-f083-d069-df52-f95d0ab32b2c">
      <Execution id="06df0fc5-33ae-426d-b8d9-fffcf852968d" />
      <TestMethod codeBase="C:\Users\JoachimWagner\Documents\Projekte\Bundesbank\DataImport\GenericReadersAndWritersTests\bin\Debug\netcoreapp2.1\GenericReadersAndWritersTests.dll" adapterTypeName="executor://nunit3testexecutor/" className="BBk.Rc1.Ricis.SharedLibraries.GenericReadersAndWriters.File.Csv.LineTokenizer.Tests.FileSetTests" name="ReadStringByPosition_IllegalPosition_throwsIndexOutOfRangeException" />
    </UnitTest>
    <UnitTest name="ReadUIntByPosition_IllegalPosition_throwsIndexOutOfRangeException" storage="c:\users\joachimwagner\documents\projekte\bundesbank\dataimport\genericreadersandwriterstests\bin\debug\netcoreapp2.1\genericreadersandwriterstests.dll" id="a4d55b8e-1ad7-4aaf-f2db-a3881347b967">
      <Execution id="6bb8d308-cbcd-429a-9aec-de0bcd2f3691" />
      <TestMethod codeBase="C:\Users\JoachimWagner\Documents\Projekte\Bundesbank\DataImport\GenericReadersAndWritersTests\bin\Debug\netcoreapp2.1\GenericReadersAndWritersTests.dll" adapterTypeName="executor://nunit3testexecutor/" className="BBk.Rc1.Ricis.SharedLibraries.GenericReadersAndWriters.File.Csv.LineTokenizer.Tests.FileSetTests" name="ReadUIntByPosition_IllegalPosition_throwsIndexOutOfRangeException" />
    </UnitTest>
    <UnitTest name="ReadByteByPosition_ColumnValueIsValid_returnsColumnValue" storage="c:\users\joachimwagner\documents\projekte\bundesbank\dataimport\genericreadersandwriterstests\bin\debug\netcoreapp2.1\genericreadersandwriterstests.dll" id="9d73e50a-a337-a010-d991-6206f99c208d">
      <Execution id="3c69f02f-5198-4237-9595-116f1a1698d5" />
      <TestMethod codeBase="C:\Users\JoachimWagner\Documents\Projekte\Bundesbank\DataImport\GenericReadersAndWritersTests\bin\Debug\netcoreapp2.1\GenericReadersAndWritersTests.dll" adapterTypeName="executor://nunit3testexecutor/" className="BBk.Rc1.Ricis.SharedLibraries.GenericReadersAndWriters.File.Csv.LineTokenizer.Tests.FileSetTests" name="ReadByteByPosition_ColumnValueIsValid_returnsColumnValue" />
    </UnitTest>
    <UnitTest name="ReadStringByPosition_ColumnValueIsNull_returnsDefaultValue" storage="c:\users\joachimwagner\documents\projekte\bundesbank\dataimport\genericreadersandwriterstests\bin\debug\netcoreapp2.1\genericreadersandwriterstests.dll" id="30cfd5cb-e202-5ca3-06d1-964df82948cd">
      <Execution id="1859a740-8914-4ada-844d-87750cb45e53" />
      <TestMethod codeBase="C:\Users\JoachimWagner\Documents\Projekte\Bundesbank\DataImport\GenericReadersAndWritersTests\bin\Debug\netcoreapp2.1\GenericReadersAndWritersTests.dll" adapterTypeName="executor://nunit3testexecutor/" className="BBk.Rc1.Ricis.SharedLibraries.GenericReadersAndWriters.File.Csv.LineTokenizer.Tests.FileSetTests" name="ReadStringByPosition_ColumnValueIsNull_returnsDefaultValue" />
    </UnitTest>
    <UnitTest name="ReadULongByPosition_IllegalPosition_throwsIndexOutOfRangeException" storage="c:\users\joachimwagner\documents\projekte\bundesbank\dataimport\genericreadersandwriterstests\bin\debug\netcoreapp2.1\genericreadersandwriterstests.dll" id="8692aa5b-a8d1-7857-e1fe-d9632999316f">
      <Execution id="2a4c6ef8-165b-4653-a821-8cb56481e0a7" />
      <TestMethod codeBase="C:\Users\JoachimWagner\Documents\Projekte\Bundesbank\DataImport\GenericReadersAndWritersTests\bin\Debug\netcoreapp2.1\GenericReadersAndWritersTests.dll" adapterTypeName="executor://nunit3testexecutor/" className="BBk.Rc1.Ricis.SharedLibraries.GenericReadersAndWriters.File.Csv.LineTokenizer.Tests.FileSetTests" name="ReadULongByPosition_IllegalPosition_throwsIndexOutOfRangeException" />
    </UnitTest>
    <UnitTest name="ReadSByteByPosition_IllegalPosition_throwsIndexOutOfRangeException" storage="c:\users\joachimwagner\documents\projekte\bundesbank\dataimport\genericreadersandwriterstests\bin\debug\netcoreapp2.1\genericreadersandwriterstests.dll" id="0cdaf4b3-edcf-efa9-84ca-dab367d01c8f">
      <Execution id="ed3eb9ad-a414-4a15-b593-bcaac7309e02" />
      <TestMethod codeBase="C:\Users\JoachimWagner\Documents\Projekte\Bundesbank\DataImport\GenericReadersAndWritersTests\bin\Debug\netcoreapp2.1\GenericReadersAndWritersTests.dll" adapterTypeName="executor://nunit3testexecutor/" className="BBk.Rc1.Ricis.SharedLibraries.GenericReadersAndWriters.File.Csv.LineTokenizer.Tests.FileSetTests" name="ReadSByteByPosition_IllegalPosition_throwsIndexOutOfRangeException" />
    </UnitTest>
    <UnitTest name="ReadByteByPosition_ColumnValueIsNull_returnsDefaultValue" storage="c:\users\joachimwagner\documents\projekte\bundesbank\dataimport\genericreadersandwriterstests\bin\debug\netcoreapp2.1\genericreadersandwriterstests.dll" id="6146608c-899d-b53b-068b-d998c239ef5c">
      <Execution id="3c59da3c-51dd-4d16-b2fb-d226ed726be2" />
      <TestMethod codeBase="C:\Users\JoachimWagner\Documents\Projekte\Bundesbank\DataImport\GenericReadersAndWritersTests\bin\Debug\netcoreapp2.1\GenericReadersAndWritersTests.dll" adapterTypeName="executor://nunit3testexecutor/" className="BBk.Rc1.Ricis.SharedLibraries.GenericReadersAndWriters.File.Csv.LineTokenizer.Tests.FileSetTests" name="ReadByteByPosition_ColumnValueIsNull_returnsDefaultValue" />
    </UnitTest>
    <UnitTest name="ReadBigIntegerByName_ColumnValueIsValid_returnsColumnValue" storage="c:\users\joachimwagner\documents\projekte\bundesbank\dataimport\genericreadersandwriterstests\bin\debug\netcoreapp2.1\genericreadersandwriterstests.dll" id="b16cbc76-33c8-b693-998e-623beb9aa925">
      <Execution id="846d8d07-ff70-463f-a190-a7fdfecb044b" />
      <TestMethod codeBase="C:\Users\JoachimWagner\Documents\Projekte\Bundesbank\DataImport\GenericReadersAndWritersTests\bin\Debug\netcoreapp2.1\GenericReadersAndWritersTests.dll" adapterTypeName="executor://nunit3testexecutor/" className="BBk.Rc1.Ricis.SharedLibraries.GenericReadersAndWriters.File.Csv.LineTokenizer.Tests.FileSetTests" name="ReadBigIntegerByName_ColumnValueIsValid_returnsColumnValue" />
    </UnitTest>
    <UnitTest name="ReadDoubleByPosition_IllegalPosition_throwsIndexOutOfRangeException" storage="c:\users\joachimwagner\documents\projekte\bundesbank\dataimport\genericreadersandwriterstests\bin\debug\netcoreapp2.1\genericreadersandwriterstests.dll" id="cbb8c242-7708-2b27-f875-82ad4bb5bf5c">
      <Execution id="84deea13-5cf1-43c1-a4ba-ec0da85e8512" />
      <TestMethod codeBase="C:\Users\JoachimWagner\Documents\Projekte\Bundesbank\DataImport\GenericReadersAndWritersTests\bin\Debug\netcoreapp2.1\GenericReadersAndWritersTests.dll" adapterTypeName="executor://nunit3testexecutor/" className="BBk.Rc1.Ricis.SharedLibraries.GenericReadersAndWriters.File.Csv.LineTokenizer.Tests.FileSetTests" name="ReadDoubleByPosition_IllegalPosition_throwsIndexOutOfRangeException" />
    </UnitTest>
    <UnitTest name="Tokenize_HappyDay_Success" storage="c:\users\joachimwagner\documents\projekte\bundesbank\dataimport\genericreadersandwriterstests\bin\debug\netcoreapp2.1\genericreadersandwriterstests.dll" id="8eeddfa7-9ff2-9b4b-cc05-6c08cccd97be">
      <Execution id="6116b8f1-4628-4a72-8371-0f7b263a22ec" />
      <TestMethod codeBase="C:\Users\JoachimWagner\Documents\Projekte\Bundesbank\DataImport\GenericReadersAndWritersTests\bin\Debug\netcoreapp2.1\GenericReadersAndWritersTests.dll" adapterTypeName="executor://nunit3testexecutor/" className="BBk.Rc1.Ricis.SharedLibraries.GenericReadersAndWriters.File.Csv.LineTokenizer.Tests.DefaultCommaSeparatedLineTokenizerTests" name="Tokenize_HappyDay_Success" />
    </UnitTest>
    <UnitTest name="ReadTimeByName_ColumnValueIsValid_returnsColumnValue" storage="c:\users\joachimwagner\documents\projekte\bundesbank\dataimport\genericreadersandwriterstests\bin\debug\netcoreapp2.1\genericreadersandwriterstests.dll" id="178ccf5e-91bb-0524-a3fb-239a0647a9cd">
      <Execution id="5f1eae12-b7dd-460c-b39b-815804ef356a" />
      <TestMethod codeBase="C:\Users\JoachimWagner\Documents\Projekte\Bundesbank\DataImport\GenericReadersAndWritersTests\bin\Debug\netcoreapp2.1\GenericReadersAndWritersTests.dll" adapterTypeName="executor://nunit3testexecutor/" className="BBk.Rc1.Ricis.SharedLibraries.GenericReadersAndWriters.File.Csv.LineTokenizer.Tests.FileSetTests" name="ReadTimeByName_ColumnValueIsValid_returnsColumnValue" />
    </UnitTest>
    <UnitTest name="ReadShortByPosition_ColumnValueIsNull_returnsDefaultValue" storage="c:\users\joachimwagner\documents\projekte\bundesbank\dataimport\genericreadersandwriterstests\bin\debug\netcoreapp2.1\genericreadersandwriterstests.dll" id="29ad57ce-fe8b-6876-9d1e-e06ac53ff752">
      <Execution id="e1a8db13-cd24-4b63-955d-565cb0000134" />
      <TestMethod codeBase="C:\Users\JoachimWagner\Documents\Projekte\Bundesbank\DataImport\GenericReadersAndWritersTests\bin\Debug\netcoreapp2.1\GenericReadersAndWritersTests.dll" adapterTypeName="executor://nunit3testexecutor/" className="BBk.Rc1.Ricis.SharedLibraries.GenericReadersAndWriters.File.Csv.LineTokenizer.Tests.FileSetTests" name="ReadShortByPosition_ColumnValueIsNull_returnsDefaultValue" />
    </UnitTest>
    <UnitTest name="ReadULongByPosition_ColumnValueIsNull_returnsDefaultValue" storage="c:\users\joachimwagner\documents\projekte\bundesbank\dataimport\genericreadersandwriterstests\bin\debug\netcoreapp2.1\genericreadersandwriterstests.dll" id="d5462450-f0d0-a45d-7257-bee2d85016db">
      <Execution id="74f8dd60-4984-485f-82a7-ec39336a4fbc" />
      <TestMethod codeBase="C:\Users\JoachimWagner\Documents\Projekte\Bundesbank\DataImport\GenericReadersAndWritersTests\bin\Debug\netcoreapp2.1\GenericReadersAndWritersTests.dll" adapterTypeName="executor://nunit3testexecutor/" className="BBk.Rc1.Ricis.SharedLibraries.GenericReadersAndWriters.File.Csv.LineTokenizer.Tests.FileSetTests" name="ReadULongByPosition_ColumnValueIsNull_returnsDefaultValue" />
    </UnitTest>
    <UnitTest name="ReadStringByName_ColumnValueIsValid_returnsColumnValue" storage="c:\users\joachimwagner\documents\projekte\bundesbank\dataimport\genericreadersandwriterstests\bin\debug\netcoreapp2.1\genericreadersandwriterstests.dll" id="e4caea33-045d-b991-edb0-f1f3c3f2a0d2">
      <Execution id="3fd3a08b-85f7-4f7b-b815-a47b4cd6b05a" />
      <TestMethod codeBase="C:\Users\JoachimWagner\Documents\Projekte\Bundesbank\DataImport\GenericReadersAndWritersTests\bin\Debug\netcoreapp2.1\GenericReadersAndWritersTests.dll" adapterTypeName="executor://nunit3testexecutor/" className="BBk.Rc1.Ricis.SharedLibraries.GenericReadersAndWriters.File.Csv.LineTokenizer.Tests.FileSetTests" name="ReadStringByName_ColumnValueIsValid_returnsColumnValue" />
    </UnitTest>
    <UnitTest name="ReadBigIntegerByPosition_ColumnValueIsValid_returnsColumnValue" storage="c:\users\joachimwagner\documents\projekte\bundesbank\dataimport\genericreadersandwriterstests\bin\debug\netcoreapp2.1\genericreadersandwriterstests.dll" id="fa8745ff-fec0-572e-6afc-59f36ad1c077">
      <Execution id="99bd1d5f-8bf2-48c8-83bc-6b84dee3cf82" />
      <TestMethod codeBase="C:\Users\JoachimWagner\Documents\Projekte\Bundesbank\DataImport\GenericReadersAndWritersTests\bin\Debug\netcoreapp2.1\GenericReadersAndWritersTests.dll" adapterTypeName="executor://nunit3testexecutor/" className="BBk.Rc1.Ricis.SharedLibraries.GenericReadersAndWriters.File.Csv.LineTokenizer.Tests.FileSetTests" name="ReadBigIntegerByPosition_ColumnValueIsValid_returnsColumnValue" />
    </UnitTest>
    <UnitTest name="ReadTimeByPosition_ColumnValueIsValid_returnsColumnValue" storage="c:\users\joachimwagner\documents\projekte\bundesbank\dataimport\genericreadersandwriterstests\bin\debug\netcoreapp2.1\genericreadersandwriterstests.dll" id="47c99baa-41af-a01a-4df8-ec2e75b4ec6a">
      <Execution id="e2eb6891-0bd4-42cd-82db-87baf3014914" />
      <TestMethod codeBase="C:\Users\JoachimWagner\Documents\Projekte\Bundesbank\DataImport\GenericReadersAndWritersTests\bin\Debug\netcoreapp2.1\GenericReadersAndWritersTests.dll" adapterTypeName="executor://nunit3testexecutor/" className="BBk.Rc1.Ricis.SharedLibraries.GenericReadersAndWriters.File.Csv.LineTokenizer.Tests.FileSetTests" name="ReadTimeByPosition_ColumnValueIsValid_returnsColumnValue" />
    </UnitTest>
    <UnitTest name="ReadBoolByPosition_ColumnValueIsNull_returnsDefaultValue" storage="c:\users\joachimwagner\documents\projekte\bundesbank\dataimport\genericreadersandwriterstests\bin\debug\netcoreapp2.1\genericreadersandwriterstests.dll" id="33d850d1-573c-00d7-7747-054cd77f8fbe">
      <Execution id="99237ae7-f10e-476f-8e96-d8c4e1c92b1c" />
      <TestMethod codeBase="C:\Users\JoachimWagner\Documents\Projekte\Bundesbank\DataImport\GenericReadersAndWritersTests\bin\Debug\netcoreapp2.1\GenericReadersAndWritersTests.dll" adapterTypeName="executor://nunit3testexecutor/" className="BBk.Rc1.Ricis.SharedLibraries.GenericReadersAndWriters.File.Csv.LineTokenizer.Tests.FileSetTests" name="ReadBoolByPosition_ColumnValueIsNull_returnsDefaultValue" />
    </UnitTest>
    <UnitTest name="ReadUShortByName_ColumnValueIsValid_returnsColumnValue" storage="c:\users\joachimwagner\documents\projekte\bundesbank\dataimport\genericreadersandwriterstests\bin\debug\netcoreapp2.1\genericreadersandwriterstests.dll" id="1fb2762f-e34c-78c8-f13c-b47daa480826">
      <Execution id="b82d026d-7e24-4876-90f4-19919ae0fdd6" />
      <TestMethod codeBase="C:\Users\JoachimWagner\Documents\Projekte\Bundesbank\DataImport\GenericReadersAndWritersTests\bin\Debug\netcoreapp2.1\GenericReadersAndWritersTests.dll" adapterTypeName="executor://nunit3testexecutor/" className="BBk.Rc1.Ricis.SharedLibraries.GenericReadersAndWriters.File.Csv.LineTokenizer.Tests.FileSetTests" name="ReadUShortByName_ColumnValueIsValid_returnsColumnValue" />
    </UnitTest>
    <UnitTest name="ReadULongByPosition_ColumnValueIsValid_returnsColumnValue" storage="c:\users\joachimwagner\documents\projekte\bundesbank\dataimport\genericreadersandwriterstests\bin\debug\netcoreapp2.1\genericreadersandwriterstests.dll" id="dc996df5-fcaf-c4b6-c7fd-779d925f1c81">
      <Execution id="37a8fc73-5960-4459-8b6f-e8820c4d4835" />
      <TestMethod codeBase="C:\Users\JoachimWagner\Documents\Projekte\Bundesbank\DataImport\GenericReadersAndWritersTests\bin\Debug\netcoreapp2.1\GenericReadersAndWritersTests.dll" adapterTypeName="executor://nunit3testexecutor/" className="BBk.Rc1.Ricis.SharedLibraries.GenericReadersAndWriters.File.Csv.LineTokenizer.Tests.FileSetTests" name="ReadULongByPosition_ColumnValueIsValid_returnsColumnValue" />
    </UnitTest>
    <UnitTest name="ReadIntByPosition_IllegalPosition_throwsIndexOutOfRangeException" storage="c:\users\joachimwagner\documents\projekte\bundesbank\dataimport\genericreadersandwriterstests\bin\debug\netcoreapp2.1\genericreadersandwriterstests.dll" id="d2741692-cada-6e12-c5f4-d996ef483003">
      <Execution id="284c4b15-d471-4c35-8caa-7ef57d18f7de" />
      <TestMethod codeBase="C:\Users\JoachimWagner\Documents\Projekte\Bundesbank\DataImport\GenericReadersAndWritersTests\bin\Debug\netcoreapp2.1\GenericReadersAndWritersTests.dll" adapterTypeName="executor://nunit3testexecutor/" className="BBk.Rc1.Ricis.SharedLibraries.GenericReadersAndWriters.File.Csv.LineTokenizer.Tests.FileSetTests" name="ReadIntByPosition_IllegalPosition_throwsIndexOutOfRangeException" />
    </UnitTest>
    <UnitTest name="ReadSByteByName_ColumnValueIsValid_returnsColumnValue" storage="c:\users\joachimwagner\documents\projekte\bundesbank\dataimport\genericreadersandwriterstests\bin\debug\netcoreapp2.1\genericreadersandwriterstests.dll" id="a61db63c-409a-c69d-4251-a4fce715ef24">
      <Execution id="7d218264-6d45-47fd-95ef-100c29ee38f3" />
      <TestMethod codeBase="C:\Users\JoachimWagner\Documents\Projekte\Bundesbank\DataImport\GenericReadersAndWritersTests\bin\Debug\netcoreapp2.1\GenericReadersAndWritersTests.dll" adapterTypeName="executor://nunit3testexecutor/" className="BBk.Rc1.Ricis.SharedLibraries.GenericReadersAndWriters.File.Csv.LineTokenizer.Tests.FileSetTests" name="ReadSByteByName_ColumnValueIsValid_returnsColumnValue" />
    </UnitTest>
    <UnitTest name="ReadByteByPosition_IllegalPosition_throwsIndexOutOfRangeException" storage="c:\users\joachimwagner\documents\projekte\bundesbank\dataimport\genericreadersandwriterstests\bin\debug\netcoreapp2.1\genericreadersandwriterstests.dll" id="f019755f-e0a8-8666-3273-046e81d5d5a1">
      <Execution id="3183316e-fbd9-42f4-8c55-91d54424e693" />
      <TestMethod codeBase="C:\Users\JoachimWagner\Documents\Projekte\Bundesbank\DataImport\GenericReadersAndWritersTests\bin\Debug\netcoreapp2.1\GenericReadersAndWritersTests.dll" adapterTypeName="executor://nunit3testexecutor/" className="BBk.Rc1.Ricis.SharedLibraries.GenericReadersAndWriters.File.Csv.LineTokenizer.Tests.FileSetTests" name="ReadByteByPosition_IllegalPosition_throwsIndexOutOfRangeException" />
    </UnitTest>
    <UnitTest name="ReadDoubleByName_ColumnValueIsValid_returnsColumnValue" storage="c:\users\joachimwagner\documents\projekte\bundesbank\dataimport\genericreadersandwriterstests\bin\debug\netcoreapp2.1\genericreadersandwriterstests.dll" id="c3c88055-1e45-edb8-1589-dc337bccb041">
      <Execution id="4e8edbcd-1403-404a-bb87-c9c8935a5d8d" />
      <TestMethod codeBase="C:\Users\JoachimWagner\Documents\Projekte\Bundesbank\DataImport\GenericReadersAndWritersTests\bin\Debug\netcoreapp2.1\GenericReadersAndWritersTests.dll" adapterTypeName="executor://nunit3testexecutor/" className="BBk.Rc1.Ricis.SharedLibraries.GenericReadersAndWriters.File.Csv.LineTokenizer.Tests.FileSetTests" name="ReadDoubleByName_ColumnValueIsValid_returnsColumnValue" />
    </UnitTest>
    <UnitTest name="ReadIntByName_ColumnValueIsValid_returnsColumnValue" storage="c:\users\joachimwagner\documents\projekte\bundesbank\dataimport\genericreadersandwriterstests\bin\debug\netcoreapp2.1\genericreadersandwriterstests.dll" id="72b4b17d-9389-e3a5-908d-e1d916fd9d4d">
      <Execution id="a2389917-eadb-4095-8a40-5ba9350a051f" />
      <TestMethod codeBase="C:\Users\JoachimWagner\Documents\Projekte\Bundesbank\DataImport\GenericReadersAndWritersTests\bin\Debug\netcoreapp2.1\GenericReadersAndWritersTests.dll" adapterTypeName="executor://nunit3testexecutor/" className="BBk.Rc1.Ricis.SharedLibraries.GenericReadersAndWriters.File.Csv.LineTokenizer.Tests.FileSetTests" name="ReadIntByName_ColumnValueIsValid_returnsColumnValue" />
    </UnitTest>
  </TestDefinitions>
  <TestEntries>
    <TestEntry testId="0c3e0dde-ca43-a1b4-68f3-f0bab7cb0817" executionId="6428fb3a-31ee-4ea4-84c6-5b83dcae3015" testListId="8c84fa94-04c1-424b-9868-57a2d4851a1d" />
    <TestEntry testId="1f14a07f-f083-d069-df52-f95d0ab32b2c" executionId="06df0fc5-33ae-426d-b8d9-fffcf852968d" testListId="8c84fa94-04c1-424b-9868-57a2d4851a1d" />
    <TestEntry testId="cbb8c242-7708-2b27-f875-82ad4bb5bf5c" executionId="84deea13-5cf1-43c1-a4ba-ec0da85e8512" testListId="8c84fa94-04c1-424b-9868-57a2d4851a1d" />
    <TestEntry testId="787bed18-d401-7a51-52b1-e3a0490d9e59" executionId="06b99ec9-5d14-44ce-8744-2b877a81c812" testListId="8c84fa94-04c1-424b-9868-57a2d4851a1d" />
    <TestEntry testId="d5462450-f0d0-a45d-7257-bee2d85016db" executionId="74f8dd60-4984-485f-82a7-ec39336a4fbc" testListId="8c84fa94-04c1-424b-9868-57a2d4851a1d" />
    <TestEntry testId="b5ac5171-235e-65fa-c5c1-5f95389c35dd" executionId="ab974627-39e4-4b57-b5c4-3bb9d737ea7a" testListId="8c84fa94-04c1-424b-9868-57a2d4851a1d" />
    <TestEntry testId="f7c7320f-4f44-9339-2098-e403250c3578" executionId="0a2e0e45-514f-4e5e-b71d-a2f94b16ba12" testListId="8c84fa94-04c1-424b-9868-57a2d4851a1d" />
    <TestEntry testId="ff3c2f34-d7a8-39c9-82f0-87dec3bd1bbb" executionId="c3babda3-9029-4cdb-b440-98d529a8b332" testListId="8c84fa94-04c1-424b-9868-57a2d4851a1d" />
    <TestEntry testId="849f9b46-20fe-795e-71ab-a0cb84df38a3" executionId="3b83bd5d-9ece-4ff0-a23b-618bb29820c1" testListId="8c84fa94-04c1-424b-9868-57a2d4851a1d" />
    <TestEntry testId="3e33229f-6b8c-902d-9c7f-f151f7662b5d" executionId="8d6328bb-0066-42a2-8e15-d2f74a1218d5" testListId="8c84fa94-04c1-424b-9868-57a2d4851a1d" />
    <TestEntry testId="a9ba31f4-5448-2bd8-cc17-6dde183f2c7e" executionId="98d2467b-6f58-4081-a8f0-49d2957c5978" testListId="8c84fa94-04c1-424b-9868-57a2d4851a1d" />
    <TestEntry testId="a4d55b8e-1ad7-4aaf-f2db-a3881347b967" executionId="6bb8d308-cbcd-429a-9aec-de0bcd2f3691" testListId="8c84fa94-04c1-424b-9868-57a2d4851a1d" />
    <TestEntry testId="3b0f93ac-123f-48d2-4664-f6d15b48060d" executionId="12830ad6-68e9-450b-8ed3-ec40ac22da15" testListId="8c84fa94-04c1-424b-9868-57a2d4851a1d" />
    <TestEntry testId="27b2d23f-2d93-b00e-67aa-18eff944a29a" executionId="10703141-c609-467e-b60c-ea57f96fc4bf" testListId="8c84fa94-04c1-424b-9868-57a2d4851a1d" />
    <TestEntry testId="731bca5c-9d61-806b-524d-2614ec58be0a" executionId="f9233a4f-7a27-4bdb-9689-c61350f9c5e1" testListId="8c84fa94-04c1-424b-9868-57a2d4851a1d" />
    <TestEntry testId="30cfd5cb-e202-5ca3-06d1-964df82948cd" executionId="1859a740-8914-4ada-844d-87750cb45e53" testListId="8c84fa94-04c1-424b-9868-57a2d4851a1d" />
    <TestEntry testId="f019755f-e0a8-8666-3273-046e81d5d5a1" executionId="3183316e-fbd9-42f4-8c55-91d54424e693" testListId="8c84fa94-04c1-424b-9868-57a2d4851a1d" />
    <TestEntry testId="1811d5b1-17d8-b70d-ad75-6e8df3b977d3" executionId="7de353a7-9a1b-477f-84dd-7a1236414a35" testListId="8c84fa94-04c1-424b-9868-57a2d4851a1d" />
    <TestEntry testId="72b4b17d-9389-e3a5-908d-e1d916fd9d4d" executionId="a2389917-eadb-4095-8a40-5ba9350a051f" testListId="8c84fa94-04c1-424b-9868-57a2d4851a1d" />
    <TestEntry testId="fa8745ff-fec0-572e-6afc-59f36ad1c077" executionId="99bd1d5f-8bf2-48c8-83bc-6b84dee3cf82" testListId="8c84fa94-04c1-424b-9868-57a2d4851a1d" />
    <TestEntry testId="0cdaf4b3-edcf-efa9-84ca-dab367d01c8f" executionId="ed3eb9ad-a414-4a15-b593-bcaac7309e02" testListId="8c84fa94-04c1-424b-9868-57a2d4851a1d" />
    <TestEntry testId="e4caea33-045d-b991-edb0-f1f3c3f2a0d2" executionId="3fd3a08b-85f7-4f7b-b815-a47b4cd6b05a" testListId="8c84fa94-04c1-424b-9868-57a2d4851a1d" />
    <TestEntry testId="cb603bea-42c1-efb6-0c3c-26cc88996c55" executionId="91ca7347-e5f3-453e-9231-b9a11af6a78e" testListId="8c84fa94-04c1-424b-9868-57a2d4851a1d" />
    <TestEntry testId="dc996df5-fcaf-c4b6-c7fd-779d925f1c81" executionId="37a8fc73-5960-4459-8b6f-e8820c4d4835" testListId="8c84fa94-04c1-424b-9868-57a2d4851a1d" />
    <TestEntry testId="9d755510-df1c-55a1-19c7-bb204197f657" executionId="e6cfd52f-36ba-4a64-9c96-78707cc47260" testListId="8c84fa94-04c1-424b-9868-57a2d4851a1d" />
    <TestEntry testId="1e1f9a61-418d-53ce-3670-83cfc0444d5d" executionId="a57f4863-9913-40f0-affe-8b33fa309a36" testListId="8c84fa94-04c1-424b-9868-57a2d4851a1d" />
    <TestEntry testId="1fb2762f-e34c-78c8-f13c-b47daa480826" executionId="b82d026d-7e24-4876-90f4-19919ae0fdd6" testListId="8c84fa94-04c1-424b-9868-57a2d4851a1d" />
    <TestEntry testId="04f8c6c1-b404-94ff-713a-c7a0934a0e84" executionId="e67cfb80-7d56-4b72-83d8-e503b60083dc" testListId="8c84fa94-04c1-424b-9868-57a2d4851a1d" />
    <TestEntry testId="0b5c0338-d113-65c4-5059-a95aef619330" executionId="20b45014-2710-42f0-b2c8-cb65edc0aeaf" testListId="8c84fa94-04c1-424b-9868-57a2d4851a1d" />
    <TestEntry testId="d23fe4d5-ce91-9c32-4d57-52ea4ff4f709" executionId="fd75e99e-8970-4364-8f89-441bac2fc466" testListId="8c84fa94-04c1-424b-9868-57a2d4851a1d" />
    <TestEntry testId="9ddbc878-c0f9-119a-a07f-af54dc2608dd" executionId="f2ff3db9-6d59-4adb-aebc-12a2e3417002" testListId="8c84fa94-04c1-424b-9868-57a2d4851a1d" />
    <TestEntry testId="33d850d1-573c-00d7-7747-054cd77f8fbe" executionId="99237ae7-f10e-476f-8e96-d8c4e1c92b1c" testListId="8c84fa94-04c1-424b-9868-57a2d4851a1d" />
    <TestEntry testId="21f7e741-a675-dbbd-b35a-ec5b27351f62" executionId="93e858ea-7647-4e0f-94ba-f74c45decdfb" testListId="8c84fa94-04c1-424b-9868-57a2d4851a1d" />
    <TestEntry testId="792a67fb-ceeb-5801-6983-49a6d3502401" executionId="6efba93f-4f2f-4b4b-9457-613039adacb6" testListId="8c84fa94-04c1-424b-9868-57a2d4851a1d" />
    <TestEntry testId="215c0f1c-cecf-9a95-6534-66edcf077cd7" executionId="3e78925c-d588-460d-91b2-a6d9725619a3" testListId="8c84fa94-04c1-424b-9868-57a2d4851a1d" />
    <TestEntry testId="12d07d2c-62a0-fd3c-3009-e13ab934a1b8" executionId="87e7c303-e1da-4952-9ad6-0103438847af" testListId="8c84fa94-04c1-424b-9868-57a2d4851a1d" />
    <TestEntry testId="f890ec51-2aa5-52e9-7ac3-82a09596ef12" executionId="8f311b1f-2503-4dac-b6aa-05b797d625f1" testListId="8c84fa94-04c1-424b-9868-57a2d4851a1d" />
    <TestEntry testId="178ccf5e-91bb-0524-a3fb-239a0647a9cd" executionId="5f1eae12-b7dd-460c-b39b-815804ef356a" testListId="8c84fa94-04c1-424b-9868-57a2d4851a1d" />
    <TestEntry testId="8692aa5b-a8d1-7857-e1fe-d9632999316f" executionId="2a4c6ef8-165b-4653-a821-8cb56481e0a7" testListId="8c84fa94-04c1-424b-9868-57a2d4851a1d" />
    <TestEntry testId="118aeade-357c-55b4-720c-7539d16abdc1" executionId="3808d05c-c090-43b7-b313-f91f148cf22c" testListId="8c84fa94-04c1-424b-9868-57a2d4851a1d" />
    <TestEntry testId="8344d006-b7c9-a2f5-b0bb-02b80f0fa7a7" executionId="9b0963d3-ee65-414b-9c20-cf44cb77bb9e" testListId="8c84fa94-04c1-424b-9868-57a2d4851a1d" />
    <TestEntry testId="d8e89047-265f-ae8c-f72e-27a12a7e3e84" executionId="82f7bfc7-fd6a-40eb-a071-540a8d27b330" testListId="8c84fa94-04c1-424b-9868-57a2d4851a1d" />
    <TestEntry testId="47dcd5e5-c495-3daf-20e4-fb6809725f3a" executionId="592023e6-e378-439e-9662-175e00ecb4e5" testListId="8c84fa94-04c1-424b-9868-57a2d4851a1d" />
    <TestEntry testId="8eeddfa7-9ff2-9b4b-cc05-6c08cccd97be" executionId="6116b8f1-4628-4a72-8371-0f7b263a22ec" testListId="8c84fa94-04c1-424b-9868-57a2d4851a1d" />
    <TestEntry testId="9936a135-d22a-4ca8-2234-30d61c580d3a" executionId="85175f40-9e7a-47f3-85c8-78f66c0d0135" testListId="8c84fa94-04c1-424b-9868-57a2d4851a1d" />
    <TestEntry testId="8c3a39d5-6ca1-996c-a7c8-3ffdd0d198a8" executionId="06fb4aa9-1843-46ea-95d8-cc2921080233" testListId="8c84fa94-04c1-424b-9868-57a2d4851a1d" />
    <TestEntry testId="29ad57ce-fe8b-6876-9d1e-e06ac53ff752" executionId="e1a8db13-cd24-4b63-955d-565cb0000134" testListId="8c84fa94-04c1-424b-9868-57a2d4851a1d" />
    <TestEntry testId="5e167d49-ead9-fbbd-0f82-4f6b771ae84b" executionId="f08e1f19-77ca-452e-a1b8-d98342df3358" testListId="8c84fa94-04c1-424b-9868-57a2d4851a1d" />
    <TestEntry testId="a61db63c-409a-c69d-4251-a4fce715ef24" executionId="7d218264-6d45-47fd-95ef-100c29ee38f3" testListId="8c84fa94-04c1-424b-9868-57a2d4851a1d" />
    <TestEntry testId="0604f0e8-07f4-f648-573a-db0001508c3d" executionId="65a310e4-4df6-4aa6-802d-8dcf4c6e347f" testListId="8c84fa94-04c1-424b-9868-57a2d4851a1d" />
    <TestEntry testId="47c99baa-41af-a01a-4df8-ec2e75b4ec6a" executionId="e2eb6891-0bd4-42cd-82db-87baf3014914" testListId="8c84fa94-04c1-424b-9868-57a2d4851a1d" />
    <TestEntry testId="d2741692-cada-6e12-c5f4-d996ef483003" executionId="284c4b15-d471-4c35-8caa-7ef57d18f7de" testListId="8c84fa94-04c1-424b-9868-57a2d4851a1d" />
    <TestEntry testId="75e3471c-c567-b6f6-0af9-0f892fc17df2" executionId="43d6501a-4d62-4e20-98b6-4fee20c26f91" testListId="8c84fa94-04c1-424b-9868-57a2d4851a1d" />
    <TestEntry testId="7068c8ce-4458-c8b0-db04-a6cc958810a6" executionId="2b267a60-7db2-4753-8ed2-3339f5f4e67e" testListId="8c84fa94-04c1-424b-9868-57a2d4851a1d" />
    <TestEntry testId="c3c88055-1e45-edb8-1589-dc337bccb041" executionId="4e8edbcd-1403-404a-bb87-c9c8935a5d8d" testListId="8c84fa94-04c1-424b-9868-57a2d4851a1d" />
    <TestEntry testId="07c6e8b0-6060-0fdb-e553-b910aa38d5a3" executionId="a01d645c-9ac7-41af-91d1-2487ad4cef2f" testListId="8c84fa94-04c1-424b-9868-57a2d4851a1d" />
    <TestEntry testId="9d73e50a-a337-a010-d991-6206f99c208d" executionId="3c69f02f-5198-4237-9595-116f1a1698d5" testListId="8c84fa94-04c1-424b-9868-57a2d4851a1d" />
    <TestEntry testId="b16cbc76-33c8-b693-998e-623beb9aa925" executionId="846d8d07-ff70-463f-a190-a7fdfecb044b" testListId="8c84fa94-04c1-424b-9868-57a2d4851a1d" />
    <TestEntry testId="6146608c-899d-b53b-068b-d998c239ef5c" executionId="3c59da3c-51dd-4d16-b2fb-d226ed726be2" testListId="8c84fa94-04c1-424b-9868-57a2d4851a1d" />
    <TestEntry testId="51ceddf9-9b63-35e7-1130-7d14d0dd6020" executionId="ce15678e-7422-42fd-a353-109b79c52035" testListId="8c84fa94-04c1-424b-9868-57a2d4851a1d" />
    <TestEntry testId="01daa5ae-e724-dbb8-ef25-9fa7af4c1398" executionId="a7261bc0-c416-4d93-bd74-ea7e4759b69e" testListId="8c84fa94-04c1-424b-9868-57a2d4851a1d" />
    <TestEntry testId="64462de1-2139-9fb7-a19a-c62ddd8d88cc" executionId="ffa0e651-2f1e-4c54-b17c-543d32050a60" testListId="8c84fa94-04c1-424b-9868-57a2d4851a1d" />
    <TestEntry testId="28f94242-c443-4b67-7478-774497100d62" executionId="eec291d6-f98b-4158-b983-a3a4324d56f8" testListId="8c84fa94-04c1-424b-9868-57a2d4851a1d" />
    <TestEntry testId="104751f4-fe8d-ab74-3936-029fe85cd861" executionId="9544326b-402f-4ab2-8418-2c49be98790c" testListId="8c84fa94-04c1-424b-9868-57a2d4851a1d" />
    <TestEntry testId="f5ff1dbe-9ecf-970e-f7f1-0fc82b946980" executionId="55828442-52ec-44bf-b2ce-639c3b18d205" testListId="8c84fa94-04c1-424b-9868-57a2d4851a1d" />
    <TestEntry testId="c46c21f8-1be4-8ae8-7ba8-bfe4926f3b94" executionId="0c966fee-de80-4fb8-80ec-291e1395a9bc" testListId="8c84fa94-04c1-424b-9868-57a2d4851a1d" />
  </TestEntries>
  <TestLists>
    <TestList name="Ergebnisse nicht in einer Liste" id="8c84fa94-04c1-424b-9868-57a2d4851a1d" />
    <TestList name="Alle geladenen Ergebnisse" id="19431567-8539-422a-85d7-44ee4e166bda" />
  </TestLists>
  <ResultSummary outcome="Completed">
    <Counters total="66" executed="66" passed="66" failed="0" error="0" timeout="0" aborted="0" inconclusive="0" passedButRunAborted="0" notRunnable="0" notExecuted="0" disconnected="0" warning="0" completed="0" inProgress="0" pending="0" />
    <Output>
      <StdOut>NUnit Adapter 3.16.1.0: Test execution started&#xD;
Running all tests in C:\Users\JoachimWagner\Documents\Projekte\Bundesbank\DataImport\GenericReadersAndWritersTests\bin\Debug\netcoreapp2.1\GenericReadersAndWritersTests.dll&#xD;
   NUnit3TestExecutor converted 66 of 66 NUnit test cases&#xD;
NUnit Adapter 3.16.1.0: Test execution complete&#xD;
</StdOut>
    </Output>
    <CollectorDataEntries>
      <Collector agentName="KEPLER" uri="datacollector://microsoft/CodeCoverage/2.0" collectorDisplayName="Code Coverage">
        <UriAttachments>
          <UriAttachment>
            <A href="KEPLER\JoachimWagner_KEPLER_2021-07-20.10_25_08.coverage"></A>
          </UriAttachment>
        </UriAttachments>
      </Collector>
    </CollectorDataEntries>
  </ResultSummary>
</TestRun>